2024-09-30-18:51:25  WARN sqlx_postgres::options::pgpass: Failed to open `.pgpass` file: Os { code: 2, kind: NotFound, message: "No such file or directory" } path=/home/relam/.pgpass
2024-09-30-18:51:25 DEBUG htmx_google_auth::application::http::server: listening on 127.0.0.1:8000
2024-09-30-18:51:42  WARN call:call:get_record: tower_sessions_core::session: possibly suspicious activity: record not found in store
2024-09-30-18:51:42 DEBUG call:call:request{method=GET uri=/sessions/login version=HTTP/1.1}: tower_http::trace::on_request: started processing request
2024-09-30-18:51:42 DEBUG call:call:request{method=GET uri=/sessions/login version=HTTP/1.1}: tower_http::trace::on_response: finished processing request latency=1 ms status=200
2024-09-30-18:51:42 DEBUG call: tower_sessions::service: removing session cookie
2024-09-30-18:51:43 DEBUG call:call:request{method=GET uri=/static/images/favicon/favicon-32x32.png version=HTTP/1.1}: tower_http::trace::on_request: started processing request
2024-09-30-18:51:43 DEBUG call:call:request{method=GET uri=/static/images/favicon/favicon-32x32.png version=HTTP/1.1}: tower_http::trace::on_response: finished processing request latency=2 ms status=304
2024-09-30-18:51:43 DEBUG call:call:request{method=GET uri=/static/images/favicon/site.webmanifest version=HTTP/1.1}: tower_http::trace::on_request: started processing request
2024-09-30-18:51:43 DEBUG call:call:request{method=GET uri=/static/images/favicon/site.webmanifest version=HTTP/1.1}: tower_http::trace::on_response: finished processing request latency=1 ms status=304
2024-09-30-18:51:51 DEBUG call:call:request{method=POST uri=/sessions/login version=HTTP/1.1}: tower_http::trace::on_request: started processing request
2024-09-30-18:51:51 DEBUG call:call:request{method=POST uri=/sessions/login version=HTTP/1.1}: tower_http::trace::on_response: finished processing request latency=0 ms status=400
2024-09-30-18:53:22  WARN sqlx_postgres::options::pgpass: Failed to open `.pgpass` file: Os { code: 2, kind: NotFound, message: "No such file or directory" } path=/home/relam/.pgpass
2024-09-30-18:53:22 DEBUG htmx_google_auth::application::http::server: listening on 127.0.0.1:8000
2024-09-30-18:53:25 DEBUG call:call:request{method=GET uri=/sessions/login version=HTTP/1.1}: tower_http::trace::on_request: started processing request
2024-09-30-18:53:25 DEBUG call:call:request{method=GET uri=/sessions/login version=HTTP/1.1}: tower_http::trace::on_response: finished processing request latency=0 ms status=200
2024-09-30-18:53:25 DEBUG call:call:request{method=GET uri=/static/images/favicon/favicon-32x32.png version=HTTP/1.1}: tower_http::trace::on_request: started processing request
2024-09-30-18:53:25 DEBUG call:call:request{method=GET uri=/static/images/favicon/favicon-32x32.png version=HTTP/1.1}: tower_http::trace::on_response: finished processing request latency=3 ms status=304
2024-09-30-18:53:25 DEBUG call:call:request{method=GET uri=/static/images/favicon/site.webmanifest version=HTTP/1.1}: tower_http::trace::on_request: started processing request
2024-09-30-18:53:25 DEBUG call:call:request{method=GET uri=/static/images/favicon/site.webmanifest version=HTTP/1.1}: tower_http::trace::on_response: finished processing request latency=1 ms status=304
2024-09-30-18:53:35 DEBUG call:call:request{method=POST uri=/sessions/login version=HTTP/1.1}: tower_http::trace::on_request: started processing request
2024-09-30-18:53:35 DEBUG call:call:request{method=POST uri=/sessions/login version=HTTP/1.1}:post_login:authenticate: sqlx::query: summary="SELECT id, password_hash as …" db.statement="\n\nSELECT\n  id,\n  password_hash as \"password_hash: PasswordHash\",\n  email as \"email: EmailAddress\",\n  email_verified,\n  name,\n  given_name,\n  family_name,\n  role as \"role: Role\",\n  picture as \"picture: Picture\",\n  created_at,\n  updated_at\nFROM\n  users\nWHERE\n  email = $1\n" rows_affected=0 rows_returned=1 elapsed=2.462479ms elapsed_secs=0.002462479
2024-09-30-18:53:35 DEBUG call:call:request{method=POST uri=/sessions/login version=HTTP/1.1}:post_login:authenticate{user.id="01924420-c754-79e3-8179-d6112cd5c0a4"}: axum_login::session: return=Some(UserDescriptor { id: 01924420-c754-79e3-8179-d6112cd5c0a4, email: EmailAddress("relam@richmond-county.k12.va.us"), name: "Reed Elam", role: Role("admin"), picture: Picture("https://lh3.googleusercontent.com/a/ACg8ocJqi19PSN8nO2FUNXESMcaXu2QehoVb8MorVE1uBtRdH3VR=s96-c") })
2024-09-30-18:53:35 DEBUG call:call:request{method=POST uri=/sessions/login version=HTTP/1.1}:post_login:login{user.id="01924420-c754-79e3-8179-d6112cd5c0a4"}: axum_login::session: return=()
2024-09-30-18:53:35 DEBUG call:call:request{method=POST uri=/sessions/login version=HTTP/1.1}: tower_http::trace::on_response: finished processing request latency=555 ms status=303
2024-09-30-18:53:35 DEBUG call: tower_sessions::service: saving session
2024-09-30-18:53:35 DEBUG call: tower_sessions::service: adding session cookie
2024-09-30-18:53:36 DEBUG call:call: sqlx::query: summary="SELECT id, email as …" db.statement="\n\nSELECT\n  id,\n  email as \"email: EmailAddress\",\n  name,\n  role as \"role: Role\",\n  picture as \"picture: Picture\"\nFROM\n  users\nWHERE\n  id = $1\n" rows_affected=0 rows_returned=1 elapsed=2.370063ms elapsed_secs=0.002370063
2024-09-30-18:53:36 DEBUG call:call{user.id="01924420-c754-79e3-8179-d6112cd5c0a4"}:request{method=GET uri=/protected version=HTTP/1.1}: tower_http::trace::on_request: started processing request
2024-09-30-18:53:36 DEBUG call:call{user.id="01924420-c754-79e3-8179-d6112cd5c0a4"}:request{method=GET uri=/protected version=HTTP/1.1}: tower_http::trace::on_response: finished processing request latency=0 ms status=200
2024-09-30-18:53:44 DEBUG call:call: sqlx::query: summary="SELECT id, email as …" db.statement="\n\nSELECT\n  id,\n  email as \"email: EmailAddress\",\n  name,\n  role as \"role: Role\",\n  picture as \"picture: Picture\"\nFROM\n  users\nWHERE\n  id = $1\n" rows_affected=0 rows_returned=1 elapsed=1.394885ms elapsed_secs=0.001394885
2024-09-30-18:53:44 DEBUG call:call{user.id="01924420-c754-79e3-8179-d6112cd5c0a4"}:request{method=GET uri=/sessions/login version=HTTP/1.1}: tower_http::trace::on_request: started processing request
2024-09-30-18:53:44 DEBUG call:call{user.id="01924420-c754-79e3-8179-d6112cd5c0a4"}:request{method=GET uri=/sessions/login version=HTTP/1.1}: tower_http::trace::on_response: finished processing request latency=0 ms status=200
2024-09-30-18:53:59 DEBUG call:call: sqlx::query: summary="SELECT id, email as …" db.statement="\n\nSELECT\n  id,\n  email as \"email: EmailAddress\",\n  name,\n  role as \"role: Role\",\n  picture as \"picture: Picture\"\nFROM\n  users\nWHERE\n  id = $1\n" rows_affected=0 rows_returned=1 elapsed=1.149555ms elapsed_secs=0.001149555
2024-09-30-18:53:59 DEBUG call:call{user.id="01924420-c754-79e3-8179-d6112cd5c0a4"}:request{method=POST uri=/sessions/login version=HTTP/1.1}: tower_http::trace::on_request: started processing request
2024-09-30-18:53:59 DEBUG call:call{user.id="01924420-c754-79e3-8179-d6112cd5c0a4"}:request{method=POST uri=/sessions/login version=HTTP/1.1}:post_login:authenticate: sqlx::query: summary="SELECT id, password_hash as …" db.statement="\n\nSELECT\n  id,\n  password_hash as \"password_hash: PasswordHash\",\n  email as \"email: EmailAddress\",\n  email_verified,\n  name,\n  given_name,\n  family_name,\n  role as \"role: Role\",\n  picture as \"picture: Picture\",\n  created_at,\n  updated_at\nFROM\n  users\nWHERE\n  email = $1\n" rows_affected=0 rows_returned=1 elapsed=3.578929ms elapsed_secs=0.003578929
2024-09-30-18:54:00 DEBUG call:call{user.id="01924420-c754-79e3-8179-d6112cd5c0a4"}:request{method=POST uri=/sessions/login version=HTTP/1.1}:post_login:authenticate: axum_login::session: return=None
2024-09-30-18:54:00 DEBUG call:call{user.id="01924420-c754-79e3-8179-d6112cd5c0a4"}:request{method=POST uri=/sessions/login version=HTTP/1.1}: tower_http::trace::on_response: finished processing request latency=757 ms status=400
2024-09-30-18:54:02 DEBUG call:call: sqlx::query: summary="SELECT id, email as …" db.statement="\n\nSELECT\n  id,\n  email as \"email: EmailAddress\",\n  name,\n  role as \"role: Role\",\n  picture as \"picture: Picture\"\nFROM\n  users\nWHERE\n  id = $1\n" rows_affected=0 rows_returned=1 elapsed=1.180449ms elapsed_secs=0.001180449
2024-09-30-18:54:02 DEBUG call:call{user.id="01924420-c754-79e3-8179-d6112cd5c0a4"}:request{method=POST uri=/sessions/login version=HTTP/1.1}: tower_http::trace::on_request: started processing request
2024-09-30-18:54:02 DEBUG call:call{user.id="01924420-c754-79e3-8179-d6112cd5c0a4"}:request{method=POST uri=/sessions/login version=HTTP/1.1}:post_login:authenticate: sqlx::query: summary="SELECT id, password_hash as …" db.statement="\n\nSELECT\n  id,\n  password_hash as \"password_hash: PasswordHash\",\n  email as \"email: EmailAddress\",\n  email_verified,\n  name,\n  given_name,\n  family_name,\n  role as \"role: Role\",\n  picture as \"picture: Picture\",\n  created_at,\n  updated_at\nFROM\n  users\nWHERE\n  email = $1\n" rows_affected=0 rows_returned=1 elapsed=1.728807ms elapsed_secs=0.001728807
2024-09-30-18:54:03 DEBUG call:call{user.id="01924420-c754-79e3-8179-d6112cd5c0a4"}:request{method=POST uri=/sessions/login version=HTTP/1.1}:post_login:authenticate: axum_login::session: return=None
2024-09-30-18:54:03 DEBUG call:call{user.id="01924420-c754-79e3-8179-d6112cd5c0a4"}:request{method=POST uri=/sessions/login version=HTTP/1.1}: tower_http::trace::on_response: finished processing request latency=519 ms status=400
2024-09-30-18:54:03 DEBUG call:call: sqlx::query: summary="SELECT id, email as …" db.statement="\n\nSELECT\n  id,\n  email as \"email: EmailAddress\",\n  name,\n  role as \"role: Role\",\n  picture as \"picture: Picture\"\nFROM\n  users\nWHERE\n  id = $1\n" rows_affected=0 rows_returned=1 elapsed=1.701672ms elapsed_secs=0.001701672
2024-09-30-18:54:03 DEBUG call:call{user.id="01924420-c754-79e3-8179-d6112cd5c0a4"}:request{method=POST uri=/sessions/login version=HTTP/1.1}: tower_http::trace::on_request: started processing request
2024-09-30-18:54:03 DEBUG call:call{user.id="01924420-c754-79e3-8179-d6112cd5c0a4"}:request{method=POST uri=/sessions/login version=HTTP/1.1}:post_login:authenticate: sqlx::query: summary="SELECT id, password_hash as …" db.statement="\n\nSELECT\n  id,\n  password_hash as \"password_hash: PasswordHash\",\n  email as \"email: EmailAddress\",\n  email_verified,\n  name,\n  given_name,\n  family_name,\n  role as \"role: Role\",\n  picture as \"picture: Picture\",\n  created_at,\n  updated_at\nFROM\n  users\nWHERE\n  email = $1\n" rows_affected=0 rows_returned=1 elapsed=909.891µs elapsed_secs=0.000909891
2024-09-30-18:54:04 DEBUG call:call{user.id="01924420-c754-79e3-8179-d6112cd5c0a4"}:request{method=POST uri=/sessions/login version=HTTP/1.1}:post_login:authenticate: axum_login::session: return=None
2024-09-30-18:54:04 DEBUG call:call{user.id="01924420-c754-79e3-8179-d6112cd5c0a4"}:request{method=POST uri=/sessions/login version=HTTP/1.1}: tower_http::trace::on_response: finished processing request latency=484 ms status=400
2024-09-30-19:01:25  WARN sqlx_postgres::options::pgpass: Failed to open `.pgpass` file: Os { code: 2, kind: NotFound, message: "No such file or directory" } path=/home/relam/.pgpass
2024-09-30-19:01:25 DEBUG htmx_google_auth::application::http::server: listening on 127.0.0.1:8000
2024-09-30-19:01:31  WARN call:call:get_record: tower_sessions_core::session: possibly suspicious activity: record not found in store
2024-09-30-19:01:31 DEBUG call:call:request{method=GET uri=/sessions/login version=HTTP/1.1}: tower_http::trace::on_request: started processing request
2024-09-30-19:01:31 DEBUG call:call:request{method=GET uri=/sessions/login version=HTTP/1.1}: tower_http::trace::on_response: finished processing request latency=0 ms status=200
2024-09-30-19:01:31 DEBUG call: tower_sessions::service: removing session cookie
2024-09-30-19:01:32 DEBUG call:call:request{method=GET uri=/static/styles/output.css version=HTTP/1.1}: tower_http::trace::on_request: started processing request
2024-09-30-19:01:32 DEBUG call:call:request{method=GET uri=/static/styles/output.css version=HTTP/1.1}: tower_http::trace::on_response: finished processing request latency=1 ms status=304
2024-09-30-19:01:32 DEBUG call:call:request{method=GET uri=/static/images/favicon/favicon-32x32.png version=HTTP/1.1}: tower_http::trace::on_request: started processing request
2024-09-30-19:01:32 DEBUG call:call:request{method=GET uri=/static/images/favicon/favicon-32x32.png version=HTTP/1.1}: tower_http::trace::on_response: finished processing request latency=1 ms status=304
2024-09-30-19:01:32 DEBUG call:call:request{method=GET uri=/static/images/favicon/site.webmanifest version=HTTP/1.1}: tower_http::trace::on_request: started processing request
2024-09-30-19:01:32 DEBUG call:call:request{method=GET uri=/static/images/favicon/site.webmanifest version=HTTP/1.1}: tower_http::trace::on_response: finished processing request latency=1 ms status=304
2024-09-30-19:01:39 DEBUG call:call:request{method=POST uri=/sessions/login version=HTTP/1.1}: tower_http::trace::on_request: started processing request
2024-09-30-19:01:39 DEBUG call:call:request{method=POST uri=/sessions/login version=HTTP/1.1}:post_login:authenticate: sqlx::query: summary="SELECT id, password_hash as …" db.statement="\n\nSELECT\n  id,\n  password_hash as \"password_hash: PasswordHash\",\n  email as \"email: EmailAddress\",\n  email_verified,\n  name,\n  given_name,\n  family_name,\n  role as \"role: Role\",\n  picture as \"picture: Picture\",\n  created_at,\n  updated_at\nFROM\n  users\nWHERE\n  email = $1\n" rows_affected=0 rows_returned=1 elapsed=3.816998ms elapsed_secs=0.003816998
2024-09-30-19:01:40 DEBUG call:call:request{method=POST uri=/sessions/login version=HTTP/1.1}:post_login:authenticate: axum_login::session: return=None
2024-09-30-19:01:40 DEBUG call:call:request{method=POST uri=/sessions/login version=HTTP/1.1}: tower_http::trace::on_response: finished processing request latency=865 ms status=400
2024-09-30-19:01:42 DEBUG call:call:request{method=POST uri=/sessions/login version=HTTP/1.1}: tower_http::trace::on_request: started processing request
2024-09-30-19:01:42 DEBUG call:call:request{method=POST uri=/sessions/login version=HTTP/1.1}:post_login:authenticate: sqlx::query: summary="SELECT id, password_hash as …" db.statement="\n\nSELECT\n  id,\n  password_hash as \"password_hash: PasswordHash\",\n  email as \"email: EmailAddress\",\n  email_verified,\n  name,\n  given_name,\n  family_name,\n  role as \"role: Role\",\n  picture as \"picture: Picture\",\n  created_at,\n  updated_at\nFROM\n  users\nWHERE\n  email = $1\n" rows_affected=0 rows_returned=1 elapsed=1.906503ms elapsed_secs=0.001906503
2024-09-30-19:01:43 DEBUG call:call:request{method=POST uri=/sessions/login version=HTTP/1.1}:post_login:authenticate{user.id="01924420-c754-79e3-8179-d6112cd5c0a4"}: axum_login::session: return=Some(UserDescriptor { id: 01924420-c754-79e3-8179-d6112cd5c0a4, email: EmailAddress("relam@richmond-county.k12.va.us"), name: "Reed Elam", role: Role("admin"), picture: Picture("https://lh3.googleusercontent.com/a/ACg8ocJqi19PSN8nO2FUNXESMcaXu2QehoVb8MorVE1uBtRdH3VR=s96-c") })
2024-09-30-19:01:43 DEBUG call:call:request{method=POST uri=/sessions/login version=HTTP/1.1}:post_login:login{user.id="01924420-c754-79e3-8179-d6112cd5c0a4"}: axum_login::session: return=()
2024-09-30-19:01:43 DEBUG call:call:request{method=POST uri=/sessions/login version=HTTP/1.1}: tower_http::trace::on_response: finished processing request latency=651 ms status=303
2024-09-30-19:01:43 DEBUG call: tower_sessions::service: saving session
2024-09-30-19:01:43 DEBUG call: tower_sessions::service: adding session cookie
2024-09-30-19:01:43 DEBUG call:call: sqlx::query: summary="SELECT id, email as …" db.statement="\n\nSELECT\n  id,\n  email as \"email: EmailAddress\",\n  name,\n  role as \"role: Role\",\n  picture as \"picture: Picture\"\nFROM\n  users\nWHERE\n  id = $1\n" rows_affected=0 rows_returned=1 elapsed=2.130871ms elapsed_secs=0.002130871
2024-09-30-19:01:43 DEBUG call:call{user.id="01924420-c754-79e3-8179-d6112cd5c0a4"}:request{method=GET uri=/protected version=HTTP/1.1}: tower_http::trace::on_request: started processing request
2024-09-30-19:01:43 DEBUG call:call{user.id="01924420-c754-79e3-8179-d6112cd5c0a4"}:request{method=GET uri=/protected version=HTTP/1.1}: tower_http::trace::on_response: finished processing request latency=0 ms status=200
2024-09-30-19:06:00  WARN sqlx_postgres::options::pgpass: Failed to open `.pgpass` file: Os { code: 2, kind: NotFound, message: "No such file or directory" } path=/home/relam/.pgpass
2024-09-30-19:06:00 DEBUG htmx_google_auth::application::http::server: listening on 127.0.0.1:8000
2024-09-30-19:06:05  WARN call:call:get_record: tower_sessions_core::session: possibly suspicious activity: record not found in store
2024-09-30-19:06:05 DEBUG call:call:request{method=GET uri=/index version=HTTP/1.1}: tower_http::trace::on_request: started processing request
2024-09-30-19:06:05 DEBUG call:call:request{method=GET uri=/index version=HTTP/1.1}:index: sqlx::query: summary="SELECT id, email as …" db.statement="\n\nSELECT\n  id,\n  email as \"email: EmailAddress\",\n  name,\n  role as \"role: Role\",\n  picture as \"picture: Picture\"\nFROM\n  users\n" rows_affected=1 rows_returned=1 elapsed=2.318049ms elapsed_secs=0.002318049
2024-09-30-19:06:05 DEBUG call:call:request{method=GET uri=/index version=HTTP/1.1}: tower_http::trace::on_response: finished processing request latency=64 ms status=200
2024-09-30-19:06:05 DEBUG call: tower_sessions::service: removing session cookie
2024-09-30-19:06:07 DEBUG call:call:request{method=GET uri=/sessions/login version=HTTP/1.1}: tower_http::trace::on_request: started processing request
2024-09-30-19:06:07 DEBUG call:call:request{method=GET uri=/sessions/login version=HTTP/1.1}: tower_http::trace::on_response: finished processing request latency=0 ms status=200
2024-09-30-19:06:07 DEBUG call:call:request{method=GET uri=/static/images/favicon/site.webmanifest version=HTTP/1.1}: tower_http::trace::on_request: started processing request
2024-09-30-19:06:07 DEBUG call:call:request{method=GET uri=/static/images/favicon/site.webmanifest version=HTTP/1.1}: tower_http::trace::on_response: finished processing request latency=2 ms status=304
2024-09-30-19:06:14 DEBUG call:call:request{method=POST uri=/sessions/login version=HTTP/1.1}: tower_http::trace::on_request: started processing request
2024-09-30-19:06:14 DEBUG call:call:request{method=POST uri=/sessions/login version=HTTP/1.1}:post_login:authenticate: sqlx::query: summary="SELECT id, password_hash as …" db.statement="\n\nSELECT\n  id,\n  password_hash as \"password_hash: PasswordHash\",\n  email as \"email: EmailAddress\",\n  email_verified,\n  name,\n  given_name,\n  family_name,\n  role as \"role: Role\",\n  picture as \"picture: Picture\",\n  created_at,\n  updated_at\nFROM\n  users\nWHERE\n  email = $1\n" rows_affected=0 rows_returned=1 elapsed=3.62894ms elapsed_secs=0.00362894
2024-09-30-19:06:15 DEBUG call:call:request{method=POST uri=/sessions/login version=HTTP/1.1}:post_login:authenticate{user.id="01924420-c754-79e3-8179-d6112cd5c0a4"}: axum_login::session: return=Some(UserDescriptor { id: 01924420-c754-79e3-8179-d6112cd5c0a4, email: EmailAddress("relam@richmond-county.k12.va.us"), name: "Reed Elam", role: Role("admin"), picture: Picture("https://lh3.googleusercontent.com/a/ACg8ocJqi19PSN8nO2FUNXESMcaXu2QehoVb8MorVE1uBtRdH3VR=s96-c") })
2024-09-30-19:06:15 DEBUG call:call:request{method=POST uri=/sessions/login version=HTTP/1.1}:post_login:login{user.id="01924420-c754-79e3-8179-d6112cd5c0a4"}: axum_login::session: return=()
2024-09-30-19:06:15 DEBUG call:call:request{method=POST uri=/sessions/login version=HTTP/1.1}: tower_http::trace::on_response: finished processing request latency=495 ms status=303
2024-09-30-19:06:15 DEBUG call: tower_sessions::service: saving session
2024-09-30-19:06:15 DEBUG call: tower_sessions::service: adding session cookie
2024-09-30-19:06:15 DEBUG call:call: sqlx::query: summary="SELECT id, email as …" db.statement="\n\nSELECT\n  id,\n  email as \"email: EmailAddress\",\n  name,\n  role as \"role: Role\",\n  picture as \"picture: Picture\"\nFROM\n  users\nWHERE\n  id = $1\n" rows_affected=0 rows_returned=1 elapsed=1.792778ms elapsed_secs=0.001792778
2024-09-30-19:06:15 DEBUG call:call{user.id="01924420-c754-79e3-8179-d6112cd5c0a4"}:request{method=GET uri=/protected version=HTTP/1.1}: tower_http::trace::on_request: started processing request
2024-09-30-19:06:15 DEBUG call:call{user.id="01924420-c754-79e3-8179-d6112cd5c0a4"}:request{method=GET uri=/protected version=HTTP/1.1}: tower_http::trace::on_response: finished processing request latency=0 ms status=200
2024-09-30-19:06:25 DEBUG call:call: sqlx::query: summary="SELECT id, email as …" db.statement="\n\nSELECT\n  id,\n  email as \"email: EmailAddress\",\n  name,\n  role as \"role: Role\",\n  picture as \"picture: Picture\"\nFROM\n  users\nWHERE\n  id = $1\n" rows_affected=0 rows_returned=1 elapsed=990.65µs elapsed_secs=0.00099065
2024-09-30-19:06:25 DEBUG call:call{user.id="01924420-c754-79e3-8179-d6112cd5c0a4"}:request{method=GET uri=/sessions/login version=HTTP/1.1}: tower_http::trace::on_request: started processing request
2024-09-30-19:06:25 DEBUG call:call{user.id="01924420-c754-79e3-8179-d6112cd5c0a4"}:request{method=GET uri=/sessions/login version=HTTP/1.1}: tower_http::trace::on_response: finished processing request latency=0 ms status=200
2024-09-30-19:06:25 DEBUG call:call: sqlx::query: summary="SELECT id, email as …" db.statement="\n\nSELECT\n  id,\n  email as \"email: EmailAddress\",\n  name,\n  role as \"role: Role\",\n  picture as \"picture: Picture\"\nFROM\n  users\nWHERE\n  id = $1\n" rows_affected=0 rows_returned=1 elapsed=1.113154ms elapsed_secs=0.001113154
2024-09-30-19:06:25 DEBUG call:call{user.id="01924420-c754-79e3-8179-d6112cd5c0a4"}:request{method=GET uri=/static/htmx.min.js version=HTTP/1.1}: tower_http::trace::on_request: started processing request
2024-09-30-19:06:25 DEBUG call:call{user.id="01924420-c754-79e3-8179-d6112cd5c0a4"}:request{method=GET uri=/static/htmx.min.js version=HTTP/1.1}: tower_http::trace::on_response: finished processing request latency=1 ms status=200
2024-09-30-19:06:25 DEBUG call:call: sqlx::query: summary="SELECT id, email as …" db.statement="\n\nSELECT\n  id,\n  email as \"email: EmailAddress\",\n  name,\n  role as \"role: Role\",\n  picture as \"picture: Picture\"\nFROM\n  users\nWHERE\n  id = $1\n" rows_affected=0 rows_returned=1 elapsed=1.887671ms elapsed_secs=0.001887671
2024-09-30-19:06:25 DEBUG call:call{user.id="01924420-c754-79e3-8179-d6112cd5c0a4"}:request{method=GET uri=/static/response-targets.js version=HTTP/1.1}: tower_http::trace::on_request: started processing request
2024-09-30-19:06:25 DEBUG call:call{user.id="01924420-c754-79e3-8179-d6112cd5c0a4"}:request{method=GET uri=/static/response-targets.js version=HTTP/1.1}: tower_http::trace::on_response: finished processing request latency=1 ms status=200
2024-09-30-19:06:25 DEBUG call:call: sqlx::query: summary="SELECT id, email as …" db.statement="\n\nSELECT\n  id,\n  email as \"email: EmailAddress\",\n  name,\n  role as \"role: Role\",\n  picture as \"picture: Picture\"\nFROM\n  users\nWHERE\n  id = $1\n" rows_affected=0 rows_returned=1 elapsed=1.393956ms elapsed_secs=0.001393956
2024-09-30-19:06:25 DEBUG call:call{user.id="01924420-c754-79e3-8179-d6112cd5c0a4"}:request{method=GET uri=/static/styles/output.css version=HTTP/1.1}: tower_http::trace::on_request: started processing request
2024-09-30-19:06:25 DEBUG call:call{user.id="01924420-c754-79e3-8179-d6112cd5c0a4"}:request{method=GET uri=/static/styles/output.css version=HTTP/1.1}: tower_http::trace::on_response: finished processing request latency=1 ms status=200
2024-09-30-19:06:25 DEBUG call:call:request{method=GET uri=/static/images/favicon/site.webmanifest version=HTTP/1.1}: tower_http::trace::on_request: started processing request
2024-09-30-19:06:25 DEBUG call:call:request{method=GET uri=/static/images/favicon/site.webmanifest version=HTTP/1.1}: tower_http::trace::on_response: finished processing request latency=1 ms status=200
2024-09-30-19:06:33 DEBUG call:call: sqlx::query: summary="SELECT id, email as …" db.statement="\n\nSELECT\n  id,\n  email as \"email: EmailAddress\",\n  name,\n  role as \"role: Role\",\n  picture as \"picture: Picture\"\nFROM\n  users\nWHERE\n  id = $1\n" rows_affected=0 rows_returned=1 elapsed=1.672845ms elapsed_secs=0.001672845
2024-09-30-19:06:33 DEBUG call:call{user.id="01924420-c754-79e3-8179-d6112cd5c0a4"}:request{method=POST uri=/sessions/login version=HTTP/1.1}: tower_http::trace::on_request: started processing request
2024-09-30-19:06:33 DEBUG call:call{user.id="01924420-c754-79e3-8179-d6112cd5c0a4"}:request{method=POST uri=/sessions/login version=HTTP/1.1}:post_login:authenticate: sqlx::query: summary="SELECT id, password_hash as …" db.statement="\n\nSELECT\n  id,\n  password_hash as \"password_hash: PasswordHash\",\n  email as \"email: EmailAddress\",\n  email_verified,\n  name,\n  given_name,\n  family_name,\n  role as \"role: Role\",\n  picture as \"picture: Picture\",\n  created_at,\n  updated_at\nFROM\n  users\nWHERE\n  email = $1\n" rows_affected=0 rows_returned=1 elapsed=2.541835ms elapsed_secs=0.002541835
2024-09-30-19:06:34 DEBUG call:call{user.id="01924420-c754-79e3-8179-d6112cd5c0a4"}:request{method=POST uri=/sessions/login version=HTTP/1.1}:post_login:authenticate{user.id="01924420-c754-79e3-8179-d6112cd5c0a4"}: axum_login::session: return=Some(UserDescriptor { id: 01924420-c754-79e3-8179-d6112cd5c0a4, email: EmailAddress("relam@richmond-county.k12.va.us"), name: "Reed Elam", role: Role("admin"), picture: Picture("https://lh3.googleusercontent.com/a/ACg8ocJqi19PSN8nO2FUNXESMcaXu2QehoVb8MorVE1uBtRdH3VR=s96-c") })
2024-09-30-19:06:34 DEBUG call:call{user.id="01924420-c754-79e3-8179-d6112cd5c0a4"}:request{method=POST uri=/sessions/login version=HTTP/1.1}:post_login:login{user.id="01924420-c754-79e3-8179-d6112cd5c0a4"}: axum_login::session: return=()
2024-09-30-19:06:34 DEBUG call:call{user.id="01924420-c754-79e3-8179-d6112cd5c0a4"}:request{method=POST uri=/sessions/login version=HTTP/1.1}: tower_http::trace::on_response: finished processing request latency=587 ms status=303
2024-09-30-19:06:34 DEBUG call:call: sqlx::query: summary="SELECT id, email as …" db.statement="\n\nSELECT\n  id,\n  email as \"email: EmailAddress\",\n  name,\n  role as \"role: Role\",\n  picture as \"picture: Picture\"\nFROM\n  users\nWHERE\n  id = $1\n" rows_affected=0 rows_returned=1 elapsed=1.151162ms elapsed_secs=0.001151162
2024-09-30-19:06:34 DEBUG call:call{user.id="01924420-c754-79e3-8179-d6112cd5c0a4"}:request{method=GET uri=/protected version=HTTP/1.1}: tower_http::trace::on_request: started processing request
2024-09-30-19:06:34 DEBUG call:call{user.id="01924420-c754-79e3-8179-d6112cd5c0a4"}:request{method=GET uri=/protected version=HTTP/1.1}: tower_http::trace::on_response: finished processing request latency=0 ms status=200
2024-09-30-19:07:51 DEBUG call:call:request{method=GET uri=/ version=HTTP/1.1}: tower_http::trace::on_request: started processing request
2024-09-30-19:07:51 DEBUG call:call:request{method=GET uri=/ version=HTTP/1.1}: tower_http::trace::on_response: finished processing request latency=0 ms status=404
2024-09-30-19:08:30 DEBUG call:call:request{method=GET uri=/index version=HTTP/1.1}: tower_http::trace::on_request: started processing request
2024-09-30-19:08:30 DEBUG call:call:request{method=GET uri=/index version=HTTP/1.1}:index: sqlx::query: summary="SELECT id, email as …" db.statement="\n\nSELECT\n  id,\n  email as \"email: EmailAddress\",\n  name,\n  role as \"role: Role\",\n  picture as \"picture: Picture\"\nFROM\n  users\n" rows_affected=1 rows_returned=1 elapsed=5.355651ms elapsed_secs=0.005355651
2024-09-30-19:08:30 DEBUG call:call:request{method=GET uri=/index version=HTTP/1.1}: tower_http::trace::on_response: finished processing request latency=11 ms status=200
2024-09-30-19:08:30 DEBUG call:call:request{method=GET uri=/static/htmx.min.js version=HTTP/1.1}: tower_http::trace::on_request: started processing request
2024-09-30-19:08:30 DEBUG call:call:request{method=GET uri=/static/htmx.min.js version=HTTP/1.1}: tower_http::trace::on_response: finished processing request latency=11 ms status=304
2024-09-30-19:08:30 DEBUG call:call:request{method=GET uri=/static/response-targets.js version=HTTP/1.1}: tower_http::trace::on_request: started processing request
2024-09-30-19:08:30 DEBUG call:call:request{method=GET uri=/static/response-targets.js version=HTTP/1.1}: tower_http::trace::on_response: finished processing request latency=1 ms status=304
2024-09-30-19:08:30 DEBUG call:call:request{method=GET uri=/static/styles/output.css version=HTTP/1.1}: tower_http::trace::on_request: started processing request
2024-09-30-19:08:30 DEBUG call:call:request{method=GET uri=/static/styles/output.css version=HTTP/1.1}: tower_http::trace::on_response: finished processing request latency=1 ms status=200
2024-09-30-19:08:32 DEBUG call:call:request{method=GET uri=/sessions/login version=HTTP/1.1}: tower_http::trace::on_request: started processing request
2024-09-30-19:08:32 DEBUG call:call:request{method=GET uri=/sessions/login version=HTTP/1.1}: tower_http::trace::on_response: finished processing request latency=0 ms status=200
2024-09-30-19:08:32 DEBUG call:call:request{method=GET uri=/static/images/favicon/apple-touch-icon.png version=HTTP/1.1}: tower_http::trace::on_request: started processing request
2024-09-30-19:08:32 DEBUG call:call:request{method=GET uri=/static/images/favicon/favicon-32x32.png version=HTTP/1.1}: tower_http::trace::on_request: started processing request
2024-09-30-19:08:32 DEBUG call:call:request{method=GET uri=/static/images/favicon/apple-touch-icon.png version=HTTP/1.1}: tower_http::trace::on_response: finished processing request latency=1 ms status=200
2024-09-30-19:08:32 DEBUG call:call:request{method=GET uri=/static/images/favicon/favicon-32x32.png version=HTTP/1.1}: tower_http::trace::on_response: finished processing request latency=2 ms status=200
2024-09-30-19:08:48 DEBUG call:call:request{method=POST uri=/sessions/login version=HTTP/1.1}: tower_http::trace::on_request: started processing request
2024-09-30-19:08:48 DEBUG call:call:request{method=POST uri=/sessions/login version=HTTP/1.1}:post_login:authenticate: sqlx::query: summary="SELECT id, password_hash as …" db.statement="\n\nSELECT\n  id,\n  password_hash as \"password_hash: PasswordHash\",\n  email as \"email: EmailAddress\",\n  email_verified,\n  name,\n  given_name,\n  family_name,\n  role as \"role: Role\",\n  picture as \"picture: Picture\",\n  created_at,\n  updated_at\nFROM\n  users\nWHERE\n  email = $1\n" rows_affected=0 rows_returned=1 elapsed=1.976066ms elapsed_secs=0.001976066
2024-09-30-19:08:49 DEBUG call:call:request{method=POST uri=/sessions/login version=HTTP/1.1}:post_login:authenticate{user.id="01924420-c754-79e3-8179-d6112cd5c0a4"}: axum_login::session: return=Some(UserDescriptor { id: 01924420-c754-79e3-8179-d6112cd5c0a4, email: EmailAddress("relam@richmond-county.k12.va.us"), name: "Reed Elam", role: Role("admin"), picture: Picture("https://lh3.googleusercontent.com/a/ACg8ocJqi19PSN8nO2FUNXESMcaXu2QehoVb8MorVE1uBtRdH3VR=s96-c") })
2024-09-30-19:08:49 DEBUG call:call:request{method=POST uri=/sessions/login version=HTTP/1.1}:post_login:login{user.id="01924420-c754-79e3-8179-d6112cd5c0a4"}: axum_login::session: return=()
2024-09-30-19:08:49 DEBUG call:call:request{method=POST uri=/sessions/login version=HTTP/1.1}: tower_http::trace::on_response: finished processing request latency=763 ms status=303
2024-09-30-19:08:49 DEBUG call: tower_sessions::service: saving session
2024-09-30-19:08:49 DEBUG call: tower_sessions::service: adding session cookie
2024-09-30-19:08:49 DEBUG call:call: sqlx::query: summary="SELECT id, email as …" db.statement="\n\nSELECT\n  id,\n  email as \"email: EmailAddress\",\n  name,\n  role as \"role: Role\",\n  picture as \"picture: Picture\"\nFROM\n  users\nWHERE\n  id = $1\n" rows_affected=0 rows_returned=1 elapsed=3.522218ms elapsed_secs=0.003522218
2024-09-30-19:08:49 DEBUG call:call{user.id="01924420-c754-79e3-8179-d6112cd5c0a4"}:request{method=GET uri=/protected version=HTTP/1.1}: tower_http::trace::on_request: started processing request
2024-09-30-19:08:49 DEBUG call:call{user.id="01924420-c754-79e3-8179-d6112cd5c0a4"}:request{method=GET uri=/protected version=HTTP/1.1}: tower_http::trace::on_response: finished processing request latency=0 ms status=200
2024-09-30-19:08:52 DEBUG call:call: sqlx::query: summary="SELECT id, email as …" db.statement="\n\nSELECT\n  id,\n  email as \"email: EmailAddress\",\n  name,\n  role as \"role: Role\",\n  picture as \"picture: Picture\"\nFROM\n  users\nWHERE\n  id = $1\n" rows_affected=0 rows_returned=1 elapsed=721.498µs elapsed_secs=0.000721498
2024-09-30-19:08:52 DEBUG call:call{user.id="01924420-c754-79e3-8179-d6112cd5c0a4"}:request{method=POST uri=/sessions/oauth/google version=HTTP/1.1}: tower_http::trace::on_request: started processing request
2024-09-30-19:08:52 DEBUG call:call{user.id="01924420-c754-79e3-8179-d6112cd5c0a4"}:request{method=POST uri=/sessions/oauth/google version=HTTP/1.1}: tower_http::trace::on_response: finished processing request latency=0 ms status=303
2024-09-30-19:08:52 DEBUG call: tower_sessions::service: saving session
2024-09-30-19:08:52 DEBUG call: tower_sessions::service: adding session cookie
2024-09-30-19:16:12  WARN sqlx_postgres::options::pgpass: Failed to open `.pgpass` file: Os { code: 2, kind: NotFound, message: "No such file or directory" } path=/home/relam/.pgpass
2024-09-30-19:16:12 DEBUG htmx_google_auth::application::http::server: listening on 127.0.0.1:8000
2024-09-30-19:16:19  WARN call:call:get_record: tower_sessions_core::session: possibly suspicious activity: record not found in store
2024-09-30-19:16:19 DEBUG call:call:request{method=GET uri=/sessions/login version=HTTP/1.1}: tower_http::trace::on_request: started processing request
2024-09-30-19:16:19 DEBUG call:call:request{method=GET uri=/sessions/login version=HTTP/1.1}: tower_http::trace::on_response: finished processing request latency=0 ms status=200
2024-09-30-19:16:19 DEBUG call: tower_sessions::service: removing session cookie
2024-09-30-19:16:19 DEBUG call:call:request{method=GET uri=/static/images/favicon/favicon-32x32.png version=HTTP/1.1}: tower_http::trace::on_request: started processing request
2024-09-30-19:16:19 DEBUG call:call:request{method=GET uri=/static/images/favicon/favicon-32x32.png version=HTTP/1.1}: tower_http::trace::on_response: finished processing request latency=1 ms status=304
2024-09-30-19:16:20 DEBUG call:call:request{method=GET uri=/static/images/favicon/site.webmanifest version=HTTP/1.1}: tower_http::trace::on_request: started processing request
2024-09-30-19:16:20 DEBUG call:call:request{method=GET uri=/static/images/favicon/site.webmanifest version=HTTP/1.1}: tower_http::trace::on_response: finished processing request latency=1 ms status=304
2024-09-30-19:16:25 DEBUG call:call:request{method=GET uri=/protected version=HTTP/1.1}: tower_http::trace::on_request: started processing request
2024-09-30-19:16:25 DEBUG call:call:request{method=GET uri=/protected version=HTTP/1.1}: tower_http::trace::on_response: finished processing request latency=0 ms status=403
2024-09-30-19:16:32 DEBUG call:call:request{method=GET uri=/index version=HTTP/1.1}: tower_http::trace::on_request: started processing request
2024-09-30-19:16:32 DEBUG call:call:request{method=GET uri=/index version=HTTP/1.1}:index: sqlx::query: summary="SELECT id, email as …" db.statement="\n\nSELECT\n  id,\n  email as \"email: EmailAddress\",\n  name,\n  role as \"role: Role\",\n  picture as \"picture: Picture\"\nFROM\n  users\n" rows_affected=1 rows_returned=1 elapsed=3.979144ms elapsed_secs=0.003979144
2024-09-30-19:16:32 DEBUG call:call:request{method=GET uri=/index version=HTTP/1.1}: tower_http::trace::on_response: finished processing request latency=53 ms status=200
2024-09-30-19:16:35 DEBUG call:call:request{method=GET uri=/sessions/login version=HTTP/1.1}: tower_http::trace::on_request: started processing request
2024-09-30-19:16:35 DEBUG call:call:request{method=GET uri=/sessions/login version=HTTP/1.1}: tower_http::trace::on_response: finished processing request latency=0 ms status=200
2024-09-30-19:16:43 DEBUG call:call:request{method=POST uri=/sessions/login version=HTTP/1.1}: tower_http::trace::on_request: started processing request
2024-09-30-19:16:43 DEBUG call:call:request{method=POST uri=/sessions/login version=HTTP/1.1}:post_login:authenticate: sqlx::query: summary="SELECT id, password_hash as …" db.statement="\n\nSELECT\n  id,\n  password_hash as \"password_hash: PasswordHash\",\n  email as \"email: EmailAddress\",\n  email_verified,\n  name,\n  given_name,\n  family_name,\n  role as \"role: Role\",\n  picture as \"picture: Picture\",\n  created_at,\n  updated_at\nFROM\n  users\nWHERE\n  email = $1\n" rows_affected=0 rows_returned=1 elapsed=3.5547ms elapsed_secs=0.0035547
2024-09-30-19:16:43 DEBUG call:call:request{method=POST uri=/sessions/login version=HTTP/1.1}:post_login:authenticate{user.id="01924420-c754-79e3-8179-d6112cd5c0a4"}: axum_login::session: return=Some(UserDescriptor { id: 01924420-c754-79e3-8179-d6112cd5c0a4, email: EmailAddress("relam@richmond-county.k12.va.us"), name: "Reed Elam", role: Role("admin"), picture: Picture("https://lh3.googleusercontent.com/a/ACg8ocJqi19PSN8nO2FUNXESMcaXu2QehoVb8MorVE1uBtRdH3VR=s96-c") })
2024-09-30-19:16:43 DEBUG call:call:request{method=POST uri=/sessions/login version=HTTP/1.1}:post_login:login{user.id="01924420-c754-79e3-8179-d6112cd5c0a4"}: axum_login::session: return=()
2024-09-30-19:16:43 DEBUG call:call:request{method=POST uri=/sessions/login version=HTTP/1.1}: tower_http::trace::on_response: finished processing request latency=500 ms status=200
2024-09-30-19:16:43 DEBUG call: tower_sessions::service: saving session
2024-09-30-19:16:43 DEBUG call: tower_sessions::service: adding session cookie
2024-09-30-19:16:43 DEBUG call:call: sqlx::query: summary="SELECT id, email as …" db.statement="\n\nSELECT\n  id,\n  email as \"email: EmailAddress\",\n  name,\n  role as \"role: Role\",\n  picture as \"picture: Picture\"\nFROM\n  users\nWHERE\n  id = $1\n" rows_affected=0 rows_returned=1 elapsed=1.804743ms elapsed_secs=0.001804743
2024-09-30-19:16:43 DEBUG call:call{user.id="01924420-c754-79e3-8179-d6112cd5c0a4"}:request{method=GET uri=/protected version=HTTP/1.1}: tower_http::trace::on_request: started processing request
2024-09-30-19:16:43 DEBUG call:call{user.id="01924420-c754-79e3-8179-d6112cd5c0a4"}:request{method=GET uri=/protected version=HTTP/1.1}: tower_http::trace::on_response: finished processing request latency=0 ms status=200
2024-09-30-19:18:29  WARN sqlx_postgres::options::pgpass: Failed to open `.pgpass` file: Os { code: 2, kind: NotFound, message: "No such file or directory" } path=/home/relam/.pgpass
2024-09-30-19:18:29 DEBUG htmx_google_auth::application::http::server: listening on 127.0.0.1:8000
2024-09-30-19:18:40  WARN call:call:get_record: tower_sessions_core::session: possibly suspicious activity: record not found in store
2024-09-30-19:18:40 DEBUG call:call:request{method=GET uri=/ version=HTTP/1.1}: tower_http::trace::on_request: started processing request
2024-09-30-19:18:40 DEBUG call:call:request{method=GET uri=/ version=HTTP/1.1}: tower_http::trace::on_response: finished processing request latency=0 ms status=404
2024-09-30-19:18:40 DEBUG call: tower_sessions::service: removing session cookie
2024-09-30-19:18:45 DEBUG call:call:request{method=GET uri=/protected version=HTTP/1.1}: tower_http::trace::on_request: started processing request
2024-09-30-19:18:45 DEBUG call:call:request{method=GET uri=/protected version=HTTP/1.1}: tower_http::trace::on_response: finished processing request latency=0 ms status=403
2024-09-30-19:18:49 DEBUG call:call:request{method=GET uri=/index version=HTTP/1.1}: tower_http::trace::on_request: started processing request
2024-09-30-19:18:49 DEBUG call:call:request{method=GET uri=/index version=HTTP/1.1}:index: sqlx::query: summary="SELECT id, email as …" db.statement="\n\nSELECT\n  id,\n  email as \"email: EmailAddress\",\n  name,\n  role as \"role: Role\",\n  picture as \"picture: Picture\"\nFROM\n  users\n" rows_affected=1 rows_returned=1 elapsed=5.001661ms elapsed_secs=0.005001661
2024-09-30-19:18:49 DEBUG call:call:request{method=GET uri=/index version=HTTP/1.1}: tower_http::trace::on_response: finished processing request latency=46 ms status=200
2024-09-30-19:18:51 DEBUG call:call:request{method=GET uri=/sessions/login version=HTTP/1.1}: tower_http::trace::on_request: started processing request
2024-09-30-19:18:51 DEBUG call:call:request{method=GET uri=/sessions/login version=HTTP/1.1}: tower_http::trace::on_response: finished processing request latency=0 ms status=200
2024-09-30-19:18:53 DEBUG call:call:request{method=POST uri=/sessions/oauth/google version=HTTP/1.1}: tower_http::trace::on_request: started processing request
2024-09-30-19:18:53 DEBUG call:call:request{method=POST uri=/sessions/oauth/google version=HTTP/1.1}: tower_http::trace::on_response: finished processing request latency=0 ms status=303
2024-09-30-19:18:53 DEBUG call: tower_sessions::service: saving session
2024-09-30-19:18:53 DEBUG call: tower_sessions::service: adding session cookie
2024-09-30-19:19:06 DEBUG call:call:request{method=GET uri=/sessions/oauth/google?state=s8NtdAlmTlQ0Jv-064DY2Q&code=4%2F0AVG7fiRQcXaZxbUc4KWGZBiBiLz936fG-EpnSl9pGJip_P7mjzAYFMmY4jwnRywBKMCmxw&scope=email+profile+openid+https%3A%2F%2Fwww.googleapis.com%2Fauth%2Fuserinfo.profile+https%3A%2F%2Fwww.googleapis.com%2Fauth%2Fuserinfo.email&authuser=0&hd=richmond-county.k12.va.us&prompt=consent version=HTTP/1.1}: tower_http::trace::on_request: started processing request
2024-09-30-19:19:06 DEBUG hyper::client::connect::dns: resolving host="www.googleapis.com"
2024-09-30-19:19:06 DEBUG call:call:request{method=GET uri=/sessions/oauth/google?state=s8NtdAlmTlQ0Jv-064DY2Q&code=4%2F0AVG7fiRQcXaZxbUc4KWGZBiBiLz936fG-EpnSl9pGJip_P7mjzAYFMmY4jwnRywBKMCmxw&scope=email+profile+openid+https%3A%2F%2Fwww.googleapis.com%2Fauth%2Fuserinfo.profile+https%3A%2F%2Fwww.googleapis.com%2Fauth%2Fuserinfo.email&authuser=0&hd=richmond-county.k12.va.us&prompt=consent version=HTTP/1.1}:google_oauth_callback:authenticate: hyper::client::connect::http: connecting to 64.233.180.95:443
2024-09-30-19:19:06 DEBUG call:call:request{method=GET uri=/sessions/oauth/google?state=s8NtdAlmTlQ0Jv-064DY2Q&code=4%2F0AVG7fiRQcXaZxbUc4KWGZBiBiLz936fG-EpnSl9pGJip_P7mjzAYFMmY4jwnRywBKMCmxw&scope=email+profile+openid+https%3A%2F%2Fwww.googleapis.com%2Fauth%2Fuserinfo.profile+https%3A%2F%2Fwww.googleapis.com%2Fauth%2Fuserinfo.email&authuser=0&hd=richmond-county.k12.va.us&prompt=consent version=HTTP/1.1}:google_oauth_callback:authenticate: hyper::client::connect::http: connected to 64.233.180.95:443
2024-09-30-19:19:06 DEBUG call:call:request{method=GET uri=/sessions/oauth/google?state=s8NtdAlmTlQ0Jv-064DY2Q&code=4%2F0AVG7fiRQcXaZxbUc4KWGZBiBiLz936fG-EpnSl9pGJip_P7mjzAYFMmY4jwnRywBKMCmxw&scope=email+profile+openid+https%3A%2F%2Fwww.googleapis.com%2Fauth%2Fuserinfo.profile+https%3A%2F%2Fwww.googleapis.com%2Fauth%2Fuserinfo.email&authuser=0&hd=richmond-county.k12.va.us&prompt=consent version=HTTP/1.1}:google_oauth_callback:authenticate: h2::client: binding client connection
2024-09-30-19:19:06 DEBUG call:call:request{method=GET uri=/sessions/oauth/google?state=s8NtdAlmTlQ0Jv-064DY2Q&code=4%2F0AVG7fiRQcXaZxbUc4KWGZBiBiLz936fG-EpnSl9pGJip_P7mjzAYFMmY4jwnRywBKMCmxw&scope=email+profile+openid+https%3A%2F%2Fwww.googleapis.com%2Fauth%2Fuserinfo.profile+https%3A%2F%2Fwww.googleapis.com%2Fauth%2Fuserinfo.email&authuser=0&hd=richmond-county.k12.va.us&prompt=consent version=HTTP/1.1}:google_oauth_callback:authenticate: h2::client: client connection bound
2024-09-30-19:19:06 DEBUG call:call:request{method=GET uri=/sessions/oauth/google?state=s8NtdAlmTlQ0Jv-064DY2Q&code=4%2F0AVG7fiRQcXaZxbUc4KWGZBiBiLz936fG-EpnSl9pGJip_P7mjzAYFMmY4jwnRywBKMCmxw&scope=email+profile+openid+https%3A%2F%2Fwww.googleapis.com%2Fauth%2Fuserinfo.profile+https%3A%2F%2Fwww.googleapis.com%2Fauth%2Fuserinfo.email&authuser=0&hd=richmond-county.k12.va.us&prompt=consent version=HTTP/1.1}:google_oauth_callback:authenticate: h2::codec::framed_write: send frame=Settings { flags: (0x0), enable_push: 0, initial_window_size: 2097152, max_frame_size: 16384 }
2024-09-30-19:19:06 DEBUG call:call:request{method=GET uri=/sessions/oauth/google?state=s8NtdAlmTlQ0Jv-064DY2Q&code=4%2F0AVG7fiRQcXaZxbUc4KWGZBiBiLz936fG-EpnSl9pGJip_P7mjzAYFMmY4jwnRywBKMCmxw&scope=email+profile+openid+https%3A%2F%2Fwww.googleapis.com%2Fauth%2Fuserinfo.profile+https%3A%2F%2Fwww.googleapis.com%2Fauth%2Fuserinfo.email&authuser=0&hd=richmond-county.k12.va.us&prompt=consent version=HTTP/1.1}:google_oauth_callback:authenticate: hyper::client::pool: pooling idle connection for ("https", www.googleapis.com)
2024-09-30-19:19:06 DEBUG call:call:request{method=GET uri=/sessions/oauth/google?state=s8NtdAlmTlQ0Jv-064DY2Q&code=4%2F0AVG7fiRQcXaZxbUc4KWGZBiBiLz936fG-EpnSl9pGJip_P7mjzAYFMmY4jwnRywBKMCmxw&scope=email+profile+openid+https%3A%2F%2Fwww.googleapis.com%2Fauth%2Fuserinfo.profile+https%3A%2F%2Fwww.googleapis.com%2Fauth%2Fuserinfo.email&authuser=0&hd=richmond-county.k12.va.us&prompt=consent version=HTTP/1.1}:google_oauth_callback:authenticate:Connection{peer=Client}: h2::codec::framed_write: send frame=WindowUpdate { stream_id: StreamId(0), size_increment: 5177345 }
2024-09-30-19:19:06 DEBUG call:call:request{method=GET uri=/sessions/oauth/google?state=s8NtdAlmTlQ0Jv-064DY2Q&code=4%2F0AVG7fiRQcXaZxbUc4KWGZBiBiLz936fG-EpnSl9pGJip_P7mjzAYFMmY4jwnRywBKMCmxw&scope=email+profile+openid+https%3A%2F%2Fwww.googleapis.com%2Fauth%2Fuserinfo.profile+https%3A%2F%2Fwww.googleapis.com%2Fauth%2Fuserinfo.email&authuser=0&hd=richmond-county.k12.va.us&prompt=consent version=HTTP/1.1}:google_oauth_callback:authenticate:Connection{peer=Client}: h2::codec::framed_write: send frame=Headers { stream_id: StreamId(1), flags: (0x4: END_HEADERS) }
2024-09-30-19:19:06 DEBUG call:call:request{method=GET uri=/sessions/oauth/google?state=s8NtdAlmTlQ0Jv-064DY2Q&code=4%2F0AVG7fiRQcXaZxbUc4KWGZBiBiLz936fG-EpnSl9pGJip_P7mjzAYFMmY4jwnRywBKMCmxw&scope=email+profile+openid+https%3A%2F%2Fwww.googleapis.com%2Fauth%2Fuserinfo.profile+https%3A%2F%2Fwww.googleapis.com%2Fauth%2Fuserinfo.email&authuser=0&hd=richmond-county.k12.va.us&prompt=consent version=HTTP/1.1}:google_oauth_callback:authenticate:Connection{peer=Client}: h2::codec::framed_write: send frame=Data { stream_id: StreamId(1), flags: (0x1: END_STREAM) }
2024-09-30-19:19:06 DEBUG call:call:request{method=GET uri=/sessions/oauth/google?state=s8NtdAlmTlQ0Jv-064DY2Q&code=4%2F0AVG7fiRQcXaZxbUc4KWGZBiBiLz936fG-EpnSl9pGJip_P7mjzAYFMmY4jwnRywBKMCmxw&scope=email+profile+openid+https%3A%2F%2Fwww.googleapis.com%2Fauth%2Fuserinfo.profile+https%3A%2F%2Fwww.googleapis.com%2Fauth%2Fuserinfo.email&authuser=0&hd=richmond-county.k12.va.us&prompt=consent version=HTTP/1.1}:google_oauth_callback:authenticate:Connection{peer=Client}: h2::codec::framed_read: received frame=Settings { flags: (0x0), max_concurrent_streams: 100, initial_window_size: 1048576, max_header_list_size: 65536 }
2024-09-30-19:19:06 DEBUG call:call:request{method=GET uri=/sessions/oauth/google?state=s8NtdAlmTlQ0Jv-064DY2Q&code=4%2F0AVG7fiRQcXaZxbUc4KWGZBiBiLz936fG-EpnSl9pGJip_P7mjzAYFMmY4jwnRywBKMCmxw&scope=email+profile+openid+https%3A%2F%2Fwww.googleapis.com%2Fauth%2Fuserinfo.profile+https%3A%2F%2Fwww.googleapis.com%2Fauth%2Fuserinfo.email&authuser=0&hd=richmond-county.k12.va.us&prompt=consent version=HTTP/1.1}:google_oauth_callback:authenticate:Connection{peer=Client}: h2::codec::framed_write: send frame=Settings { flags: (0x1: ACK) }
2024-09-30-19:19:06 DEBUG call:call:request{method=GET uri=/sessions/oauth/google?state=s8NtdAlmTlQ0Jv-064DY2Q&code=4%2F0AVG7fiRQcXaZxbUc4KWGZBiBiLz936fG-EpnSl9pGJip_P7mjzAYFMmY4jwnRywBKMCmxw&scope=email+profile+openid+https%3A%2F%2Fwww.googleapis.com%2Fauth%2Fuserinfo.profile+https%3A%2F%2Fwww.googleapis.com%2Fauth%2Fuserinfo.email&authuser=0&hd=richmond-county.k12.va.us&prompt=consent version=HTTP/1.1}:google_oauth_callback:authenticate:Connection{peer=Client}: h2::codec::framed_read: received frame=WindowUpdate { stream_id: StreamId(0), size_increment: 983041 }
2024-09-30-19:19:06 DEBUG call:call:request{method=GET uri=/sessions/oauth/google?state=s8NtdAlmTlQ0Jv-064DY2Q&code=4%2F0AVG7fiRQcXaZxbUc4KWGZBiBiLz936fG-EpnSl9pGJip_P7mjzAYFMmY4jwnRywBKMCmxw&scope=email+profile+openid+https%3A%2F%2Fwww.googleapis.com%2Fauth%2Fuserinfo.profile+https%3A%2F%2Fwww.googleapis.com%2Fauth%2Fuserinfo.email&authuser=0&hd=richmond-county.k12.va.us&prompt=consent version=HTTP/1.1}:google_oauth_callback:authenticate:Connection{peer=Client}: h2::codec::framed_read: received frame=Settings { flags: (0x1: ACK) }
2024-09-30-19:19:06 DEBUG call:call:request{method=GET uri=/sessions/oauth/google?state=s8NtdAlmTlQ0Jv-064DY2Q&code=4%2F0AVG7fiRQcXaZxbUc4KWGZBiBiLz936fG-EpnSl9pGJip_P7mjzAYFMmY4jwnRywBKMCmxw&scope=email+profile+openid+https%3A%2F%2Fwww.googleapis.com%2Fauth%2Fuserinfo.profile+https%3A%2F%2Fwww.googleapis.com%2Fauth%2Fuserinfo.email&authuser=0&hd=richmond-county.k12.va.us&prompt=consent version=HTTP/1.1}:google_oauth_callback:authenticate:Connection{peer=Client}: h2::proto::settings: received settings ACK; applying Settings { flags: (0x0), enable_push: 0, initial_window_size: 2097152, max_frame_size: 16384 }
2024-09-30-19:19:06 DEBUG call:call:request{method=GET uri=/sessions/oauth/google?state=s8NtdAlmTlQ0Jv-064DY2Q&code=4%2F0AVG7fiRQcXaZxbUc4KWGZBiBiLz936fG-EpnSl9pGJip_P7mjzAYFMmY4jwnRywBKMCmxw&scope=email+profile+openid+https%3A%2F%2Fwww.googleapis.com%2Fauth%2Fuserinfo.profile+https%3A%2F%2Fwww.googleapis.com%2Fauth%2Fuserinfo.email&authuser=0&hd=richmond-county.k12.va.us&prompt=consent version=HTTP/1.1}:google_oauth_callback:authenticate:Connection{peer=Client}: h2::codec::framed_read: received frame=Headers { stream_id: StreamId(1), flags: (0x4: END_HEADERS) }
2024-09-30-19:19:06 DEBUG call:call:request{method=GET uri=/sessions/oauth/google?state=s8NtdAlmTlQ0Jv-064DY2Q&code=4%2F0AVG7fiRQcXaZxbUc4KWGZBiBiLz936fG-EpnSl9pGJip_P7mjzAYFMmY4jwnRywBKMCmxw&scope=email+profile+openid+https%3A%2F%2Fwww.googleapis.com%2Fauth%2Fuserinfo.profile+https%3A%2F%2Fwww.googleapis.com%2Fauth%2Fuserinfo.email&authuser=0&hd=richmond-county.k12.va.us&prompt=consent version=HTTP/1.1}:google_oauth_callback:authenticate:Connection{peer=Client}: h2::codec::framed_read: received frame=Data { stream_id: StreamId(1), flags: (0x1: END_STREAM) }
2024-09-30-19:19:06 DEBUG call:call:request{method=GET uri=/sessions/oauth/google?state=s8NtdAlmTlQ0Jv-064DY2Q&code=4%2F0AVG7fiRQcXaZxbUc4KWGZBiBiLz936fG-EpnSl9pGJip_P7mjzAYFMmY4jwnRywBKMCmxw&scope=email+profile+openid+https%3A%2F%2Fwww.googleapis.com%2Fauth%2Fuserinfo.profile+https%3A%2F%2Fwww.googleapis.com%2Fauth%2Fuserinfo.email&authuser=0&hd=richmond-county.k12.va.us&prompt=consent version=HTTP/1.1}:google_oauth_callback:authenticate:Connection{peer=Client}: h2::codec::framed_read: received frame=Ping { ack: false, payload: [0, 0, 0, 0, 0, 0, 1, 78] }
2024-09-30-19:19:06 DEBUG call:call:request{method=GET uri=/sessions/oauth/google?state=s8NtdAlmTlQ0Jv-064DY2Q&code=4%2F0AVG7fiRQcXaZxbUc4KWGZBiBiLz936fG-EpnSl9pGJip_P7mjzAYFMmY4jwnRywBKMCmxw&scope=email+profile+openid+https%3A%2F%2Fwww.googleapis.com%2Fauth%2Fuserinfo.profile+https%3A%2F%2Fwww.googleapis.com%2Fauth%2Fuserinfo.email&authuser=0&hd=richmond-county.k12.va.us&prompt=consent version=HTTP/1.1}:google_oauth_callback:authenticate:Connection{peer=Client}: h2::codec::framed_write: send frame=Ping { ack: true, payload: [0, 0, 0, 0, 0, 0, 1, 78] }
2024-09-30-19:19:06 DEBUG call:call:request{method=GET uri=/sessions/oauth/google?state=s8NtdAlmTlQ0Jv-064DY2Q&code=4%2F0AVG7fiRQcXaZxbUc4KWGZBiBiLz936fG-EpnSl9pGJip_P7mjzAYFMmY4jwnRywBKMCmxw&scope=email+profile+openid+https%3A%2F%2Fwww.googleapis.com%2Fauth%2Fuserinfo.profile+https%3A%2F%2Fwww.googleapis.com%2Fauth%2Fuserinfo.email&authuser=0&hd=richmond-county.k12.va.us&prompt=consent version=HTTP/1.1}:google_oauth_callback:authenticate:Connection{peer=Client}: h2::codec::framed_write: send frame=GoAway { error_code: NO_ERROR, last_stream_id: StreamId(0) }
2024-09-30-19:19:06 DEBUG call:call:request{method=GET uri=/sessions/oauth/google?state=s8NtdAlmTlQ0Jv-064DY2Q&code=4%2F0AVG7fiRQcXaZxbUc4KWGZBiBiLz936fG-EpnSl9pGJip_P7mjzAYFMmY4jwnRywBKMCmxw&scope=email+profile+openid+https%3A%2F%2Fwww.googleapis.com%2Fauth%2Fuserinfo.profile+https%3A%2F%2Fwww.googleapis.com%2Fauth%2Fuserinfo.email&authuser=0&hd=richmond-county.k12.va.us&prompt=consent version=HTTP/1.1}:google_oauth_callback:authenticate:Connection{peer=Client}: h2::proto::connection: Connection::poll; connection error error=GoAway(b"", NO_ERROR, Library)
2024-09-30-19:19:06 DEBUG hyper_util::client::legacy::connect::dns: resolving host="openidconnect.googleapis.com"
2024-09-30-19:19:06 DEBUG call:call:request{method=GET uri=/sessions/oauth/google?state=s8NtdAlmTlQ0Jv-064DY2Q&code=4%2F0AVG7fiRQcXaZxbUc4KWGZBiBiLz936fG-EpnSl9pGJip_P7mjzAYFMmY4jwnRywBKMCmxw&scope=email+profile+openid+https%3A%2F%2Fwww.googleapis.com%2Fauth%2Fuserinfo.profile+https%3A%2F%2Fwww.googleapis.com%2Fauth%2Fuserinfo.email&authuser=0&hd=richmond-county.k12.va.us&prompt=consent version=HTTP/1.1}:google_oauth_callback:authenticate: hyper_util::client::legacy::connect::http: connecting to 64.233.180.95:443
2024-09-30-19:19:06 DEBUG call:call:request{method=GET uri=/sessions/oauth/google?state=s8NtdAlmTlQ0Jv-064DY2Q&code=4%2F0AVG7fiRQcXaZxbUc4KWGZBiBiLz936fG-EpnSl9pGJip_P7mjzAYFMmY4jwnRywBKMCmxw&scope=email+profile+openid+https%3A%2F%2Fwww.googleapis.com%2Fauth%2Fuserinfo.profile+https%3A%2F%2Fwww.googleapis.com%2Fauth%2Fuserinfo.email&authuser=0&hd=richmond-county.k12.va.us&prompt=consent version=HTTP/1.1}:google_oauth_callback:authenticate: hyper_util::client::legacy::connect::http: connected to 64.233.180.95:443
2024-09-30-19:19:06 DEBUG hyper_util::client::legacy::pool: pooling idle connection for ("https", openidconnect.googleapis.com)
2024-09-30-19:19:06 DEBUG call:call:request{method=GET uri=/sessions/oauth/google?state=s8NtdAlmTlQ0Jv-064DY2Q&code=4%2F0AVG7fiRQcXaZxbUc4KWGZBiBiLz936fG-EpnSl9pGJip_P7mjzAYFMmY4jwnRywBKMCmxw&scope=email+profile+openid+https%3A%2F%2Fwww.googleapis.com%2Fauth%2Fuserinfo.profile+https%3A%2F%2Fwww.googleapis.com%2Fauth%2Fuserinfo.email&authuser=0&hd=richmond-county.k12.va.us&prompt=consent version=HTTP/1.1}:google_oauth_callback:authenticate: sqlx::query: summary="UPDATE users SET picture …" db.statement="\n\nUPDATE\n  users\nSET\n  picture = $1\nWHERE\n  email = $2 RETURNING id,\n  email as \"email: EmailAddress\",\n  name,\n  role as \"role: Role\",\n  picture as \"picture: Picture\"\n" rows_affected=0 rows_returned=1 elapsed=9.312667ms elapsed_secs=0.009312667
2024-09-30-19:19:06 DEBUG call:call:request{method=GET uri=/sessions/oauth/google?state=s8NtdAlmTlQ0Jv-064DY2Q&code=4%2F0AVG7fiRQcXaZxbUc4KWGZBiBiLz936fG-EpnSl9pGJip_P7mjzAYFMmY4jwnRywBKMCmxw&scope=email+profile+openid+https%3A%2F%2Fwww.googleapis.com%2Fauth%2Fuserinfo.profile+https%3A%2F%2Fwww.googleapis.com%2Fauth%2Fuserinfo.email&authuser=0&hd=richmond-county.k12.va.us&prompt=consent version=HTTP/1.1}:google_oauth_callback:authenticate{user.id="01924420-c754-79e3-8179-d6112cd5c0a4"}: axum_login::session: return=Some(UserDescriptor { id: 01924420-c754-79e3-8179-d6112cd5c0a4, email: EmailAddress("relam@richmond-county.k12.va.us"), name: "Reed Elam", role: Role("admin"), picture: Picture("https://lh3.googleusercontent.com/a/ACg8ocJqi19PSN8nO2FUNXESMcaXu2QehoVb8MorVE1uBtRdH3VR=s96-c") })
2024-09-30-19:19:06 DEBUG call:call:request{method=GET uri=/sessions/oauth/google?state=s8NtdAlmTlQ0Jv-064DY2Q&code=4%2F0AVG7fiRQcXaZxbUc4KWGZBiBiLz936fG-EpnSl9pGJip_P7mjzAYFMmY4jwnRywBKMCmxw&scope=email+profile+openid+https%3A%2F%2Fwww.googleapis.com%2Fauth%2Fuserinfo.profile+https%3A%2F%2Fwww.googleapis.com%2Fauth%2Fuserinfo.email&authuser=0&hd=richmond-county.k12.va.us&prompt=consent version=HTTP/1.1}:google_oauth_callback:login{user.id="01924420-c754-79e3-8179-d6112cd5c0a4"}: axum_login::session: return=()
2024-09-30-19:19:06 DEBUG call:call:request{method=GET uri=/sessions/oauth/google?state=s8NtdAlmTlQ0Jv-064DY2Q&code=4%2F0AVG7fiRQcXaZxbUc4KWGZBiBiLz936fG-EpnSl9pGJip_P7mjzAYFMmY4jwnRywBKMCmxw&scope=email+profile+openid+https%3A%2F%2Fwww.googleapis.com%2Fauth%2Fuserinfo.profile+https%3A%2F%2Fwww.googleapis.com%2Fauth%2Fuserinfo.email&authuser=0&hd=richmond-county.k12.va.us&prompt=consent version=HTTP/1.1}: tower_http::trace::on_response: finished processing request latency=239 ms status=303
2024-09-30-19:19:06 DEBUG call: tower_sessions::service: saving session
2024-09-30-19:19:06 DEBUG call: tower_sessions::service: adding session cookie
2024-09-30-19:19:06 DEBUG call:call: sqlx::query: summary="SELECT id, email as …" db.statement="\n\nSELECT\n  id,\n  email as \"email: EmailAddress\",\n  name,\n  role as \"role: Role\",\n  picture as \"picture: Picture\"\nFROM\n  users\nWHERE\n  id = $1\n" rows_affected=0 rows_returned=1 elapsed=3.55019ms elapsed_secs=0.00355019
2024-09-30-19:19:06 DEBUG call:call{user.id="01924420-c754-79e3-8179-d6112cd5c0a4"}:request{method=GET uri=/protected version=HTTP/1.1}: tower_http::trace::on_request: started processing request
2024-09-30-19:19:06 DEBUG call:call{user.id="01924420-c754-79e3-8179-d6112cd5c0a4"}:request{method=GET uri=/protected version=HTTP/1.1}: tower_http::trace::on_response: finished processing request latency=0 ms status=200
2024-09-30-19:19:47  WARN call:call:get_record: tower_sessions_core::session: possibly suspicious activity: record not found in store
2024-09-30-19:19:47 DEBUG call:call:request{method=GET uri=/protected version=HTTP/1.1}: tower_http::trace::on_request: started processing request
2024-09-30-19:19:47 DEBUG call:call:request{method=GET uri=/protected version=HTTP/1.1}: tower_http::trace::on_response: finished processing request latency=0 ms status=403
2024-09-30-19:19:47 DEBUG call: tower_sessions::service: removing session cookie
2024-09-30-19:20:00 DEBUG call:call:request{method=GET uri=/sessions/login version=HTTP/1.1}: tower_http::trace::on_request: started processing request
2024-09-30-19:20:00 DEBUG call:call:request{method=GET uri=/sessions/login version=HTTP/1.1}: tower_http::trace::on_response: finished processing request latency=0 ms status=200
