2024-09-24-13:40:49  WARN sqlx_postgres::options::pgpass: Failed to open `.pgpass` file: Os { code: 2, kind: NotFound, message: "No such file or directory" } path=/home/relam/.pgpass
2024-09-24-13:40:49 DEBUG htmx_google_auth::application::http::server: listening on 127.0.0.1:8000
2024-09-24-13:41:24 DEBUG request{method=GET uri=/ version=HTTP/1.1}: tower_http::trace::on_request: started processing request
2024-09-24-13:41:24 DEBUG request{method=GET uri=/ version=HTTP/1.1}: tower_http::trace::on_response: finished processing request latency=0 ms status=404
2024-09-24-13:41:29 DEBUG request{method=GET uri=/index version=HTTP/1.1}: tower_http::trace::on_request: started processing request
2024-09-24-13:41:29 DEBUG request{method=GET uri=/index version=HTTP/1.1}:index: sqlx::query: summary="SELECT id, email as …" db.statement="\n\nSELECT\n  id,\n  email as \"email: _\",\n  name,\n  role as \"role: _\",\n  picture as \"picture: _\"\nFROM\n  users\n" rows_affected=0 rows_returned=1 elapsed=4.012659ms elapsed_secs=0.004012659
2024-09-24-13:41:29 DEBUG request{method=GET uri=/index version=HTTP/1.1}: tower_http::trace::on_request: started processing request
2024-09-24-13:41:29 DEBUG request{method=GET uri=/index version=HTTP/1.1}:index: sqlx::query: summary="SELECT id, email as …" db.statement="\n\nSELECT\n  id,\n  email as \"email: _\",\n  name,\n  role as \"role: _\",\n  picture as \"picture: _\"\nFROM\n  users\n" rows_affected=0 rows_returned=1 elapsed=829.311µs elapsed_secs=0.000829311
2024-09-24-13:41:29 DEBUG request{method=GET uri=/index version=HTTP/1.1}: tower_http::trace::on_request: started processing request
2024-09-24-13:41:29 DEBUG request{method=GET uri=/index version=HTTP/1.1}:index: sqlx::query: summary="SELECT id, email as …" db.statement="\n\nSELECT\n  id,\n  email as \"email: _\",\n  name,\n  role as \"role: _\",\n  picture as \"picture: _\"\nFROM\n  users\n" rows_affected=0 rows_returned=1 elapsed=752.353µs elapsed_secs=0.000752353
2024-09-24-13:41:30 DEBUG request{method=GET uri=/index version=HTTP/1.1}: tower_http::trace::on_request: started processing request
2024-09-24-13:41:30 DEBUG request{method=GET uri=/index version=HTTP/1.1}:index: sqlx::query: summary="SELECT id, email as …" db.statement="\n\nSELECT\n  id,\n  email as \"email: _\",\n  name,\n  role as \"role: _\",\n  picture as \"picture: _\"\nFROM\n  users\n" rows_affected=0 rows_returned=1 elapsed=1.180913ms elapsed_secs=0.001180913
2024-09-24-13:41:30 DEBUG request{method=GET uri=/index version=HTTP/1.1}: tower_http::trace::on_request: started processing request
2024-09-24-13:41:30 DEBUG request{method=GET uri=/index version=HTTP/1.1}:index: sqlx::query: summary="SELECT id, email as …" db.statement="\n\nSELECT\n  id,\n  email as \"email: _\",\n  name,\n  role as \"role: _\",\n  picture as \"picture: _\"\nFROM\n  users\n" rows_affected=0 rows_returned=1 elapsed=767.506µs elapsed_secs=0.000767506
2024-09-24-13:41:36 DEBUG request{method=GET uri=/index version=HTTP/1.1}: tower_http::trace::on_request: started processing request
2024-09-24-13:41:36 DEBUG request{method=GET uri=/index version=HTTP/1.1}:index: sqlx::query: summary="SELECT id, email as …" db.statement="\n\nSELECT\n  id,\n  email as \"email: _\",\n  name,\n  role as \"role: _\",\n  picture as \"picture: _\"\nFROM\n  users\n" rows_affected=0 rows_returned=1 elapsed=1.716522ms elapsed_secs=0.001716522
2024-09-24-13:41:36 DEBUG request{method=GET uri=/index version=HTTP/1.1}: tower_http::trace::on_request: started processing request
2024-09-24-13:41:36 DEBUG request{method=GET uri=/index version=HTTP/1.1}:index: sqlx::query: summary="SELECT id, email as …" db.statement="\n\nSELECT\n  id,\n  email as \"email: _\",\n  name,\n  role as \"role: _\",\n  picture as \"picture: _\"\nFROM\n  users\n" rows_affected=0 rows_returned=1 elapsed=1.531034ms elapsed_secs=0.001531034
2024-09-24-13:42:06 DEBUG request{method=GET uri=/index version=HTTP/1.1}: tower_http::trace::on_request: started processing request
2024-09-24-13:42:06 DEBUG request{method=GET uri=/index version=HTTP/1.1}:index: sqlx::query: summary="SELECT id, email as …" db.statement="\n\nSELECT\n  id,\n  email as \"email: _\",\n  name,\n  role as \"role: _\",\n  picture as \"picture: _\"\nFROM\n  users\n" rows_affected=0 rows_returned=1 elapsed=927.989µs elapsed_secs=0.000927989
2024-09-24-13:42:06 DEBUG request{method=GET uri=/index version=HTTP/1.1}: tower_http::trace::on_request: started processing request
2024-09-24-13:42:06 DEBUG request{method=GET uri=/index version=HTTP/1.1}:index: sqlx::query: summary="SELECT id, email as …" db.statement="\n\nSELECT\n  id,\n  email as \"email: _\",\n  name,\n  role as \"role: _\",\n  picture as \"picture: _\"\nFROM\n  users\n" rows_affected=0 rows_returned=1 elapsed=885.323µs elapsed_secs=0.000885323
2024-09-24-14:41:06  WARN sqlx_postgres::options::pgpass: Failed to open `.pgpass` file: Os { code: 2, kind: NotFound, message: "No such file or directory" } path=/home/relam/.pgpass
2024-09-24-14:41:06 DEBUG htmx_google_auth::application::http::server: listening on 127.0.0.1:8000
2024-09-24-14:41:22 DEBUG request{method=GET uri=/index version=HTTP/1.1}: tower_http::trace::on_request: started processing request
2024-09-24-14:41:22 DEBUG request{method=GET uri=/index version=HTTP/1.1}:index: sqlx::query: summary="SELECT id, email as …" db.statement="\n\nSELECT\n  id,\n  email as \"email: EmailAddress\",\n  name,\n  role as \"role: Role\",\n  picture as \"picture: Picture\"\nFROM\n  users\n" rows_affected=1 rows_returned=1 elapsed=2.349699ms elapsed_secs=0.002349699
2024-09-24-14:41:22 DEBUG request{method=GET uri=/index version=HTTP/1.1}: tower_http::trace::on_response: finished processing request latency=36 ms status=200
2024-09-24-14:54:26  WARN sqlx_postgres::options::pgpass: Failed to open `.pgpass` file: Os { code: 2, kind: NotFound, message: "No such file or directory" } path=/home/relam/.pgpass
2024-09-24-14:54:26 DEBUG htmx_google_auth::application::http::server: listening on 127.0.0.1:8000
2024-09-24-14:54:32 DEBUG request{method=GET uri=/index version=HTTP/1.1}: tower_http::trace::on_request: started processing request
2024-09-24-14:54:32 DEBUG request{method=GET uri=/index version=HTTP/1.1}:index: sqlx::query: summary="SELECT id, email as …" db.statement="\n\nSELECT\n  id,\n  email as \"email: EmailAddress\",\n  name,\n  role as \"role: Role\",\n  picture as \"picture: Picture\"\nFROM\n  users\n" rows_affected=1 rows_returned=1 elapsed=3.083401ms elapsed_secs=0.003083401
2024-09-24-14:54:32 DEBUG request{method=GET uri=/index version=HTTP/1.1}: tower_http::trace::on_response: finished processing request latency=39 ms status=200
2024-09-24-14:54:34 DEBUG request{method=GET uri=/index version=HTTP/1.1}: tower_http::trace::on_request: started processing request
2024-09-24-14:54:34 DEBUG request{method=GET uri=/index version=HTTP/1.1}:index: sqlx::query: summary="SELECT id, email as …" db.statement="\n\nSELECT\n  id,\n  email as \"email: EmailAddress\",\n  name,\n  role as \"role: Role\",\n  picture as \"picture: Picture\"\nFROM\n  users\n" rows_affected=1 rows_returned=1 elapsed=1.215477ms elapsed_secs=0.001215477
2024-09-24-14:54:34 DEBUG request{method=GET uri=/index version=HTTP/1.1}: tower_http::trace::on_response: finished processing request latency=3 ms status=200
2024-09-24-14:54:42 DEBUG request{method=GET uri=/index version=HTTP/1.1}: tower_http::trace::on_request: started processing request
2024-09-24-14:54:42 DEBUG request{method=GET uri=/index version=HTTP/1.1}:index: sqlx::query: summary="SELECT id, email as …" db.statement="\n\nSELECT\n  id,\n  email as \"email: EmailAddress\",\n  name,\n  role as \"role: Role\",\n  picture as \"picture: Picture\"\nFROM\n  users\n" rows_affected=1 rows_returned=1 elapsed=1.140879ms elapsed_secs=0.001140879
2024-09-24-14:54:42 DEBUG request{method=GET uri=/index version=HTTP/1.1}: tower_http::trace::on_response: finished processing request latency=4 ms status=200
2024-09-24-14:55:38  WARN sqlx_postgres::options::pgpass: Failed to open `.pgpass` file: Os { code: 2, kind: NotFound, message: "No such file or directory" } path=/home/relam/.pgpass
2024-09-24-14:55:38 DEBUG htmx_google_auth::application::http::server: listening on 127.0.0.1:8000
2024-09-24-14:56:28 DEBUG request{method=GET uri=/index version=HTTP/1.1}: tower_http::trace::on_request: started processing request
2024-09-24-14:56:28 DEBUG request{method=GET uri=/index version=HTTP/1.1}:index: sqlx::query: summary="SELECT id, email as …" db.statement="\n\nSELECT\n  id,\n  email as \"email: EmailAddress\",\n  name,\n  role as \"role: Role\",\n  picture as \"picture: Picture\"\nFROM\n  users\n" rows_affected=1 rows_returned=1 elapsed=3.77826ms elapsed_secs=0.00377826
2024-09-24-14:56:28 DEBUG request{method=GET uri=/index version=HTTP/1.1}: tower_http::trace::on_response: finished processing request latency=56 ms status=200
2024-09-24-14:56:28 DEBUG request{method=GET uri=/static/htmx.min.js version=HTTP/1.1}: tower_http::trace::on_request: started processing request
2024-09-24-14:56:28 DEBUG request{method=GET uri=/static/htmx.min.js version=HTTP/1.1}: tower_http::trace::on_response: finished processing request latency=2 ms status=304
2024-09-24-14:56:28 DEBUG request{method=GET uri=/static/response-targets.js version=HTTP/1.1}: tower_http::trace::on_request: started processing request
2024-09-24-14:56:28 DEBUG request{method=GET uri=/static/response-targets.js version=HTTP/1.1}: tower_http::trace::on_response: finished processing request latency=1 ms status=304
2024-09-24-14:56:28 DEBUG request{method=GET uri=/static/styles/output.css version=HTTP/1.1}: tower_http::trace::on_request: started processing request
2024-09-24-14:56:28 DEBUG request{method=GET uri=/static/styles/output.css version=HTTP/1.1}: tower_http::trace::on_response: finished processing request latency=1 ms status=200
2024-09-24-14:57:40 DEBUG request{method=GET uri=/index version=HTTP/1.1}: tower_http::trace::on_request: started processing request
2024-09-24-14:57:40 DEBUG request{method=GET uri=/index version=HTTP/1.1}:index: sqlx::query: summary="SELECT id, email as …" db.statement="\n\nSELECT\n  id,\n  email as \"email: EmailAddress\",\n  name,\n  role as \"role: Role\",\n  picture as \"picture: Picture\"\nFROM\n  users\n" rows_affected=1 rows_returned=1 elapsed=1.036464ms elapsed_secs=0.001036464
2024-09-24-14:57:40 DEBUG request{method=GET uri=/index version=HTTP/1.1}: tower_http::trace::on_response: finished processing request latency=5 ms status=200
2024-09-24-14:57:40 DEBUG request{method=GET uri=/static/htmx.min.js version=HTTP/1.1}: tower_http::trace::on_request: started processing request
2024-09-24-14:57:40 DEBUG request{method=GET uri=/static/htmx.min.js version=HTTP/1.1}: tower_http::trace::on_response: finished processing request latency=1 ms status=304
2024-09-24-14:57:40 DEBUG request{method=GET uri=/static/styles/output.css version=HTTP/1.1}: tower_http::trace::on_request: started processing request
2024-09-24-14:57:40 DEBUG request{method=GET uri=/static/styles/output.css version=HTTP/1.1}: tower_http::trace::on_response: finished processing request latency=1 ms status=200
2024-09-24-14:57:40 DEBUG request{method=GET uri=/static/response-targets.js version=HTTP/1.1}: tower_http::trace::on_request: started processing request
2024-09-24-14:57:40 DEBUG request{method=GET uri=/static/response-targets.js version=HTTP/1.1}: tower_http::trace::on_response: finished processing request latency=1 ms status=304
2024-09-24-15:24:53  WARN sqlx_postgres::options::pgpass: Failed to open `.pgpass` file: Os { code: 2, kind: NotFound, message: "No such file or directory" } path=/home/relam/.pgpass
2024-09-24-15:24:53 DEBUG htmx_google_auth::application::http::server: listening on 127.0.0.1:8000
2024-09-24-15:25:03 DEBUG request{method=GET uri=/index version=HTTP/1.1}: tower_http::trace::on_request: started processing request
2024-09-24-15:25:03 DEBUG request{method=GET uri=/index version=HTTP/1.1}:index: sqlx::query: summary="SELECT id, email as …" db.statement="\n\nSELECT\n  id,\n  email as \"email: EmailAddress\",\n  name,\n  role as \"role: Role\",\n  picture as \"picture: Picture\"\nFROM\n  users\n" rows_affected=1 rows_returned=1 elapsed=3.044642ms elapsed_secs=0.003044642
2024-09-24-15:25:03 DEBUG request{method=GET uri=/index version=HTTP/1.1}: tower_http::trace::on_response: finished processing request latency=39 ms status=200
2024-09-24-15:25:03 DEBUG request{method=GET uri=/static/styles/output.css version=HTTP/1.1}: tower_http::trace::on_request: started processing request
2024-09-24-15:25:03 DEBUG request{method=GET uri=/static/styles/output.css version=HTTP/1.1}: tower_http::trace::on_response: finished processing request latency=1 ms status=304
2024-09-24-15:25:04 DEBUG request{method=GET uri=/index version=HTTP/1.1}: tower_http::trace::on_request: started processing request
2024-09-24-15:25:04 DEBUG request{method=GET uri=/index version=HTTP/1.1}:index: sqlx::query: summary="SELECT id, email as …" db.statement="\n\nSELECT\n  id,\n  email as \"email: EmailAddress\",\n  name,\n  role as \"role: Role\",\n  picture as \"picture: Picture\"\nFROM\n  users\n" rows_affected=1 rows_returned=1 elapsed=910.651µs elapsed_secs=0.000910651
2024-09-24-15:25:04 DEBUG request{method=GET uri=/index version=HTTP/1.1}: tower_http::trace::on_response: finished processing request latency=3 ms status=200
