2024-08-26-14:41:13 DEBUG htmx_google_auth::http::http: listening on 127.0.0.1:8000
2024-08-26-14:41:22 DEBUG request{method=GET uri=/ version=HTTP/1.1}: tower_http::trace::on_request: started processing request
2024-08-26-14:41:22 DEBUG request{method=GET uri=/ version=HTTP/1.1}: tower_http::trace::on_response: finished processing request latency=0 ms status=200
2024-08-26-14:41:22 DEBUG request{method=GET uri=/static/htmx.min.js version=HTTP/1.1}: tower_http::trace::on_request: started processing request
2024-08-26-14:41:22 DEBUG request{method=GET uri=/static/htmx.min.js version=HTTP/1.1}: tower_http::trace::on_response: finished processing request latency=1 ms status=200
2024-08-26-14:41:22 DEBUG request{method=GET uri=/styles/output.css version=HTTP/1.1}: tower_http::trace::on_request: started processing request
2024-08-26-14:41:22 DEBUG request{method=GET uri=/styles/output.css version=HTTP/1.1}: tower_http::trace::on_response: finished processing request latency=0 ms status=404
2024-08-26-14:41:22 DEBUG request{method=GET uri=/static/response-targets.js version=HTTP/1.1}: tower_http::trace::on_request: started processing request
2024-08-26-14:41:22 DEBUG request{method=GET uri=/static/response-targets.js version=HTTP/1.1}: tower_http::trace::on_response: finished processing request latency=1 ms status=200
2024-08-26-14:45:09 DEBUG request{method=GET uri=/styles/output.css version=HTTP/1.1}: tower_http::trace::on_request: started processing request
2024-08-26-14:45:09 DEBUG request{method=GET uri=/styles/output.css version=HTTP/1.1}: tower_http::trace::on_response: finished processing request latency=0 ms status=404
2024-08-26-14:45:20 DEBUG htmx_google_auth::http::http: listening on 127.0.0.1:8000
2024-08-26-14:45:24 DEBUG request{method=GET uri=/ version=HTTP/1.1}: tower_http::trace::on_request: started processing request
2024-08-26-14:45:24  INFO request{method=GET uri=/ version=HTTP/1.1}:index: htmx_google_auth::http::routes::index: index handler
2024-08-26-14:45:24 DEBUG request{method=GET uri=/ version=HTTP/1.1}: tower_http::trace::on_response: finished processing request latency=0 ms status=200
2024-08-26-14:45:24 DEBUG request{method=GET uri=/static/htmx.min.js version=HTTP/1.1}: tower_http::trace::on_request: started processing request
2024-08-26-14:45:24 DEBUG request{method=GET uri=/static/htmx.min.js version=HTTP/1.1}: tower_http::trace::on_response: finished processing request latency=1 ms status=200
2024-08-26-14:45:24 DEBUG request{method=GET uri=/static/response-targets.js version=HTTP/1.1}: tower_http::trace::on_request: started processing request
2024-08-26-14:45:24 DEBUG request{method=GET uri=/styles/output.css version=HTTP/1.1}: tower_http::trace::on_request: started processing request
2024-08-26-14:45:24 DEBUG request{method=GET uri=/styles/output.css version=HTTP/1.1}: tower_http::trace::on_response: finished processing request latency=0 ms status=404
2024-08-26-14:45:24 DEBUG request{method=GET uri=/static/response-targets.js version=HTTP/1.1}: tower_http::trace::on_response: finished processing request latency=1 ms status=200
2024-08-26-14:50:59 DEBUG request{method=GET uri=/healthchecker version=HTTP/1.1}: tower_http::trace::on_request: started processing request
2024-08-26-14:50:59 DEBUG request{method=GET uri=/healthchecker version=HTTP/1.1}: tower_http::trace::on_response: finished processing request latency=0 ms status=200
2024-08-26-14:58:30 DEBUG htmx_google_auth::http::http: listening on 127.0.0.1:8000
2024-08-26-14:58:48 DEBUG request{method=GET uri=/ version=HTTP/1.1}: tower_http::trace::on_request: started processing request
2024-08-26-14:58:48  INFO request{method=GET uri=/ version=HTTP/1.1}:index: htmx_google_auth::http::routes::index: index handler
2024-08-26-14:58:48 DEBUG request{method=GET uri=/ version=HTTP/1.1}: tower_http::trace::on_response: finished processing request latency=1 ms status=200
2024-08-26-14:58:48 DEBUG request{method=GET uri=/static/styles/output.css version=HTTP/1.1}: tower_http::trace::on_request: started processing request
2024-08-26-14:58:48 DEBUG request{method=GET uri=/static/styles/output.css version=HTTP/1.1}: tower_http::trace::on_response: finished processing request latency=2 ms status=200
2024-08-26-14:59:30 DEBUG request{method=GET uri=/static/styles/output.css version=HTTP/1.1}: tower_http::trace::on_request: started processing request
2024-08-26-14:59:30 DEBUG request{method=GET uri=/static/styles/output.css version=HTTP/1.1}: tower_http::trace::on_response: finished processing request latency=2 ms status=304
2024-08-26-14:59:36 DEBUG request{method=GET uri=/ version=HTTP/1.1}: tower_http::trace::on_request: started processing request
2024-08-26-14:59:36  INFO request{method=GET uri=/ version=HTTP/1.1}:index: htmx_google_auth::http::routes::index: index handler
2024-08-26-14:59:36 DEBUG request{method=GET uri=/ version=HTTP/1.1}: tower_http::trace::on_response: finished processing request latency=0 ms status=200
2024-08-26-14:59:36 DEBUG request{method=GET uri=/static/htmx.min.js version=HTTP/1.1}: tower_http::trace::on_request: started processing request
2024-08-26-14:59:36 DEBUG request{method=GET uri=/static/htmx.min.js version=HTTP/1.1}: tower_http::trace::on_response: finished processing request latency=1 ms status=200
2024-08-26-14:59:36 DEBUG request{method=GET uri=/static/styles/output.css version=HTTP/1.1}: tower_http::trace::on_request: started processing request
2024-08-26-14:59:36 DEBUG request{method=GET uri=/static/styles/output.css version=HTTP/1.1}: tower_http::trace::on_response: finished processing request latency=1 ms status=200
2024-08-26-14:59:36 DEBUG request{method=GET uri=/static/response-targets.js version=HTTP/1.1}: tower_http::trace::on_request: started processing request
2024-08-26-14:59:36 DEBUG request{method=GET uri=/static/response-targets.js version=HTTP/1.1}: tower_http::trace::on_response: finished processing request latency=1 ms status=200
2024-08-26-15:01:30 DEBUG htmx_google_auth::http::http: listening on 127.0.0.1:8000
2024-08-26-15:01:37 DEBUG request{method=GET uri=/ version=HTTP/1.1}: tower_http::trace::on_request: started processing request
2024-08-26-15:01:37  INFO request{method=GET uri=/ version=HTTP/1.1}:index: htmx_google_auth::http::routes::index: index handler
2024-08-26-15:01:37 DEBUG request{method=GET uri=/ version=HTTP/1.1}: tower_http::trace::on_response: finished processing request latency=0 ms status=200
2024-08-26-15:01:37 DEBUG request{method=GET uri=/static/styles/output.css version=HTTP/1.1}: tower_http::trace::on_request: started processing request
2024-08-26-15:01:37 DEBUG request{method=GET uri=/static/styles/output.css version=HTTP/1.1}: tower_http::trace::on_response: finished processing request latency=1 ms status=304
2024-08-26-15:02:59 DEBUG htmx_google_auth::http::http: listening on 127.0.0.1:8000
2024-08-26-15:03:05 DEBUG request{method=GET uri=/ version=HTTP/1.1}: tower_http::trace::on_request: started processing request
2024-08-26-15:03:05  INFO request{method=GET uri=/ version=HTTP/1.1}:index: htmx_google_auth::http::routes::index: index handler
2024-08-26-15:03:05 DEBUG request{method=GET uri=/ version=HTTP/1.1}: tower_http::trace::on_response: finished processing request latency=0 ms status=200
2024-08-26-15:03:05 DEBUG request{method=GET uri=/static/styles/output.css version=HTTP/1.1}: tower_http::trace::on_request: started processing request
2024-08-26-15:03:05 DEBUG request{method=GET uri=/static/styles/output.css version=HTTP/1.1}: tower_http::trace::on_response: finished processing request latency=1 ms status=200
2024-08-26-15:03:57 DEBUG htmx_google_auth::http::http: listening on 127.0.0.1:8000
2024-08-26-15:04:01 DEBUG request{method=GET uri=/ version=HTTP/1.1}: tower_http::trace::on_request: started processing request
2024-08-26-15:04:01  INFO request{method=GET uri=/ version=HTTP/1.1}:index: htmx_google_auth::http::routes::index: index handler
2024-08-26-15:04:01 DEBUG request{method=GET uri=/ version=HTTP/1.1}: tower_http::trace::on_response: finished processing request latency=0 ms status=200
2024-08-26-15:04:01 DEBUG request{method=GET uri=/static/styles/output.css version=HTTP/1.1}: tower_http::trace::on_request: started processing request
2024-08-26-15:04:01 DEBUG request{method=GET uri=/static/styles/output.css version=HTTP/1.1}: tower_http::trace::on_response: finished processing request latency=1 ms status=200
2024-08-26-15:21:06 DEBUG htmx_google_auth::http::http: listening on 127.0.0.1:8000
2024-08-26-15:21:12 DEBUG request{method=GET uri=/ version=HTTP/1.1}: tower_http::trace::on_request: started processing request
2024-08-26-15:21:12  INFO request{method=GET uri=/ version=HTTP/1.1}:index: htmx_google_auth::http::routes::index: index handler
2024-08-26-15:21:12 DEBUG request{method=GET uri=/ version=HTTP/1.1}: tower_http::trace::on_response: finished processing request latency=0 ms status=200
2024-08-26-15:21:12 DEBUG request{method=GET uri=/static/styles/output.css version=HTTP/1.1}: tower_http::trace::on_request: started processing request
2024-08-26-15:21:12 DEBUG request{method=GET uri=/static/styles/output.css version=HTTP/1.1}: tower_http::trace::on_response: finished processing request latency=1 ms status=304
2024-08-26-15:34:49 DEBUG htmx_google_auth::http::http: listening on 127.0.0.1:8000
2024-08-26-15:34:53 DEBUG request{method=GET uri=/ version=HTTP/1.1}: tower_http::trace::on_request: started processing request
2024-08-26-15:34:53  INFO request{method=GET uri=/ version=HTTP/1.1}:index: htmx_google_auth::http::routes::index: index handler
2024-08-26-15:34:53 DEBUG request{method=GET uri=/ version=HTTP/1.1}: tower_http::trace::on_response: finished processing request latency=0 ms status=200
2024-08-26-15:34:53 DEBUG request{method=GET uri=/static/styles/output.css version=HTTP/1.1}: tower_http::trace::on_request: started processing request
2024-08-26-15:34:53 DEBUG request{method=GET uri=/static/styles/output.css version=HTTP/1.1}: tower_http::trace::on_response: finished processing request latency=4 ms status=200
2024-08-26-15:37:49 DEBUG htmx_google_auth::http::http: listening on 127.0.0.1:8000
2024-08-26-15:37:54 DEBUG request{method=GET uri=/ version=HTTP/1.1}: tower_http::trace::on_request: started processing request
2024-08-26-15:37:54  INFO request{method=GET uri=/ version=HTTP/1.1}:index: htmx_google_auth::http::routes::index: index handler
2024-08-26-15:37:54 DEBUG request{method=GET uri=/ version=HTTP/1.1}: tower_http::trace::on_response: finished processing request latency=0 ms status=200
2024-08-26-15:37:54 DEBUG request{method=GET uri=/static/styles/output.css version=HTTP/1.1}: tower_http::trace::on_request: started processing request
2024-08-26-15:37:54 DEBUG request{method=GET uri=/static/styles/output.css version=HTTP/1.1}: tower_http::trace::on_response: finished processing request latency=1 ms status=304
2024-08-26-15:37:55 DEBUG request{method=GET uri=/ version=HTTP/1.1}: tower_http::trace::on_request: started processing request
2024-08-26-15:37:55  INFO request{method=GET uri=/ version=HTTP/1.1}:index: htmx_google_auth::http::routes::index: index handler
2024-08-26-15:37:55 DEBUG request{method=GET uri=/ version=HTTP/1.1}: tower_http::trace::on_response: finished processing request latency=0 ms status=200
2024-08-26-15:37:56 DEBUG request{method=GET uri=/ version=HTTP/1.1}: tower_http::trace::on_request: started processing request
2024-08-26-15:37:56  INFO request{method=GET uri=/ version=HTTP/1.1}:index: htmx_google_auth::http::routes::index: index handler
2024-08-26-15:37:56 DEBUG request{method=GET uri=/ version=HTTP/1.1}: tower_http::trace::on_response: finished processing request latency=0 ms status=200
2024-08-26-15:37:56 DEBUG request{method=GET uri=/ version=HTTP/1.1}: tower_http::trace::on_request: started processing request
2024-08-26-15:37:56  INFO request{method=GET uri=/ version=HTTP/1.1}:index: htmx_google_auth::http::routes::index: index handler
2024-08-26-15:37:56 DEBUG request{method=GET uri=/ version=HTTP/1.1}: tower_http::trace::on_response: finished processing request latency=0 ms status=200
2024-08-26-15:37:56 DEBUG request{method=GET uri=/ version=HTTP/1.1}: tower_http::trace::on_request: started processing request
2024-08-26-15:37:56  INFO request{method=GET uri=/ version=HTTP/1.1}:index: htmx_google_auth::http::routes::index: index handler
2024-08-26-15:37:56 DEBUG request{method=GET uri=/ version=HTTP/1.1}: tower_http::trace::on_response: finished processing request latency=0 ms status=200
2024-08-26-15:37:56 DEBUG request{method=GET uri=/ version=HTTP/1.1}: tower_http::trace::on_request: started processing request
2024-08-26-15:37:56  INFO request{method=GET uri=/ version=HTTP/1.1}:index: htmx_google_auth::http::routes::index: index handler
2024-08-26-15:37:56 DEBUG request{method=GET uri=/ version=HTTP/1.1}: tower_http::trace::on_response: finished processing request latency=0 ms status=200
2024-08-26-15:38:22 DEBUG htmx_google_auth::http::http: listening on 127.0.0.1:8000
2024-08-26-15:38:26 DEBUG request{method=GET uri=/ version=HTTP/1.1}: tower_http::trace::on_request: started processing request
2024-08-26-15:38:26  INFO request{method=GET uri=/ version=HTTP/1.1}:index: htmx_google_auth::http::routes::index: index handler
2024-08-26-15:38:26 DEBUG request{method=GET uri=/ version=HTTP/1.1}: tower_http::trace::on_response: finished processing request latency=1 ms status=200
2024-08-26-15:39:29 DEBUG htmx_google_auth::http::http: listening on 127.0.0.1:8000
2024-08-26-15:39:33 DEBUG request{method=GET uri=/ version=HTTP/1.1}: tower_http::trace::on_request: started processing request
2024-08-26-15:39:33  INFO request{method=GET uri=/ version=HTTP/1.1}:index: htmx_google_auth::http::routes::index: index handler
2024-08-26-15:39:33 DEBUG request{method=GET uri=/ version=HTTP/1.1}: tower_http::trace::on_response: finished processing request latency=0 ms status=200
2024-08-26-15:39:33 DEBUG request{method=GET uri=/static/styles/output.css version=HTTP/1.1}: tower_http::trace::on_request: started processing request
2024-08-26-15:39:33 DEBUG request{method=GET uri=/static/styles/output.css version=HTTP/1.1}: tower_http::trace::on_response: finished processing request latency=1 ms status=304
2024-08-26-15:40:39 DEBUG htmx_google_auth::http::http: listening on 127.0.0.1:8000
2024-08-26-15:40:42 DEBUG request{method=GET uri=/ version=HTTP/1.1}: tower_http::trace::on_request: started processing request
2024-08-26-15:40:42  INFO request{method=GET uri=/ version=HTTP/1.1}:index: htmx_google_auth::http::routes::index: index handler
2024-08-26-15:40:42 DEBUG request{method=GET uri=/ version=HTTP/1.1}: tower_http::trace::on_response: finished processing request latency=0 ms status=200
2024-08-26-15:40:42 DEBUG request{method=GET uri=/static/styles/output.css version=HTTP/1.1}: tower_http::trace::on_request: started processing request
2024-08-26-15:40:42 DEBUG request{method=GET uri=/static/styles/output.css version=HTTP/1.1}: tower_http::trace::on_response: finished processing request latency=1 ms status=200
2024-08-26-18:43:23 DEBUG htmx_google_auth::http::http: listening on 127.0.0.1:8000
2024-08-26-18:43:37 DEBUG request{method=GET uri=/ version=HTTP/1.1}: tower_http::trace::on_request: started processing request
2024-08-26-18:43:37  INFO request{method=GET uri=/ version=HTTP/1.1}:index: htmx_google_auth::http::routes::index: index handler
2024-08-26-18:43:37 DEBUG request{method=GET uri=/ version=HTTP/1.1}: tower_http::trace::on_response: finished processing request latency=0 ms status=200
2024-08-26-18:43:37 DEBUG request{method=GET uri=/static/styles/output.css version=HTTP/1.1}: tower_http::trace::on_request: started processing request
2024-08-26-18:43:37 DEBUG request{method=GET uri=/static/styles/output.css version=HTTP/1.1}: tower_http::trace::on_response: finished processing request latency=1 ms status=200
2024-08-26-18:43:46 DEBUG request{method=GET uri=/ version=HTTP/1.1}: tower_http::trace::on_request: started processing request
2024-08-26-18:43:46  INFO request{method=GET uri=/ version=HTTP/1.1}:index: htmx_google_auth::http::routes::index: index handler
2024-08-26-18:43:46 DEBUG request{method=GET uri=/ version=HTTP/1.1}: tower_http::trace::on_response: finished processing request latency=0 ms status=200
2024-08-26-18:43:46 DEBUG request{method=GET uri=/static/styles/output.css version=HTTP/1.1}: tower_http::trace::on_request: started processing request
2024-08-26-18:43:46 DEBUG request{method=GET uri=/static/styles/output.css version=HTTP/1.1}: tower_http::trace::on_response: finished processing request latency=1 ms status=304
2024-08-26-18:43:47 DEBUG request{method=GET uri=/ version=HTTP/1.1}: tower_http::trace::on_request: started processing request
2024-08-26-18:43:47  INFO request{method=GET uri=/ version=HTTP/1.1}:index: htmx_google_auth::http::routes::index: index handler
2024-08-26-18:43:47 DEBUG request{method=GET uri=/ version=HTTP/1.1}: tower_http::trace::on_response: finished processing request latency=0 ms status=200
2024-08-26-18:44:44 DEBUG htmx_google_auth::http::http: listening on 127.0.0.1:8000
2024-08-26-18:44:47 DEBUG request{method=GET uri=/ version=HTTP/1.1}: tower_http::trace::on_request: started processing request
2024-08-26-18:44:47  INFO request{method=GET uri=/ version=HTTP/1.1}:index: htmx_google_auth::http::routes::index: index handler
2024-08-26-18:44:47 DEBUG request{method=GET uri=/ version=HTTP/1.1}: tower_http::trace::on_response: finished processing request latency=0 ms status=200
2024-08-26-18:44:47 DEBUG request{method=GET uri=/static/styles/output.css version=HTTP/1.1}: tower_http::trace::on_request: started processing request
2024-08-26-18:44:47 DEBUG request{method=GET uri=/static/styles/output.css version=HTTP/1.1}: tower_http::trace::on_response: finished processing request latency=1 ms status=304
2024-08-26-19:03:36 DEBUG htmx_google_auth::http::http: listening on 127.0.0.1:8000
2024-08-26-19:03:40 DEBUG request{method=GET uri=/ version=HTTP/1.1}: tower_http::trace::on_request: started processing request
2024-08-26-19:03:40  INFO request{method=GET uri=/ version=HTTP/1.1}:index: htmx_google_auth::http::routes::index: index handler
2024-08-26-19:03:40 DEBUG request{method=GET uri=/ version=HTTP/1.1}: tower_http::trace::on_response: finished processing request latency=0 ms status=200
2024-08-26-19:03:40 DEBUG request{method=GET uri=/static/styles/output.css version=HTTP/1.1}: tower_http::trace::on_request: started processing request
2024-08-26-19:03:40 DEBUG request{method=GET uri=/static/styles/output.css version=HTTP/1.1}: tower_http::trace::on_response: finished processing request latency=1 ms status=200
2024-08-26-19:04:25 DEBUG request{method=GET uri=/static/styles/output.css version=HTTP/1.1}: tower_http::trace::on_request: started processing request
2024-08-26-19:04:25 DEBUG request{method=GET uri=/static/styles/output.css version=HTTP/1.1}: tower_http::trace::on_response: finished processing request latency=1 ms status=304
2024-08-26-19:05:22 DEBUG htmx_google_auth::http::http: listening on 127.0.0.1:8000
2024-08-26-19:05:25 DEBUG request{method=GET uri=/ version=HTTP/1.1}: tower_http::trace::on_request: started processing request
2024-08-26-19:05:25  INFO request{method=GET uri=/ version=HTTP/1.1}:index: htmx_google_auth::http::routes::index: index handler
2024-08-26-19:05:25 DEBUG request{method=GET uri=/ version=HTTP/1.1}: tower_http::trace::on_response: finished processing request latency=0 ms status=200
2024-08-26-19:05:25 DEBUG request{method=GET uri=/static/htmx.min.js version=HTTP/1.1}: tower_http::trace::on_request: started processing request
2024-08-26-19:05:25 DEBUG request{method=GET uri=/static/htmx.min.js version=HTTP/1.1}: tower_http::trace::on_response: finished processing request latency=1 ms status=200
2024-08-26-19:05:25 DEBUG request{method=GET uri=/static/styles/output.css version=HTTP/1.1}: tower_http::trace::on_request: started processing request
2024-08-26-19:05:25 DEBUG request{method=GET uri=/static/styles/output.css version=HTTP/1.1}: tower_http::trace::on_response: finished processing request latency=1 ms status=200
2024-08-26-19:05:25 DEBUG request{method=GET uri=/static/response-targets.js version=HTTP/1.1}: tower_http::trace::on_request: started processing request
2024-08-26-19:05:25 DEBUG request{method=GET uri=/static/response-targets.js version=HTTP/1.1}: tower_http::trace::on_response: finished processing request latency=1 ms status=200
2024-08-26-19:06:46 DEBUG htmx_google_auth::http::http: listening on 127.0.0.1:8000
2024-08-26-19:06:49 DEBUG request{method=GET uri=/ version=HTTP/1.1}: tower_http::trace::on_request: started processing request
2024-08-26-19:06:49  INFO request{method=GET uri=/ version=HTTP/1.1}:index: htmx_google_auth::http::routes::index: index handler
2024-08-26-19:06:49 DEBUG request{method=GET uri=/ version=HTTP/1.1}: tower_http::trace::on_response: finished processing request latency=0 ms status=200
2024-08-26-19:06:49 DEBUG request{method=GET uri=/static/htmx.min.js version=HTTP/1.1}: tower_http::trace::on_request: started processing request
2024-08-26-19:06:49 DEBUG request{method=GET uri=/static/htmx.min.js version=HTTP/1.1}: tower_http::trace::on_response: finished processing request latency=1 ms status=200
2024-08-26-19:06:49 DEBUG request{method=GET uri=/static/styles/output.css version=HTTP/1.1}: tower_http::trace::on_request: started processing request
2024-08-26-19:06:49 DEBUG request{method=GET uri=/static/styles/output.css version=HTTP/1.1}: tower_http::trace::on_response: finished processing request latency=1 ms status=200
2024-08-26-19:06:49 DEBUG request{method=GET uri=/static/response-targets.js version=HTTP/1.1}: tower_http::trace::on_request: started processing request
2024-08-26-19:06:49 DEBUG request{method=GET uri=/static/response-targets.js version=HTTP/1.1}: tower_http::trace::on_response: finished processing request latency=1 ms status=200
2024-08-26-19:08:37 DEBUG htmx_google_auth::http::http: listening on 127.0.0.1:8000
2024-08-26-19:08:40 DEBUG request{method=GET uri=/ version=HTTP/1.1}: tower_http::trace::on_request: started processing request
2024-08-26-19:08:40  INFO request{method=GET uri=/ version=HTTP/1.1}:index: htmx_google_auth::http::routes::index: index handler
2024-08-26-19:08:40 DEBUG request{method=GET uri=/ version=HTTP/1.1}: tower_http::trace::on_response: finished processing request latency=0 ms status=200
2024-08-26-19:08:40 DEBUG request{method=GET uri=/static/htmx.min.js version=HTTP/1.1}: tower_http::trace::on_request: started processing request
2024-08-26-19:08:40 DEBUG request{method=GET uri=/static/htmx.min.js version=HTTP/1.1}: tower_http::trace::on_response: finished processing request latency=1 ms status=200
2024-08-26-19:08:40 DEBUG request{method=GET uri=/static/styles/output.css version=HTTP/1.1}: tower_http::trace::on_request: started processing request
2024-08-26-19:08:40 DEBUG request{method=GET uri=/static/styles/output.css version=HTTP/1.1}: tower_http::trace::on_response: finished processing request latency=1 ms status=200
2024-08-26-19:08:40 DEBUG request{method=GET uri=/static/response-targets.js version=HTTP/1.1}: tower_http::trace::on_request: started processing request
2024-08-26-19:08:40 DEBUG request{method=GET uri=/static/response-targets.js version=HTTP/1.1}: tower_http::trace::on_response: finished processing request latency=1 ms status=200
2024-08-26-19:09:51 DEBUG htmx_google_auth::http::http: listening on 127.0.0.1:8000
2024-08-26-19:09:52 DEBUG request{method=GET uri=/ version=HTTP/1.1}: tower_http::trace::on_request: started processing request
2024-08-26-19:09:52  INFO request{method=GET uri=/ version=HTTP/1.1}:index: htmx_google_auth::http::routes::index: index handler
2024-08-26-19:09:52 DEBUG request{method=GET uri=/ version=HTTP/1.1}: tower_http::trace::on_response: finished processing request latency=0 ms status=200
2024-08-26-19:09:52 DEBUG request{method=GET uri=/static/htmx.min.js version=HTTP/1.1}: tower_http::trace::on_request: started processing request
2024-08-26-19:09:52 DEBUG request{method=GET uri=/static/htmx.min.js version=HTTP/1.1}: tower_http::trace::on_response: finished processing request latency=1 ms status=200
2024-08-26-19:09:52 DEBUG request{method=GET uri=/static/styles/output.css version=HTTP/1.1}: tower_http::trace::on_request: started processing request
2024-08-26-19:09:52 DEBUG request{method=GET uri=/static/response-targets.js version=HTTP/1.1}: tower_http::trace::on_request: started processing request
2024-08-26-19:09:52 DEBUG request{method=GET uri=/static/styles/output.css version=HTTP/1.1}: tower_http::trace::on_response: finished processing request latency=0 ms status=200
2024-08-26-19:09:52 DEBUG request{method=GET uri=/static/response-targets.js version=HTTP/1.1}: tower_http::trace::on_response: finished processing request latency=1 ms status=200
2024-08-26-19:11:59 DEBUG htmx_google_auth::http::http: listening on 127.0.0.1:8000
2024-08-26-19:12:02 DEBUG request{method=GET uri=/ version=HTTP/1.1}: tower_http::trace::on_request: started processing request
2024-08-26-19:12:02  INFO request{method=GET uri=/ version=HTTP/1.1}:index: htmx_google_auth::http::routes::index: index handler
2024-08-26-19:12:02 DEBUG request{method=GET uri=/ version=HTTP/1.1}: tower_http::trace::on_response: finished processing request latency=0 ms status=200
2024-08-26-19:12:02 DEBUG request{method=GET uri=/static/styles/output.css version=HTTP/1.1}: tower_http::trace::on_request: started processing request
2024-08-26-19:12:02 DEBUG request{method=GET uri=/static/styles/output.css version=HTTP/1.1}: tower_http::trace::on_response: finished processing request latency=1 ms status=200
2024-08-26-19:13:15 DEBUG htmx_google_auth::http::http: listening on 127.0.0.1:8000
2024-08-26-19:13:17 DEBUG request{method=GET uri=/ version=HTTP/1.1}: tower_http::trace::on_request: started processing request
2024-08-26-19:13:17  INFO request{method=GET uri=/ version=HTTP/1.1}:index: htmx_google_auth::http::routes::index: index handler
2024-08-26-19:13:17 DEBUG request{method=GET uri=/ version=HTTP/1.1}: tower_http::trace::on_response: finished processing request latency=1 ms status=200
2024-08-26-19:13:17 DEBUG request{method=GET uri=/static/styles/output.css version=HTTP/1.1}: tower_http::trace::on_request: started processing request
2024-08-26-19:13:17 DEBUG request{method=GET uri=/static/styles/output.css version=HTTP/1.1}: tower_http::trace::on_response: finished processing request latency=1 ms status=200
2024-08-26-19:15:08 DEBUG htmx_google_auth::http::http: listening on 127.0.0.1:8000
2024-08-26-19:15:13 DEBUG request{method=GET uri=/ version=HTTP/1.1}: tower_http::trace::on_request: started processing request
2024-08-26-19:15:13  INFO request{method=GET uri=/ version=HTTP/1.1}:index: htmx_google_auth::http::routes::index: index handler
2024-08-26-19:15:13 DEBUG request{method=GET uri=/ version=HTTP/1.1}: tower_http::trace::on_response: finished processing request latency=1 ms status=200
2024-08-26-19:15:13 DEBUG request{method=GET uri=/static/styles/output.css version=HTTP/1.1}: tower_http::trace::on_request: started processing request
2024-08-26-19:15:13 DEBUG request{method=GET uri=/static/styles/output.css version=HTTP/1.1}: tower_http::trace::on_response: finished processing request latency=1 ms status=200
2024-08-26-19:16:34 DEBUG htmx_google_auth::http::http: listening on 127.0.0.1:8000
2024-08-26-19:16:38 DEBUG request{method=GET uri=/ version=HTTP/1.1}: tower_http::trace::on_request: started processing request
2024-08-26-19:16:38  INFO request{method=GET uri=/ version=HTTP/1.1}:index: htmx_google_auth::http::routes::index: index handler
2024-08-26-19:16:38 DEBUG request{method=GET uri=/ version=HTTP/1.1}: tower_http::trace::on_response: finished processing request latency=0 ms status=200
2024-08-26-19:16:38 DEBUG request{method=GET uri=/static/styles/output.css version=HTTP/1.1}: tower_http::trace::on_request: started processing request
2024-08-26-19:16:38 DEBUG request{method=GET uri=/static/styles/output.css version=HTTP/1.1}: tower_http::trace::on_response: finished processing request latency=1 ms status=200
2024-08-26-19:19:24 DEBUG htmx_google_auth::http::http: listening on 127.0.0.1:8000
2024-08-26-19:19:32 DEBUG request{method=GET uri=/ version=HTTP/1.1}: tower_http::trace::on_request: started processing request
2024-08-26-19:19:32  INFO request{method=GET uri=/ version=HTTP/1.1}:index: htmx_google_auth::http::routes::index: index handler
2024-08-26-19:19:32 DEBUG request{method=GET uri=/ version=HTTP/1.1}: tower_http::trace::on_response: finished processing request latency=0 ms status=200
2024-08-26-19:19:32 DEBUG request{method=GET uri=/static/styles/output.css version=HTTP/1.1}: tower_http::trace::on_request: started processing request
2024-08-26-19:19:32 DEBUG request{method=GET uri=/static/styles/output.css version=HTTP/1.1}: tower_http::trace::on_response: finished processing request latency=1 ms status=200
2024-08-26-19:19:47 DEBUG request{method=GET uri=/static/styles/output.css version=HTTP/1.1}: tower_http::trace::on_request: started processing request
2024-08-26-19:19:47 DEBUG request{method=GET uri=/static/styles/output.css version=HTTP/1.1}: tower_http::trace::on_response: finished processing request latency=1 ms status=304
2024-08-26-19:20:54 DEBUG htmx_google_auth::http::http: listening on 127.0.0.1:8000
2024-08-26-19:23:01 DEBUG htmx_google_auth::http::http: listening on 127.0.0.1:8000
2024-08-26-19:23:05 DEBUG request{method=GET uri=/ version=HTTP/1.1}: tower_http::trace::on_request: started processing request
2024-08-26-19:23:05  INFO request{method=GET uri=/ version=HTTP/1.1}:index: htmx_google_auth::http::routes::index: index handler
2024-08-26-19:23:05 DEBUG request{method=GET uri=/ version=HTTP/1.1}: tower_http::trace::on_response: finished processing request latency=0 ms status=200
2024-08-26-19:23:05 DEBUG request{method=GET uri=/static/styles/output.css version=HTTP/1.1}: tower_http::trace::on_request: started processing request
2024-08-26-19:23:05 DEBUG request{method=GET uri=/static/styles/output.css version=HTTP/1.1}: tower_http::trace::on_response: finished processing request latency=1 ms status=200
2024-08-26-19:28:24 DEBUG htmx_google_auth::http::http: listening on 127.0.0.1:8000
2024-08-26-19:28:29 DEBUG request{method=GET uri=/ version=HTTP/1.1}: tower_http::trace::on_request: started processing request
2024-08-26-19:28:29  INFO request{method=GET uri=/ version=HTTP/1.1}:index: htmx_google_auth::http::routes::index: index handler
2024-08-26-19:28:29 DEBUG request{method=GET uri=/ version=HTTP/1.1}: tower_http::trace::on_response: finished processing request latency=0 ms status=200
2024-08-26-19:28:29 DEBUG request{method=GET uri=/static/styles/output.css version=HTTP/1.1}: tower_http::trace::on_request: started processing request
2024-08-26-19:28:29 DEBUG request{method=GET uri=/static/styles/output.css version=HTTP/1.1}: tower_http::trace::on_response: finished processing request latency=1 ms status=304
2024-08-26-19:29:32 DEBUG htmx_google_auth::http::http: listening on 127.0.0.1:8000
2024-08-26-19:29:35 DEBUG request{method=GET uri=/ version=HTTP/1.1}: tower_http::trace::on_request: started processing request
2024-08-26-19:29:35  INFO request{method=GET uri=/ version=HTTP/1.1}:index: htmx_google_auth::http::routes::index: index handler
2024-08-26-19:29:35 DEBUG request{method=GET uri=/ version=HTTP/1.1}: tower_http::trace::on_response: finished processing request latency=0 ms status=200
2024-08-26-19:29:35 DEBUG request{method=GET uri=/static/styles/output.css version=HTTP/1.1}: tower_http::trace::on_request: started processing request
2024-08-26-19:29:35 DEBUG request{method=GET uri=/static/styles/output.css version=HTTP/1.1}: tower_http::trace::on_response: finished processing request latency=1 ms status=304
2024-08-26-19:30:19 DEBUG htmx_google_auth::http::http: listening on 127.0.0.1:8000
2024-08-26-19:30:22 DEBUG request{method=GET uri=/ version=HTTP/1.1}: tower_http::trace::on_request: started processing request
2024-08-26-19:30:22  INFO request{method=GET uri=/ version=HTTP/1.1}:index: htmx_google_auth::http::routes::index: index handler
2024-08-26-19:30:22 DEBUG request{method=GET uri=/ version=HTTP/1.1}: tower_http::trace::on_response: finished processing request latency=0 ms status=200
2024-08-26-19:31:44 DEBUG htmx_google_auth::http::http: listening on 127.0.0.1:8000
2024-08-26-19:31:48 DEBUG request{method=GET uri=/ version=HTTP/1.1}: tower_http::trace::on_request: started processing request
2024-08-26-19:31:48  INFO request{method=GET uri=/ version=HTTP/1.1}:index: htmx_google_auth::http::routes::index: index handler
2024-08-26-19:31:48 DEBUG request{method=GET uri=/ version=HTTP/1.1}: tower_http::trace::on_response: finished processing request latency=4 ms status=200
2024-08-26-19:31:48 DEBUG request{method=GET uri=/static/styles/output.css version=HTTP/1.1}: tower_http::trace::on_request: started processing request
2024-08-26-19:31:48 DEBUG request{method=GET uri=/static/styles/output.css version=HTTP/1.1}: tower_http::trace::on_response: finished processing request latency=1 ms status=200
2024-08-26-19:31:52 DEBUG request{method=GET uri=/static/styles/output.css version=HTTP/1.1}: tower_http::trace::on_request: started processing request
2024-08-26-19:31:52 DEBUG request{method=GET uri=/static/styles/output.css version=HTTP/1.1}: tower_http::trace::on_response: finished processing request latency=1 ms status=304
2024-08-26-19:32:47 DEBUG htmx_google_auth::http::http: listening on 127.0.0.1:8000
2024-08-26-19:32:49 DEBUG request{method=GET uri=/ version=HTTP/1.1}: tower_http::trace::on_request: started processing request
2024-08-26-19:32:49  INFO request{method=GET uri=/ version=HTTP/1.1}:index: htmx_google_auth::http::routes::index: index handler
2024-08-26-19:32:49 DEBUG request{method=GET uri=/ version=HTTP/1.1}: tower_http::trace::on_response: finished processing request latency=0 ms status=200
2024-08-26-19:32:49 DEBUG request{method=GET uri=/static/styles/output.css version=HTTP/1.1}: tower_http::trace::on_request: started processing request
2024-08-26-19:32:49 DEBUG request{method=GET uri=/static/styles/output.css version=HTTP/1.1}: tower_http::trace::on_response: finished processing request latency=1 ms status=200
2024-08-26-19:33:36 DEBUG htmx_google_auth::http::http: listening on 127.0.0.1:8000
2024-08-26-19:33:39 DEBUG request{method=GET uri=/ version=HTTP/1.1}: tower_http::trace::on_request: started processing request
2024-08-26-19:33:39  INFO request{method=GET uri=/ version=HTTP/1.1}:index: htmx_google_auth::http::routes::index: index handler
2024-08-26-19:33:39 DEBUG request{method=GET uri=/ version=HTTP/1.1}: tower_http::trace::on_response: finished processing request latency=0 ms status=200
2024-08-26-19:33:39 DEBUG request{method=GET uri=/static/styles/output.css version=HTTP/1.1}: tower_http::trace::on_request: started processing request
2024-08-26-19:33:39 DEBUG request{method=GET uri=/static/styles/output.css version=HTTP/1.1}: tower_http::trace::on_response: finished processing request latency=1 ms status=304
2024-08-26-19:34:58 DEBUG htmx_google_auth::http::http: listening on 127.0.0.1:8000
2024-08-26-19:35:00 DEBUG request{method=GET uri=/ version=HTTP/1.1}: tower_http::trace::on_request: started processing request
2024-08-26-19:35:00  INFO request{method=GET uri=/ version=HTTP/1.1}:index: htmx_google_auth::http::routes::index: index handler
2024-08-26-19:35:00 DEBUG request{method=GET uri=/ version=HTTP/1.1}: tower_http::trace::on_response: finished processing request latency=0 ms status=200
2024-08-26-19:35:00 DEBUG request{method=GET uri=/static/styles/output.css version=HTTP/1.1}: tower_http::trace::on_request: started processing request
2024-08-26-19:35:00 DEBUG request{method=GET uri=/static/styles/output.css version=HTTP/1.1}: tower_http::trace::on_response: finished processing request latency=1 ms status=200
2024-08-26-19:35:54 DEBUG htmx_google_auth::http::http: listening on 127.0.0.1:8000
2024-08-26-19:35:56 DEBUG request{method=GET uri=/ version=HTTP/1.1}: tower_http::trace::on_request: started processing request
2024-08-26-19:35:56  INFO request{method=GET uri=/ version=HTTP/1.1}:index: htmx_google_auth::http::routes::index: index handler
2024-08-26-19:35:56 DEBUG request{method=GET uri=/ version=HTTP/1.1}: tower_http::trace::on_response: finished processing request latency=1 ms status=200
2024-08-26-19:35:56 DEBUG request{method=GET uri=/static/styles/output.css version=HTTP/1.1}: tower_http::trace::on_request: started processing request
2024-08-26-19:35:56 DEBUG request{method=GET uri=/static/styles/output.css version=HTTP/1.1}: tower_http::trace::on_response: finished processing request latency=1 ms status=200
