2024-08-29-11:49:07 DEBUG htmx_google_auth::http::http: listening on 127.0.0.1:8000
2024-08-29-11:49:16 DEBUG request{method=GET uri=/ version=HTTP/1.1}: tower_http::trace::on_request: started processing request
2024-08-29-11:49:16  INFO request{method=GET uri=/ version=HTTP/1.1}:index: htmx_google_auth::http::routes::index: index handler
2024-08-29-11:49:16 DEBUG request{method=GET uri=/ version=HTTP/1.1}: tower_http::trace::on_response: finished processing request latency=0 ms status=200
2024-08-29-11:49:16 DEBUG request{method=GET uri=/static/styles/output.css version=HTTP/1.1}: tower_http::trace::on_request: started processing request
2024-08-29-11:49:16 DEBUG request{method=GET uri=/static/styles/output.css version=HTTP/1.1}: tower_http::trace::on_response: finished processing request latency=1 ms status=200
2024-08-29-11:49:28 DEBUG request{method=GET uri=/ version=HTTP/1.1}: tower_http::trace::on_request: started processing request
2024-08-29-11:49:28  INFO request{method=GET uri=/ version=HTTP/1.1}:index: htmx_google_auth::http::routes::index: index handler
2024-08-29-11:49:28 DEBUG request{method=GET uri=/ version=HTTP/1.1}: tower_http::trace::on_response: finished processing request latency=0 ms status=200
2024-08-29-11:49:28 DEBUG request{method=GET uri=/static/styles/output.css version=HTTP/1.1}: tower_http::trace::on_request: started processing request
2024-08-29-11:49:28 DEBUG request{method=GET uri=/static/styles/output.css version=HTTP/1.1}: tower_http::trace::on_response: finished processing request latency=1 ms status=304
2024-08-29-11:50:02 DEBUG htmx_google_auth::http::http: listening on 127.0.0.1:8000
2024-08-29-11:50:06 DEBUG request{method=GET uri=/ version=HTTP/1.1}: tower_http::trace::on_request: started processing request
2024-08-29-11:50:06  INFO request{method=GET uri=/ version=HTTP/1.1}:index: htmx_google_auth::http::routes::index: index handler
2024-08-29-11:50:06 DEBUG request{method=GET uri=/ version=HTTP/1.1}: tower_http::trace::on_response: finished processing request latency=0 ms status=200
2024-08-29-11:50:06 DEBUG request{method=GET uri=/static/styles/output.css version=HTTP/1.1}: tower_http::trace::on_request: started processing request
2024-08-29-11:50:06 DEBUG request{method=GET uri=/static/styles/output.css version=HTTP/1.1}: tower_http::trace::on_response: finished processing request latency=1 ms status=200
2024-08-29-11:50:21 DEBUG request{method=GET uri=/static/styles/output.css version=HTTP/1.1}: tower_http::trace::on_request: started processing request
2024-08-29-11:50:21 DEBUG request{method=GET uri=/static/styles/output.css version=HTTP/1.1}: tower_http::trace::on_response: finished processing request latency=1 ms status=304
2024-08-29-11:50:42 DEBUG request{method=GET uri=/ version=HTTP/1.1}: tower_http::trace::on_request: started processing request
2024-08-29-11:50:42  INFO request{method=GET uri=/ version=HTTP/1.1}:index: htmx_google_auth::http::routes::index: index handler
2024-08-29-11:50:42 DEBUG request{method=GET uri=/ version=HTTP/1.1}: tower_http::trace::on_response: finished processing request latency=0 ms status=200
2024-08-29-11:50:42 DEBUG request{method=GET uri=/static/styles/output.css version=HTTP/1.1}: tower_http::trace::on_request: started processing request
2024-08-29-11:50:42 DEBUG request{method=GET uri=/static/styles/output.css version=HTTP/1.1}: tower_http::trace::on_response: finished processing request latency=1 ms status=200
2024-08-29-11:50:49 DEBUG request{method=GET uri=/ version=HTTP/1.1}: tower_http::trace::on_request: started processing request
2024-08-29-11:50:49  INFO request{method=GET uri=/ version=HTTP/1.1}:index: htmx_google_auth::http::routes::index: index handler
2024-08-29-11:50:49 DEBUG request{method=GET uri=/ version=HTTP/1.1}: tower_http::trace::on_response: finished processing request latency=0 ms status=200
2024-08-29-11:50:49 DEBUG request{method=GET uri=/static/styles/output.css version=HTTP/1.1}: tower_http::trace::on_request: started processing request
2024-08-29-11:50:49 DEBUG request{method=GET uri=/static/styles/output.css version=HTTP/1.1}: tower_http::trace::on_response: finished processing request latency=1 ms status=304
2024-08-29-11:51:28 DEBUG request{method=GET uri=/ version=HTTP/1.1}: tower_http::trace::on_request: started processing request
2024-08-29-11:51:28  INFO request{method=GET uri=/ version=HTTP/1.1}:index: htmx_google_auth::http::routes::index: index handler
2024-08-29-11:51:28 DEBUG request{method=GET uri=/ version=HTTP/1.1}: tower_http::trace::on_response: finished processing request latency=0 ms status=200
2024-08-29-11:51:28 DEBUG request{method=GET uri=/static/htmx.min.js version=HTTP/1.1}: tower_http::trace::on_request: started processing request
2024-08-29-11:51:28 DEBUG request{method=GET uri=/static/htmx.min.js version=HTTP/1.1}: tower_http::trace::on_response: finished processing request latency=1 ms status=304
2024-08-29-11:51:28 DEBUG request{method=GET uri=/static/response-targets.js version=HTTP/1.1}: tower_http::trace::on_request: started processing request
2024-08-29-11:51:28 DEBUG request{method=GET uri=/static/response-targets.js version=HTTP/1.1}: tower_http::trace::on_response: finished processing request latency=1 ms status=304
2024-08-29-11:51:28 DEBUG request{method=GET uri=/static/styles/output.css version=HTTP/1.1}: tower_http::trace::on_request: started processing request
2024-08-29-11:51:28 DEBUG request{method=GET uri=/static/styles/output.css version=HTTP/1.1}: tower_http::trace::on_response: finished processing request latency=0 ms status=200
2024-08-29-12:25:59 DEBUG request{method=GET uri=/static/styles/output.css version=HTTP/1.1}: tower_http::trace::on_request: started processing request
2024-08-29-12:25:59 DEBUG request{method=GET uri=/static/styles/output.css version=HTTP/1.1}: tower_http::trace::on_response: finished processing request latency=2 ms status=304
2024-08-29-12:26:14 DEBUG request{method=POST uri=/api/sessions/oauth/google version=HTTP/1.1}: tower_http::trace::on_request: started processing request
2024-08-29-12:26:14  INFO request{method=POST uri=/api/sessions/oauth/google version=HTTP/1.1}:google_auth_handler: htmx_google_auth::http::routes::google: google auth handler called
2024-08-29-12:26:14 TRACE request{method=POST uri=/api/sessions/oauth/google version=HTTP/1.1}:google_auth_handler: hyper_util::client::legacy::pool: checkout waiting for idle connection: ("https", www.googleapis.com)
2024-08-29-12:26:14 TRACE request{method=POST uri=/api/sessions/oauth/google version=HTTP/1.1}:google_auth_handler: hyper_util::client::legacy::connect::http: Http::connect; scheme=Some("https"), host=Some("www.googleapis.com"), port=None
2024-08-29-12:26:14 DEBUG hyper_util::client::legacy::connect::dns: resolving host="www.googleapis.com"
2024-08-29-12:26:14 DEBUG request{method=POST uri=/api/sessions/oauth/google version=HTTP/1.1}:google_auth_handler: hyper_util::client::legacy::connect::http: connecting to 142.251.111.95:443
2024-08-29-12:26:14 DEBUG request{method=POST uri=/api/sessions/oauth/google version=HTTP/1.1}:google_auth_handler: hyper_util::client::legacy::connect::http: connected to 142.251.111.95:443
2024-08-29-12:26:14 TRACE request{method=POST uri=/api/sessions/oauth/google version=HTTP/1.1}:google_auth_handler: hyper_util::client::legacy::client: http1 handshake complete, spawning background dispatcher task
2024-08-29-12:26:14 TRACE request{method=POST uri=/api/sessions/oauth/google version=HTTP/1.1}:google_auth_handler: hyper_util::client::legacy::pool: checkout dropped for ("https", www.googleapis.com)
2024-08-29-12:26:14 TRACE hyper_util::client::legacy::pool: put; add idle connection for ("https", www.googleapis.com)
2024-08-29-12:26:14 DEBUG hyper_util::client::legacy::pool: pooling idle connection for ("https", www.googleapis.com)
2024-08-29-12:26:14 DEBUG request{method=POST uri=/api/sessions/oauth/google version=HTTP/1.1}: tower_http::trace::on_response: finished processing request latency=116 ms status=200
2024-08-29-12:26:22 DEBUG request{method=GET uri=/api/sessions/oauth/google version=HTTP/1.1}: tower_http::trace::on_request: started processing request
2024-08-29-12:26:22 DEBUG request{method=GET uri=/api/sessions/oauth/google version=HTTP/1.1}: tower_http::trace::on_response: finished processing request latency=0 ms status=405
2024-08-29-14:40:28 DEBUG request{method=GET uri=/ version=HTTP/1.1}: tower_http::trace::on_request: started processing request
2024-08-29-14:40:28  INFO request{method=GET uri=/ version=HTTP/1.1}:index: htmx_google_auth::http::routes::index: index handler
2024-08-29-14:40:28 DEBUG request{method=GET uri=/ version=HTTP/1.1}: tower_http::trace::on_response: finished processing request latency=16 ms status=200
2024-08-29-14:40:28 DEBUG request{method=GET uri=/static/styles/output.css version=HTTP/1.1}: tower_http::trace::on_request: started processing request
2024-08-29-14:40:28 DEBUG request{method=GET uri=/static/styles/output.css version=HTTP/1.1}: tower_http::trace::on_response: finished processing request latency=10 ms status=304
2024-08-29-14:41:02 DEBUG request{method=GET uri=/ version=HTTP/1.1}: tower_http::trace::on_request: started processing request
2024-08-29-14:41:02  INFO request{method=GET uri=/ version=HTTP/1.1}:index: htmx_google_auth::http::routes::index: index handler
2024-08-29-14:41:02 DEBUG request{method=GET uri=/ version=HTTP/1.1}: tower_http::trace::on_response: finished processing request latency=1 ms status=200
2024-08-29-14:41:02 DEBUG request{method=GET uri=/static/htmx.min.js version=HTTP/1.1}: tower_http::trace::on_request: started processing request
2024-08-29-14:41:02 DEBUG request{method=GET uri=/static/htmx.min.js version=HTTP/1.1}: tower_http::trace::on_response: finished processing request latency=1 ms status=200
2024-08-29-14:41:02 DEBUG request{method=GET uri=/static/response-targets.js version=HTTP/1.1}: tower_http::trace::on_request: started processing request
2024-08-29-14:41:02 DEBUG request{method=GET uri=/static/response-targets.js version=HTTP/1.1}: tower_http::trace::on_response: finished processing request latency=1 ms status=200
2024-08-29-14:41:02 DEBUG request{method=GET uri=/static/styles/output.css version=HTTP/1.1}: tower_http::trace::on_request: started processing request
2024-08-29-14:41:02 DEBUG request{method=GET uri=/static/styles/output.css version=HTTP/1.1}: tower_http::trace::on_response: finished processing request latency=0 ms status=200
2024-08-29-14:41:02 DEBUG request{method=GET uri=/favicon.ico version=HTTP/1.1}: tower_http::trace::on_request: started processing request
2024-08-29-14:41:02 DEBUG request{method=GET uri=/favicon.ico version=HTTP/1.1}: tower_http::trace::on_response: finished processing request latency=1 ms status=404
2024-08-29-14:41:30 DEBUG request{method=POST uri=/api/sessions/oauth/google version=HTTP/1.1}: tower_http::trace::on_request: started processing request
2024-08-29-14:41:30  INFO request{method=POST uri=/api/sessions/oauth/google version=HTTP/1.1}:google_auth_handler: htmx_google_auth::http::routes::google: google auth handler called
2024-08-29-14:41:30 DEBUG request{method=POST uri=/api/sessions/oauth/google version=HTTP/1.1}: tower_http::trace::on_response: finished processing request latency=12 ms status=200
2024-08-29-15:38:49 DEBUG htmx_google_auth::http::http: listening on 127.0.0.1:8000
2024-08-29-15:39:06 DEBUG request{method=GET uri=/ version=HTTP/1.1}: tower_http::trace::on_request: started processing request
2024-08-29-15:39:06  INFO request{method=GET uri=/ version=HTTP/1.1}:index: htmx_google_auth::http::routes::index: index handler
2024-08-29-15:39:06 DEBUG request{method=GET uri=/ version=HTTP/1.1}: tower_http::trace::on_response: finished processing request latency=0 ms status=200
2024-08-29-15:39:06 DEBUG request{method=GET uri=/static/styles/output.css version=HTTP/1.1}: tower_http::trace::on_request: started processing request
2024-08-29-15:39:06 DEBUG request{method=GET uri=/static/styles/output.css version=HTTP/1.1}: tower_http::trace::on_response: finished processing request latency=2 ms status=304
2024-08-29-18:56:15 DEBUG htmx_google_auth::http::http: listening on 127.0.0.1:8000
2024-08-29-18:56:33 DEBUG request{method=GET uri=/ version=HTTP/1.1}: tower_http::trace::on_request: started processing request
2024-08-29-18:56:33  INFO request{method=GET uri=/ version=HTTP/1.1}:index: htmx_google_auth::http::routes::index: index handler: relam@gmail.com
2024-08-29-18:56:33 DEBUG request{method=GET uri=/ version=HTTP/1.1}: tower_http::trace::on_response: finished processing request latency=1 ms status=200
2024-08-29-18:56:33 DEBUG request{method=GET uri=/static/styles/output.css version=HTTP/1.1}: tower_http::trace::on_request: started processing request
2024-08-29-18:56:33 DEBUG request{method=GET uri=/static/styles/output.css version=HTTP/1.1}: tower_http::trace::on_response: finished processing request latency=3 ms status=304
