2024-10-25-18:44:59  WARN sqlx_postgres::options::pgpass: Failed to open `.pgpass` file: Os { code: 2, kind: NotFound, message: "No such file or directory" } path=/home/relam/.pgpass
2024-10-25-18:44:59  WARN sqlx_postgres::options::pgpass: Failed to open `.pgpass` file: Os { code: 2, kind: NotFound, message: "No such file or directory" } path=/home/relam/.pgpass
2024-10-25-18:44:59 DEBUG htmx_google_auth::application::http::server: listening on 127.0.0.1:8000
2024-10-25-18:45:43 DEBUG call:call:request{method=GET uri=/settings version=HTTP/1.1}: tower_http::trace::on_request: started processing request
2024-10-25-18:45:43 DEBUG call:call:request{method=GET uri=/settings version=HTTP/1.1}: tower_http::trace::on_response: finished processing request latency=0 ms status=303
2024-10-25-18:45:43 DEBUG call:call:request{method=GET uri=/sessions/login version=HTTP/1.1}: tower_http::trace::on_request: started processing request
2024-10-25-18:45:43 DEBUG call:call:request{method=GET uri=/sessions/login version=HTTP/1.1}: tower_http::trace::on_response: finished processing request latency=0 ms status=200
2024-10-25-18:45:43 DEBUG call:call:request{method=GET uri=/static/styles/output.css version=HTTP/1.1}: tower_http::trace::on_request: started processing request
2024-10-25-18:45:43 DEBUG call:call:request{method=GET uri=/static/styles/output.css version=HTTP/1.1}: tower_http::trace::on_response: finished processing request latency=1 ms status=304
2024-10-25-18:45:43 DEBUG call:call:request{method=GET uri=/static/images/rcps-logo1.png version=HTTP/1.1}: tower_http::trace::on_request: started processing request
2024-10-25-18:45:43 DEBUG call:call:request{method=GET uri=/static/images/rcps-logo1.png version=HTTP/1.1}: tower_http::trace::on_response: finished processing request latency=1 ms status=304
2024-10-25-18:45:52 DEBUG call:call:request{method=POST uri=/sessions/login version=HTTP/1.1}: tower_http::trace::on_request: started processing request
2024-10-25-18:45:52 DEBUG call:call:request{method=POST uri=/sessions/login version=HTTP/1.1}:post_login:authenticate: sqlx::query: summary="SELECT users.id, users.password_hash as …" db.statement="\n\nSELECT\n  users.id,\n  users.password_hash as \"password_hash: PasswordHash\",\n  users.email as \"email: EmailAddress\",\n  users.email_verified,\n  users.given_name,\n  users.family_name,\n  roles.name as role,\n  users.picture as \"picture: Picture\",\n  users.created_at,\n  users.updated_at\nFROM\n  users\n  INNER JOIN roles ON users.role_id = roles.id\nWHERE\n  email = $1\n" rows_affected=0 rows_returned=1 elapsed=3.175375ms elapsed_secs=0.003175375
2024-10-25-18:45:52 DEBUG call:call:request{method=POST uri=/sessions/login version=HTTP/1.1}:post_login:authenticate{user.id="0192b9b4-92f6-790a-a293-9ae870cf6e93"}: axum_login::session: return=Some(UserDescriptor { id: 0192b9b4-92f6-790a-a293-9ae870cf6e93, email: EmailAddress("relam@richmond-county.k12.va.us"), given_name: "Reed", family_name: "Elam", role: "admin", picture: Picture("https://lh3.googleusercontent.com/a/ACg8ocJqi19PSN8nO2FUNXESMcaXu2QehoVb8MorVE1uBtRdH3VR=s96-c") })
2024-10-25-18:45:52 DEBUG call:call:request{method=POST uri=/sessions/login version=HTTP/1.1}:post_login:login{user.id="0192b9b4-92f6-790a-a293-9ae870cf6e93"}: axum_login::session: return=()
2024-10-25-18:45:52 DEBUG call:call:request{method=POST uri=/sessions/login version=HTTP/1.1}: tower_http::trace::on_response: finished processing request latency=395 ms status=200
2024-10-25-18:45:52 DEBUG call: tower_sessions::service: saving session
2024-10-25-18:45:52 DEBUG call: tower_sessions::service: adding session cookie
2024-10-25-18:45:52 DEBUG call:call: sqlx::query: summary="SELECT users.id, users.email as …" db.statement="\n\nSELECT\n  users.id,\n  users.email as \"email: EmailAddress\",\n  users.family_name,\n  users.given_name,\n  roles.name as role,\n  users.picture as \"picture: Picture\"\nFROM\n  users\n  INNER JOIN roles ON users.role_id = roles.id\nWHERE\n  users.id = $1\n" rows_affected=0 rows_returned=1 elapsed=1.930006ms elapsed_secs=0.001930006
2024-10-25-18:45:52 DEBUG call:call{user.id="0192b9b4-92f6-790a-a293-9ae870cf6e93"}:request{method=GET uri=/settings version=HTTP/1.1}: tower_http::trace::on_request: started processing request
2024-10-25-18:45:52 DEBUG call:call{user.id="0192b9b4-92f6-790a-a293-9ae870cf6e93"}:request{method=GET uri=/settings version=HTTP/1.1}: tower_http::trace::on_response: finished processing request latency=0 ms status=200
2024-10-25-18:45:52 DEBUG call:call: sqlx::query: summary="SELECT users.id, users.email as …" db.statement="\n\nSELECT\n  users.id,\n  users.email as \"email: EmailAddress\",\n  users.family_name,\n  users.given_name,\n  roles.name as role,\n  users.picture as \"picture: Picture\"\nFROM\n  users\n  INNER JOIN roles ON users.role_id = roles.id\nWHERE\n  users.id = $1\n" rows_affected=0 rows_returned=1 elapsed=990.586µs elapsed_secs=0.000990586
2024-10-25-18:45:52 DEBUG call:call{user.id="0192b9b4-92f6-790a-a293-9ae870cf6e93"}:request{method=GET uri=/settings/roles?selected=admin version=HTTP/1.1}: tower_http::trace::on_request: started processing request
2024-10-25-18:45:52 DEBUG call:call{user.id="0192b9b4-92f6-790a-a293-9ae870cf6e93"}:request{method=GET uri=/settings/roles?selected=admin version=HTTP/1.1}:get_roles: sqlx::query: summary="SELECT id, name FROM …" db.statement="\n\nSELECT\n  id,\n  name\nFROM\n  roles\n" rows_affected=2 rows_returned=2 elapsed=2.307809ms elapsed_secs=0.002307809
2024-10-25-18:45:52 DEBUG call:call{user.id="0192b9b4-92f6-790a-a293-9ae870cf6e93"}:request{method=GET uri=/settings/roles?selected=admin version=HTTP/1.1}: tower_http::trace::on_response: finished processing request latency=41 ms status=200
2024-10-25-18:45:57 DEBUG call:call: sqlx::query: summary="SELECT users.id, users.email as …" db.statement="\n\nSELECT\n  users.id,\n  users.email as \"email: EmailAddress\",\n  users.family_name,\n  users.given_name,\n  roles.name as role,\n  users.picture as \"picture: Picture\"\nFROM\n  users\n  INNER JOIN roles ON users.role_id = roles.id\nWHERE\n  users.id = $1\n" rows_affected=0 rows_returned=1 elapsed=1.020841ms elapsed_secs=0.001020841
2024-10-25-18:45:57 DEBUG call:call{user.id="0192b9b4-92f6-790a-a293-9ae870cf6e93"}:request{method=GET uri=/settings/users version=HTTP/1.1}: tower_http::trace::on_request: started processing request
2024-10-25-18:45:57 DEBUG call:call{user.id="0192b9b4-92f6-790a-a293-9ae870cf6e93"}:request{method=GET uri=/settings/users version=HTTP/1.1}:get_users: sqlx::query: summary="SELECT users.id, users.email as …" db.statement="\n\nSELECT\n  users.id,\n  users.email as \"email: EmailAddress\",\n  users.family_name,\n  users.given_name,\n  roles.name as role,\n  users.picture as \"picture: Picture\"\nFROM\n  users\n  INNER JOIN roles ON users.role_id = roles.id\n" rows_affected=1 rows_returned=1 elapsed=2.419593ms elapsed_secs=0.002419593
2024-10-25-18:45:57 DEBUG call:call{user.id="0192b9b4-92f6-790a-a293-9ae870cf6e93"}:request{method=GET uri=/settings/users version=HTTP/1.1}: tower_http::trace::on_response: finished processing request latency=6 ms status=200
2024-10-25-18:46:04 DEBUG call:call: sqlx::query: summary="SELECT users.id, users.email as …" db.statement="\n\nSELECT\n  users.id,\n  users.email as \"email: EmailAddress\",\n  users.family_name,\n  users.given_name,\n  roles.name as role,\n  users.picture as \"picture: Picture\"\nFROM\n  users\n  INNER JOIN roles ON users.role_id = roles.id\nWHERE\n  users.id = $1\n" rows_affected=0 rows_returned=1 elapsed=1.454385ms elapsed_secs=0.001454385
2024-10-25-18:46:04 DEBUG call:call{user.id="0192b9b4-92f6-790a-a293-9ae870cf6e93"}:request{method=GET uri=/asset_types version=HTTP/1.1}: tower_http::trace::on_request: started processing request
2024-10-25-18:46:04 DEBUG call:call{user.id="0192b9b4-92f6-790a-a293-9ae870cf6e93"}:request{method=GET uri=/asset_types version=HTTP/1.1}: tower_http::trace::on_response: finished processing request latency=0 ms status=200
2024-10-25-18:46:07 DEBUG call:call: sqlx::query: summary="SELECT users.id, users.email as …" db.statement="\n\nSELECT\n  users.id,\n  users.email as \"email: EmailAddress\",\n  users.family_name,\n  users.given_name,\n  roles.name as role,\n  users.picture as \"picture: Picture\"\nFROM\n  users\n  INNER JOIN roles ON users.role_id = roles.id\nWHERE\n  users.id = $1\n" rows_affected=0 rows_returned=1 elapsed=1.829835ms elapsed_secs=0.001829835
2024-10-25-18:46:07 DEBUG call:call{user.id="0192b9b4-92f6-790a-a293-9ae870cf6e93"}:request{method=GET uri=/settings/users version=HTTP/1.1}: tower_http::trace::on_request: started processing request
2024-10-25-18:46:07 DEBUG call:call{user.id="0192b9b4-92f6-790a-a293-9ae870cf6e93"}:request{method=GET uri=/settings/users version=HTTP/1.1}:get_users: sqlx::query: summary="SELECT users.id, users.email as …" db.statement="\n\nSELECT\n  users.id,\n  users.email as \"email: EmailAddress\",\n  users.family_name,\n  users.given_name,\n  roles.name as role,\n  users.picture as \"picture: Picture\"\nFROM\n  users\n  INNER JOIN roles ON users.role_id = roles.id\n" rows_affected=1 rows_returned=1 elapsed=3.296129ms elapsed_secs=0.003296129
2024-10-25-18:46:07 DEBUG call:call{user.id="0192b9b4-92f6-790a-a293-9ae870cf6e93"}:request{method=GET uri=/settings/users version=HTTP/1.1}: tower_http::trace::on_response: finished processing request latency=7 ms status=200
2024-10-25-18:46:09 DEBUG call:call: sqlx::query: summary="SELECT users.id, users.email as …" db.statement="\n\nSELECT\n  users.id,\n  users.email as \"email: EmailAddress\",\n  users.family_name,\n  users.given_name,\n  roles.name as role,\n  users.picture as \"picture: Picture\"\nFROM\n  users\n  INNER JOIN roles ON users.role_id = roles.id\nWHERE\n  users.id = $1\n" rows_affected=0 rows_returned=1 elapsed=1.672138ms elapsed_secs=0.001672138
2024-10-25-18:46:09 DEBUG call:call{user.id="0192b9b4-92f6-790a-a293-9ae870cf6e93"}:request{method=GET uri=/asset_types version=HTTP/1.1}: tower_http::trace::on_request: started processing request
2024-10-25-18:46:09 DEBUG call:call{user.id="0192b9b4-92f6-790a-a293-9ae870cf6e93"}:request{method=GET uri=/asset_types version=HTTP/1.1}: tower_http::trace::on_response: finished processing request latency=0 ms status=200
2024-10-25-18:46:10 DEBUG call:call: sqlx::query: summary="SELECT users.id, users.email as …" db.statement="\n\nSELECT\n  users.id,\n  users.email as \"email: EmailAddress\",\n  users.family_name,\n  users.given_name,\n  roles.name as role,\n  users.picture as \"picture: Picture\"\nFROM\n  users\n  INNER JOIN roles ON users.role_id = roles.id\nWHERE\n  users.id = $1\n" rows_affected=0 rows_returned=1 elapsed=1.111065ms elapsed_secs=0.001111065
2024-10-25-18:46:10 DEBUG call:call{user.id="0192b9b4-92f6-790a-a293-9ae870cf6e93"}:request{method=GET uri=/settings/users version=HTTP/1.1}: tower_http::trace::on_request: started processing request
2024-10-25-18:46:10 DEBUG call:call{user.id="0192b9b4-92f6-790a-a293-9ae870cf6e93"}:request{method=GET uri=/settings/users version=HTTP/1.1}:get_users: sqlx::query: summary="SELECT users.id, users.email as …" db.statement="\n\nSELECT\n  users.id,\n  users.email as \"email: EmailAddress\",\n  users.family_name,\n  users.given_name,\n  roles.name as role,\n  users.picture as \"picture: Picture\"\nFROM\n  users\n  INNER JOIN roles ON users.role_id = roles.id\n" rows_affected=1 rows_returned=1 elapsed=2.123216ms elapsed_secs=0.002123216
2024-10-25-18:46:10 DEBUG call:call{user.id="0192b9b4-92f6-790a-a293-9ae870cf6e93"}:request{method=GET uri=/settings/users version=HTTP/1.1}: tower_http::trace::on_response: finished processing request latency=5 ms status=200
2024-10-25-18:46:16 DEBUG call:call: sqlx::query: summary="SELECT users.id, users.email as …" db.statement="\n\nSELECT\n  users.id,\n  users.email as \"email: EmailAddress\",\n  users.family_name,\n  users.given_name,\n  roles.name as role,\n  users.picture as \"picture: Picture\"\nFROM\n  users\n  INNER JOIN roles ON users.role_id = roles.id\nWHERE\n  users.id = $1\n" rows_affected=0 rows_returned=1 elapsed=1.064477ms elapsed_secs=0.001064477
2024-10-25-18:46:16 DEBUG call:call{user.id="0192b9b4-92f6-790a-a293-9ae870cf6e93"}:request{method=GET uri=/asset_types version=HTTP/1.1}: tower_http::trace::on_request: started processing request
2024-10-25-18:46:16 DEBUG call:call{user.id="0192b9b4-92f6-790a-a293-9ae870cf6e93"}:request{method=GET uri=/asset_types version=HTTP/1.1}: tower_http::trace::on_response: finished processing request latency=0 ms status=200
2024-10-25-18:46:21 DEBUG call:call: sqlx::query: summary="SELECT users.id, users.email as …" db.statement="\n\nSELECT\n  users.id,\n  users.email as \"email: EmailAddress\",\n  users.family_name,\n  users.given_name,\n  roles.name as role,\n  users.picture as \"picture: Picture\"\nFROM\n  users\n  INNER JOIN roles ON users.role_id = roles.id\nWHERE\n  users.id = $1\n" rows_affected=0 rows_returned=1 elapsed=794.687µs elapsed_secs=0.000794687
2024-10-25-18:46:21 DEBUG call:call{user.id="0192b9b4-92f6-790a-a293-9ae870cf6e93"}:request{method=GET uri=/settings/users version=HTTP/1.1}: tower_http::trace::on_request: started processing request
2024-10-25-18:46:21 DEBUG call:call{user.id="0192b9b4-92f6-790a-a293-9ae870cf6e93"}:request{method=GET uri=/settings/users version=HTTP/1.1}:get_users: sqlx::query: summary="SELECT users.id, users.email as …" db.statement="\n\nSELECT\n  users.id,\n  users.email as \"email: EmailAddress\",\n  users.family_name,\n  users.given_name,\n  roles.name as role,\n  users.picture as \"picture: Picture\"\nFROM\n  users\n  INNER JOIN roles ON users.role_id = roles.id\n" rows_affected=1 rows_returned=1 elapsed=686.62µs elapsed_secs=0.00068662
2024-10-25-18:46:21 DEBUG call:call{user.id="0192b9b4-92f6-790a-a293-9ae870cf6e93"}:request{method=GET uri=/settings/users version=HTTP/1.1}: tower_http::trace::on_response: finished processing request latency=4 ms status=200
2024-10-25-18:46:23 DEBUG call:call: sqlx::query: summary="SELECT users.id, users.email as …" db.statement="\n\nSELECT\n  users.id,\n  users.email as \"email: EmailAddress\",\n  users.family_name,\n  users.given_name,\n  roles.name as role,\n  users.picture as \"picture: Picture\"\nFROM\n  users\n  INNER JOIN roles ON users.role_id = roles.id\nWHERE\n  users.id = $1\n" rows_affected=0 rows_returned=1 elapsed=1.581498ms elapsed_secs=0.001581498
2024-10-25-18:46:23 DEBUG call:call{user.id="0192b9b4-92f6-790a-a293-9ae870cf6e93"}:request{method=GET uri=/settings/users/0192b9b4-92f6-790a-a293-9ae870cf6e93/edit version=HTTP/1.1}: tower_http::trace::on_request: started processing request
2024-10-25-18:46:23 DEBUG call:call{user.id="0192b9b4-92f6-790a-a293-9ae870cf6e93"}:request{method=GET uri=/settings/users/0192b9b4-92f6-790a-a293-9ae870cf6e93/edit version=HTTP/1.1}:get_user_edit: sqlx::query: summary="SELECT users.id, users.email as …" db.statement="\n\nSELECT\n  users.id,\n  users.email as \"email: EmailAddress\",\n  users.family_name,\n  users.given_name,\n  roles.name as role,\n  users.picture as \"picture: Picture\"\nFROM\n  users\n  INNER JOIN roles ON users.role_id = roles.id\nWHERE\n  users.id = $1\n" rows_affected=0 rows_returned=1 elapsed=794.62µs elapsed_secs=0.00079462
2024-10-25-18:46:23 DEBUG call:call{user.id="0192b9b4-92f6-790a-a293-9ae870cf6e93"}:request{method=GET uri=/settings/users/0192b9b4-92f6-790a-a293-9ae870cf6e93/edit version=HTTP/1.1}: tower_http::trace::on_response: finished processing request latency=5 ms status=200
2024-10-25-18:46:23 DEBUG call:call: sqlx::query: summary="SELECT users.id, users.email as …" db.statement="\n\nSELECT\n  users.id,\n  users.email as \"email: EmailAddress\",\n  users.family_name,\n  users.given_name,\n  roles.name as role,\n  users.picture as \"picture: Picture\"\nFROM\n  users\n  INNER JOIN roles ON users.role_id = roles.id\nWHERE\n  users.id = $1\n" rows_affected=0 rows_returned=1 elapsed=1.296966ms elapsed_secs=0.001296966
2024-10-25-18:46:23 DEBUG call:call{user.id="0192b9b4-92f6-790a-a293-9ae870cf6e93"}:request{method=GET uri=/settings/roles?selected=admin&role_id= version=HTTP/1.1}: tower_http::trace::on_request: started processing request
2024-10-25-18:46:23 DEBUG call:call{user.id="0192b9b4-92f6-790a-a293-9ae870cf6e93"}:request{method=GET uri=/settings/roles?selected=admin&role_id= version=HTTP/1.1}:get_roles: sqlx::query: summary="SELECT id, name FROM …" db.statement="\n\nSELECT\n  id,\n  name\nFROM\n  roles\n" rows_affected=2 rows_returned=2 elapsed=3.431468ms elapsed_secs=0.003431468
2024-10-25-18:46:23 DEBUG call:call{user.id="0192b9b4-92f6-790a-a293-9ae870cf6e93"}:request{method=GET uri=/settings/roles?selected=admin&role_id= version=HTTP/1.1}: tower_http::trace::on_response: finished processing request latency=5 ms status=200
2024-10-25-18:46:51 DEBUG call:call: sqlx::query: summary="SELECT users.id, users.email as …" db.statement="\n\nSELECT\n  users.id,\n  users.email as \"email: EmailAddress\",\n  users.family_name,\n  users.given_name,\n  roles.name as role,\n  users.picture as \"picture: Picture\"\nFROM\n  users\n  INNER JOIN roles ON users.role_id = roles.id\nWHERE\n  users.id = $1\n" rows_affected=0 rows_returned=1 elapsed=1.127546ms elapsed_secs=0.001127546
2024-10-25-18:46:51 DEBUG call:call{user.id="0192b9b4-92f6-790a-a293-9ae870cf6e93"}:request{method=GET uri=/asset_types version=HTTP/1.1}: tower_http::trace::on_request: started processing request
2024-10-25-18:46:51 DEBUG call:call{user.id="0192b9b4-92f6-790a-a293-9ae870cf6e93"}:request{method=GET uri=/asset_types version=HTTP/1.1}: tower_http::trace::on_response: finished processing request latency=0 ms status=200
2024-10-25-18:48:27 DEBUG call:call: sqlx::query: summary="SELECT users.id, users.email as …" db.statement="\n\nSELECT\n  users.id,\n  users.email as \"email: EmailAddress\",\n  users.family_name,\n  users.given_name,\n  roles.name as role,\n  users.picture as \"picture: Picture\"\nFROM\n  users\n  INNER JOIN roles ON users.role_id = roles.id\nWHERE\n  users.id = $1\n" rows_affected=0 rows_returned=1 elapsed=1.290993ms elapsed_secs=0.001290993
2024-10-25-18:48:27 DEBUG call:call{user.id="0192b9b4-92f6-790a-a293-9ae870cf6e93"}:request{method=GET uri=/asset_types version=HTTP/1.1}: tower_http::trace::on_request: started processing request
2024-10-25-18:48:27 DEBUG call:call{user.id="0192b9b4-92f6-790a-a293-9ae870cf6e93"}:request{method=GET uri=/asset_types version=HTTP/1.1}: tower_http::trace::on_response: finished processing request latency=0 ms status=200
2024-10-25-18:48:30 DEBUG call:call: sqlx::query: summary="SELECT users.id, users.email as …" db.statement="\n\nSELECT\n  users.id,\n  users.email as \"email: EmailAddress\",\n  users.family_name,\n  users.given_name,\n  roles.name as role,\n  users.picture as \"picture: Picture\"\nFROM\n  users\n  INNER JOIN roles ON users.role_id = roles.id\nWHERE\n  users.id = $1\n" rows_affected=0 rows_returned=1 elapsed=1.357926ms elapsed_secs=0.001357926
2024-10-25-18:48:30 DEBUG call:call{user.id="0192b9b4-92f6-790a-a293-9ae870cf6e93"}:request{method=GET uri=/settings/users version=HTTP/1.1}: tower_http::trace::on_request: started processing request
2024-10-25-18:48:30 DEBUG call:call{user.id="0192b9b4-92f6-790a-a293-9ae870cf6e93"}:request{method=GET uri=/settings/users version=HTTP/1.1}:get_users: sqlx::query: summary="SELECT users.id, users.email as …" db.statement="\n\nSELECT\n  users.id,\n  users.email as \"email: EmailAddress\",\n  users.family_name,\n  users.given_name,\n  roles.name as role,\n  users.picture as \"picture: Picture\"\nFROM\n  users\n  INNER JOIN roles ON users.role_id = roles.id\n" rows_affected=1 rows_returned=1 elapsed=1.928772ms elapsed_secs=0.001928772
2024-10-25-18:48:30 DEBUG call:call{user.id="0192b9b4-92f6-790a-a293-9ae870cf6e93"}:request{method=GET uri=/settings/users version=HTTP/1.1}: tower_http::trace::on_response: finished processing request latency=6 ms status=200
2024-10-25-18:48:35 DEBUG call:call: sqlx::query: summary="SELECT users.id, users.email as …" db.statement="\n\nSELECT\n  users.id,\n  users.email as \"email: EmailAddress\",\n  users.family_name,\n  users.given_name,\n  roles.name as role,\n  users.picture as \"picture: Picture\"\nFROM\n  users\n  INNER JOIN roles ON users.role_id = roles.id\nWHERE\n  users.id = $1\n" rows_affected=0 rows_returned=1 elapsed=1.190167ms elapsed_secs=0.001190167
2024-10-25-18:48:35 DEBUG call:call{user.id="0192b9b4-92f6-790a-a293-9ae870cf6e93"}:request{method=GET uri=/settings/users/0192b9b4-92f6-790a-a293-9ae870cf6e93/edit version=HTTP/1.1}: tower_http::trace::on_request: started processing request
2024-10-25-18:48:35 DEBUG call:call{user.id="0192b9b4-92f6-790a-a293-9ae870cf6e93"}:request{method=GET uri=/settings/users/0192b9b4-92f6-790a-a293-9ae870cf6e93/edit version=HTTP/1.1}:get_user_edit: sqlx::query: summary="SELECT users.id, users.email as …" db.statement="\n\nSELECT\n  users.id,\n  users.email as \"email: EmailAddress\",\n  users.family_name,\n  users.given_name,\n  roles.name as role,\n  users.picture as \"picture: Picture\"\nFROM\n  users\n  INNER JOIN roles ON users.role_id = roles.id\nWHERE\n  users.id = $1\n" rows_affected=0 rows_returned=1 elapsed=927.679µs elapsed_secs=0.000927679
2024-10-25-18:48:35 DEBUG call:call{user.id="0192b9b4-92f6-790a-a293-9ae870cf6e93"}:request{method=GET uri=/settings/users/0192b9b4-92f6-790a-a293-9ae870cf6e93/edit version=HTTP/1.1}: tower_http::trace::on_response: finished processing request latency=4 ms status=200
2024-10-25-18:48:35 DEBUG call:call: sqlx::query: summary="SELECT users.id, users.email as …" db.statement="\n\nSELECT\n  users.id,\n  users.email as \"email: EmailAddress\",\n  users.family_name,\n  users.given_name,\n  roles.name as role,\n  users.picture as \"picture: Picture\"\nFROM\n  users\n  INNER JOIN roles ON users.role_id = roles.id\nWHERE\n  users.id = $1\n" rows_affected=0 rows_returned=1 elapsed=707.027µs elapsed_secs=0.000707027
2024-10-25-18:48:35 DEBUG call:call{user.id="0192b9b4-92f6-790a-a293-9ae870cf6e93"}:request{method=GET uri=/settings/roles?selected=admin&role_id= version=HTTP/1.1}: tower_http::trace::on_request: started processing request
2024-10-25-18:48:35 DEBUG call:call{user.id="0192b9b4-92f6-790a-a293-9ae870cf6e93"}:request{method=GET uri=/settings/roles?selected=admin&role_id= version=HTTP/1.1}:get_roles: sqlx::query: summary="SELECT id, name FROM …" db.statement="\n\nSELECT\n  id,\n  name\nFROM\n  roles\n" rows_affected=2 rows_returned=2 elapsed=1.387084ms elapsed_secs=0.001387084
2024-10-25-18:48:35 DEBUG call:call{user.id="0192b9b4-92f6-790a-a293-9ae870cf6e93"}:request{method=GET uri=/settings/roles?selected=admin&role_id= version=HTTP/1.1}: tower_http::trace::on_response: finished processing request latency=3 ms status=200
2024-10-25-18:48:41 DEBUG call:call: sqlx::query: summary="SELECT users.id, users.email as …" db.statement="\n\nSELECT\n  users.id,\n  users.email as \"email: EmailAddress\",\n  users.family_name,\n  users.given_name,\n  roles.name as role,\n  users.picture as \"picture: Picture\"\nFROM\n  users\n  INNER JOIN roles ON users.role_id = roles.id\nWHERE\n  users.id = $1\n" rows_affected=0 rows_returned=1 elapsed=720.251µs elapsed_secs=0.000720251
2024-10-25-18:48:41 DEBUG call:call{user.id="0192b9b4-92f6-790a-a293-9ae870cf6e93"}:request{method=GET uri=/settings/users version=HTTP/1.1}: tower_http::trace::on_request: started processing request
2024-10-25-18:48:41 DEBUG call:call{user.id="0192b9b4-92f6-790a-a293-9ae870cf6e93"}:request{method=GET uri=/settings/users version=HTTP/1.1}:get_users: sqlx::query: summary="SELECT users.id, users.email as …" db.statement="\n\nSELECT\n  users.id,\n  users.email as \"email: EmailAddress\",\n  users.family_name,\n  users.given_name,\n  roles.name as role,\n  users.picture as \"picture: Picture\"\nFROM\n  users\n  INNER JOIN roles ON users.role_id = roles.id\n" rows_affected=1 rows_returned=1 elapsed=1.748031ms elapsed_secs=0.001748031
2024-10-25-18:48:41 DEBUG call:call{user.id="0192b9b4-92f6-790a-a293-9ae870cf6e93"}:request{method=GET uri=/settings/users version=HTTP/1.1}: tower_http::trace::on_response: finished processing request latency=6 ms status=200
2024-10-25-18:48:44 DEBUG call:call: sqlx::query: summary="SELECT users.id, users.email as …" db.statement="\n\nSELECT\n  users.id,\n  users.email as \"email: EmailAddress\",\n  users.family_name,\n  users.given_name,\n  roles.name as role,\n  users.picture as \"picture: Picture\"\nFROM\n  users\n  INNER JOIN roles ON users.role_id = roles.id\nWHERE\n  users.id = $1\n" rows_affected=0 rows_returned=1 elapsed=1.085199ms elapsed_secs=0.001085199
2024-10-25-18:48:44 DEBUG call:call{user.id="0192b9b4-92f6-790a-a293-9ae870cf6e93"}:request{method=GET uri=/settings/users/new version=HTTP/1.1}: tower_http::trace::on_request: started processing request
2024-10-25-18:48:44 DEBUG call:call{user.id="0192b9b4-92f6-790a-a293-9ae870cf6e93"}:request{method=GET uri=/settings/users/new version=HTTP/1.1}: tower_http::trace::on_response: finished processing request latency=0 ms status=200
2024-10-25-18:48:44 DEBUG call:call: sqlx::query: summary="SELECT users.id, users.email as …" db.statement="\n\nSELECT\n  users.id,\n  users.email as \"email: EmailAddress\",\n  users.family_name,\n  users.given_name,\n  roles.name as role,\n  users.picture as \"picture: Picture\"\nFROM\n  users\n  INNER JOIN roles ON users.role_id = roles.id\nWHERE\n  users.id = $1\n" rows_affected=0 rows_returned=1 elapsed=1.272369ms elapsed_secs=0.001272369
2024-10-25-18:48:44 DEBUG call:call{user.id="0192b9b4-92f6-790a-a293-9ae870cf6e93"}:request{method=GET uri=/settings/roles?role_id= version=HTTP/1.1}: tower_http::trace::on_request: started processing request
2024-10-25-18:48:44 DEBUG call:call{user.id="0192b9b4-92f6-790a-a293-9ae870cf6e93"}:request{method=GET uri=/settings/roles?role_id= version=HTTP/1.1}:get_roles: sqlx::query: summary="SELECT id, name FROM …" db.statement="\n\nSELECT\n  id,\n  name\nFROM\n  roles\n" rows_affected=2 rows_returned=2 elapsed=1.760445ms elapsed_secs=0.001760445
2024-10-25-18:48:44 DEBUG call:call{user.id="0192b9b4-92f6-790a-a293-9ae870cf6e93"}:request{method=GET uri=/settings/roles?role_id= version=HTTP/1.1}: tower_http::trace::on_response: finished processing request latency=5 ms status=200
2024-10-25-18:49:13 DEBUG call:call: sqlx::query: summary="SELECT users.id, users.email as …" db.statement="\n\nSELECT\n  users.id,\n  users.email as \"email: EmailAddress\",\n  users.family_name,\n  users.given_name,\n  roles.name as role,\n  users.picture as \"picture: Picture\"\nFROM\n  users\n  INNER JOIN roles ON users.role_id = roles.id\nWHERE\n  users.id = $1\n" rows_affected=0 rows_returned=1 elapsed=826.929µs elapsed_secs=0.000826929
2024-10-25-18:49:13 DEBUG call:call{user.id="0192b9b4-92f6-790a-a293-9ae870cf6e93"}:request{method=GET uri=/sessions/logout version=HTTP/1.1}: tower_http::trace::on_request: started processing request
2024-10-25-18:49:13 DEBUG call:call{user.id="0192b9b4-92f6-790a-a293-9ae870cf6e93"}:request{method=GET uri=/sessions/logout version=HTTP/1.1}:logout:logout{user.id="0192b9b4-92f6-790a-a293-9ae870cf6e93"}: axum_login::session: return=Some(UserDescriptor { id: 0192b9b4-92f6-790a-a293-9ae870cf6e93, email: EmailAddress("relam@richmond-county.k12.va.us"), given_name: "Reed", family_name: "Elam", role: "admin", picture: Picture("https://lh3.googleusercontent.com/a/ACg8ocJqi19PSN8nO2FUNXESMcaXu2QehoVb8MorVE1uBtRdH3VR=s96-c") })
2024-10-25-18:49:13 DEBUG call:call{user.id="0192b9b4-92f6-790a-a293-9ae870cf6e93"}:request{method=GET uri=/sessions/logout version=HTTP/1.1}: tower_http::trace::on_response: finished processing request latency=1 ms status=303
2024-10-25-18:49:13 DEBUG call: tower_sessions::service: removing session cookie
2024-10-25-18:49:13 DEBUG call:call:request{method=GET uri=/sessions/login version=HTTP/1.1}: tower_http::trace::on_request: started processing request
2024-10-25-18:49:13 DEBUG call:call:request{method=GET uri=/sessions/login version=HTTP/1.1}: tower_http::trace::on_response: finished processing request latency=0 ms status=200
