2024-10-26-12:17:21  WARN sqlx_postgres::options::pgpass: Failed to open `.pgpass` file: Os { code: 2, kind: NotFound, message: "No such file or directory" } path=/home/relam/.pgpass
2024-10-26-12:17:21  WARN sqlx_postgres::options::pgpass: Failed to open `.pgpass` file: Os { code: 2, kind: NotFound, message: "No such file or directory" } path=/home/relam/.pgpass
2024-10-26-12:17:21 DEBUG htmx_google_auth::application::http::server: listening on 127.0.0.1:8000
2024-10-26-12:17:35 DEBUG call:call:request{method=GET uri=/settings version=HTTP/1.1}: tower_http::trace::on_request: started processing request
2024-10-26-12:17:35 DEBUG call:call:request{method=GET uri=/settings version=HTTP/1.1}: tower_http::trace::on_response: finished processing request latency=1 ms status=303
2024-10-26-12:17:35 DEBUG call:call:request{method=GET uri=/sessions/login version=HTTP/1.1}: tower_http::trace::on_request: started processing request
2024-10-26-12:17:35 DEBUG call:call:request{method=GET uri=/sessions/login version=HTTP/1.1}: tower_http::trace::on_response: finished processing request latency=1 ms status=200
2024-10-26-12:17:35 DEBUG call:call:request{method=GET uri=/static/styles/output.css version=HTTP/1.1}: tower_http::trace::on_request: started processing request
2024-10-26-12:17:35 DEBUG call:call:request{method=GET uri=/static/styles/output.css version=HTTP/1.1}: tower_http::trace::on_response: finished processing request latency=1 ms status=304
2024-10-26-12:17:42 DEBUG call:call:request{method=POST uri=/sessions/login version=HTTP/1.1}: tower_http::trace::on_request: started processing request
2024-10-26-12:17:42 DEBUG call:call:request{method=POST uri=/sessions/login version=HTTP/1.1}:post_login:authenticate: sqlx::query: summary="SELECT users.id, users.password_hash as …" db.statement="\n\nSELECT\n  users.id,\n  users.password_hash as \"password_hash: PasswordHash\",\n  users.email as \"email: EmailAddress\",\n  users.email_verified,\n  users.given_name,\n  users.family_name,\n  roles.name as role,\n  users.picture as \"picture: Picture\",\n  users.created_at,\n  users.updated_at\nFROM\n  users\n  INNER JOIN roles ON users.role_id = roles.id\nWHERE\n  email = $1\n" rows_affected=0 rows_returned=1 elapsed=3.996662ms elapsed_secs=0.003996662
2024-10-26-12:17:42 DEBUG call:call:request{method=POST uri=/sessions/login version=HTTP/1.1}:post_login:authenticate{user.id="0192b9b4-92f6-790a-a293-9ae870cf6e93"}: axum_login::session: return=Some(UserDescriptor { id: 0192b9b4-92f6-790a-a293-9ae870cf6e93, email: EmailAddress("relam@richmond-county.k12.va.us"), given_name: "Reed", family_name: "Elam", role: "admin", picture: Picture("https://lh3.googleusercontent.com/a/ACg8ocJqi19PSN8nO2FUNXESMcaXu2QehoVb8MorVE1uBtRdH3VR=s96-c") })
2024-10-26-12:17:42 DEBUG call:call:request{method=POST uri=/sessions/login version=HTTP/1.1}:post_login:login{user.id="0192b9b4-92f6-790a-a293-9ae870cf6e93"}: axum_login::session: return=()
2024-10-26-12:17:42 DEBUG call:call:request{method=POST uri=/sessions/login version=HTTP/1.1}: tower_http::trace::on_response: finished processing request latency=385 ms status=200
2024-10-26-12:17:42 DEBUG call: tower_sessions::service: saving session
2024-10-26-12:17:42 DEBUG call: tower_sessions::service: adding session cookie
2024-10-26-12:17:42 DEBUG call:call: sqlx::query: summary="SELECT users.id, users.email as …" db.statement="\n\nSELECT\n  users.id,\n  users.email as \"email: EmailAddress\",\n  users.family_name,\n  users.given_name,\n  roles.name as role,\n  users.picture as \"picture: Picture\"\nFROM\n  users\n  INNER JOIN roles ON users.role_id = roles.id\nWHERE\n  users.id = $1\n" rows_affected=0 rows_returned=1 elapsed=1.944313ms elapsed_secs=0.001944313
2024-10-26-12:17:42 DEBUG call:call{user.id="0192b9b4-92f6-790a-a293-9ae870cf6e93"}:request{method=GET uri=/settings version=HTTP/1.1}: tower_http::trace::on_request: started processing request
2024-10-26-12:17:42 DEBUG call:call{user.id="0192b9b4-92f6-790a-a293-9ae870cf6e93"}:request{method=GET uri=/settings version=HTTP/1.1}: tower_http::trace::on_response: finished processing request latency=0 ms status=200
2024-10-26-12:17:42 DEBUG call:call: sqlx::query: summary="SELECT users.id, users.email as …" db.statement="\n\nSELECT\n  users.id,\n  users.email as \"email: EmailAddress\",\n  users.family_name,\n  users.given_name,\n  roles.name as role,\n  users.picture as \"picture: Picture\"\nFROM\n  users\n  INNER JOIN roles ON users.role_id = roles.id\nWHERE\n  users.id = $1\n" rows_affected=0 rows_returned=1 elapsed=1.759293ms elapsed_secs=0.001759293
2024-10-26-12:17:42 DEBUG call:call{user.id="0192b9b4-92f6-790a-a293-9ae870cf6e93"}:request{method=GET uri=/settings/roles?selected=admin version=HTTP/1.1}: tower_http::trace::on_request: started processing request
2024-10-26-12:17:42 DEBUG call:call{user.id="0192b9b4-92f6-790a-a293-9ae870cf6e93"}:request{method=GET uri=/settings/roles?selected=admin version=HTTP/1.1}:get_roles: sqlx::query: summary="SELECT id, name FROM …" db.statement="\n\nSELECT\n  id,\n  name\nFROM\n  roles\n" rows_affected=2 rows_returned=2 elapsed=2.484644ms elapsed_secs=0.002484644
2024-10-26-12:17:42 DEBUG call:call{user.id="0192b9b4-92f6-790a-a293-9ae870cf6e93"}:request{method=GET uri=/settings/roles?selected=admin version=HTTP/1.1}: tower_http::trace::on_response: finished processing request latency=40 ms status=200
2024-10-26-12:17:48 DEBUG call:call: sqlx::query: summary="SELECT users.id, users.email as …" db.statement="\n\nSELECT\n  users.id,\n  users.email as \"email: EmailAddress\",\n  users.family_name,\n  users.given_name,\n  roles.name as role,\n  users.picture as \"picture: Picture\"\nFROM\n  users\n  INNER JOIN roles ON users.role_id = roles.id\nWHERE\n  users.id = $1\n" rows_affected=0 rows_returned=1 elapsed=1.045964ms elapsed_secs=0.001045964
2024-10-26-12:17:48 DEBUG call:call{user.id="0192b9b4-92f6-790a-a293-9ae870cf6e93"}:request{method=GET uri=/asset_types version=HTTP/1.1}: tower_http::trace::on_request: started processing request
2024-10-26-12:17:48 DEBUG call:call{user.id="0192b9b4-92f6-790a-a293-9ae870cf6e93"}:request{method=GET uri=/asset_types version=HTTP/1.1}: tower_http::trace::on_response: finished processing request latency=0 ms status=200
2024-10-26-12:18:24 DEBUG call:call: sqlx::query: summary="SELECT users.id, users.email as …" db.statement="\n\nSELECT\n  users.id,\n  users.email as \"email: EmailAddress\",\n  users.family_name,\n  users.given_name,\n  roles.name as role,\n  users.picture as \"picture: Picture\"\nFROM\n  users\n  INNER JOIN roles ON users.role_id = roles.id\nWHERE\n  users.id = $1\n" rows_affected=0 rows_returned=1 elapsed=2.699039ms elapsed_secs=0.002699039
2024-10-26-12:18:24 DEBUG call:call{user.id="0192b9b4-92f6-790a-a293-9ae870cf6e93"}:request{method=GET uri=/asset_types/new version=HTTP/1.1}: tower_http::trace::on_request: started processing request
2024-10-26-12:18:24 DEBUG call:call{user.id="0192b9b4-92f6-790a-a293-9ae870cf6e93"}:request{method=GET uri=/asset_types/new version=HTTP/1.1}: tower_http::trace::on_response: finished processing request latency=0 ms status=200
2024-10-26-12:18:24 DEBUG call:call: sqlx::query: summary="SELECT users.id, users.email as …" db.statement="\n\nSELECT\n  users.id,\n  users.email as \"email: EmailAddress\",\n  users.family_name,\n  users.given_name,\n  roles.name as role,\n  users.picture as \"picture: Picture\"\nFROM\n  users\n  INNER JOIN roles ON users.role_id = roles.id\nWHERE\n  users.id = $1\n" rows_affected=0 rows_returned=1 elapsed=964.922µs elapsed_secs=0.000964922
2024-10-26-12:18:24 DEBUG call:call{user.id="0192b9b4-92f6-790a-a293-9ae870cf6e93"}:request{method=GET uri=/static/images/empty-image.svg version=HTTP/1.1}: tower_http::trace::on_request: started processing request
2024-10-26-12:18:24 DEBUG call:call{user.id="0192b9b4-92f6-790a-a293-9ae870cf6e93"}:request{method=GET uri=/static/images/empty-image.svg version=HTTP/1.1}: tower_http::trace::on_response: finished processing request latency=1 ms status=304
2024-10-26-12:18:40 DEBUG call:call: sqlx::query: summary="SELECT users.id, users.email as …" db.statement="\n\nSELECT\n  users.id,\n  users.email as \"email: EmailAddress\",\n  users.family_name,\n  users.given_name,\n  roles.name as role,\n  users.picture as \"picture: Picture\"\nFROM\n  users\n  INNER JOIN roles ON users.role_id = roles.id\nWHERE\n  users.id = $1\n" rows_affected=0 rows_returned=1 elapsed=1.63682ms elapsed_secs=0.00163682
2024-10-26-12:18:40 DEBUG call:call{user.id="0192b9b4-92f6-790a-a293-9ae870cf6e93"}:request{method=GET uri=/asset_types version=HTTP/1.1}: tower_http::trace::on_request: started processing request
2024-10-26-12:18:40 DEBUG call:call{user.id="0192b9b4-92f6-790a-a293-9ae870cf6e93"}:request{method=GET uri=/asset_types version=HTTP/1.1}: tower_http::trace::on_response: finished processing request latency=0 ms status=200
2024-10-26-12:23:09 DEBUG call:call: sqlx::query: summary="SELECT users.id, users.email as …" db.statement="\n\nSELECT\n  users.id,\n  users.email as \"email: EmailAddress\",\n  users.family_name,\n  users.given_name,\n  roles.name as role,\n  users.picture as \"picture: Picture\"\nFROM\n  users\n  INNER JOIN roles ON users.role_id = roles.id\nWHERE\n  users.id = $1\n" rows_affected=0 rows_returned=1 elapsed=1.224669ms elapsed_secs=0.001224669
2024-10-26-12:23:09 DEBUG call:call{user.id="0192b9b4-92f6-790a-a293-9ae870cf6e93"}:request{method=GET uri=/asset_types/new version=HTTP/1.1}: tower_http::trace::on_request: started processing request
2024-10-26-12:23:09 DEBUG call:call{user.id="0192b9b4-92f6-790a-a293-9ae870cf6e93"}:request{method=GET uri=/asset_types/new version=HTTP/1.1}: tower_http::trace::on_response: finished processing request latency=0 ms status=200
2024-10-26-12:25:26  WARN sqlx_postgres::options::pgpass: Failed to open `.pgpass` file: Os { code: 2, kind: NotFound, message: "No such file or directory" } path=/home/relam/.pgpass
2024-10-26-12:25:26  WARN sqlx_postgres::options::pgpass: Failed to open `.pgpass` file: Os { code: 2, kind: NotFound, message: "No such file or directory" } path=/home/relam/.pgpass
2024-10-26-12:25:26 DEBUG htmx_google_auth::application::http::server: listening on 127.0.0.1:8000
2024-10-26-12:25:36  WARN call:call:get_record: tower_sessions_core::session: possibly suspicious activity: record not found in store
2024-10-26-12:25:36 DEBUG call:call:request{method=GET uri=/asset_types/new version=HTTP/1.1}: tower_http::trace::on_request: started processing request
2024-10-26-12:25:36 DEBUG call:call:request{method=GET uri=/asset_types/new version=HTTP/1.1}: tower_http::trace::on_response: finished processing request latency=0 ms status=303
2024-10-26-12:25:36 DEBUG call: tower_sessions::service: removing session cookie
2024-10-26-12:25:36 DEBUG call:call:request{method=GET uri=/sessions/login version=HTTP/1.1}: tower_http::trace::on_request: started processing request
2024-10-26-12:25:36 DEBUG call:call:request{method=GET uri=/sessions/login version=HTTP/1.1}: tower_http::trace::on_response: finished processing request latency=0 ms status=200
2024-10-26-12:25:38 DEBUG call:call:request{method=POST uri=/sessions/oauth/google version=HTTP/1.1}: tower_http::trace::on_request: started processing request
2024-10-26-12:25:38 DEBUG call:call:request{method=POST uri=/sessions/oauth/google version=HTTP/1.1}: tower_http::trace::on_response: finished processing request latency=0 ms status=303
2024-10-26-12:25:38 DEBUG call: tower_sessions::service: saving session
2024-10-26-12:25:38 DEBUG call: tower_sessions::service: adding session cookie
2024-10-26-12:25:41 DEBUG call:call:request{method=GET uri=/sessions/oauth/google?state=uhzHXjRPrF8Wt22B5DQbtw&code=4%2F0AVG7fiTgtNXFV0AUJgg4NLrz1phIuqx5UAtADwAv7gQe4XBTjbyxYVJoGpQEds9Vn4yYuA&scope=email+profile+openid+https%3A%2F%2Fwww.googleapis.com%2Fauth%2Fuserinfo.profile+https%3A%2F%2Fwww.googleapis.com%2Fauth%2Fuserinfo.email&authuser=0&hd=richmond-county.k12.va.us&prompt=consent version=HTTP/1.1}: tower_http::trace::on_request: started processing request
2024-10-26-12:25:41 DEBUG hyper::client::connect::dns: resolving host="www.googleapis.com"
2024-10-26-12:25:41 DEBUG call:call:request{method=GET uri=/sessions/oauth/google?state=uhzHXjRPrF8Wt22B5DQbtw&code=4%2F0AVG7fiTgtNXFV0AUJgg4NLrz1phIuqx5UAtADwAv7gQe4XBTjbyxYVJoGpQEds9Vn4yYuA&scope=email+profile+openid+https%3A%2F%2Fwww.googleapis.com%2Fauth%2Fuserinfo.profile+https%3A%2F%2Fwww.googleapis.com%2Fauth%2Fuserinfo.email&authuser=0&hd=richmond-county.k12.va.us&prompt=consent version=HTTP/1.1}:google_oauth_callback:authenticate: hyper::client::connect::http: connecting to 142.251.111.95:443
2024-10-26-12:25:41 DEBUG call:call:request{method=GET uri=/sessions/oauth/google?state=uhzHXjRPrF8Wt22B5DQbtw&code=4%2F0AVG7fiTgtNXFV0AUJgg4NLrz1phIuqx5UAtADwAv7gQe4XBTjbyxYVJoGpQEds9Vn4yYuA&scope=email+profile+openid+https%3A%2F%2Fwww.googleapis.com%2Fauth%2Fuserinfo.profile+https%3A%2F%2Fwww.googleapis.com%2Fauth%2Fuserinfo.email&authuser=0&hd=richmond-county.k12.va.us&prompt=consent version=HTTP/1.1}:google_oauth_callback:authenticate: hyper::client::connect::http: connected to 142.251.111.95:443
2024-10-26-12:25:41 DEBUG call:call:request{method=GET uri=/sessions/oauth/google?state=uhzHXjRPrF8Wt22B5DQbtw&code=4%2F0AVG7fiTgtNXFV0AUJgg4NLrz1phIuqx5UAtADwAv7gQe4XBTjbyxYVJoGpQEds9Vn4yYuA&scope=email+profile+openid+https%3A%2F%2Fwww.googleapis.com%2Fauth%2Fuserinfo.profile+https%3A%2F%2Fwww.googleapis.com%2Fauth%2Fuserinfo.email&authuser=0&hd=richmond-county.k12.va.us&prompt=consent version=HTTP/1.1}:google_oauth_callback:authenticate: h2::client: binding client connection
2024-10-26-12:25:41 DEBUG call:call:request{method=GET uri=/sessions/oauth/google?state=uhzHXjRPrF8Wt22B5DQbtw&code=4%2F0AVG7fiTgtNXFV0AUJgg4NLrz1phIuqx5UAtADwAv7gQe4XBTjbyxYVJoGpQEds9Vn4yYuA&scope=email+profile+openid+https%3A%2F%2Fwww.googleapis.com%2Fauth%2Fuserinfo.profile+https%3A%2F%2Fwww.googleapis.com%2Fauth%2Fuserinfo.email&authuser=0&hd=richmond-county.k12.va.us&prompt=consent version=HTTP/1.1}:google_oauth_callback:authenticate: h2::client: client connection bound
2024-10-26-12:25:41 DEBUG call:call:request{method=GET uri=/sessions/oauth/google?state=uhzHXjRPrF8Wt22B5DQbtw&code=4%2F0AVG7fiTgtNXFV0AUJgg4NLrz1phIuqx5UAtADwAv7gQe4XBTjbyxYVJoGpQEds9Vn4yYuA&scope=email+profile+openid+https%3A%2F%2Fwww.googleapis.com%2Fauth%2Fuserinfo.profile+https%3A%2F%2Fwww.googleapis.com%2Fauth%2Fuserinfo.email&authuser=0&hd=richmond-county.k12.va.us&prompt=consent version=HTTP/1.1}:google_oauth_callback:authenticate: h2::codec::framed_write: send frame=Settings { flags: (0x0), enable_push: 0, initial_window_size: 2097152, max_frame_size: 16384 }
2024-10-26-12:25:41 DEBUG call:call:request{method=GET uri=/sessions/oauth/google?state=uhzHXjRPrF8Wt22B5DQbtw&code=4%2F0AVG7fiTgtNXFV0AUJgg4NLrz1phIuqx5UAtADwAv7gQe4XBTjbyxYVJoGpQEds9Vn4yYuA&scope=email+profile+openid+https%3A%2F%2Fwww.googleapis.com%2Fauth%2Fuserinfo.profile+https%3A%2F%2Fwww.googleapis.com%2Fauth%2Fuserinfo.email&authuser=0&hd=richmond-county.k12.va.us&prompt=consent version=HTTP/1.1}:google_oauth_callback:authenticate:Connection{peer=Client}: h2::codec::framed_write: send frame=WindowUpdate { stream_id: StreamId(0), size_increment: 5177345 }
2024-10-26-12:25:41 DEBUG call:call:request{method=GET uri=/sessions/oauth/google?state=uhzHXjRPrF8Wt22B5DQbtw&code=4%2F0AVG7fiTgtNXFV0AUJgg4NLrz1phIuqx5UAtADwAv7gQe4XBTjbyxYVJoGpQEds9Vn4yYuA&scope=email+profile+openid+https%3A%2F%2Fwww.googleapis.com%2Fauth%2Fuserinfo.profile+https%3A%2F%2Fwww.googleapis.com%2Fauth%2Fuserinfo.email&authuser=0&hd=richmond-county.k12.va.us&prompt=consent version=HTTP/1.1}:google_oauth_callback:authenticate: hyper::client::pool: pooling idle connection for ("https", www.googleapis.com)
2024-10-26-12:25:41 DEBUG call:call:request{method=GET uri=/sessions/oauth/google?state=uhzHXjRPrF8Wt22B5DQbtw&code=4%2F0AVG7fiTgtNXFV0AUJgg4NLrz1phIuqx5UAtADwAv7gQe4XBTjbyxYVJoGpQEds9Vn4yYuA&scope=email+profile+openid+https%3A%2F%2Fwww.googleapis.com%2Fauth%2Fuserinfo.profile+https%3A%2F%2Fwww.googleapis.com%2Fauth%2Fuserinfo.email&authuser=0&hd=richmond-county.k12.va.us&prompt=consent version=HTTP/1.1}:google_oauth_callback:authenticate:Connection{peer=Client}: h2::codec::framed_write: send frame=Headers { stream_id: StreamId(1), flags: (0x4: END_HEADERS) }
2024-10-26-12:25:41 DEBUG call:call:request{method=GET uri=/sessions/oauth/google?state=uhzHXjRPrF8Wt22B5DQbtw&code=4%2F0AVG7fiTgtNXFV0AUJgg4NLrz1phIuqx5UAtADwAv7gQe4XBTjbyxYVJoGpQEds9Vn4yYuA&scope=email+profile+openid+https%3A%2F%2Fwww.googleapis.com%2Fauth%2Fuserinfo.profile+https%3A%2F%2Fwww.googleapis.com%2Fauth%2Fuserinfo.email&authuser=0&hd=richmond-county.k12.va.us&prompt=consent version=HTTP/1.1}:google_oauth_callback:authenticate:Connection{peer=Client}: h2::codec::framed_write: send frame=Data { stream_id: StreamId(1), flags: (0x1: END_STREAM) }
2024-10-26-12:25:41 DEBUG call:call:request{method=GET uri=/sessions/oauth/google?state=uhzHXjRPrF8Wt22B5DQbtw&code=4%2F0AVG7fiTgtNXFV0AUJgg4NLrz1phIuqx5UAtADwAv7gQe4XBTjbyxYVJoGpQEds9Vn4yYuA&scope=email+profile+openid+https%3A%2F%2Fwww.googleapis.com%2Fauth%2Fuserinfo.profile+https%3A%2F%2Fwww.googleapis.com%2Fauth%2Fuserinfo.email&authuser=0&hd=richmond-county.k12.va.us&prompt=consent version=HTTP/1.1}:google_oauth_callback:authenticate:Connection{peer=Client}: h2::codec::framed_read: received frame=Settings { flags: (0x0), max_concurrent_streams: 100, initial_window_size: 1048576, max_header_list_size: 65536 }
2024-10-26-12:25:41 DEBUG call:call:request{method=GET uri=/sessions/oauth/google?state=uhzHXjRPrF8Wt22B5DQbtw&code=4%2F0AVG7fiTgtNXFV0AUJgg4NLrz1phIuqx5UAtADwAv7gQe4XBTjbyxYVJoGpQEds9Vn4yYuA&scope=email+profile+openid+https%3A%2F%2Fwww.googleapis.com%2Fauth%2Fuserinfo.profile+https%3A%2F%2Fwww.googleapis.com%2Fauth%2Fuserinfo.email&authuser=0&hd=richmond-county.k12.va.us&prompt=consent version=HTTP/1.1}:google_oauth_callback:authenticate:Connection{peer=Client}: h2::codec::framed_write: send frame=Settings { flags: (0x1: ACK) }
2024-10-26-12:25:41 DEBUG call:call:request{method=GET uri=/sessions/oauth/google?state=uhzHXjRPrF8Wt22B5DQbtw&code=4%2F0AVG7fiTgtNXFV0AUJgg4NLrz1phIuqx5UAtADwAv7gQe4XBTjbyxYVJoGpQEds9Vn4yYuA&scope=email+profile+openid+https%3A%2F%2Fwww.googleapis.com%2Fauth%2Fuserinfo.profile+https%3A%2F%2Fwww.googleapis.com%2Fauth%2Fuserinfo.email&authuser=0&hd=richmond-county.k12.va.us&prompt=consent version=HTTP/1.1}:google_oauth_callback:authenticate:Connection{peer=Client}: h2::codec::framed_read: received frame=WindowUpdate { stream_id: StreamId(0), size_increment: 983041 }
2024-10-26-12:25:41 DEBUG call:call:request{method=GET uri=/sessions/oauth/google?state=uhzHXjRPrF8Wt22B5DQbtw&code=4%2F0AVG7fiTgtNXFV0AUJgg4NLrz1phIuqx5UAtADwAv7gQe4XBTjbyxYVJoGpQEds9Vn4yYuA&scope=email+profile+openid+https%3A%2F%2Fwww.googleapis.com%2Fauth%2Fuserinfo.profile+https%3A%2F%2Fwww.googleapis.com%2Fauth%2Fuserinfo.email&authuser=0&hd=richmond-county.k12.va.us&prompt=consent version=HTTP/1.1}:google_oauth_callback:authenticate:Connection{peer=Client}: h2::codec::framed_read: received frame=Settings { flags: (0x1: ACK) }
2024-10-26-12:25:41 DEBUG call:call:request{method=GET uri=/sessions/oauth/google?state=uhzHXjRPrF8Wt22B5DQbtw&code=4%2F0AVG7fiTgtNXFV0AUJgg4NLrz1phIuqx5UAtADwAv7gQe4XBTjbyxYVJoGpQEds9Vn4yYuA&scope=email+profile+openid+https%3A%2F%2Fwww.googleapis.com%2Fauth%2Fuserinfo.profile+https%3A%2F%2Fwww.googleapis.com%2Fauth%2Fuserinfo.email&authuser=0&hd=richmond-county.k12.va.us&prompt=consent version=HTTP/1.1}:google_oauth_callback:authenticate:Connection{peer=Client}: h2::proto::settings: received settings ACK; applying Settings { flags: (0x0), enable_push: 0, initial_window_size: 2097152, max_frame_size: 16384 }
2024-10-26-12:25:41 DEBUG call:call:request{method=GET uri=/sessions/oauth/google?state=uhzHXjRPrF8Wt22B5DQbtw&code=4%2F0AVG7fiTgtNXFV0AUJgg4NLrz1phIuqx5UAtADwAv7gQe4XBTjbyxYVJoGpQEds9Vn4yYuA&scope=email+profile+openid+https%3A%2F%2Fwww.googleapis.com%2Fauth%2Fuserinfo.profile+https%3A%2F%2Fwww.googleapis.com%2Fauth%2Fuserinfo.email&authuser=0&hd=richmond-county.k12.va.us&prompt=consent version=HTTP/1.1}:google_oauth_callback:authenticate:Connection{peer=Client}: h2::codec::framed_read: received frame=Headers { stream_id: StreamId(1), flags: (0x4: END_HEADERS) }
2024-10-26-12:25:41 DEBUG call:call:request{method=GET uri=/sessions/oauth/google?state=uhzHXjRPrF8Wt22B5DQbtw&code=4%2F0AVG7fiTgtNXFV0AUJgg4NLrz1phIuqx5UAtADwAv7gQe4XBTjbyxYVJoGpQEds9Vn4yYuA&scope=email+profile+openid+https%3A%2F%2Fwww.googleapis.com%2Fauth%2Fuserinfo.profile+https%3A%2F%2Fwww.googleapis.com%2Fauth%2Fuserinfo.email&authuser=0&hd=richmond-county.k12.va.us&prompt=consent version=HTTP/1.1}:google_oauth_callback:authenticate:Connection{peer=Client}: h2::codec::framed_read: received frame=Data { stream_id: StreamId(1), flags: (0x1: END_STREAM) }
2024-10-26-12:25:41 DEBUG call:call:request{method=GET uri=/sessions/oauth/google?state=uhzHXjRPrF8Wt22B5DQbtw&code=4%2F0AVG7fiTgtNXFV0AUJgg4NLrz1phIuqx5UAtADwAv7gQe4XBTjbyxYVJoGpQEds9Vn4yYuA&scope=email+profile+openid+https%3A%2F%2Fwww.googleapis.com%2Fauth%2Fuserinfo.profile+https%3A%2F%2Fwww.googleapis.com%2Fauth%2Fuserinfo.email&authuser=0&hd=richmond-county.k12.va.us&prompt=consent version=HTTP/1.1}:google_oauth_callback:authenticate:Connection{peer=Client}: h2::codec::framed_read: received frame=Ping { ack: false, payload: [0, 0, 0, 0, 0, 0, 0, 83] }
2024-10-26-12:25:41 DEBUG call:call:request{method=GET uri=/sessions/oauth/google?state=uhzHXjRPrF8Wt22B5DQbtw&code=4%2F0AVG7fiTgtNXFV0AUJgg4NLrz1phIuqx5UAtADwAv7gQe4XBTjbyxYVJoGpQEds9Vn4yYuA&scope=email+profile+openid+https%3A%2F%2Fwww.googleapis.com%2Fauth%2Fuserinfo.profile+https%3A%2F%2Fwww.googleapis.com%2Fauth%2Fuserinfo.email&authuser=0&hd=richmond-county.k12.va.us&prompt=consent version=HTTP/1.1}:google_oauth_callback:authenticate:Connection{peer=Client}: h2::codec::framed_write: send frame=Ping { ack: true, payload: [0, 0, 0, 0, 0, 0, 0, 83] }
2024-10-26-12:25:41 DEBUG call:call:request{method=GET uri=/sessions/oauth/google?state=uhzHXjRPrF8Wt22B5DQbtw&code=4%2F0AVG7fiTgtNXFV0AUJgg4NLrz1phIuqx5UAtADwAv7gQe4XBTjbyxYVJoGpQEds9Vn4yYuA&scope=email+profile+openid+https%3A%2F%2Fwww.googleapis.com%2Fauth%2Fuserinfo.profile+https%3A%2F%2Fwww.googleapis.com%2Fauth%2Fuserinfo.email&authuser=0&hd=richmond-county.k12.va.us&prompt=consent version=HTTP/1.1}:google_oauth_callback:authenticate:Connection{peer=Client}: h2::codec::framed_write: send frame=GoAway { error_code: NO_ERROR, last_stream_id: StreamId(0) }
2024-10-26-12:25:41 DEBUG call:call:request{method=GET uri=/sessions/oauth/google?state=uhzHXjRPrF8Wt22B5DQbtw&code=4%2F0AVG7fiTgtNXFV0AUJgg4NLrz1phIuqx5UAtADwAv7gQe4XBTjbyxYVJoGpQEds9Vn4yYuA&scope=email+profile+openid+https%3A%2F%2Fwww.googleapis.com%2Fauth%2Fuserinfo.profile+https%3A%2F%2Fwww.googleapis.com%2Fauth%2Fuserinfo.email&authuser=0&hd=richmond-county.k12.va.us&prompt=consent version=HTTP/1.1}:google_oauth_callback:authenticate:Connection{peer=Client}: h2::proto::connection: Connection::poll; connection error error=GoAway(b"", NO_ERROR, Library)
2024-10-26-12:25:41 DEBUG hyper_util::client::legacy::connect::dns: resolving host="openidconnect.googleapis.com"
2024-10-26-12:25:41 DEBUG call:call:request{method=GET uri=/sessions/oauth/google?state=uhzHXjRPrF8Wt22B5DQbtw&code=4%2F0AVG7fiTgtNXFV0AUJgg4NLrz1phIuqx5UAtADwAv7gQe4XBTjbyxYVJoGpQEds9Vn4yYuA&scope=email+profile+openid+https%3A%2F%2Fwww.googleapis.com%2Fauth%2Fuserinfo.profile+https%3A%2F%2Fwww.googleapis.com%2Fauth%2Fuserinfo.email&authuser=0&hd=richmond-county.k12.va.us&prompt=consent version=HTTP/1.1}:google_oauth_callback:authenticate: hyper_util::client::legacy::connect::http: connecting to 142.251.111.95:443
2024-10-26-12:25:41 DEBUG call:call:request{method=GET uri=/sessions/oauth/google?state=uhzHXjRPrF8Wt22B5DQbtw&code=4%2F0AVG7fiTgtNXFV0AUJgg4NLrz1phIuqx5UAtADwAv7gQe4XBTjbyxYVJoGpQEds9Vn4yYuA&scope=email+profile+openid+https%3A%2F%2Fwww.googleapis.com%2Fauth%2Fuserinfo.profile+https%3A%2F%2Fwww.googleapis.com%2Fauth%2Fuserinfo.email&authuser=0&hd=richmond-county.k12.va.us&prompt=consent version=HTTP/1.1}:google_oauth_callback:authenticate: hyper_util::client::legacy::connect::http: connected to 142.251.111.95:443
2024-10-26-12:25:41 DEBUG hyper_util::client::legacy::pool: pooling idle connection for ("https", openidconnect.googleapis.com)
2024-10-26-12:25:41 DEBUG call:call:request{method=GET uri=/sessions/oauth/google?state=uhzHXjRPrF8Wt22B5DQbtw&code=4%2F0AVG7fiTgtNXFV0AUJgg4NLrz1phIuqx5UAtADwAv7gQe4XBTjbyxYVJoGpQEds9Vn4yYuA&scope=email+profile+openid+https%3A%2F%2Fwww.googleapis.com%2Fauth%2Fuserinfo.profile+https%3A%2F%2Fwww.googleapis.com%2Fauth%2Fuserinfo.email&authuser=0&hd=richmond-county.k12.va.us&prompt=consent version=HTTP/1.1}:google_oauth_callback:authenticate: sqlx::query: summary="WITH inserted AS ( …" db.statement="\n\nWITH inserted AS (\n  UPDATE\n    users\n  SET\n    picture = $1\n  WHERE\n    email = $2 RETURNING id,\n    email,\n    given_name,\n    family_name,\n    role_id,\n    picture\n)\nSELECT\n  inserted.id,\n  inserted.email as \"email: EmailAddress\",\n  inserted.given_name,\n  inserted.family_name,\n  inserted.picture as \"picture: Picture\",\n  roles.name as role\nFROM\n  inserted\n  INNER JOIN roles ON inserted.role_id = roles.id\n" rows_affected=0 rows_returned=1 elapsed=5.857062ms elapsed_secs=0.005857062
2024-10-26-12:25:41 DEBUG call:call:request{method=GET uri=/sessions/oauth/google?state=uhzHXjRPrF8Wt22B5DQbtw&code=4%2F0AVG7fiTgtNXFV0AUJgg4NLrz1phIuqx5UAtADwAv7gQe4XBTjbyxYVJoGpQEds9Vn4yYuA&scope=email+profile+openid+https%3A%2F%2Fwww.googleapis.com%2Fauth%2Fuserinfo.profile+https%3A%2F%2Fwww.googleapis.com%2Fauth%2Fuserinfo.email&authuser=0&hd=richmond-county.k12.va.us&prompt=consent version=HTTP/1.1}:google_oauth_callback:authenticate{user.id="0192b9b4-92f6-790a-a293-9ae870cf6e93"}: axum_login::session: return=Some(UserDescriptor { id: 0192b9b4-92f6-790a-a293-9ae870cf6e93, email: EmailAddress("relam@richmond-county.k12.va.us"), given_name: "Reed", family_name: "Elam", role: "admin", picture: Picture("https://lh3.googleusercontent.com/a/ACg8ocJqi19PSN8nO2FUNXESMcaXu2QehoVb8MorVE1uBtRdH3VR=s96-c") })
2024-10-26-12:25:41 DEBUG call:call:request{method=GET uri=/sessions/oauth/google?state=uhzHXjRPrF8Wt22B5DQbtw&code=4%2F0AVG7fiTgtNXFV0AUJgg4NLrz1phIuqx5UAtADwAv7gQe4XBTjbyxYVJoGpQEds9Vn4yYuA&scope=email+profile+openid+https%3A%2F%2Fwww.googleapis.com%2Fauth%2Fuserinfo.profile+https%3A%2F%2Fwww.googleapis.com%2Fauth%2Fuserinfo.email&authuser=0&hd=richmond-county.k12.va.us&prompt=consent version=HTTP/1.1}:google_oauth_callback:login{user.id="0192b9b4-92f6-790a-a293-9ae870cf6e93"}: axum_login::session: return=()
2024-10-26-12:25:41 DEBUG call:call:request{method=GET uri=/sessions/oauth/google?state=uhzHXjRPrF8Wt22B5DQbtw&code=4%2F0AVG7fiTgtNXFV0AUJgg4NLrz1phIuqx5UAtADwAv7gQe4XBTjbyxYVJoGpQEds9Vn4yYuA&scope=email+profile+openid+https%3A%2F%2Fwww.googleapis.com%2Fauth%2Fuserinfo.profile+https%3A%2F%2Fwww.googleapis.com%2Fauth%2Fuserinfo.email&authuser=0&hd=richmond-county.k12.va.us&prompt=consent version=HTTP/1.1}: tower_http::trace::on_response: finished processing request latency=254 ms status=303
2024-10-26-12:25:41 DEBUG call: tower_sessions::service: saving session
2024-10-26-12:25:41 DEBUG call: tower_sessions::service: adding session cookie
2024-10-26-12:25:41 DEBUG call:call: sqlx::query: summary="SELECT users.id, users.email as …" db.statement="\n\nSELECT\n  users.id,\n  users.email as \"email: EmailAddress\",\n  users.family_name,\n  users.given_name,\n  roles.name as role,\n  users.picture as \"picture: Picture\"\nFROM\n  users\n  INNER JOIN roles ON users.role_id = roles.id\nWHERE\n  users.id = $1\n" rows_affected=0 rows_returned=1 elapsed=1.647115ms elapsed_secs=0.001647115
2024-10-26-12:25:41 DEBUG call:call{user.id="0192b9b4-92f6-790a-a293-9ae870cf6e93"}:request{method=GET uri=/settings version=HTTP/1.1}: tower_http::trace::on_request: started processing request
2024-10-26-12:25:41 DEBUG call:call{user.id="0192b9b4-92f6-790a-a293-9ae870cf6e93"}:request{method=GET uri=/settings version=HTTP/1.1}: tower_http::trace::on_response: finished processing request latency=0 ms status=200
2024-10-26-12:25:41 DEBUG call:call: sqlx::query: summary="SELECT users.id, users.email as …" db.statement="\n\nSELECT\n  users.id,\n  users.email as \"email: EmailAddress\",\n  users.family_name,\n  users.given_name,\n  roles.name as role,\n  users.picture as \"picture: Picture\"\nFROM\n  users\n  INNER JOIN roles ON users.role_id = roles.id\nWHERE\n  users.id = $1\n" rows_affected=0 rows_returned=1 elapsed=1.057227ms elapsed_secs=0.001057227
2024-10-26-12:25:41 DEBUG call:call{user.id="0192b9b4-92f6-790a-a293-9ae870cf6e93"}:request{method=GET uri=/settings/roles?selected=admin version=HTTP/1.1}: tower_http::trace::on_request: started processing request
2024-10-26-12:25:41 DEBUG call:call{user.id="0192b9b4-92f6-790a-a293-9ae870cf6e93"}:request{method=GET uri=/settings/roles?selected=admin version=HTTP/1.1}:get_roles: sqlx::query: summary="SELECT id, name FROM …" db.statement="\n\nSELECT\n  id,\n  name\nFROM\n  roles\n" rows_affected=2 rows_returned=2 elapsed=3.072096ms elapsed_secs=0.003072096
2024-10-26-12:25:41 DEBUG call:call{user.id="0192b9b4-92f6-790a-a293-9ae870cf6e93"}:request{method=GET uri=/settings/roles?selected=admin version=HTTP/1.1}: tower_http::trace::on_response: finished processing request latency=49 ms status=200
2024-10-26-12:25:46 DEBUG call:call: sqlx::query: summary="SELECT users.id, users.email as …" db.statement="\n\nSELECT\n  users.id,\n  users.email as \"email: EmailAddress\",\n  users.family_name,\n  users.given_name,\n  roles.name as role,\n  users.picture as \"picture: Picture\"\nFROM\n  users\n  INNER JOIN roles ON users.role_id = roles.id\nWHERE\n  users.id = $1\n" rows_affected=0 rows_returned=1 elapsed=1.872757ms elapsed_secs=0.001872757
2024-10-26-12:25:46 DEBUG call:call{user.id="0192b9b4-92f6-790a-a293-9ae870cf6e93"}:request{method=GET uri=/asset_types version=HTTP/1.1}: tower_http::trace::on_request: started processing request
2024-10-26-12:25:46 DEBUG call:call{user.id="0192b9b4-92f6-790a-a293-9ae870cf6e93"}:request{method=GET uri=/asset_types version=HTTP/1.1}: tower_http::trace::on_response: finished processing request latency=0 ms status=200
2024-10-26-12:27:15  WARN sqlx_postgres::options::pgpass: Failed to open `.pgpass` file: Os { code: 2, kind: NotFound, message: "No such file or directory" } path=/home/relam/.pgpass
2024-10-26-12:27:15  WARN sqlx_postgres::options::pgpass: Failed to open `.pgpass` file: Os { code: 2, kind: NotFound, message: "No such file or directory" } path=/home/relam/.pgpass
2024-10-26-12:27:15 DEBUG htmx_google_auth::application::http::server: listening on 127.0.0.1:8000
2024-10-26-12:27:26  WARN call:call:get_record: tower_sessions_core::session: possibly suspicious activity: record not found in store
2024-10-26-12:27:26 DEBUG call:call:request{method=GET uri=/asset_types version=HTTP/1.1}: tower_http::trace::on_request: started processing request
2024-10-26-12:27:26 DEBUG call:call:request{method=GET uri=/asset_types version=HTTP/1.1}: tower_http::trace::on_response: finished processing request latency=0 ms status=303
2024-10-26-12:27:26 DEBUG call: tower_sessions::service: removing session cookie
2024-10-26-12:27:26 DEBUG call:call:request{method=GET uri=/sessions/login version=HTTP/1.1}: tower_http::trace::on_request: started processing request
2024-10-26-12:27:26 DEBUG call:call:request{method=GET uri=/sessions/login version=HTTP/1.1}: tower_http::trace::on_response: finished processing request latency=0 ms status=200
2024-10-26-12:27:33 DEBUG call:call:request{method=POST uri=/sessions/login version=HTTP/1.1}: tower_http::trace::on_request: started processing request
2024-10-26-12:27:33 DEBUG call:call:request{method=POST uri=/sessions/login version=HTTP/1.1}:post_login:authenticate: sqlx::query: summary="SELECT users.id, users.password_hash as …" db.statement="\n\nSELECT\n  users.id,\n  users.password_hash as \"password_hash: PasswordHash\",\n  users.email as \"email: EmailAddress\",\n  users.email_verified,\n  users.given_name,\n  users.family_name,\n  roles.name as role,\n  users.picture as \"picture: Picture\",\n  users.created_at,\n  users.updated_at\nFROM\n  users\n  INNER JOIN roles ON users.role_id = roles.id\nWHERE\n  email = $1\n" rows_affected=0 rows_returned=1 elapsed=2.914132ms elapsed_secs=0.002914132
2024-10-26-12:27:33 DEBUG call:call:request{method=POST uri=/sessions/login version=HTTP/1.1}:post_login:authenticate{user.id="0192b9b4-92f6-790a-a293-9ae870cf6e93"}: axum_login::session: return=Some(UserDescriptor { id: 0192b9b4-92f6-790a-a293-9ae870cf6e93, email: EmailAddress("relam@richmond-county.k12.va.us"), given_name: "Reed", family_name: "Elam", role: "admin", picture: Picture("https://lh3.googleusercontent.com/a/ACg8ocJqi19PSN8nO2FUNXESMcaXu2QehoVb8MorVE1uBtRdH3VR=s96-c") })
2024-10-26-12:27:33 DEBUG call:call:request{method=POST uri=/sessions/login version=HTTP/1.1}:post_login:login{user.id="0192b9b4-92f6-790a-a293-9ae870cf6e93"}: axum_login::session: return=()
2024-10-26-12:27:33 DEBUG call:call:request{method=POST uri=/sessions/login version=HTTP/1.1}: tower_http::trace::on_response: finished processing request latency=375 ms status=200
2024-10-26-12:27:33 DEBUG call: tower_sessions::service: saving session
2024-10-26-12:27:33 DEBUG call: tower_sessions::service: adding session cookie
2024-10-26-12:27:33 DEBUG call:call: sqlx::query: summary="SELECT users.id, users.email as …" db.statement="\n\nSELECT\n  users.id,\n  users.email as \"email: EmailAddress\",\n  users.family_name,\n  users.given_name,\n  roles.name as role,\n  users.picture as \"picture: Picture\"\nFROM\n  users\n  INNER JOIN roles ON users.role_id = roles.id\nWHERE\n  users.id = $1\n" rows_affected=0 rows_returned=1 elapsed=2.077418ms elapsed_secs=0.002077418
2024-10-26-12:27:33 DEBUG call:call{user.id="0192b9b4-92f6-790a-a293-9ae870cf6e93"}:request{method=GET uri=/settings version=HTTP/1.1}: tower_http::trace::on_request: started processing request
2024-10-26-12:27:33 DEBUG call:call{user.id="0192b9b4-92f6-790a-a293-9ae870cf6e93"}:request{method=GET uri=/settings version=HTTP/1.1}: tower_http::trace::on_response: finished processing request latency=0 ms status=200
2024-10-26-12:27:33 DEBUG call:call: sqlx::query: summary="SELECT users.id, users.email as …" db.statement="\n\nSELECT\n  users.id,\n  users.email as \"email: EmailAddress\",\n  users.family_name,\n  users.given_name,\n  roles.name as role,\n  users.picture as \"picture: Picture\"\nFROM\n  users\n  INNER JOIN roles ON users.role_id = roles.id\nWHERE\n  users.id = $1\n" rows_affected=0 rows_returned=1 elapsed=1.384175ms elapsed_secs=0.001384175
2024-10-26-12:27:33 DEBUG call:call{user.id="0192b9b4-92f6-790a-a293-9ae870cf6e93"}:request{method=GET uri=/settings/roles?selected=admin version=HTTP/1.1}: tower_http::trace::on_request: started processing request
2024-10-26-12:27:33 DEBUG call:call{user.id="0192b9b4-92f6-790a-a293-9ae870cf6e93"}:request{method=GET uri=/settings/roles?selected=admin version=HTTP/1.1}:get_roles: sqlx::query: summary="SELECT id, name FROM …" db.statement="\n\nSELECT\n  id,\n  name\nFROM\n  roles\n" rows_affected=2 rows_returned=2 elapsed=2.289062ms elapsed_secs=0.002289062
2024-10-26-12:27:33 DEBUG call:call{user.id="0192b9b4-92f6-790a-a293-9ae870cf6e93"}:request{method=GET uri=/settings/roles?selected=admin version=HTTP/1.1}: tower_http::trace::on_response: finished processing request latency=40 ms status=200
2024-10-26-12:27:35 DEBUG call:call: sqlx::query: summary="SELECT users.id, users.email as …" db.statement="\n\nSELECT\n  users.id,\n  users.email as \"email: EmailAddress\",\n  users.family_name,\n  users.given_name,\n  roles.name as role,\n  users.picture as \"picture: Picture\"\nFROM\n  users\n  INNER JOIN roles ON users.role_id = roles.id\nWHERE\n  users.id = $1\n" rows_affected=0 rows_returned=1 elapsed=1.765737ms elapsed_secs=0.001765737
2024-10-26-12:27:35 DEBUG call:call{user.id="0192b9b4-92f6-790a-a293-9ae870cf6e93"}:request{method=GET uri=/asset_types version=HTTP/1.1}: tower_http::trace::on_request: started processing request
2024-10-26-12:27:35 DEBUG call:call{user.id="0192b9b4-92f6-790a-a293-9ae870cf6e93"}:request{method=GET uri=/asset_types version=HTTP/1.1}: tower_http::trace::on_response: finished processing request latency=0 ms status=200
2024-10-26-12:30:28  WARN sqlx_postgres::options::pgpass: Failed to open `.pgpass` file: Os { code: 2, kind: NotFound, message: "No such file or directory" } path=/home/relam/.pgpass
2024-10-26-12:30:28  WARN sqlx_postgres::options::pgpass: Failed to open `.pgpass` file: Os { code: 2, kind: NotFound, message: "No such file or directory" } path=/home/relam/.pgpass
2024-10-26-12:30:28 DEBUG htmx_google_auth::application::http::server: listening on 127.0.0.1:8000
2024-10-26-12:30:39  WARN call:call:get_record: tower_sessions_core::session: possibly suspicious activity: record not found in store
2024-10-26-12:30:39 DEBUG call:call:request{method=GET uri=/asset_types version=HTTP/1.1}: tower_http::trace::on_request: started processing request
2024-10-26-12:30:39 DEBUG call:call:request{method=GET uri=/asset_types version=HTTP/1.1}: tower_http::trace::on_response: finished processing request latency=0 ms status=303
2024-10-26-12:30:39 DEBUG call: tower_sessions::service: removing session cookie
2024-10-26-12:30:39 DEBUG call:call:request{method=GET uri=/sessions/login version=HTTP/1.1}: tower_http::trace::on_request: started processing request
2024-10-26-12:30:39 DEBUG call:call:request{method=GET uri=/sessions/login version=HTTP/1.1}: tower_http::trace::on_response: finished processing request latency=0 ms status=200
2024-10-26-12:30:46 DEBUG call:call:request{method=POST uri=/sessions/login version=HTTP/1.1}: tower_http::trace::on_request: started processing request
2024-10-26-12:30:46 DEBUG call:call:request{method=POST uri=/sessions/login version=HTTP/1.1}:post_login:authenticate: sqlx::query: summary="SELECT users.id, users.password_hash as …" db.statement="\n\nSELECT\n  users.id,\n  users.password_hash as \"password_hash: PasswordHash\",\n  users.email as \"email: EmailAddress\",\n  users.email_verified,\n  users.given_name,\n  users.family_name,\n  roles.name as role,\n  users.picture as \"picture: Picture\",\n  users.created_at,\n  users.updated_at\nFROM\n  users\n  INNER JOIN roles ON users.role_id = roles.id\nWHERE\n  email = $1\n" rows_affected=0 rows_returned=1 elapsed=2.859936ms elapsed_secs=0.002859936
2024-10-26-12:30:46 DEBUG call:call:request{method=POST uri=/sessions/login version=HTTP/1.1}:post_login:authenticate{user.id="0192b9b4-92f6-790a-a293-9ae870cf6e93"}: axum_login::session: return=Some(UserDescriptor { id: 0192b9b4-92f6-790a-a293-9ae870cf6e93, email: EmailAddress("relam@richmond-county.k12.va.us"), given_name: "Reed", family_name: "Elam", role: "admin", picture: Picture("https://lh3.googleusercontent.com/a/ACg8ocJqi19PSN8nO2FUNXESMcaXu2QehoVb8MorVE1uBtRdH3VR=s96-c") })
2024-10-26-12:30:46 DEBUG call:call:request{method=POST uri=/sessions/login version=HTTP/1.1}:post_login:login{user.id="0192b9b4-92f6-790a-a293-9ae870cf6e93"}: axum_login::session: return=()
2024-10-26-12:30:46 DEBUG call:call:request{method=POST uri=/sessions/login version=HTTP/1.1}: tower_http::trace::on_response: finished processing request latency=427 ms status=200
2024-10-26-12:30:46 DEBUG call: tower_sessions::service: saving session
2024-10-26-12:30:46 DEBUG call: tower_sessions::service: adding session cookie
2024-10-26-12:30:46 DEBUG call:call: sqlx::query: summary="SELECT users.id, users.email as …" db.statement="\n\nSELECT\n  users.id,\n  users.email as \"email: EmailAddress\",\n  users.family_name,\n  users.given_name,\n  roles.name as role,\n  users.picture as \"picture: Picture\"\nFROM\n  users\n  INNER JOIN roles ON users.role_id = roles.id\nWHERE\n  users.id = $1\n" rows_affected=0 rows_returned=1 elapsed=3.340139ms elapsed_secs=0.003340139
2024-10-26-12:30:46 DEBUG call:call{user.id="0192b9b4-92f6-790a-a293-9ae870cf6e93"}:request{method=GET uri=/settings version=HTTP/1.1}: tower_http::trace::on_request: started processing request
2024-10-26-12:30:46 DEBUG call:call{user.id="0192b9b4-92f6-790a-a293-9ae870cf6e93"}:request{method=GET uri=/settings version=HTTP/1.1}: tower_http::trace::on_response: finished processing request latency=0 ms status=200
2024-10-26-12:30:47 DEBUG call:call: sqlx::query: summary="SELECT users.id, users.email as …" db.statement="\n\nSELECT\n  users.id,\n  users.email as \"email: EmailAddress\",\n  users.family_name,\n  users.given_name,\n  roles.name as role,\n  users.picture as \"picture: Picture\"\nFROM\n  users\n  INNER JOIN roles ON users.role_id = roles.id\nWHERE\n  users.id = $1\n" rows_affected=0 rows_returned=1 elapsed=1.449335ms elapsed_secs=0.001449335
2024-10-26-12:30:47 DEBUG call:call{user.id="0192b9b4-92f6-790a-a293-9ae870cf6e93"}:request{method=GET uri=/settings/roles?selected=admin version=HTTP/1.1}: tower_http::trace::on_request: started processing request
2024-10-26-12:30:47 DEBUG call:call{user.id="0192b9b4-92f6-790a-a293-9ae870cf6e93"}:request{method=GET uri=/settings/roles?selected=admin version=HTTP/1.1}:get_roles: sqlx::query: summary="SELECT id, name FROM …" db.statement="\n\nSELECT\n  id,\n  name\nFROM\n  roles\n" rows_affected=2 rows_returned=2 elapsed=3.396548ms elapsed_secs=0.003396548
2024-10-26-12:30:47 DEBUG call:call{user.id="0192b9b4-92f6-790a-a293-9ae870cf6e93"}:request{method=GET uri=/settings/roles?selected=admin version=HTTP/1.1}: tower_http::trace::on_response: finished processing request latency=64 ms status=200
2024-10-26-12:30:48 DEBUG call:call: sqlx::query: summary="SELECT users.id, users.email as …" db.statement="\n\nSELECT\n  users.id,\n  users.email as \"email: EmailAddress\",\n  users.family_name,\n  users.given_name,\n  roles.name as role,\n  users.picture as \"picture: Picture\"\nFROM\n  users\n  INNER JOIN roles ON users.role_id = roles.id\nWHERE\n  users.id = $1\n" rows_affected=0 rows_returned=1 elapsed=805.222µs elapsed_secs=0.000805222
2024-10-26-12:30:48 DEBUG call:call{user.id="0192b9b4-92f6-790a-a293-9ae870cf6e93"}:request{method=GET uri=/asset_types version=HTTP/1.1}: tower_http::trace::on_request: started processing request
2024-10-26-12:30:48 DEBUG call:call{user.id="0192b9b4-92f6-790a-a293-9ae870cf6e93"}:request{method=GET uri=/asset_types version=HTTP/1.1}: tower_http::trace::on_response: finished processing request latency=0 ms status=200
2024-10-26-12:34:24  WARN sqlx_postgres::options::pgpass: Failed to open `.pgpass` file: Os { code: 2, kind: NotFound, message: "No such file or directory" } path=/home/relam/.pgpass
2024-10-26-12:34:24  WARN sqlx_postgres::options::pgpass: Failed to open `.pgpass` file: Os { code: 2, kind: NotFound, message: "No such file or directory" } path=/home/relam/.pgpass
2024-10-26-12:34:24 DEBUG htmx_google_auth::application::http::server: listening on 127.0.0.1:8000
2024-10-26-12:34:28  WARN call:call:get_record: tower_sessions_core::session: possibly suspicious activity: record not found in store
2024-10-26-12:34:28 DEBUG call:call:request{method=GET uri=/asset_types version=HTTP/1.1}: tower_http::trace::on_request: started processing request
2024-10-26-12:34:28 DEBUG call:call:request{method=GET uri=/asset_types version=HTTP/1.1}: tower_http::trace::on_response: finished processing request latency=0 ms status=303
2024-10-26-12:34:28 DEBUG call: tower_sessions::service: removing session cookie
2024-10-26-12:34:28 DEBUG call:call:request{method=GET uri=/sessions/login version=HTTP/1.1}: tower_http::trace::on_request: started processing request
2024-10-26-12:34:28 DEBUG call:call:request{method=GET uri=/sessions/login version=HTTP/1.1}: tower_http::trace::on_response: finished processing request latency=0 ms status=200
2024-10-26-12:34:35 DEBUG call:call:request{method=POST uri=/sessions/login version=HTTP/1.1}: tower_http::trace::on_request: started processing request
2024-10-26-12:34:35 DEBUG call:call:request{method=POST uri=/sessions/login version=HTTP/1.1}:post_login:authenticate: sqlx::query: summary="SELECT users.id, users.password_hash as …" db.statement="\n\nSELECT\n  users.id,\n  users.password_hash as \"password_hash: PasswordHash\",\n  users.email as \"email: EmailAddress\",\n  users.email_verified,\n  users.given_name,\n  users.family_name,\n  roles.name as role,\n  users.picture as \"picture: Picture\",\n  users.created_at,\n  users.updated_at\nFROM\n  users\n  INNER JOIN roles ON users.role_id = roles.id\nWHERE\n  email = $1\n" rows_affected=0 rows_returned=1 elapsed=3.162241ms elapsed_secs=0.003162241
2024-10-26-12:34:35 DEBUG call:call:request{method=POST uri=/sessions/login version=HTTP/1.1}:post_login:authenticate{user.id="0192b9b4-92f6-790a-a293-9ae870cf6e93"}: axum_login::session: return=Some(UserDescriptor { id: 0192b9b4-92f6-790a-a293-9ae870cf6e93, email: EmailAddress("relam@richmond-county.k12.va.us"), given_name: "Reed", family_name: "Elam", role: "admin", picture: Picture("https://lh3.googleusercontent.com/a/ACg8ocJqi19PSN8nO2FUNXESMcaXu2QehoVb8MorVE1uBtRdH3VR=s96-c") })
2024-10-26-12:34:35 DEBUG call:call:request{method=POST uri=/sessions/login version=HTTP/1.1}:post_login:login{user.id="0192b9b4-92f6-790a-a293-9ae870cf6e93"}: axum_login::session: return=()
2024-10-26-12:34:35 DEBUG call:call:request{method=POST uri=/sessions/login version=HTTP/1.1}: tower_http::trace::on_response: finished processing request latency=484 ms status=200
2024-10-26-12:34:35 DEBUG call: tower_sessions::service: saving session
2024-10-26-12:34:35 DEBUG call: tower_sessions::service: adding session cookie
2024-10-26-12:34:35 DEBUG call:call: sqlx::query: summary="SELECT users.id, users.email as …" db.statement="\n\nSELECT\n  users.id,\n  users.email as \"email: EmailAddress\",\n  users.family_name,\n  users.given_name,\n  roles.name as role,\n  users.picture as \"picture: Picture\"\nFROM\n  users\n  INNER JOIN roles ON users.role_id = roles.id\nWHERE\n  users.id = $1\n" rows_affected=0 rows_returned=1 elapsed=1.761359ms elapsed_secs=0.001761359
2024-10-26-12:34:35 DEBUG call:call{user.id="0192b9b4-92f6-790a-a293-9ae870cf6e93"}:request{method=GET uri=/settings version=HTTP/1.1}: tower_http::trace::on_request: started processing request
2024-10-26-12:34:35 DEBUG call:call{user.id="0192b9b4-92f6-790a-a293-9ae870cf6e93"}:request{method=GET uri=/settings version=HTTP/1.1}: tower_http::trace::on_response: finished processing request latency=0 ms status=200
2024-10-26-12:34:35 DEBUG call:call: sqlx::query: summary="SELECT users.id, users.email as …" db.statement="\n\nSELECT\n  users.id,\n  users.email as \"email: EmailAddress\",\n  users.family_name,\n  users.given_name,\n  roles.name as role,\n  users.picture as \"picture: Picture\"\nFROM\n  users\n  INNER JOIN roles ON users.role_id = roles.id\nWHERE\n  users.id = $1\n" rows_affected=0 rows_returned=1 elapsed=1.12666ms elapsed_secs=0.00112666
2024-10-26-12:34:35 DEBUG call:call{user.id="0192b9b4-92f6-790a-a293-9ae870cf6e93"}:request{method=GET uri=/settings/roles?selected=admin version=HTTP/1.1}: tower_http::trace::on_request: started processing request
2024-10-26-12:34:35 DEBUG call:call{user.id="0192b9b4-92f6-790a-a293-9ae870cf6e93"}:request{method=GET uri=/settings/roles?selected=admin version=HTTP/1.1}:get_roles: sqlx::query: summary="SELECT id, name FROM …" db.statement="\n\nSELECT\n  id,\n  name\nFROM\n  roles\n" rows_affected=2 rows_returned=2 elapsed=1.887768ms elapsed_secs=0.001887768
2024-10-26-12:34:35 DEBUG call:call{user.id="0192b9b4-92f6-790a-a293-9ae870cf6e93"}:request{method=GET uri=/settings/roles?selected=admin version=HTTP/1.1}: tower_http::trace::on_response: finished processing request latency=54 ms status=200
2024-10-26-12:34:37 DEBUG call:call: sqlx::query: summary="SELECT users.id, users.email as …" db.statement="\n\nSELECT\n  users.id,\n  users.email as \"email: EmailAddress\",\n  users.family_name,\n  users.given_name,\n  roles.name as role,\n  users.picture as \"picture: Picture\"\nFROM\n  users\n  INNER JOIN roles ON users.role_id = roles.id\nWHERE\n  users.id = $1\n" rows_affected=0 rows_returned=1 elapsed=1.56806ms elapsed_secs=0.00156806
2024-10-26-12:34:37 DEBUG call:call{user.id="0192b9b4-92f6-790a-a293-9ae870cf6e93"}:request{method=GET uri=/asset_types version=HTTP/1.1}: tower_http::trace::on_request: started processing request
2024-10-26-12:34:37 DEBUG call:call{user.id="0192b9b4-92f6-790a-a293-9ae870cf6e93"}:request{method=GET uri=/asset_types version=HTTP/1.1}: tower_http::trace::on_response: finished processing request latency=0 ms status=200
2024-10-26-12:38:03  WARN sqlx_postgres::options::pgpass: Failed to open `.pgpass` file: Os { code: 2, kind: NotFound, message: "No such file or directory" } path=/home/relam/.pgpass
2024-10-26-12:38:03  WARN sqlx_postgres::options::pgpass: Failed to open `.pgpass` file: Os { code: 2, kind: NotFound, message: "No such file or directory" } path=/home/relam/.pgpass
2024-10-26-12:38:03 DEBUG htmx_google_auth::application::http::server: listening on 127.0.0.1:8000
2024-10-26-12:38:07  WARN call:call:get_record: tower_sessions_core::session: possibly suspicious activity: record not found in store
2024-10-26-12:38:07 DEBUG call:call:request{method=GET uri=/asset_types version=HTTP/1.1}: tower_http::trace::on_request: started processing request
2024-10-26-12:38:07 DEBUG call:call:request{method=GET uri=/asset_types version=HTTP/1.1}: tower_http::trace::on_response: finished processing request latency=0 ms status=303
2024-10-26-12:38:07 DEBUG call: tower_sessions::service: removing session cookie
2024-10-26-12:38:07 DEBUG call:call:request{method=GET uri=/sessions/login version=HTTP/1.1}: tower_http::trace::on_request: started processing request
2024-10-26-12:38:07 DEBUG call:call:request{method=GET uri=/sessions/login version=HTTP/1.1}: tower_http::trace::on_response: finished processing request latency=0 ms status=200
2024-10-26-12:38:14 DEBUG call:call:request{method=POST uri=/sessions/login version=HTTP/1.1}: tower_http::trace::on_request: started processing request
2024-10-26-12:38:14 DEBUG call:call:request{method=POST uri=/sessions/login version=HTTP/1.1}:post_login:authenticate: sqlx::query: summary="SELECT users.id, users.password_hash as …" db.statement="\n\nSELECT\n  users.id,\n  users.password_hash as \"password_hash: PasswordHash\",\n  users.email as \"email: EmailAddress\",\n  users.email_verified,\n  users.given_name,\n  users.family_name,\n  roles.name as role,\n  users.picture as \"picture: Picture\",\n  users.created_at,\n  users.updated_at\nFROM\n  users\n  INNER JOIN roles ON users.role_id = roles.id\nWHERE\n  email = $1\n" rows_affected=0 rows_returned=1 elapsed=3.025812ms elapsed_secs=0.003025812
2024-10-26-12:38:14 DEBUG call:call:request{method=POST uri=/sessions/login version=HTTP/1.1}:post_login:authenticate{user.id="0192b9b4-92f6-790a-a293-9ae870cf6e93"}: axum_login::session: return=Some(UserDescriptor { id: 0192b9b4-92f6-790a-a293-9ae870cf6e93, email: EmailAddress("relam@richmond-county.k12.va.us"), given_name: "Reed", family_name: "Elam", role: "admin", picture: Picture("https://lh3.googleusercontent.com/a/ACg8ocJqi19PSN8nO2FUNXESMcaXu2QehoVb8MorVE1uBtRdH3VR=s96-c") })
2024-10-26-12:38:14 DEBUG call:call:request{method=POST uri=/sessions/login version=HTTP/1.1}:post_login:login{user.id="0192b9b4-92f6-790a-a293-9ae870cf6e93"}: axum_login::session: return=()
2024-10-26-12:38:14 DEBUG call:call:request{method=POST uri=/sessions/login version=HTTP/1.1}: tower_http::trace::on_response: finished processing request latency=450 ms status=200
2024-10-26-12:38:14 DEBUG call: tower_sessions::service: saving session
2024-10-26-12:38:14 DEBUG call: tower_sessions::service: adding session cookie
2024-10-26-12:38:14 DEBUG call:call: sqlx::query: summary="SELECT users.id, users.email as …" db.statement="\n\nSELECT\n  users.id,\n  users.email as \"email: EmailAddress\",\n  users.family_name,\n  users.given_name,\n  roles.name as role,\n  users.picture as \"picture: Picture\"\nFROM\n  users\n  INNER JOIN roles ON users.role_id = roles.id\nWHERE\n  users.id = $1\n" rows_affected=0 rows_returned=1 elapsed=4.170272ms elapsed_secs=0.004170272
2024-10-26-12:38:14 DEBUG call:call{user.id="0192b9b4-92f6-790a-a293-9ae870cf6e93"}:request{method=GET uri=/settings version=HTTP/1.1}: tower_http::trace::on_request: started processing request
2024-10-26-12:38:14 DEBUG call:call{user.id="0192b9b4-92f6-790a-a293-9ae870cf6e93"}:request{method=GET uri=/settings version=HTTP/1.1}: tower_http::trace::on_response: finished processing request latency=0 ms status=200
2024-10-26-12:38:14 DEBUG call:call: sqlx::query: summary="SELECT users.id, users.email as …" db.statement="\n\nSELECT\n  users.id,\n  users.email as \"email: EmailAddress\",\n  users.family_name,\n  users.given_name,\n  roles.name as role,\n  users.picture as \"picture: Picture\"\nFROM\n  users\n  INNER JOIN roles ON users.role_id = roles.id\nWHERE\n  users.id = $1\n" rows_affected=0 rows_returned=1 elapsed=1.374668ms elapsed_secs=0.001374668
2024-10-26-12:38:14 DEBUG call:call{user.id="0192b9b4-92f6-790a-a293-9ae870cf6e93"}:request{method=GET uri=/settings/roles?selected=admin version=HTTP/1.1}: tower_http::trace::on_request: started processing request
2024-10-26-12:38:14 DEBUG call:call{user.id="0192b9b4-92f6-790a-a293-9ae870cf6e93"}:request{method=GET uri=/settings/roles?selected=admin version=HTTP/1.1}:get_roles: sqlx::query: summary="SELECT id, name FROM …" db.statement="\n\nSELECT\n  id,\n  name\nFROM\n  roles\n" rows_affected=2 rows_returned=2 elapsed=2.597882ms elapsed_secs=0.002597882
2024-10-26-12:38:14 DEBUG call:call{user.id="0192b9b4-92f6-790a-a293-9ae870cf6e93"}:request{method=GET uri=/settings/roles?selected=admin version=HTTP/1.1}: tower_http::trace::on_response: finished processing request latency=39 ms status=200
2024-10-26-12:38:16 DEBUG call:call: sqlx::query: summary="SELECT users.id, users.email as …" db.statement="\n\nSELECT\n  users.id,\n  users.email as \"email: EmailAddress\",\n  users.family_name,\n  users.given_name,\n  roles.name as role,\n  users.picture as \"picture: Picture\"\nFROM\n  users\n  INNER JOIN roles ON users.role_id = roles.id\nWHERE\n  users.id = $1\n" rows_affected=0 rows_returned=1 elapsed=1.070193ms elapsed_secs=0.001070193
2024-10-26-12:38:16 DEBUG call:call{user.id="0192b9b4-92f6-790a-a293-9ae870cf6e93"}:request{method=GET uri=/asset_types version=HTTP/1.1}: tower_http::trace::on_request: started processing request
2024-10-26-12:38:16 DEBUG call:call{user.id="0192b9b4-92f6-790a-a293-9ae870cf6e93"}:request{method=GET uri=/asset_types version=HTTP/1.1}: tower_http::trace::on_response: finished processing request latency=0 ms status=200
2024-10-26-12:38:21 DEBUG call:call: sqlx::query: summary="SELECT users.id, users.email as …" db.statement="\n\nSELECT\n  users.id,\n  users.email as \"email: EmailAddress\",\n  users.family_name,\n  users.given_name,\n  roles.name as role,\n  users.picture as \"picture: Picture\"\nFROM\n  users\n  INNER JOIN roles ON users.role_id = roles.id\nWHERE\n  users.id = $1\n" rows_affected=0 rows_returned=1 elapsed=3.52403ms elapsed_secs=0.00352403
2024-10-26-12:38:21 DEBUG call:call{user.id="0192b9b4-92f6-790a-a293-9ae870cf6e93"}:request{method=GET uri=/asset_types version=HTTP/1.1}: tower_http::trace::on_request: started processing request
2024-10-26-12:38:21 DEBUG call:call{user.id="0192b9b4-92f6-790a-a293-9ae870cf6e93"}:request{method=GET uri=/asset_types version=HTTP/1.1}: tower_http::trace::on_response: finished processing request latency=0 ms status=200
2024-10-26-12:38:21 DEBUG call:call: sqlx::query: summary="SELECT users.id, users.email as …" db.statement="\n\nSELECT\n  users.id,\n  users.email as \"email: EmailAddress\",\n  users.family_name,\n  users.given_name,\n  roles.name as role,\n  users.picture as \"picture: Picture\"\nFROM\n  users\n  INNER JOIN roles ON users.role_id = roles.id\nWHERE\n  users.id = $1\n" rows_affected=0 rows_returned=1 elapsed=663.533µs elapsed_secs=0.000663533
2024-10-26-12:38:21 DEBUG call:call{user.id="0192b9b4-92f6-790a-a293-9ae870cf6e93"}:request{method=GET uri=/static/htmx.min.js version=HTTP/1.1}: tower_http::trace::on_request: started processing request
2024-10-26-12:38:21 DEBUG call:call: sqlx::query: summary="SELECT users.id, users.email as …" db.statement="\n\nSELECT\n  users.id,\n  users.email as \"email: EmailAddress\",\n  users.family_name,\n  users.given_name,\n  roles.name as role,\n  users.picture as \"picture: Picture\"\nFROM\n  users\n  INNER JOIN roles ON users.role_id = roles.id\nWHERE\n  users.id = $1\n" rows_affected=0 rows_returned=1 elapsed=725.336µs elapsed_secs=0.000725336
2024-10-26-12:38:21 DEBUG call:call{user.id="0192b9b4-92f6-790a-a293-9ae870cf6e93"}:request{method=GET uri=/static/response-targets.js version=HTTP/1.1}: tower_http::trace::on_request: started processing request
2024-10-26-12:38:21 DEBUG call:call{user.id="0192b9b4-92f6-790a-a293-9ae870cf6e93"}:request{method=GET uri=/static/htmx.min.js version=HTTP/1.1}: tower_http::trace::on_response: finished processing request latency=1 ms status=200
2024-10-26-12:38:21 DEBUG call:call{user.id="0192b9b4-92f6-790a-a293-9ae870cf6e93"}:request{method=GET uri=/static/response-targets.js version=HTTP/1.1}: tower_http::trace::on_response: finished processing request latency=0 ms status=200
2024-10-26-12:38:21 DEBUG call:call: sqlx::query: summary="SELECT users.id, users.email as …" db.statement="\n\nSELECT\n  users.id,\n  users.email as \"email: EmailAddress\",\n  users.family_name,\n  users.given_name,\n  roles.name as role,\n  users.picture as \"picture: Picture\"\nFROM\n  users\n  INNER JOIN roles ON users.role_id = roles.id\nWHERE\n  users.id = $1\n" rows_affected=0 rows_returned=1 elapsed=949.431µs elapsed_secs=0.000949431
2024-10-26-12:38:21 DEBUG call:call{user.id="0192b9b4-92f6-790a-a293-9ae870cf6e93"}:request{method=GET uri=/static/styles/output.css version=HTTP/1.1}: tower_http::trace::on_request: started processing request
2024-10-26-12:38:21 DEBUG call:call{user.id="0192b9b4-92f6-790a-a293-9ae870cf6e93"}:request{method=GET uri=/static/styles/output.css version=HTTP/1.1}: tower_http::trace::on_response: finished processing request latency=0 ms status=200
2024-10-26-12:38:21 DEBUG call:call: sqlx::query: summary="SELECT users.id, users.email as …" db.statement="\n\nSELECT\n  users.id,\n  users.email as \"email: EmailAddress\",\n  users.family_name,\n  users.given_name,\n  roles.name as role,\n  users.picture as \"picture: Picture\"\nFROM\n  users\n  INNER JOIN roles ON users.role_id = roles.id\nWHERE\n  users.id = $1\n" rows_affected=0 rows_returned=1 elapsed=1.155163ms elapsed_secs=0.001155163
2024-10-26-12:38:21 DEBUG call:call{user.id="0192b9b4-92f6-790a-a293-9ae870cf6e93"}:request{method=GET uri=/static/images/rcps-logo1.png version=HTTP/1.1}: tower_http::trace::on_request: started processing request
2024-10-26-12:38:21 DEBUG call:call{user.id="0192b9b4-92f6-790a-a293-9ae870cf6e93"}:request{method=GET uri=/static/images/rcps-logo1.png version=HTTP/1.1}: tower_http::trace::on_response: finished processing request latency=1 ms status=200
2024-10-26-12:38:21 DEBUG call:call: sqlx::query: summary="SELECT users.id, users.email as …" db.statement="\n\nSELECT\n  users.id,\n  users.email as \"email: EmailAddress\",\n  users.family_name,\n  users.given_name,\n  roles.name as role,\n  users.picture as \"picture: Picture\"\nFROM\n  users\n  INNER JOIN roles ON users.role_id = roles.id\nWHERE\n  users.id = $1\n" rows_affected=0 rows_returned=1 elapsed=862.305µs elapsed_secs=0.000862305
2024-10-26-12:38:21 DEBUG call:call{user.id="0192b9b4-92f6-790a-a293-9ae870cf6e93"}:request{method=GET uri=/static/images/favicon/favicon-32x32.png version=HTTP/1.1}: tower_http::trace::on_request: started processing request
2024-10-26-12:38:21 DEBUG call:call{user.id="0192b9b4-92f6-790a-a293-9ae870cf6e93"}:request{method=GET uri=/static/images/favicon/favicon-32x32.png version=HTTP/1.1}: tower_http::trace::on_response: finished processing request latency=1 ms status=200
2024-10-26-12:39:10 DEBUG call:call: sqlx::query: summary="SELECT users.id, users.email as …" db.statement="\n\nSELECT\n  users.id,\n  users.email as \"email: EmailAddress\",\n  users.family_name,\n  users.given_name,\n  roles.name as role,\n  users.picture as \"picture: Picture\"\nFROM\n  users\n  INNER JOIN roles ON users.role_id = roles.id\nWHERE\n  users.id = $1\n" rows_affected=0 rows_returned=1 elapsed=1.116298ms elapsed_secs=0.001116298
2024-10-26-12:39:10 DEBUG call:call{user.id="0192b9b4-92f6-790a-a293-9ae870cf6e93"}:request{method=GET uri=/asset_types/new version=HTTP/1.1}: tower_http::trace::on_request: started processing request
2024-10-26-12:39:10 DEBUG call:call{user.id="0192b9b4-92f6-790a-a293-9ae870cf6e93"}:request{method=GET uri=/asset_types/new version=HTTP/1.1}: tower_http::trace::on_response: finished processing request latency=0 ms status=200
2024-10-26-12:39:10 DEBUG call:call: sqlx::query: summary="SELECT users.id, users.email as …" db.statement="\n\nSELECT\n  users.id,\n  users.email as \"email: EmailAddress\",\n  users.family_name,\n  users.given_name,\n  roles.name as role,\n  users.picture as \"picture: Picture\"\nFROM\n  users\n  INNER JOIN roles ON users.role_id = roles.id\nWHERE\n  users.id = $1\n" rows_affected=0 rows_returned=1 elapsed=981.742µs elapsed_secs=0.000981742
2024-10-26-12:39:10 DEBUG call:call{user.id="0192b9b4-92f6-790a-a293-9ae870cf6e93"}:request{method=GET uri=/static/styles/output.css version=HTTP/1.1}: tower_http::trace::on_request: started processing request
2024-10-26-12:39:10 DEBUG call:call{user.id="0192b9b4-92f6-790a-a293-9ae870cf6e93"}:request{method=GET uri=/static/styles/output.css version=HTTP/1.1}: tower_http::trace::on_response: finished processing request latency=1 ms status=304
2024-10-26-12:39:55 DEBUG call:call: sqlx::query: summary="SELECT users.id, users.email as …" db.statement="\n\nSELECT\n  users.id,\n  users.email as \"email: EmailAddress\",\n  users.family_name,\n  users.given_name,\n  roles.name as role,\n  users.picture as \"picture: Picture\"\nFROM\n  users\n  INNER JOIN roles ON users.role_id = roles.id\nWHERE\n  users.id = $1\n" rows_affected=0 rows_returned=1 elapsed=784.872µs elapsed_secs=0.000784872
2024-10-26-12:39:55 DEBUG call:call{user.id="0192b9b4-92f6-790a-a293-9ae870cf6e93"}:request{method=GET uri=/asset_types version=HTTP/1.1}: tower_http::trace::on_request: started processing request
2024-10-26-12:39:55 DEBUG call:call{user.id="0192b9b4-92f6-790a-a293-9ae870cf6e93"}:request{method=GET uri=/asset_types version=HTTP/1.1}: tower_http::trace::on_response: finished processing request latency=0 ms status=200
2024-10-26-12:39:55 DEBUG call:call: sqlx::query: summary="SELECT users.id, users.email as …" db.statement="\n\nSELECT\n  users.id,\n  users.email as \"email: EmailAddress\",\n  users.family_name,\n  users.given_name,\n  roles.name as role,\n  users.picture as \"picture: Picture\"\nFROM\n  users\n  INNER JOIN roles ON users.role_id = roles.id\nWHERE\n  users.id = $1\n" rows_affected=0 rows_returned=1 elapsed=1.02071ms elapsed_secs=0.00102071
2024-10-26-12:39:55 DEBUG call:call{user.id="0192b9b4-92f6-790a-a293-9ae870cf6e93"}:request{method=GET uri=/static/styles/output.css version=HTTP/1.1}: tower_http::trace::on_request: started processing request
2024-10-26-12:39:55 DEBUG call:call{user.id="0192b9b4-92f6-790a-a293-9ae870cf6e93"}:request{method=GET uri=/static/styles/output.css version=HTTP/1.1}: tower_http::trace::on_response: finished processing request latency=1 ms status=304
2024-10-26-13:08:50 DEBUG call:call: sqlx::query: summary="SELECT users.id, users.email as …" db.statement="\n\nSELECT\n  users.id,\n  users.email as \"email: EmailAddress\",\n  users.family_name,\n  users.given_name,\n  roles.name as role,\n  users.picture as \"picture: Picture\"\nFROM\n  users\n  INNER JOIN roles ON users.role_id = roles.id\nWHERE\n  users.id = $1\n" rows_affected=0 rows_returned=1 elapsed=2.263914ms elapsed_secs=0.002263914
2024-10-26-13:08:50 DEBUG call:call{user.id="0192b9b4-92f6-790a-a293-9ae870cf6e93"}:request{method=GET uri=/settings/users version=HTTP/1.1}: tower_http::trace::on_request: started processing request
2024-10-26-13:08:50 DEBUG call:call{user.id="0192b9b4-92f6-790a-a293-9ae870cf6e93"}:request{method=GET uri=/settings/users version=HTTP/1.1}:get_users: sqlx::query: summary="SELECT users.id, users.email as …" db.statement="\n\nSELECT\n  users.id,\n  users.email as \"email: EmailAddress\",\n  users.family_name,\n  users.given_name,\n  roles.name as role,\n  users.picture as \"picture: Picture\"\nFROM\n  users\n  INNER JOIN roles ON users.role_id = roles.id\n" rows_affected=1 rows_returned=1 elapsed=2.84087ms elapsed_secs=0.00284087
2024-10-26-13:08:50 DEBUG call:call{user.id="0192b9b4-92f6-790a-a293-9ae870cf6e93"}:request{method=GET uri=/settings/users version=HTTP/1.1}: tower_http::trace::on_response: finished processing request latency=38 ms status=200
2024-10-26-13:08:50 DEBUG call:call: sqlx::query: summary="SELECT users.id, users.email as …" db.statement="\n\nSELECT\n  users.id,\n  users.email as \"email: EmailAddress\",\n  users.family_name,\n  users.given_name,\n  roles.name as role,\n  users.picture as \"picture: Picture\"\nFROM\n  users\n  INNER JOIN roles ON users.role_id = roles.id\nWHERE\n  users.id = $1\n" rows_affected=0 rows_returned=1 elapsed=1.090518ms elapsed_secs=0.001090518
2024-10-26-13:08:50 DEBUG call:call{user.id="0192b9b4-92f6-790a-a293-9ae870cf6e93"}:request{method=GET uri=/static/styles/output.css version=HTTP/1.1}: tower_http::trace::on_request: started processing request
2024-10-26-13:08:50 DEBUG call:call{user.id="0192b9b4-92f6-790a-a293-9ae870cf6e93"}:request{method=GET uri=/static/styles/output.css version=HTTP/1.1}: tower_http::trace::on_response: finished processing request latency=1 ms status=304
2024-10-26-13:08:53 DEBUG call:call: sqlx::query: summary="SELECT users.id, users.email as …" db.statement="\n\nSELECT\n  users.id,\n  users.email as \"email: EmailAddress\",\n  users.family_name,\n  users.given_name,\n  roles.name as role,\n  users.picture as \"picture: Picture\"\nFROM\n  users\n  INNER JOIN roles ON users.role_id = roles.id\nWHERE\n  users.id = $1\n" rows_affected=0 rows_returned=1 elapsed=2.926193ms elapsed_secs=0.002926193
2024-10-26-13:08:53 DEBUG call:call{user.id="0192b9b4-92f6-790a-a293-9ae870cf6e93"}:request{method=GET uri=/settings/users/new version=HTTP/1.1}: tower_http::trace::on_request: started processing request
2024-10-26-13:08:53 DEBUG call:call{user.id="0192b9b4-92f6-790a-a293-9ae870cf6e93"}:request{method=GET uri=/settings/users/new version=HTTP/1.1}: tower_http::trace::on_response: finished processing request latency=0 ms status=200
2024-10-26-13:08:53 DEBUG call:call: sqlx::query: summary="SELECT users.id, users.email as …" db.statement="\n\nSELECT\n  users.id,\n  users.email as \"email: EmailAddress\",\n  users.family_name,\n  users.given_name,\n  roles.name as role,\n  users.picture as \"picture: Picture\"\nFROM\n  users\n  INNER JOIN roles ON users.role_id = roles.id\nWHERE\n  users.id = $1\n" rows_affected=0 rows_returned=1 elapsed=1.233504ms elapsed_secs=0.001233504
2024-10-26-13:08:53 DEBUG call:call{user.id="0192b9b4-92f6-790a-a293-9ae870cf6e93"}:request{method=GET uri=/settings/roles?role_id= version=HTTP/1.1}: tower_http::trace::on_request: started processing request
2024-10-26-13:08:53 DEBUG call:call{user.id="0192b9b4-92f6-790a-a293-9ae870cf6e93"}:request{method=GET uri=/settings/roles?role_id= version=HTTP/1.1}:get_roles: sqlx::query: summary="SELECT id, name FROM …" db.statement="\n\nSELECT\n  id,\n  name\nFROM\n  roles\n" rows_affected=2 rows_returned=2 elapsed=2.073551ms elapsed_secs=0.002073551
2024-10-26-13:08:53 DEBUG call:call{user.id="0192b9b4-92f6-790a-a293-9ae870cf6e93"}:request{method=GET uri=/settings/roles?role_id= version=HTTP/1.1}: tower_http::trace::on_response: finished processing request latency=5 ms status=200
2024-10-26-13:09:11 DEBUG call:call: sqlx::query: summary="SELECT users.id, users.email as …" db.statement="\n\nSELECT\n  users.id,\n  users.email as \"email: EmailAddress\",\n  users.family_name,\n  users.given_name,\n  roles.name as role,\n  users.picture as \"picture: Picture\"\nFROM\n  users\n  INNER JOIN roles ON users.role_id = roles.id\nWHERE\n  users.id = $1\n" rows_affected=0 rows_returned=1 elapsed=1.259976ms elapsed_secs=0.001259976
2024-10-26-13:09:11 DEBUG call:call{user.id="0192b9b4-92f6-790a-a293-9ae870cf6e93"}:request{method=GET uri=/asset_types version=HTTP/1.1}: tower_http::trace::on_request: started processing request
2024-10-26-13:09:11 DEBUG call:call{user.id="0192b9b4-92f6-790a-a293-9ae870cf6e93"}:request{method=GET uri=/asset_types version=HTTP/1.1}: tower_http::trace::on_response: finished processing request latency=0 ms status=200
2024-10-26-23:36:51  WARN sqlx_postgres::options::pgpass: Failed to open `.pgpass` file: Os { code: 2, kind: NotFound, message: "No such file or directory" } path=/home/relam/.pgpass
2024-10-26-23:36:51  WARN sqlx_postgres::options::pgpass: Failed to open `.pgpass` file: Os { code: 2, kind: NotFound, message: "No such file or directory" } path=/home/relam/.pgpass
2024-10-26-23:36:51 DEBUG htmx_google_auth::application::http::server: listening on 127.0.0.1:8000
2024-10-26-23:36:58 DEBUG call:call:request{method=GET uri=/settings version=HTTP/1.1}: tower_http::trace::on_request: started processing request
2024-10-26-23:36:58 DEBUG call:call:request{method=GET uri=/settings version=HTTP/1.1}: tower_http::trace::on_response: finished processing request latency=0 ms status=303
2024-10-26-23:36:58 DEBUG call:call:request{method=GET uri=/sessions/login version=HTTP/1.1}: tower_http::trace::on_request: started processing request
2024-10-26-23:36:58 DEBUG call:call:request{method=GET uri=/sessions/login version=HTTP/1.1}: tower_http::trace::on_response: finished processing request latency=0 ms status=200
2024-10-26-23:36:58 DEBUG call:call:request{method=GET uri=/static/styles/output.css version=HTTP/1.1}: tower_http::trace::on_request: started processing request
2024-10-26-23:36:58 DEBUG call:call:request{method=GET uri=/static/styles/output.css version=HTTP/1.1}: tower_http::trace::on_response: finished processing request latency=0 ms status=200
2024-10-26-23:36:58 DEBUG call:call:request{method=GET uri=/static/htmx.min.js version=HTTP/1.1}: tower_http::trace::on_request: started processing request
2024-10-26-23:36:58 DEBUG call:call:request{method=GET uri=/static/htmx.min.js version=HTTP/1.1}: tower_http::trace::on_response: finished processing request latency=0 ms status=200
2024-10-26-23:36:58 DEBUG call:call:request{method=GET uri=/static/response-targets.js version=HTTP/1.1}: tower_http::trace::on_request: started processing request
2024-10-26-23:36:58 DEBUG call:call:request{method=GET uri=/static/response-targets.js version=HTTP/1.1}: tower_http::trace::on_response: finished processing request latency=0 ms status=200
2024-10-26-23:36:58 DEBUG call:call:request{method=GET uri=/static/images/rcps-logo1.png version=HTTP/1.1}: tower_http::trace::on_request: started processing request
2024-10-26-23:36:58 DEBUG call:call:request{method=GET uri=/static/images/rcps-logo1.png version=HTTP/1.1}: tower_http::trace::on_response: finished processing request latency=0 ms status=200
2024-10-26-23:36:58 DEBUG call:call:request{method=GET uri=/static/images/favicon/favicon-32x32.png version=HTTP/1.1}: tower_http::trace::on_request: started processing request
2024-10-26-23:36:58 DEBUG call:call:request{method=GET uri=/static/images/favicon/favicon-32x32.png version=HTTP/1.1}: tower_http::trace::on_response: finished processing request latency=0 ms status=200
2024-10-26-23:36:58 DEBUG call:call:request{method=GET uri=/static/images/favicon/site.webmanifest version=HTTP/1.1}: tower_http::trace::on_request: started processing request
2024-10-26-23:36:58 DEBUG call:call:request{method=GET uri=/static/images/favicon/site.webmanifest version=HTTP/1.1}: tower_http::trace::on_response: finished processing request latency=0 ms status=200
2024-10-26-23:37:05 DEBUG call:call:request{method=POST uri=/sessions/login version=HTTP/1.1}: tower_http::trace::on_request: started processing request
2024-10-26-23:37:05 DEBUG call:call:request{method=POST uri=/sessions/login version=HTTP/1.1}:post_login:authenticate: sqlx::query: summary="SELECT users.id, users.password_hash as …" db.statement="\n\nSELECT\n  users.id,\n  users.password_hash as \"password_hash: PasswordHash\",\n  users.email as \"email: EmailAddress\",\n  users.email_verified,\n  users.given_name,\n  users.family_name,\n  roles.name as role,\n  users.picture as \"picture: Picture\",\n  users.created_at,\n  users.updated_at\nFROM\n  users\n  INNER JOIN roles ON users.role_id = roles.id\nWHERE\n  email = $1\n" rows_affected=0 rows_returned=1 elapsed=1.60388ms elapsed_secs=0.00160388
2024-10-26-23:37:06 DEBUG call:call:request{method=POST uri=/sessions/login version=HTTP/1.1}:post_login:authenticate{user.id="0192cb30-5308-7133-8ea3-6c23ac84db0f"}: axum_login::session: return=Some(UserDescriptor { id: 0192cb30-5308-7133-8ea3-6c23ac84db0f, email: EmailAddress("relam@richmond-county.k12.va.us"), given_name: "Reed", family_name: "Elam", role: "admin", picture: Picture("/static/images/User.svg") })
2024-10-26-23:37:06 DEBUG call:call:request{method=POST uri=/sessions/login version=HTTP/1.1}:post_login:login{user.id="0192cb30-5308-7133-8ea3-6c23ac84db0f"}: axum_login::session: return=()
2024-10-26-23:37:06 DEBUG call:call:request{method=POST uri=/sessions/login version=HTTP/1.1}: tower_http::trace::on_response: finished processing request latency=348 ms status=200
2024-10-26-23:37:06 DEBUG call: tower_sessions::service: saving session
2024-10-26-23:37:06 DEBUG call: tower_sessions::service: adding session cookie
2024-10-26-23:37:06 DEBUG call:call: sqlx::query: summary="SELECT users.id, users.email as …" db.statement="\n\nSELECT\n  users.id,\n  users.email as \"email: EmailAddress\",\n  users.family_name,\n  users.given_name,\n  roles.name as role,\n  users.picture as \"picture: Picture\"\nFROM\n  users\n  INNER JOIN roles ON users.role_id = roles.id\nWHERE\n  users.id = $1\n" rows_affected=0 rows_returned=1 elapsed=1.313514ms elapsed_secs=0.001313514
2024-10-26-23:37:06 DEBUG call:call{user.id="0192cb30-5308-7133-8ea3-6c23ac84db0f"}:request{method=GET uri=/settings version=HTTP/1.1}: tower_http::trace::on_request: started processing request
2024-10-26-23:37:06 DEBUG call:call{user.id="0192cb30-5308-7133-8ea3-6c23ac84db0f"}:request{method=GET uri=/settings version=HTTP/1.1}: tower_http::trace::on_response: finished processing request latency=0 ms status=200
2024-10-26-23:37:06 DEBUG call:call: sqlx::query: summary="SELECT users.id, users.email as …" db.statement="\n\nSELECT\n  users.id,\n  users.email as \"email: EmailAddress\",\n  users.family_name,\n  users.given_name,\n  roles.name as role,\n  users.picture as \"picture: Picture\"\nFROM\n  users\n  INNER JOIN roles ON users.role_id = roles.id\nWHERE\n  users.id = $1\n" rows_affected=0 rows_returned=1 elapsed=532.714µs elapsed_secs=0.000532714
2024-10-26-23:37:06 DEBUG call:call{user.id="0192cb30-5308-7133-8ea3-6c23ac84db0f"}:request{method=GET uri=/static/styles/output.css version=HTTP/1.1}: tower_http::trace::on_request: started processing request
2024-10-26-23:37:06 DEBUG call:call{user.id="0192cb30-5308-7133-8ea3-6c23ac84db0f"}:request{method=GET uri=/static/styles/output.css version=HTTP/1.1}: tower_http::trace::on_response: finished processing request latency=0 ms status=304
2024-10-26-23:37:06 DEBUG call:call: sqlx::query: summary="SELECT users.id, users.email as …" db.statement="\n\nSELECT\n  users.id,\n  users.email as \"email: EmailAddress\",\n  users.family_name,\n  users.given_name,\n  roles.name as role,\n  users.picture as \"picture: Picture\"\nFROM\n  users\n  INNER JOIN roles ON users.role_id = roles.id\nWHERE\n  users.id = $1\n" rows_affected=0 rows_returned=1 elapsed=672.173µs elapsed_secs=0.000672173
2024-10-26-23:37:06 DEBUG call:call{user.id="0192cb30-5308-7133-8ea3-6c23ac84db0f"}:request{method=GET uri=/static/images/User.svg version=HTTP/1.1}: tower_http::trace::on_request: started processing request
2024-10-26-23:37:06 DEBUG call:call{user.id="0192cb30-5308-7133-8ea3-6c23ac84db0f"}:request{method=GET uri=/static/images/User.svg version=HTTP/1.1}: tower_http::trace::on_response: finished processing request latency=0 ms status=200
2024-10-26-23:37:06 DEBUG call:call: sqlx::query: summary="SELECT users.id, users.email as …" db.statement="\n\nSELECT\n  users.id,\n  users.email as \"email: EmailAddress\",\n  users.family_name,\n  users.given_name,\n  roles.name as role,\n  users.picture as \"picture: Picture\"\nFROM\n  users\n  INNER JOIN roles ON users.role_id = roles.id\nWHERE\n  users.id = $1\n" rows_affected=0 rows_returned=1 elapsed=1.576086ms elapsed_secs=0.001576086
2024-10-26-23:37:06 DEBUG call:call{user.id="0192cb30-5308-7133-8ea3-6c23ac84db0f"}:request{method=GET uri=/settings/roles?selected=admin version=HTTP/1.1}: tower_http::trace::on_request: started processing request
2024-10-26-23:37:06 DEBUG call:call{user.id="0192cb30-5308-7133-8ea3-6c23ac84db0f"}:request{method=GET uri=/settings/roles?selected=admin version=HTTP/1.1}:get_roles: sqlx::query: summary="SELECT id, name FROM …" db.statement="\n\nSELECT\n  id,\n  name\nFROM\n  roles\n" rows_affected=2 rows_returned=2 elapsed=701.078µs elapsed_secs=0.000701078
2024-10-26-23:37:06 DEBUG call:call{user.id="0192cb30-5308-7133-8ea3-6c23ac84db0f"}:request{method=GET uri=/settings/roles?selected=admin version=HTTP/1.1}: tower_http::trace::on_response: finished processing request latency=1 ms status=200
2024-10-26-23:37:08 DEBUG call:call: sqlx::query: summary="SELECT users.id, users.email as …" db.statement="\n\nSELECT\n  users.id,\n  users.email as \"email: EmailAddress\",\n  users.family_name,\n  users.given_name,\n  roles.name as role,\n  users.picture as \"picture: Picture\"\nFROM\n  users\n  INNER JOIN roles ON users.role_id = roles.id\nWHERE\n  users.id = $1\n" rows_affected=0 rows_returned=1 elapsed=831.009µs elapsed_secs=0.000831009
2024-10-26-23:37:08 DEBUG call:call{user.id="0192cb30-5308-7133-8ea3-6c23ac84db0f"}:request{method=GET uri=/asset_types version=HTTP/1.1}: tower_http::trace::on_request: started processing request
2024-10-26-23:37:08 DEBUG call:call{user.id="0192cb30-5308-7133-8ea3-6c23ac84db0f"}:request{method=GET uri=/asset_types version=HTTP/1.1}: tower_http::trace::on_response: finished processing request latency=0 ms status=200
2024-10-26-23:37:11 DEBUG call:call: sqlx::query: summary="SELECT users.id, users.email as …" db.statement="\n\nSELECT\n  users.id,\n  users.email as \"email: EmailAddress\",\n  users.family_name,\n  users.given_name,\n  roles.name as role,\n  users.picture as \"picture: Picture\"\nFROM\n  users\n  INNER JOIN roles ON users.role_id = roles.id\nWHERE\n  users.id = $1\n" rows_affected=0 rows_returned=1 elapsed=721.036µs elapsed_secs=0.000721036
2024-10-26-23:37:11 DEBUG call:call{user.id="0192cb30-5308-7133-8ea3-6c23ac84db0f"}:request{method=GET uri=/asset_types/new version=HTTP/1.1}: tower_http::trace::on_request: started processing request
2024-10-26-23:37:11 DEBUG call:call{user.id="0192cb30-5308-7133-8ea3-6c23ac84db0f"}:request{method=GET uri=/asset_types/new version=HTTP/1.1}: tower_http::trace::on_response: finished processing request latency=0 ms status=200
2024-10-26-23:37:11 DEBUG call:call: sqlx::query: summary="SELECT users.id, users.email as …" db.statement="\n\nSELECT\n  users.id,\n  users.email as \"email: EmailAddress\",\n  users.family_name,\n  users.given_name,\n  roles.name as role,\n  users.picture as \"picture: Picture\"\nFROM\n  users\n  INNER JOIN roles ON users.role_id = roles.id\nWHERE\n  users.id = $1\n" rows_affected=0 rows_returned=1 elapsed=688.264µs elapsed_secs=0.000688264
2024-10-26-23:37:11 DEBUG call:call{user.id="0192cb30-5308-7133-8ea3-6c23ac84db0f"}:request{method=GET uri=/static/images/empty-image.svg version=HTTP/1.1}: tower_http::trace::on_request: started processing request
2024-10-26-23:37:11 DEBUG call:call{user.id="0192cb30-5308-7133-8ea3-6c23ac84db0f"}:request{method=GET uri=/static/images/empty-image.svg version=HTTP/1.1}: tower_http::trace::on_response: finished processing request latency=0 ms status=200
2024-10-26-23:37:13 DEBUG call:call: sqlx::query: summary="SELECT users.id, users.email as …" db.statement="\n\nSELECT\n  users.id,\n  users.email as \"email: EmailAddress\",\n  users.family_name,\n  users.given_name,\n  roles.name as role,\n  users.picture as \"picture: Picture\"\nFROM\n  users\n  INNER JOIN roles ON users.role_id = roles.id\nWHERE\n  users.id = $1\n" rows_affected=0 rows_returned=1 elapsed=620.543µs elapsed_secs=0.000620543
2024-10-26-23:37:13 DEBUG call:call{user.id="0192cb30-5308-7133-8ea3-6c23ac84db0f"}:request{method=GET uri=/asset_types version=HTTP/1.1}: tower_http::trace::on_request: started processing request
2024-10-26-23:37:13 DEBUG call:call{user.id="0192cb30-5308-7133-8ea3-6c23ac84db0f"}:request{method=GET uri=/asset_types version=HTTP/1.1}: tower_http::trace::on_response: finished processing request latency=0 ms status=200
2024-10-26-23:37:14 DEBUG call:call: sqlx::query: summary="SELECT users.id, users.email as …" db.statement="\n\nSELECT\n  users.id,\n  users.email as \"email: EmailAddress\",\n  users.family_name,\n  users.given_name,\n  roles.name as role,\n  users.picture as \"picture: Picture\"\nFROM\n  users\n  INNER JOIN roles ON users.role_id = roles.id\nWHERE\n  users.id = $1\n" rows_affected=0 rows_returned=1 elapsed=648.141µs elapsed_secs=0.000648141
2024-10-26-23:37:14 DEBUG call:call{user.id="0192cb30-5308-7133-8ea3-6c23ac84db0f"}:request{method=GET uri=/asset_types/new version=HTTP/1.1}: tower_http::trace::on_request: started processing request
2024-10-26-23:37:14 DEBUG call:call{user.id="0192cb30-5308-7133-8ea3-6c23ac84db0f"}:request{method=GET uri=/asset_types/new version=HTTP/1.1}: tower_http::trace::on_response: finished processing request latency=0 ms status=200
2024-10-26-23:37:14 DEBUG call:call: sqlx::query: summary="SELECT users.id, users.email as …" db.statement="\n\nSELECT\n  users.id,\n  users.email as \"email: EmailAddress\",\n  users.family_name,\n  users.given_name,\n  roles.name as role,\n  users.picture as \"picture: Picture\"\nFROM\n  users\n  INNER JOIN roles ON users.role_id = roles.id\nWHERE\n  users.id = $1\n" rows_affected=0 rows_returned=1 elapsed=662.769µs elapsed_secs=0.000662769
2024-10-26-23:37:14 DEBUG call:call{user.id="0192cb30-5308-7133-8ea3-6c23ac84db0f"}:request{method=GET uri=/static/styles/output.css version=HTTP/1.1}: tower_http::trace::on_request: started processing request
2024-10-26-23:37:14 DEBUG call:call{user.id="0192cb30-5308-7133-8ea3-6c23ac84db0f"}:request{method=GET uri=/static/styles/output.css version=HTTP/1.1}: tower_http::trace::on_response: finished processing request latency=0 ms status=304
2024-10-26-23:37:25 DEBUG call:call: sqlx::query: summary="SELECT users.id, users.email as …" db.statement="\n\nSELECT\n  users.id,\n  users.email as \"email: EmailAddress\",\n  users.family_name,\n  users.given_name,\n  roles.name as role,\n  users.picture as \"picture: Picture\"\nFROM\n  users\n  INNER JOIN roles ON users.role_id = roles.id\nWHERE\n  users.id = $1\n" rows_affected=0 rows_returned=1 elapsed=608.754µs elapsed_secs=0.000608754
2024-10-26-23:37:25 DEBUG call:call{user.id="0192cb30-5308-7133-8ea3-6c23ac84db0f"}:request{method=GET uri=/asset_types version=HTTP/1.1}: tower_http::trace::on_request: started processing request
2024-10-26-23:37:25 DEBUG call:call{user.id="0192cb30-5308-7133-8ea3-6c23ac84db0f"}:request{method=GET uri=/asset_types version=HTTP/1.1}: tower_http::trace::on_response: finished processing request latency=0 ms status=200
2024-10-26-23:37:25 DEBUG call:call: sqlx::query: summary="SELECT users.id, users.email as …" db.statement="\n\nSELECT\n  users.id,\n  users.email as \"email: EmailAddress\",\n  users.family_name,\n  users.given_name,\n  roles.name as role,\n  users.picture as \"picture: Picture\"\nFROM\n  users\n  INNER JOIN roles ON users.role_id = roles.id\nWHERE\n  users.id = $1\n" rows_affected=0 rows_returned=1 elapsed=507.265µs elapsed_secs=0.000507265
2024-10-26-23:37:25 DEBUG call:call{user.id="0192cb30-5308-7133-8ea3-6c23ac84db0f"}:request{method=GET uri=/static/styles/output.css version=HTTP/1.1}: tower_http::trace::on_request: started processing request
2024-10-26-23:37:25 DEBUG call:call{user.id="0192cb30-5308-7133-8ea3-6c23ac84db0f"}:request{method=GET uri=/static/styles/output.css version=HTTP/1.1}: tower_http::trace::on_response: finished processing request latency=0 ms status=304
2024-10-26-23:37:27 DEBUG call:call: sqlx::query: summary="SELECT users.id, users.email as …" db.statement="\n\nSELECT\n  users.id,\n  users.email as \"email: EmailAddress\",\n  users.family_name,\n  users.given_name,\n  roles.name as role,\n  users.picture as \"picture: Picture\"\nFROM\n  users\n  INNER JOIN roles ON users.role_id = roles.id\nWHERE\n  users.id = $1\n" rows_affected=0 rows_returned=1 elapsed=740.863µs elapsed_secs=0.000740863
2024-10-26-23:37:27 DEBUG call:call{user.id="0192cb30-5308-7133-8ea3-6c23ac84db0f"}:request{method=GET uri=/asset_types version=HTTP/1.1}: tower_http::trace::on_request: started processing request
2024-10-26-23:37:27 DEBUG call:call{user.id="0192cb30-5308-7133-8ea3-6c23ac84db0f"}:request{method=GET uri=/asset_types version=HTTP/1.1}: tower_http::trace::on_response: finished processing request latency=0 ms status=200
2024-10-26-23:37:29 DEBUG call:call: sqlx::query: summary="SELECT users.id, users.email as …" db.statement="\n\nSELECT\n  users.id,\n  users.email as \"email: EmailAddress\",\n  users.family_name,\n  users.given_name,\n  roles.name as role,\n  users.picture as \"picture: Picture\"\nFROM\n  users\n  INNER JOIN roles ON users.role_id = roles.id\nWHERE\n  users.id = $1\n" rows_affected=0 rows_returned=1 elapsed=658.69µs elapsed_secs=0.00065869
2024-10-26-23:37:29 DEBUG call:call{user.id="0192cb30-5308-7133-8ea3-6c23ac84db0f"}:request{method=GET uri=/settings/users version=HTTP/1.1}: tower_http::trace::on_request: started processing request
2024-10-26-23:37:29 DEBUG call:call{user.id="0192cb30-5308-7133-8ea3-6c23ac84db0f"}:request{method=GET uri=/settings/users version=HTTP/1.1}:get_users: sqlx::query: summary="SELECT users.id, users.email as …" db.statement="\n\nSELECT\n  users.id,\n  users.email as \"email: EmailAddress\",\n  users.family_name,\n  users.given_name,\n  roles.name as role,\n  users.picture as \"picture: Picture\"\nFROM\n  users\n  INNER JOIN roles ON users.role_id = roles.id\n" rows_affected=1 rows_returned=1 elapsed=2.577128ms elapsed_secs=0.002577128
2024-10-26-23:37:29 DEBUG call:call{user.id="0192cb30-5308-7133-8ea3-6c23ac84db0f"}:request{method=GET uri=/settings/users version=HTTP/1.1}: tower_http::trace::on_response: finished processing request latency=5 ms status=200
2024-10-26-23:37:35 DEBUG call:call: sqlx::query: summary="SELECT users.id, users.email as …" db.statement="\n\nSELECT\n  users.id,\n  users.email as \"email: EmailAddress\",\n  users.family_name,\n  users.given_name,\n  roles.name as role,\n  users.picture as \"picture: Picture\"\nFROM\n  users\n  INNER JOIN roles ON users.role_id = roles.id\nWHERE\n  users.id = $1\n" rows_affected=0 rows_returned=1 elapsed=569.053µs elapsed_secs=0.000569053
2024-10-26-23:37:35 DEBUG call:call{user.id="0192cb30-5308-7133-8ea3-6c23ac84db0f"}:request{method=GET uri=/asset_types version=HTTP/1.1}: tower_http::trace::on_request: started processing request
2024-10-26-23:37:35 DEBUG call:call{user.id="0192cb30-5308-7133-8ea3-6c23ac84db0f"}:request{method=GET uri=/asset_types version=HTTP/1.1}: tower_http::trace::on_response: finished processing request latency=0 ms status=200
2024-10-26-23:37:35 DEBUG call:call: sqlx::query: summary="SELECT users.id, users.email as …" db.statement="\n\nSELECT\n  users.id,\n  users.email as \"email: EmailAddress\",\n  users.family_name,\n  users.given_name,\n  roles.name as role,\n  users.picture as \"picture: Picture\"\nFROM\n  users\n  INNER JOIN roles ON users.role_id = roles.id\nWHERE\n  users.id = $1\n" rows_affected=0 rows_returned=1 elapsed=615.572µs elapsed_secs=0.000615572
2024-10-26-23:37:35 DEBUG call:call{user.id="0192cb30-5308-7133-8ea3-6c23ac84db0f"}:request{method=GET uri=/static/styles/output.css version=HTTP/1.1}: tower_http::trace::on_request: started processing request
2024-10-26-23:37:35 DEBUG call:call{user.id="0192cb30-5308-7133-8ea3-6c23ac84db0f"}:request{method=GET uri=/static/styles/output.css version=HTTP/1.1}: tower_http::trace::on_response: finished processing request latency=0 ms status=304
2024-10-26-23:38:43 DEBUG call:call: sqlx::query: summary="SELECT users.id, users.email as …" db.statement="\n\nSELECT\n  users.id,\n  users.email as \"email: EmailAddress\",\n  users.family_name,\n  users.given_name,\n  roles.name as role,\n  users.picture as \"picture: Picture\"\nFROM\n  users\n  INNER JOIN roles ON users.role_id = roles.id\nWHERE\n  users.id = $1\n" rows_affected=0 rows_returned=1 elapsed=557.587µs elapsed_secs=0.000557587
2024-10-26-23:38:43 DEBUG call:call{user.id="0192cb30-5308-7133-8ea3-6c23ac84db0f"}:request{method=GET uri=/asset_types version=HTTP/1.1}: tower_http::trace::on_request: started processing request
2024-10-26-23:38:43 DEBUG call:call{user.id="0192cb30-5308-7133-8ea3-6c23ac84db0f"}:request{method=GET uri=/asset_types version=HTTP/1.1}: tower_http::trace::on_response: finished processing request latency=0 ms status=200
2024-10-26-23:38:43 DEBUG call:call: sqlx::query: summary="SELECT users.id, users.email as …" db.statement="\n\nSELECT\n  users.id,\n  users.email as \"email: EmailAddress\",\n  users.family_name,\n  users.given_name,\n  roles.name as role,\n  users.picture as \"picture: Picture\"\nFROM\n  users\n  INNER JOIN roles ON users.role_id = roles.id\nWHERE\n  users.id = $1\n" rows_affected=0 rows_returned=1 elapsed=454.026µs elapsed_secs=0.000454026
2024-10-26-23:38:43 DEBUG call:call{user.id="0192cb30-5308-7133-8ea3-6c23ac84db0f"}:request{method=GET uri=/static/styles/output.css version=HTTP/1.1}: tower_http::trace::on_request: started processing request
2024-10-26-23:38:43 DEBUG call:call{user.id="0192cb30-5308-7133-8ea3-6c23ac84db0f"}:request{method=GET uri=/static/styles/output.css version=HTTP/1.1}: tower_http::trace::on_response: finished processing request latency=0 ms status=304
2024-10-26-23:38:46 DEBUG call:call: sqlx::query: summary="SELECT users.id, users.email as …" db.statement="\n\nSELECT\n  users.id,\n  users.email as \"email: EmailAddress\",\n  users.family_name,\n  users.given_name,\n  roles.name as role,\n  users.picture as \"picture: Picture\"\nFROM\n  users\n  INNER JOIN roles ON users.role_id = roles.id\nWHERE\n  users.id = $1\n" rows_affected=0 rows_returned=1 elapsed=463.626µs elapsed_secs=0.000463626
2024-10-26-23:38:46 DEBUG call:call{user.id="0192cb30-5308-7133-8ea3-6c23ac84db0f"}:request{method=GET uri=/asset_types version=HTTP/1.1}: tower_http::trace::on_request: started processing request
2024-10-26-23:38:46 DEBUG call:call{user.id="0192cb30-5308-7133-8ea3-6c23ac84db0f"}:request{method=GET uri=/asset_types version=HTTP/1.1}: tower_http::trace::on_response: finished processing request latency=0 ms status=200
2024-10-26-23:38:47 DEBUG call:call: sqlx::query: summary="SELECT users.id, users.email as …" db.statement="\n\nSELECT\n  users.id,\n  users.email as \"email: EmailAddress\",\n  users.family_name,\n  users.given_name,\n  roles.name as role,\n  users.picture as \"picture: Picture\"\nFROM\n  users\n  INNER JOIN roles ON users.role_id = roles.id\nWHERE\n  users.id = $1\n" rows_affected=0 rows_returned=1 elapsed=495.072µs elapsed_secs=0.000495072
2024-10-26-23:38:47 DEBUG call:call{user.id="0192cb30-5308-7133-8ea3-6c23ac84db0f"}:request{method=GET uri=/settings/users version=HTTP/1.1}: tower_http::trace::on_request: started processing request
2024-10-26-23:38:47 DEBUG call:call{user.id="0192cb30-5308-7133-8ea3-6c23ac84db0f"}:request{method=GET uri=/settings/users version=HTTP/1.1}:get_users: sqlx::query: summary="SELECT users.id, users.email as …" db.statement="\n\nSELECT\n  users.id,\n  users.email as \"email: EmailAddress\",\n  users.family_name,\n  users.given_name,\n  roles.name as role,\n  users.picture as \"picture: Picture\"\nFROM\n  users\n  INNER JOIN roles ON users.role_id = roles.id\n" rows_affected=1 rows_returned=1 elapsed=1.067311ms elapsed_secs=0.001067311
2024-10-26-23:38:47 DEBUG call:call{user.id="0192cb30-5308-7133-8ea3-6c23ac84db0f"}:request{method=GET uri=/settings/users version=HTTP/1.1}: tower_http::trace::on_response: finished processing request latency=3 ms status=200
2024-10-26-23:38:50 DEBUG call:call: sqlx::query: summary="SELECT users.id, users.email as …" db.statement="\n\nSELECT\n  users.id,\n  users.email as \"email: EmailAddress\",\n  users.family_name,\n  users.given_name,\n  roles.name as role,\n  users.picture as \"picture: Picture\"\nFROM\n  users\n  INNER JOIN roles ON users.role_id = roles.id\nWHERE\n  users.id = $1\n" rows_affected=0 rows_returned=1 elapsed=504.805µs elapsed_secs=0.000504805
2024-10-26-23:38:50 DEBUG call:call{user.id="0192cb30-5308-7133-8ea3-6c23ac84db0f"}:request{method=GET uri=/asset_types version=HTTP/1.1}: tower_http::trace::on_request: started processing request
2024-10-26-23:38:50 DEBUG call:call{user.id="0192cb30-5308-7133-8ea3-6c23ac84db0f"}:request{method=GET uri=/asset_types version=HTTP/1.1}: tower_http::trace::on_response: finished processing request latency=0 ms status=200
2024-10-26-23:38:51 DEBUG call:call: sqlx::query: summary="SELECT users.id, users.email as …" db.statement="\n\nSELECT\n  users.id,\n  users.email as \"email: EmailAddress\",\n  users.family_name,\n  users.given_name,\n  roles.name as role,\n  users.picture as \"picture: Picture\"\nFROM\n  users\n  INNER JOIN roles ON users.role_id = roles.id\nWHERE\n  users.id = $1\n" rows_affected=0 rows_returned=1 elapsed=528.464µs elapsed_secs=0.000528464
2024-10-26-23:38:51 DEBUG call:call{user.id="0192cb30-5308-7133-8ea3-6c23ac84db0f"}:request{method=GET uri=/settings/users version=HTTP/1.1}: tower_http::trace::on_request: started processing request
2024-10-26-23:38:51 DEBUG call:call{user.id="0192cb30-5308-7133-8ea3-6c23ac84db0f"}:request{method=GET uri=/settings/users version=HTTP/1.1}:get_users: sqlx::query: summary="SELECT users.id, users.email as …" db.statement="\n\nSELECT\n  users.id,\n  users.email as \"email: EmailAddress\",\n  users.family_name,\n  users.given_name,\n  roles.name as role,\n  users.picture as \"picture: Picture\"\nFROM\n  users\n  INNER JOIN roles ON users.role_id = roles.id\n" rows_affected=1 rows_returned=1 elapsed=444.765µs elapsed_secs=0.000444765
2024-10-26-23:38:51 DEBUG call:call{user.id="0192cb30-5308-7133-8ea3-6c23ac84db0f"}:request{method=GET uri=/settings/users version=HTTP/1.1}: tower_http::trace::on_response: finished processing request latency=2 ms status=200
2024-10-26-23:38:52 DEBUG call:call: sqlx::query: summary="SELECT users.id, users.email as …" db.statement="\n\nSELECT\n  users.id,\n  users.email as \"email: EmailAddress\",\n  users.family_name,\n  users.given_name,\n  roles.name as role,\n  users.picture as \"picture: Picture\"\nFROM\n  users\n  INNER JOIN roles ON users.role_id = roles.id\nWHERE\n  users.id = $1\n" rows_affected=0 rows_returned=1 elapsed=473.71µs elapsed_secs=0.00047371
2024-10-26-23:38:53 DEBUG call:call{user.id="0192cb30-5308-7133-8ea3-6c23ac84db0f"}:request{method=GET uri=/asset_types version=HTTP/1.1}: tower_http::trace::on_request: started processing request
2024-10-26-23:38:53 DEBUG call:call{user.id="0192cb30-5308-7133-8ea3-6c23ac84db0f"}:request{method=GET uri=/asset_types version=HTTP/1.1}: tower_http::trace::on_response: finished processing request latency=0 ms status=200
