2024-10-07-12:55:28  WARN sqlx_postgres::options::pgpass: Failed to open `.pgpass` file: Os { code: 2, kind: NotFound, message: "No such file or directory" } path=/home/relam/.pgpass
2024-10-07-12:55:28 DEBUG htmx_google_auth::application::http::server: listening on 127.0.0.1:8000
2024-10-07-12:55:39 DEBUG call:call:request{method=GET uri=/settings version=HTTP/1.1}: tower_http::trace::on_request: started processing request
2024-10-07-12:55:39 DEBUG call:call:request{method=GET uri=/settings version=HTTP/1.1}: tower_http::trace::on_response: finished processing request latency=0 ms status=307
2024-10-07-12:55:39 DEBUG call:call:request{method=GET uri=/sessions/login version=HTTP/1.1}: tower_http::trace::on_request: started processing request
2024-10-07-12:55:39 DEBUG call:call:request{method=GET uri=/sessions/login version=HTTP/1.1}: tower_http::trace::on_response: finished processing request latency=0 ms status=200
2024-10-07-12:55:39 DEBUG call:call:request{method=GET uri=/static/styles/output.css version=HTTP/1.1}: tower_http::trace::on_request: started processing request
2024-10-07-12:55:39 DEBUG call:call:request{method=GET uri=/static/styles/output.css version=HTTP/1.1}: tower_http::trace::on_response: finished processing request latency=1 ms status=304
2024-10-07-12:55:39 DEBUG call:call:request{method=GET uri=/static/htmx.min.js version=HTTP/1.1}: tower_http::trace::on_request: started processing request
2024-10-07-12:55:39 DEBUG call:call:request{method=GET uri=/static/htmx.min.js version=HTTP/1.1}: tower_http::trace::on_response: finished processing request latency=1 ms status=304
2024-10-07-12:55:39 DEBUG call:call:request{method=GET uri=/static/response-targets.js version=HTTP/1.1}: tower_http::trace::on_request: started processing request
2024-10-07-12:55:39 DEBUG call:call:request{method=GET uri=/static/response-targets.js version=HTTP/1.1}: tower_http::trace::on_response: finished processing request latency=1 ms status=304
2024-10-07-12:55:40 DEBUG call:call:request{method=GET uri=/static/images/favicon/site.webmanifest version=HTTP/1.1}: tower_http::trace::on_request: started processing request
2024-10-07-12:55:40 DEBUG call:call:request{method=GET uri=/static/images/favicon/site.webmanifest version=HTTP/1.1}: tower_http::trace::on_response: finished processing request latency=0 ms status=304
2024-10-07-13:36:30  WARN sqlx_postgres::options::pgpass: Failed to open `.pgpass` file: Os { code: 2, kind: NotFound, message: "No such file or directory" } path=/home/relam/.pgpass
2024-10-07-13:36:30 DEBUG htmx_google_auth::application::http::server: listening on 127.0.0.1:8000
2024-10-07-13:36:38 DEBUG call:call:request{method=GET uri=/sessions/login version=HTTP/1.1}: tower_http::trace::on_request: started processing request
2024-10-07-13:36:38 DEBUG call:call:request{method=GET uri=/sessions/login version=HTTP/1.1}: tower_http::trace::on_response: finished processing request latency=0 ms status=200
2024-10-07-13:36:38 DEBUG call:call:request{method=GET uri=/static/images/favicon/favicon-32x32.png version=HTTP/1.1}: tower_http::trace::on_request: started processing request
2024-10-07-13:36:38 DEBUG call:call:request{method=GET uri=/static/images/favicon/favicon-32x32.png version=HTTP/1.1}: tower_http::trace::on_response: finished processing request latency=1 ms status=304
2024-10-07-13:36:39 DEBUG call:call:request{method=POST uri=/sessions/oauth/google version=HTTP/1.1}: tower_http::trace::on_request: started processing request
2024-10-07-13:36:39 DEBUG call:call:request{method=POST uri=/sessions/oauth/google version=HTTP/1.1}: tower_http::trace::on_response: finished processing request latency=0 ms status=303
2024-10-07-13:36:39 DEBUG call: tower_sessions::service: saving session
2024-10-07-13:36:39 DEBUG call: tower_sessions::service: adding session cookie
2024-10-07-13:36:44 DEBUG call:call:request{method=GET uri=/sessions/oauth/google?state=tSV3CjPUKTNKOxi25DdmYg&code=4%2F0AVG7fiT3GbmtqS6zLN1Qj2jmnJK8jIEW1jvWWfUElG4Lyqx5a1ISmuX1EggixdF-jmcbkw&scope=email+profile+openid+https%3A%2F%2Fwww.googleapis.com%2Fauth%2Fuserinfo.profile+https%3A%2F%2Fwww.googleapis.com%2Fauth%2Fuserinfo.email&authuser=0&hd=richmond-county.k12.va.us&prompt=consent version=HTTP/1.1}: tower_http::trace::on_request: started processing request
2024-10-07-13:36:44 DEBUG hyper::client::connect::dns: resolving host="www.googleapis.com"
2024-10-07-13:36:44 DEBUG call:call:request{method=GET uri=/sessions/oauth/google?state=tSV3CjPUKTNKOxi25DdmYg&code=4%2F0AVG7fiT3GbmtqS6zLN1Qj2jmnJK8jIEW1jvWWfUElG4Lyqx5a1ISmuX1EggixdF-jmcbkw&scope=email+profile+openid+https%3A%2F%2Fwww.googleapis.com%2Fauth%2Fuserinfo.profile+https%3A%2F%2Fwww.googleapis.com%2Fauth%2Fuserinfo.email&authuser=0&hd=richmond-county.k12.va.us&prompt=consent version=HTTP/1.1}:google_oauth_callback:authenticate: hyper::client::connect::http: connecting to 142.251.111.95:443
2024-10-07-13:36:44 DEBUG call:call:request{method=GET uri=/sessions/oauth/google?state=tSV3CjPUKTNKOxi25DdmYg&code=4%2F0AVG7fiT3GbmtqS6zLN1Qj2jmnJK8jIEW1jvWWfUElG4Lyqx5a1ISmuX1EggixdF-jmcbkw&scope=email+profile+openid+https%3A%2F%2Fwww.googleapis.com%2Fauth%2Fuserinfo.profile+https%3A%2F%2Fwww.googleapis.com%2Fauth%2Fuserinfo.email&authuser=0&hd=richmond-county.k12.va.us&prompt=consent version=HTTP/1.1}:google_oauth_callback:authenticate: hyper::client::connect::http: connected to 142.251.111.95:443
2024-10-07-13:36:44 DEBUG call:call:request{method=GET uri=/sessions/oauth/google?state=tSV3CjPUKTNKOxi25DdmYg&code=4%2F0AVG7fiT3GbmtqS6zLN1Qj2jmnJK8jIEW1jvWWfUElG4Lyqx5a1ISmuX1EggixdF-jmcbkw&scope=email+profile+openid+https%3A%2F%2Fwww.googleapis.com%2Fauth%2Fuserinfo.profile+https%3A%2F%2Fwww.googleapis.com%2Fauth%2Fuserinfo.email&authuser=0&hd=richmond-county.k12.va.us&prompt=consent version=HTTP/1.1}:google_oauth_callback:authenticate: h2::client: binding client connection
2024-10-07-13:36:44 DEBUG call:call:request{method=GET uri=/sessions/oauth/google?state=tSV3CjPUKTNKOxi25DdmYg&code=4%2F0AVG7fiT3GbmtqS6zLN1Qj2jmnJK8jIEW1jvWWfUElG4Lyqx5a1ISmuX1EggixdF-jmcbkw&scope=email+profile+openid+https%3A%2F%2Fwww.googleapis.com%2Fauth%2Fuserinfo.profile+https%3A%2F%2Fwww.googleapis.com%2Fauth%2Fuserinfo.email&authuser=0&hd=richmond-county.k12.va.us&prompt=consent version=HTTP/1.1}:google_oauth_callback:authenticate: h2::client: client connection bound
2024-10-07-13:36:44 DEBUG call:call:request{method=GET uri=/sessions/oauth/google?state=tSV3CjPUKTNKOxi25DdmYg&code=4%2F0AVG7fiT3GbmtqS6zLN1Qj2jmnJK8jIEW1jvWWfUElG4Lyqx5a1ISmuX1EggixdF-jmcbkw&scope=email+profile+openid+https%3A%2F%2Fwww.googleapis.com%2Fauth%2Fuserinfo.profile+https%3A%2F%2Fwww.googleapis.com%2Fauth%2Fuserinfo.email&authuser=0&hd=richmond-county.k12.va.us&prompt=consent version=HTTP/1.1}:google_oauth_callback:authenticate: h2::codec::framed_write: send frame=Settings { flags: (0x0), enable_push: 0, initial_window_size: 2097152, max_frame_size: 16384 }
2024-10-07-13:36:44 DEBUG call:call:request{method=GET uri=/sessions/oauth/google?state=tSV3CjPUKTNKOxi25DdmYg&code=4%2F0AVG7fiT3GbmtqS6zLN1Qj2jmnJK8jIEW1jvWWfUElG4Lyqx5a1ISmuX1EggixdF-jmcbkw&scope=email+profile+openid+https%3A%2F%2Fwww.googleapis.com%2Fauth%2Fuserinfo.profile+https%3A%2F%2Fwww.googleapis.com%2Fauth%2Fuserinfo.email&authuser=0&hd=richmond-county.k12.va.us&prompt=consent version=HTTP/1.1}:google_oauth_callback:authenticate:Connection{peer=Client}: h2::codec::framed_write: send frame=WindowUpdate { stream_id: StreamId(0), size_increment: 5177345 }
2024-10-07-13:36:44 DEBUG call:call:request{method=GET uri=/sessions/oauth/google?state=tSV3CjPUKTNKOxi25DdmYg&code=4%2F0AVG7fiT3GbmtqS6zLN1Qj2jmnJK8jIEW1jvWWfUElG4Lyqx5a1ISmuX1EggixdF-jmcbkw&scope=email+profile+openid+https%3A%2F%2Fwww.googleapis.com%2Fauth%2Fuserinfo.profile+https%3A%2F%2Fwww.googleapis.com%2Fauth%2Fuserinfo.email&authuser=0&hd=richmond-county.k12.va.us&prompt=consent version=HTTP/1.1}:google_oauth_callback:authenticate: hyper::client::pool: pooling idle connection for ("https", www.googleapis.com)
2024-10-07-13:36:44 DEBUG call:call:request{method=GET uri=/sessions/oauth/google?state=tSV3CjPUKTNKOxi25DdmYg&code=4%2F0AVG7fiT3GbmtqS6zLN1Qj2jmnJK8jIEW1jvWWfUElG4Lyqx5a1ISmuX1EggixdF-jmcbkw&scope=email+profile+openid+https%3A%2F%2Fwww.googleapis.com%2Fauth%2Fuserinfo.profile+https%3A%2F%2Fwww.googleapis.com%2Fauth%2Fuserinfo.email&authuser=0&hd=richmond-county.k12.va.us&prompt=consent version=HTTP/1.1}:google_oauth_callback:authenticate:Connection{peer=Client}: h2::codec::framed_write: send frame=Headers { stream_id: StreamId(1), flags: (0x4: END_HEADERS) }
2024-10-07-13:36:44 DEBUG call:call:request{method=GET uri=/sessions/oauth/google?state=tSV3CjPUKTNKOxi25DdmYg&code=4%2F0AVG7fiT3GbmtqS6zLN1Qj2jmnJK8jIEW1jvWWfUElG4Lyqx5a1ISmuX1EggixdF-jmcbkw&scope=email+profile+openid+https%3A%2F%2Fwww.googleapis.com%2Fauth%2Fuserinfo.profile+https%3A%2F%2Fwww.googleapis.com%2Fauth%2Fuserinfo.email&authuser=0&hd=richmond-county.k12.va.us&prompt=consent version=HTTP/1.1}:google_oauth_callback:authenticate:Connection{peer=Client}: h2::codec::framed_write: send frame=Data { stream_id: StreamId(1), flags: (0x1: END_STREAM) }
2024-10-07-13:36:44 DEBUG call:call:request{method=GET uri=/sessions/oauth/google?state=tSV3CjPUKTNKOxi25DdmYg&code=4%2F0AVG7fiT3GbmtqS6zLN1Qj2jmnJK8jIEW1jvWWfUElG4Lyqx5a1ISmuX1EggixdF-jmcbkw&scope=email+profile+openid+https%3A%2F%2Fwww.googleapis.com%2Fauth%2Fuserinfo.profile+https%3A%2F%2Fwww.googleapis.com%2Fauth%2Fuserinfo.email&authuser=0&hd=richmond-county.k12.va.us&prompt=consent version=HTTP/1.1}:google_oauth_callback:authenticate:Connection{peer=Client}: h2::codec::framed_read: received frame=Settings { flags: (0x0), max_concurrent_streams: 100, initial_window_size: 1048576, max_header_list_size: 65536 }
2024-10-07-13:36:44 DEBUG call:call:request{method=GET uri=/sessions/oauth/google?state=tSV3CjPUKTNKOxi25DdmYg&code=4%2F0AVG7fiT3GbmtqS6zLN1Qj2jmnJK8jIEW1jvWWfUElG4Lyqx5a1ISmuX1EggixdF-jmcbkw&scope=email+profile+openid+https%3A%2F%2Fwww.googleapis.com%2Fauth%2Fuserinfo.profile+https%3A%2F%2Fwww.googleapis.com%2Fauth%2Fuserinfo.email&authuser=0&hd=richmond-county.k12.va.us&prompt=consent version=HTTP/1.1}:google_oauth_callback:authenticate:Connection{peer=Client}: h2::codec::framed_write: send frame=Settings { flags: (0x1: ACK) }
2024-10-07-13:36:44 DEBUG call:call:request{method=GET uri=/sessions/oauth/google?state=tSV3CjPUKTNKOxi25DdmYg&code=4%2F0AVG7fiT3GbmtqS6zLN1Qj2jmnJK8jIEW1jvWWfUElG4Lyqx5a1ISmuX1EggixdF-jmcbkw&scope=email+profile+openid+https%3A%2F%2Fwww.googleapis.com%2Fauth%2Fuserinfo.profile+https%3A%2F%2Fwww.googleapis.com%2Fauth%2Fuserinfo.email&authuser=0&hd=richmond-county.k12.va.us&prompt=consent version=HTTP/1.1}:google_oauth_callback:authenticate:Connection{peer=Client}: h2::codec::framed_read: received frame=WindowUpdate { stream_id: StreamId(0), size_increment: 983041 }
2024-10-07-13:36:44 DEBUG call:call:request{method=GET uri=/sessions/oauth/google?state=tSV3CjPUKTNKOxi25DdmYg&code=4%2F0AVG7fiT3GbmtqS6zLN1Qj2jmnJK8jIEW1jvWWfUElG4Lyqx5a1ISmuX1EggixdF-jmcbkw&scope=email+profile+openid+https%3A%2F%2Fwww.googleapis.com%2Fauth%2Fuserinfo.profile+https%3A%2F%2Fwww.googleapis.com%2Fauth%2Fuserinfo.email&authuser=0&hd=richmond-county.k12.va.us&prompt=consent version=HTTP/1.1}:google_oauth_callback:authenticate:Connection{peer=Client}: h2::codec::framed_read: received frame=Settings { flags: (0x1: ACK) }
2024-10-07-13:36:44 DEBUG call:call:request{method=GET uri=/sessions/oauth/google?state=tSV3CjPUKTNKOxi25DdmYg&code=4%2F0AVG7fiT3GbmtqS6zLN1Qj2jmnJK8jIEW1jvWWfUElG4Lyqx5a1ISmuX1EggixdF-jmcbkw&scope=email+profile+openid+https%3A%2F%2Fwww.googleapis.com%2Fauth%2Fuserinfo.profile+https%3A%2F%2Fwww.googleapis.com%2Fauth%2Fuserinfo.email&authuser=0&hd=richmond-county.k12.va.us&prompt=consent version=HTTP/1.1}:google_oauth_callback:authenticate:Connection{peer=Client}: h2::proto::settings: received settings ACK; applying Settings { flags: (0x0), enable_push: 0, initial_window_size: 2097152, max_frame_size: 16384 }
2024-10-07-13:36:44 DEBUG call:call:request{method=GET uri=/sessions/oauth/google?state=tSV3CjPUKTNKOxi25DdmYg&code=4%2F0AVG7fiT3GbmtqS6zLN1Qj2jmnJK8jIEW1jvWWfUElG4Lyqx5a1ISmuX1EggixdF-jmcbkw&scope=email+profile+openid+https%3A%2F%2Fwww.googleapis.com%2Fauth%2Fuserinfo.profile+https%3A%2F%2Fwww.googleapis.com%2Fauth%2Fuserinfo.email&authuser=0&hd=richmond-county.k12.va.us&prompt=consent version=HTTP/1.1}:google_oauth_callback:authenticate:Connection{peer=Client}: h2::codec::framed_read: received frame=Headers { stream_id: StreamId(1), flags: (0x4: END_HEADERS) }
2024-10-07-13:36:44 DEBUG call:call:request{method=GET uri=/sessions/oauth/google?state=tSV3CjPUKTNKOxi25DdmYg&code=4%2F0AVG7fiT3GbmtqS6zLN1Qj2jmnJK8jIEW1jvWWfUElG4Lyqx5a1ISmuX1EggixdF-jmcbkw&scope=email+profile+openid+https%3A%2F%2Fwww.googleapis.com%2Fauth%2Fuserinfo.profile+https%3A%2F%2Fwww.googleapis.com%2Fauth%2Fuserinfo.email&authuser=0&hd=richmond-county.k12.va.us&prompt=consent version=HTTP/1.1}:google_oauth_callback:authenticate:Connection{peer=Client}: h2::codec::framed_read: received frame=Data { stream_id: StreamId(1), flags: (0x1: END_STREAM) }
2024-10-07-13:36:44 DEBUG call:call:request{method=GET uri=/sessions/oauth/google?state=tSV3CjPUKTNKOxi25DdmYg&code=4%2F0AVG7fiT3GbmtqS6zLN1Qj2jmnJK8jIEW1jvWWfUElG4Lyqx5a1ISmuX1EggixdF-jmcbkw&scope=email+profile+openid+https%3A%2F%2Fwww.googleapis.com%2Fauth%2Fuserinfo.profile+https%3A%2F%2Fwww.googleapis.com%2Fauth%2Fuserinfo.email&authuser=0&hd=richmond-county.k12.va.us&prompt=consent version=HTTP/1.1}:google_oauth_callback:authenticate:Connection{peer=Client}: h2::codec::framed_read: received frame=Ping { ack: false, payload: [0, 0, 0, 0, 0, 0, 0, 124] }
2024-10-07-13:36:44 DEBUG call:call:request{method=GET uri=/sessions/oauth/google?state=tSV3CjPUKTNKOxi25DdmYg&code=4%2F0AVG7fiT3GbmtqS6zLN1Qj2jmnJK8jIEW1jvWWfUElG4Lyqx5a1ISmuX1EggixdF-jmcbkw&scope=email+profile+openid+https%3A%2F%2Fwww.googleapis.com%2Fauth%2Fuserinfo.profile+https%3A%2F%2Fwww.googleapis.com%2Fauth%2Fuserinfo.email&authuser=0&hd=richmond-county.k12.va.us&prompt=consent version=HTTP/1.1}:google_oauth_callback:authenticate:Connection{peer=Client}: h2::codec::framed_write: send frame=Ping { ack: true, payload: [0, 0, 0, 0, 0, 0, 0, 124] }
2024-10-07-13:36:44 DEBUG call:call:request{method=GET uri=/sessions/oauth/google?state=tSV3CjPUKTNKOxi25DdmYg&code=4%2F0AVG7fiT3GbmtqS6zLN1Qj2jmnJK8jIEW1jvWWfUElG4Lyqx5a1ISmuX1EggixdF-jmcbkw&scope=email+profile+openid+https%3A%2F%2Fwww.googleapis.com%2Fauth%2Fuserinfo.profile+https%3A%2F%2Fwww.googleapis.com%2Fauth%2Fuserinfo.email&authuser=0&hd=richmond-county.k12.va.us&prompt=consent version=HTTP/1.1}:google_oauth_callback:authenticate:Connection{peer=Client}: h2::codec::framed_write: send frame=GoAway { error_code: NO_ERROR, last_stream_id: StreamId(0) }
2024-10-07-13:36:44 DEBUG hyper_util::client::legacy::connect::dns: resolving host="openidconnect.googleapis.com"
2024-10-07-13:36:44 DEBUG call:call:request{method=GET uri=/sessions/oauth/google?state=tSV3CjPUKTNKOxi25DdmYg&code=4%2F0AVG7fiT3GbmtqS6zLN1Qj2jmnJK8jIEW1jvWWfUElG4Lyqx5a1ISmuX1EggixdF-jmcbkw&scope=email+profile+openid+https%3A%2F%2Fwww.googleapis.com%2Fauth%2Fuserinfo.profile+https%3A%2F%2Fwww.googleapis.com%2Fauth%2Fuserinfo.email&authuser=0&hd=richmond-county.k12.va.us&prompt=consent version=HTTP/1.1}:google_oauth_callback:authenticate:Connection{peer=Client}: h2::proto::connection: Connection::poll; connection error error=GoAway(b"", NO_ERROR, Library)
2024-10-07-13:36:44 DEBUG call:call:request{method=GET uri=/sessions/oauth/google?state=tSV3CjPUKTNKOxi25DdmYg&code=4%2F0AVG7fiT3GbmtqS6zLN1Qj2jmnJK8jIEW1jvWWfUElG4Lyqx5a1ISmuX1EggixdF-jmcbkw&scope=email+profile+openid+https%3A%2F%2Fwww.googleapis.com%2Fauth%2Fuserinfo.profile+https%3A%2F%2Fwww.googleapis.com%2Fauth%2Fuserinfo.email&authuser=0&hd=richmond-county.k12.va.us&prompt=consent version=HTTP/1.1}:google_oauth_callback:authenticate: hyper_util::client::legacy::connect::http: connecting to 142.251.163.95:443
2024-10-07-13:36:44 DEBUG call:call:request{method=GET uri=/sessions/oauth/google?state=tSV3CjPUKTNKOxi25DdmYg&code=4%2F0AVG7fiT3GbmtqS6zLN1Qj2jmnJK8jIEW1jvWWfUElG4Lyqx5a1ISmuX1EggixdF-jmcbkw&scope=email+profile+openid+https%3A%2F%2Fwww.googleapis.com%2Fauth%2Fuserinfo.profile+https%3A%2F%2Fwww.googleapis.com%2Fauth%2Fuserinfo.email&authuser=0&hd=richmond-county.k12.va.us&prompt=consent version=HTTP/1.1}:google_oauth_callback:authenticate: hyper_util::client::legacy::connect::http: connected to 142.251.163.95:443
2024-10-07-13:36:44 DEBUG hyper_util::client::legacy::pool: pooling idle connection for ("https", openidconnect.googleapis.com)
2024-10-07-13:36:44 DEBUG call:call:request{method=GET uri=/sessions/oauth/google?state=tSV3CjPUKTNKOxi25DdmYg&code=4%2F0AVG7fiT3GbmtqS6zLN1Qj2jmnJK8jIEW1jvWWfUElG4Lyqx5a1ISmuX1EggixdF-jmcbkw&scope=email+profile+openid+https%3A%2F%2Fwww.googleapis.com%2Fauth%2Fuserinfo.profile+https%3A%2F%2Fwww.googleapis.com%2Fauth%2Fuserinfo.email&authuser=0&hd=richmond-county.k12.va.us&prompt=consent version=HTTP/1.1}:google_oauth_callback:authenticate: sqlx::query: summary="UPDATE users SET picture …" db.statement="\n\nUPDATE\n  users\nSET\n  picture = $1\nWHERE\n  email = $2 RETURNING id,\n  email as \"email: EmailAddress\",\n  name,\n  role as \"role: Role\",\n  picture as \"picture: Picture\"\n" rows_affected=0 rows_returned=1 elapsed=5.768649ms elapsed_secs=0.005768649
2024-10-07-13:36:44 DEBUG call:call:request{method=GET uri=/sessions/oauth/google?state=tSV3CjPUKTNKOxi25DdmYg&code=4%2F0AVG7fiT3GbmtqS6zLN1Qj2jmnJK8jIEW1jvWWfUElG4Lyqx5a1ISmuX1EggixdF-jmcbkw&scope=email+profile+openid+https%3A%2F%2Fwww.googleapis.com%2Fauth%2Fuserinfo.profile+https%3A%2F%2Fwww.googleapis.com%2Fauth%2Fuserinfo.email&authuser=0&hd=richmond-county.k12.va.us&prompt=consent version=HTTP/1.1}:google_oauth_callback:authenticate{user.id="01924420-c754-79e3-8179-d6112cd5c0a4"}: axum_login::session: return=Some(UserDescriptor { id: 01924420-c754-79e3-8179-d6112cd5c0a4, email: EmailAddress("relam@richmond-county.k12.va.us"), name: "Reed Elam", role: Role("admin"), picture: Picture("https://lh3.googleusercontent.com/a/ACg8ocJqi19PSN8nO2FUNXESMcaXu2QehoVb8MorVE1uBtRdH3VR=s96-c") })
2024-10-07-13:36:44 DEBUG call:call:request{method=GET uri=/sessions/oauth/google?state=tSV3CjPUKTNKOxi25DdmYg&code=4%2F0AVG7fiT3GbmtqS6zLN1Qj2jmnJK8jIEW1jvWWfUElG4Lyqx5a1ISmuX1EggixdF-jmcbkw&scope=email+profile+openid+https%3A%2F%2Fwww.googleapis.com%2Fauth%2Fuserinfo.profile+https%3A%2F%2Fwww.googleapis.com%2Fauth%2Fuserinfo.email&authuser=0&hd=richmond-county.k12.va.us&prompt=consent version=HTTP/1.1}:google_oauth_callback:login{user.id="01924420-c754-79e3-8179-d6112cd5c0a4"}: axum_login::session: return=()
2024-10-07-13:36:44 DEBUG call:call:request{method=GET uri=/sessions/oauth/google?state=tSV3CjPUKTNKOxi25DdmYg&code=4%2F0AVG7fiT3GbmtqS6zLN1Qj2jmnJK8jIEW1jvWWfUElG4Lyqx5a1ISmuX1EggixdF-jmcbkw&scope=email+profile+openid+https%3A%2F%2Fwww.googleapis.com%2Fauth%2Fuserinfo.profile+https%3A%2F%2Fwww.googleapis.com%2Fauth%2Fuserinfo.email&authuser=0&hd=richmond-county.k12.va.us&prompt=consent version=HTTP/1.1}: tower_http::trace::on_response: finished processing request latency=222 ms status=303
2024-10-07-13:36:44 DEBUG call: tower_sessions::service: saving session
2024-10-07-13:36:44 DEBUG call: tower_sessions::service: adding session cookie
2024-10-07-13:36:44 DEBUG call:call: sqlx::query: summary="SELECT id, email as …" db.statement="\n\nSELECT\n  id,\n  email as \"email: EmailAddress\",\n  name,\n  role as \"role: Role\",\n  picture as \"picture: Picture\"\nFROM\n  users\nWHERE\n  id = $1\n" rows_affected=0 rows_returned=1 elapsed=4.959684ms elapsed_secs=0.004959684
2024-10-07-13:36:44 DEBUG call:call{user.id="01924420-c754-79e3-8179-d6112cd5c0a4"}:request{method=GET uri=/settings version=HTTP/1.1}: tower_http::trace::on_request: started processing request
2024-10-07-13:36:44 DEBUG call:call{user.id="01924420-c754-79e3-8179-d6112cd5c0a4"}:request{method=GET uri=/settings version=HTTP/1.1}: tower_http::trace::on_response: finished processing request latency=0 ms status=200
2024-10-07-13:36:44 DEBUG call:call: sqlx::query: summary="SELECT id, email as …" db.statement="\n\nSELECT\n  id,\n  email as \"email: EmailAddress\",\n  name,\n  role as \"role: Role\",\n  picture as \"picture: Picture\"\nFROM\n  users\nWHERE\n  id = $1\n" rows_affected=0 rows_returned=1 elapsed=775.29µs elapsed_secs=0.00077529
2024-10-07-13:36:44 DEBUG call:call{user.id="01924420-c754-79e3-8179-d6112cd5c0a4"}:request{method=GET uri=/favicon.ico version=HTTP/1.1}: tower_http::trace::on_request: started processing request
2024-10-07-13:36:44 DEBUG call:call{user.id="01924420-c754-79e3-8179-d6112cd5c0a4"}:request{method=GET uri=/favicon.ico version=HTTP/1.1}: tower_http::trace::on_response: finished processing request latency=0 ms status=404
2024-10-07-13:38:32  WARN sqlx_postgres::options::pgpass: Failed to open `.pgpass` file: Os { code: 2, kind: NotFound, message: "No such file or directory" } path=/home/relam/.pgpass
2024-10-07-13:38:32 DEBUG htmx_google_auth::application::http::server: listening on 127.0.0.1:8000
2024-10-07-13:38:37  WARN call:call:get_record: tower_sessions_core::session: possibly suspicious activity: record not found in store
2024-10-07-13:38:37 DEBUG call:call:request{method=GET uri=/settings version=HTTP/1.1}: tower_http::trace::on_request: started processing request
2024-10-07-13:38:37 DEBUG call:call:request{method=GET uri=/settings version=HTTP/1.1}: tower_http::trace::on_response: finished processing request latency=0 ms status=307
2024-10-07-13:38:37 DEBUG call: tower_sessions::service: removing session cookie
2024-10-07-13:38:37 DEBUG call:call:request{method=GET uri=/sessions/login version=HTTP/1.1}: tower_http::trace::on_request: started processing request
2024-10-07-13:38:37 DEBUG call:call:request{method=GET uri=/sessions/login version=HTTP/1.1}: tower_http::trace::on_response: finished processing request latency=0 ms status=200
2024-10-07-13:38:44 DEBUG call:call:request{method=POST uri=/sessions/login version=HTTP/1.1}: tower_http::trace::on_request: started processing request
2024-10-07-13:38:44 DEBUG call:call:request{method=POST uri=/sessions/login version=HTTP/1.1}:post_login:authenticate: sqlx::query: summary="SELECT id, password_hash as …" db.statement="\n\nSELECT\n  id,\n  password_hash as \"password_hash: PasswordHash\",\n  email as \"email: EmailAddress\",\n  email_verified,\n  name,\n  given_name,\n  family_name,\n  role as \"role: Role\",\n  picture as \"picture: Picture\",\n  created_at,\n  updated_at\nFROM\n  users\nWHERE\n  email = $1\n" rows_affected=0 rows_returned=1 elapsed=3.463768ms elapsed_secs=0.003463768
2024-10-07-13:38:44 DEBUG call:call:request{method=POST uri=/sessions/login version=HTTP/1.1}:post_login:authenticate{user.id="01924420-c754-79e3-8179-d6112cd5c0a4"}: axum_login::session: return=Some(UserDescriptor { id: 01924420-c754-79e3-8179-d6112cd5c0a4, email: EmailAddress("relam@richmond-county.k12.va.us"), name: "Reed Elam", role: Role("admin"), picture: Picture("https://lh3.googleusercontent.com/a/ACg8ocJqi19PSN8nO2FUNXESMcaXu2QehoVb8MorVE1uBtRdH3VR=s96-c") })
2024-10-07-13:38:44 DEBUG call:call:request{method=POST uri=/sessions/login version=HTTP/1.1}:post_login:login{user.id="01924420-c754-79e3-8179-d6112cd5c0a4"}: axum_login::session: return=()
2024-10-07-13:38:44 DEBUG call:call:request{method=POST uri=/sessions/login version=HTTP/1.1}: tower_http::trace::on_response: finished processing request latency=490 ms status=200
2024-10-07-13:38:44 DEBUG call: tower_sessions::service: saving session
2024-10-07-13:38:44 DEBUG call: tower_sessions::service: adding session cookie
2024-10-07-13:38:44 DEBUG call:call: sqlx::query: summary="SELECT id, email as …" db.statement="\n\nSELECT\n  id,\n  email as \"email: EmailAddress\",\n  name,\n  role as \"role: Role\",\n  picture as \"picture: Picture\"\nFROM\n  users\nWHERE\n  id = $1\n" rows_affected=0 rows_returned=1 elapsed=2.127266ms elapsed_secs=0.002127266
2024-10-07-13:38:44 DEBUG call:call{user.id="01924420-c754-79e3-8179-d6112cd5c0a4"}:request{method=GET uri=/settings version=HTTP/1.1}: tower_http::trace::on_request: started processing request
2024-10-07-13:38:44 DEBUG call:call{user.id="01924420-c754-79e3-8179-d6112cd5c0a4"}:request{method=GET uri=/settings version=HTTP/1.1}: tower_http::trace::on_response: finished processing request latency=0 ms status=200
2024-10-07-13:40:34  WARN sqlx_postgres::options::pgpass: Failed to open `.pgpass` file: Os { code: 2, kind: NotFound, message: "No such file or directory" } path=/home/relam/.pgpass
2024-10-07-13:40:34 DEBUG htmx_google_auth::application::http::server: listening on 127.0.0.1:8000
2024-10-07-13:40:42  WARN call:call:get_record: tower_sessions_core::session: possibly suspicious activity: record not found in store
2024-10-07-13:40:42 DEBUG call:call:request{method=GET uri=/settings version=HTTP/1.1}: tower_http::trace::on_request: started processing request
2024-10-07-13:40:42 DEBUG call:call:request{method=GET uri=/settings version=HTTP/1.1}: tower_http::trace::on_response: finished processing request latency=0 ms status=307
2024-10-07-13:40:42 DEBUG call: tower_sessions::service: removing session cookie
2024-10-07-13:40:42 DEBUG call:call:request{method=GET uri=/sessions/login version=HTTP/1.1}: tower_http::trace::on_request: started processing request
2024-10-07-13:40:42 DEBUG call:call:request{method=GET uri=/sessions/login version=HTTP/1.1}: tower_http::trace::on_response: finished processing request latency=0 ms status=200
2024-10-07-13:40:49 DEBUG call:call:request{method=POST uri=/sessions/login version=HTTP/1.1}: tower_http::trace::on_request: started processing request
2024-10-07-13:40:49 DEBUG call:call:request{method=POST uri=/sessions/login version=HTTP/1.1}:post_login:authenticate: sqlx::query: summary="SELECT id, password_hash as …" db.statement="\n\nSELECT\n  id,\n  password_hash as \"password_hash: PasswordHash\",\n  email as \"email: EmailAddress\",\n  email_verified,\n  name,\n  given_name,\n  family_name,\n  role as \"role: Role\",\n  picture as \"picture: Picture\",\n  created_at,\n  updated_at\nFROM\n  users\nWHERE\n  email = $1\n" rows_affected=0 rows_returned=1 elapsed=2.744107ms elapsed_secs=0.002744107
2024-10-07-13:40:49 DEBUG call:call:request{method=POST uri=/sessions/login version=HTTP/1.1}:post_login:authenticate{user.id="01924420-c754-79e3-8179-d6112cd5c0a4"}: axum_login::session: return=Some(UserDescriptor { id: 01924420-c754-79e3-8179-d6112cd5c0a4, email: EmailAddress("relam@richmond-county.k12.va.us"), name: "Reed Elam", role: Role("admin"), picture: Picture("https://lh3.googleusercontent.com/a/ACg8ocJqi19PSN8nO2FUNXESMcaXu2QehoVb8MorVE1uBtRdH3VR=s96-c") })
2024-10-07-13:40:49 DEBUG call:call:request{method=POST uri=/sessions/login version=HTTP/1.1}:post_login:login{user.id="01924420-c754-79e3-8179-d6112cd5c0a4"}: axum_login::session: return=()
2024-10-07-13:40:49 DEBUG call:call:request{method=POST uri=/sessions/login version=HTTP/1.1}: tower_http::trace::on_response: finished processing request latency=431 ms status=200
2024-10-07-13:40:49 DEBUG call: tower_sessions::service: saving session
2024-10-07-13:40:49 DEBUG call: tower_sessions::service: adding session cookie
2024-10-07-13:40:49 DEBUG call:call: sqlx::query: summary="SELECT id, email as …" db.statement="\n\nSELECT\n  id,\n  email as \"email: EmailAddress\",\n  name,\n  role as \"role: Role\",\n  picture as \"picture: Picture\"\nFROM\n  users\nWHERE\n  id = $1\n" rows_affected=0 rows_returned=1 elapsed=3.027933ms elapsed_secs=0.003027933
2024-10-07-13:40:49 DEBUG call:call{user.id="01924420-c754-79e3-8179-d6112cd5c0a4"}:request{method=GET uri=/settings version=HTTP/1.1}: tower_http::trace::on_request: started processing request
2024-10-07-13:40:49 DEBUG call:call{user.id="01924420-c754-79e3-8179-d6112cd5c0a4"}:request{method=GET uri=/settings version=HTTP/1.1}: tower_http::trace::on_response: finished processing request latency=0 ms status=200
2024-10-07-13:40:56 DEBUG call:call: sqlx::query: summary="SELECT id, email as …" db.statement="\n\nSELECT\n  id,\n  email as \"email: EmailAddress\",\n  name,\n  role as \"role: Role\",\n  picture as \"picture: Picture\"\nFROM\n  users\nWHERE\n  id = $1\n" rows_affected=0 rows_returned=1 elapsed=1.421408ms elapsed_secs=0.001421408
2024-10-07-13:40:56 DEBUG call:call{user.id="01924420-c754-79e3-8179-d6112cd5c0a4"}:request{method=GET uri=/settings version=HTTP/1.1}: tower_http::trace::on_request: started processing request
2024-10-07-13:40:56 DEBUG call:call{user.id="01924420-c754-79e3-8179-d6112cd5c0a4"}:request{method=GET uri=/settings version=HTTP/1.1}: tower_http::trace::on_response: finished processing request latency=0 ms status=200
2024-10-07-13:41:01 DEBUG call:call: sqlx::query: summary="SELECT id, email as …" db.statement="\n\nSELECT\n  id,\n  email as \"email: EmailAddress\",\n  name,\n  role as \"role: Role\",\n  picture as \"picture: Picture\"\nFROM\n  users\nWHERE\n  id = $1\n" rows_affected=0 rows_returned=1 elapsed=1.207629ms elapsed_secs=0.001207629
2024-10-07-13:41:01 DEBUG call:call{user.id="01924420-c754-79e3-8179-d6112cd5c0a4"}:request{method=GET uri=/settings version=HTTP/1.1}: tower_http::trace::on_request: started processing request
2024-10-07-13:41:01 DEBUG call:call{user.id="01924420-c754-79e3-8179-d6112cd5c0a4"}:request{method=GET uri=/settings version=HTTP/1.1}: tower_http::trace::on_response: finished processing request latency=0 ms status=200
2024-10-07-13:41:01 DEBUG call:call: sqlx::query: summary="SELECT id, email as …" db.statement="\n\nSELECT\n  id,\n  email as \"email: EmailAddress\",\n  name,\n  role as \"role: Role\",\n  picture as \"picture: Picture\"\nFROM\n  users\nWHERE\n  id = $1\n" rows_affected=0 rows_returned=1 elapsed=960.672µs elapsed_secs=0.000960672
2024-10-07-13:41:01 DEBUG call:call{user.id="01924420-c754-79e3-8179-d6112cd5c0a4"}:request{method=GET uri=/static/htmx.min.js version=HTTP/1.1}: tower_http::trace::on_request: started processing request
2024-10-07-13:41:01 DEBUG call:call{user.id="01924420-c754-79e3-8179-d6112cd5c0a4"}:request{method=GET uri=/static/htmx.min.js version=HTTP/1.1}: tower_http::trace::on_response: finished processing request latency=1 ms status=200
2024-10-07-13:41:01 DEBUG call:call: sqlx::query: summary="SELECT id, email as …" db.statement="\n\nSELECT\n  id,\n  email as \"email: EmailAddress\",\n  name,\n  role as \"role: Role\",\n  picture as \"picture: Picture\"\nFROM\n  users\nWHERE\n  id = $1\n" rows_affected=0 rows_returned=1 elapsed=2.430206ms elapsed_secs=0.002430206
2024-10-07-13:41:01 DEBUG call:call{user.id="01924420-c754-79e3-8179-d6112cd5c0a4"}:request{method=GET uri=/static/response-targets.js version=HTTP/1.1}: tower_http::trace::on_request: started processing request
2024-10-07-13:41:01 DEBUG call:call{user.id="01924420-c754-79e3-8179-d6112cd5c0a4"}:request{method=GET uri=/static/response-targets.js version=HTTP/1.1}: tower_http::trace::on_response: finished processing request latency=1 ms status=200
2024-10-07-13:41:01 DEBUG call:call: sqlx::query: summary="SELECT id, email as …" db.statement="\n\nSELECT\n  id,\n  email as \"email: EmailAddress\",\n  name,\n  role as \"role: Role\",\n  picture as \"picture: Picture\"\nFROM\n  users\nWHERE\n  id = $1\n" rows_affected=0 rows_returned=1 elapsed=795.224µs elapsed_secs=0.000795224
2024-10-07-13:41:01 DEBUG call:call{user.id="01924420-c754-79e3-8179-d6112cd5c0a4"}:request{method=GET uri=/static/styles/output.css version=HTTP/1.1}: tower_http::trace::on_request: started processing request
2024-10-07-13:41:01 DEBUG call:call{user.id="01924420-c754-79e3-8179-d6112cd5c0a4"}:request{method=GET uri=/static/styles/output.css version=HTTP/1.1}: tower_http::trace::on_response: finished processing request latency=0 ms status=200
2024-10-07-13:41:01 DEBUG call:call: sqlx::query: summary="SELECT id, email as …" db.statement="\n\nSELECT\n  id,\n  email as \"email: EmailAddress\",\n  name,\n  role as \"role: Role\",\n  picture as \"picture: Picture\"\nFROM\n  users\nWHERE\n  id = $1\n" rows_affected=0 rows_returned=1 elapsed=710.425µs elapsed_secs=0.000710425
2024-10-07-13:41:01 DEBUG call:call{user.id="01924420-c754-79e3-8179-d6112cd5c0a4"}:request{method=GET uri=/static/images/rcps-logo.webp version=HTTP/1.1}: tower_http::trace::on_request: started processing request
2024-10-07-13:41:01 DEBUG call:call{user.id="01924420-c754-79e3-8179-d6112cd5c0a4"}:request{method=GET uri=/static/images/rcps-logo.webp version=HTTP/1.1}: tower_http::trace::on_response: finished processing request latency=0 ms status=200
2024-10-07-13:41:01 DEBUG call:call: sqlx::query: summary="SELECT id, email as …" db.statement="\n\nSELECT\n  id,\n  email as \"email: EmailAddress\",\n  name,\n  role as \"role: Role\",\n  picture as \"picture: Picture\"\nFROM\n  users\nWHERE\n  id = $1\n" rows_affected=0 rows_returned=1 elapsed=635.235µs elapsed_secs=0.000635235
2024-10-07-13:41:01 DEBUG call:call{user.id="01924420-c754-79e3-8179-d6112cd5c0a4"}:request{method=GET uri=/favicon.ico version=HTTP/1.1}: tower_http::trace::on_request: started processing request
2024-10-07-13:41:01 DEBUG call:call{user.id="01924420-c754-79e3-8179-d6112cd5c0a4"}:request{method=GET uri=/favicon.ico version=HTTP/1.1}: tower_http::trace::on_response: finished processing request latency=0 ms status=404
2024-10-07-14:51:57  WARN sqlx_postgres::options::pgpass: Failed to open `.pgpass` file: Os { code: 2, kind: NotFound, message: "No such file or directory" } path=/home/relam/.pgpass
2024-10-07-14:51:57 DEBUG htmx_google_auth::application::http::server: listening on 127.0.0.1:8000
2024-10-07-14:52:05  WARN call:call:get_record: tower_sessions_core::session: possibly suspicious activity: record not found in store
2024-10-07-14:52:05 DEBUG call:call:request{method=GET uri=/settings version=HTTP/1.1}: tower_http::trace::on_request: started processing request
2024-10-07-14:52:05 DEBUG call:call:request{method=GET uri=/settings version=HTTP/1.1}: tower_http::trace::on_response: finished processing request latency=0 ms status=307
2024-10-07-14:52:05 DEBUG call: tower_sessions::service: removing session cookie
2024-10-07-14:52:05 DEBUG call:call:request{method=GET uri=/sessions/login version=HTTP/1.1}: tower_http::trace::on_request: started processing request
2024-10-07-14:52:05 DEBUG call:call:request{method=GET uri=/sessions/login version=HTTP/1.1}: tower_http::trace::on_response: finished processing request latency=0 ms status=200
2024-10-07-14:52:05 DEBUG call:call:request{method=GET uri=/static/styles/output.css version=HTTP/1.1}: tower_http::trace::on_request: started processing request
2024-10-07-14:52:05 DEBUG call:call:request{method=GET uri=/static/styles/output.css version=HTTP/1.1}: tower_http::trace::on_response: finished processing request latency=1 ms status=304
2024-10-07-14:52:08 DEBUG call:call:request{method=POST uri=/sessions/oauth/google version=HTTP/1.1}: tower_http::trace::on_request: started processing request
2024-10-07-14:52:08 DEBUG call:call:request{method=POST uri=/sessions/oauth/google version=HTTP/1.1}: tower_http::trace::on_response: finished processing request latency=1 ms status=303
2024-10-07-14:52:08 DEBUG call: tower_sessions::service: saving session
2024-10-07-14:52:08 DEBUG call: tower_sessions::service: adding session cookie
2024-10-07-14:52:11 DEBUG call:call:request{method=GET uri=/sessions/oauth/google?state=EKEIy1ePmbFXmzpM1paDwg&code=4%2F0AVG7fiQ7f3HoEgoAkoe_3rL-nCQTTEj116Ie4cgg9OM62aMjLHCmJNOA42Uxq9z2PtxScw&scope=email+profile+openid+https%3A%2F%2Fwww.googleapis.com%2Fauth%2Fuserinfo.profile+https%3A%2F%2Fwww.googleapis.com%2Fauth%2Fuserinfo.email&authuser=0&hd=richmond-county.k12.va.us&prompt=consent version=HTTP/1.1}: tower_http::trace::on_request: started processing request
2024-10-07-14:52:11 DEBUG hyper::client::connect::dns: resolving host="www.googleapis.com"
2024-10-07-14:52:11 DEBUG call:call:request{method=GET uri=/sessions/oauth/google?state=EKEIy1ePmbFXmzpM1paDwg&code=4%2F0AVG7fiQ7f3HoEgoAkoe_3rL-nCQTTEj116Ie4cgg9OM62aMjLHCmJNOA42Uxq9z2PtxScw&scope=email+profile+openid+https%3A%2F%2Fwww.googleapis.com%2Fauth%2Fuserinfo.profile+https%3A%2F%2Fwww.googleapis.com%2Fauth%2Fuserinfo.email&authuser=0&hd=richmond-county.k12.va.us&prompt=consent version=HTTP/1.1}:google_oauth_callback:authenticate: hyper::client::connect::http: connecting to 172.253.122.95:443
2024-10-07-14:52:11 DEBUG call:call:request{method=GET uri=/sessions/oauth/google?state=EKEIy1ePmbFXmzpM1paDwg&code=4%2F0AVG7fiQ7f3HoEgoAkoe_3rL-nCQTTEj116Ie4cgg9OM62aMjLHCmJNOA42Uxq9z2PtxScw&scope=email+profile+openid+https%3A%2F%2Fwww.googleapis.com%2Fauth%2Fuserinfo.profile+https%3A%2F%2Fwww.googleapis.com%2Fauth%2Fuserinfo.email&authuser=0&hd=richmond-county.k12.va.us&prompt=consent version=HTTP/1.1}:google_oauth_callback:authenticate: hyper::client::connect::http: connected to 172.253.122.95:443
2024-10-07-14:52:11 DEBUG call:call:request{method=GET uri=/sessions/oauth/google?state=EKEIy1ePmbFXmzpM1paDwg&code=4%2F0AVG7fiQ7f3HoEgoAkoe_3rL-nCQTTEj116Ie4cgg9OM62aMjLHCmJNOA42Uxq9z2PtxScw&scope=email+profile+openid+https%3A%2F%2Fwww.googleapis.com%2Fauth%2Fuserinfo.profile+https%3A%2F%2Fwww.googleapis.com%2Fauth%2Fuserinfo.email&authuser=0&hd=richmond-county.k12.va.us&prompt=consent version=HTTP/1.1}:google_oauth_callback:authenticate: h2::client: binding client connection
2024-10-07-14:52:11 DEBUG call:call:request{method=GET uri=/sessions/oauth/google?state=EKEIy1ePmbFXmzpM1paDwg&code=4%2F0AVG7fiQ7f3HoEgoAkoe_3rL-nCQTTEj116Ie4cgg9OM62aMjLHCmJNOA42Uxq9z2PtxScw&scope=email+profile+openid+https%3A%2F%2Fwww.googleapis.com%2Fauth%2Fuserinfo.profile+https%3A%2F%2Fwww.googleapis.com%2Fauth%2Fuserinfo.email&authuser=0&hd=richmond-county.k12.va.us&prompt=consent version=HTTP/1.1}:google_oauth_callback:authenticate: h2::client: client connection bound
2024-10-07-14:52:11 DEBUG call:call:request{method=GET uri=/sessions/oauth/google?state=EKEIy1ePmbFXmzpM1paDwg&code=4%2F0AVG7fiQ7f3HoEgoAkoe_3rL-nCQTTEj116Ie4cgg9OM62aMjLHCmJNOA42Uxq9z2PtxScw&scope=email+profile+openid+https%3A%2F%2Fwww.googleapis.com%2Fauth%2Fuserinfo.profile+https%3A%2F%2Fwww.googleapis.com%2Fauth%2Fuserinfo.email&authuser=0&hd=richmond-county.k12.va.us&prompt=consent version=HTTP/1.1}:google_oauth_callback:authenticate: h2::codec::framed_write: send frame=Settings { flags: (0x0), enable_push: 0, initial_window_size: 2097152, max_frame_size: 16384 }
2024-10-07-14:52:11 DEBUG call:call:request{method=GET uri=/sessions/oauth/google?state=EKEIy1ePmbFXmzpM1paDwg&code=4%2F0AVG7fiQ7f3HoEgoAkoe_3rL-nCQTTEj116Ie4cgg9OM62aMjLHCmJNOA42Uxq9z2PtxScw&scope=email+profile+openid+https%3A%2F%2Fwww.googleapis.com%2Fauth%2Fuserinfo.profile+https%3A%2F%2Fwww.googleapis.com%2Fauth%2Fuserinfo.email&authuser=0&hd=richmond-county.k12.va.us&prompt=consent version=HTTP/1.1}:google_oauth_callback:authenticate: hyper::client::pool: pooling idle connection for ("https", www.googleapis.com)
2024-10-07-14:52:11 DEBUG call:call:request{method=GET uri=/sessions/oauth/google?state=EKEIy1ePmbFXmzpM1paDwg&code=4%2F0AVG7fiQ7f3HoEgoAkoe_3rL-nCQTTEj116Ie4cgg9OM62aMjLHCmJNOA42Uxq9z2PtxScw&scope=email+profile+openid+https%3A%2F%2Fwww.googleapis.com%2Fauth%2Fuserinfo.profile+https%3A%2F%2Fwww.googleapis.com%2Fauth%2Fuserinfo.email&authuser=0&hd=richmond-county.k12.va.us&prompt=consent version=HTTP/1.1}:google_oauth_callback:authenticate:Connection{peer=Client}: h2::codec::framed_write: send frame=WindowUpdate { stream_id: StreamId(0), size_increment: 5177345 }
2024-10-07-14:52:11 DEBUG call:call:request{method=GET uri=/sessions/oauth/google?state=EKEIy1ePmbFXmzpM1paDwg&code=4%2F0AVG7fiQ7f3HoEgoAkoe_3rL-nCQTTEj116Ie4cgg9OM62aMjLHCmJNOA42Uxq9z2PtxScw&scope=email+profile+openid+https%3A%2F%2Fwww.googleapis.com%2Fauth%2Fuserinfo.profile+https%3A%2F%2Fwww.googleapis.com%2Fauth%2Fuserinfo.email&authuser=0&hd=richmond-county.k12.va.us&prompt=consent version=HTTP/1.1}:google_oauth_callback:authenticate:Connection{peer=Client}: h2::codec::framed_write: send frame=Headers { stream_id: StreamId(1), flags: (0x4: END_HEADERS) }
2024-10-07-14:52:11 DEBUG call:call:request{method=GET uri=/sessions/oauth/google?state=EKEIy1ePmbFXmzpM1paDwg&code=4%2F0AVG7fiQ7f3HoEgoAkoe_3rL-nCQTTEj116Ie4cgg9OM62aMjLHCmJNOA42Uxq9z2PtxScw&scope=email+profile+openid+https%3A%2F%2Fwww.googleapis.com%2Fauth%2Fuserinfo.profile+https%3A%2F%2Fwww.googleapis.com%2Fauth%2Fuserinfo.email&authuser=0&hd=richmond-county.k12.va.us&prompt=consent version=HTTP/1.1}:google_oauth_callback:authenticate:Connection{peer=Client}: h2::codec::framed_write: send frame=Data { stream_id: StreamId(1), flags: (0x1: END_STREAM) }
2024-10-07-14:52:11 DEBUG call:call:request{method=GET uri=/sessions/oauth/google?state=EKEIy1ePmbFXmzpM1paDwg&code=4%2F0AVG7fiQ7f3HoEgoAkoe_3rL-nCQTTEj116Ie4cgg9OM62aMjLHCmJNOA42Uxq9z2PtxScw&scope=email+profile+openid+https%3A%2F%2Fwww.googleapis.com%2Fauth%2Fuserinfo.profile+https%3A%2F%2Fwww.googleapis.com%2Fauth%2Fuserinfo.email&authuser=0&hd=richmond-county.k12.va.us&prompt=consent version=HTTP/1.1}:google_oauth_callback:authenticate:Connection{peer=Client}: h2::codec::framed_read: received frame=Settings { flags: (0x0), max_concurrent_streams: 100, initial_window_size: 1048576, max_header_list_size: 65536 }
2024-10-07-14:52:11 DEBUG call:call:request{method=GET uri=/sessions/oauth/google?state=EKEIy1ePmbFXmzpM1paDwg&code=4%2F0AVG7fiQ7f3HoEgoAkoe_3rL-nCQTTEj116Ie4cgg9OM62aMjLHCmJNOA42Uxq9z2PtxScw&scope=email+profile+openid+https%3A%2F%2Fwww.googleapis.com%2Fauth%2Fuserinfo.profile+https%3A%2F%2Fwww.googleapis.com%2Fauth%2Fuserinfo.email&authuser=0&hd=richmond-county.k12.va.us&prompt=consent version=HTTP/1.1}:google_oauth_callback:authenticate:Connection{peer=Client}: h2::codec::framed_write: send frame=Settings { flags: (0x1: ACK) }
2024-10-07-14:52:11 DEBUG call:call:request{method=GET uri=/sessions/oauth/google?state=EKEIy1ePmbFXmzpM1paDwg&code=4%2F0AVG7fiQ7f3HoEgoAkoe_3rL-nCQTTEj116Ie4cgg9OM62aMjLHCmJNOA42Uxq9z2PtxScw&scope=email+profile+openid+https%3A%2F%2Fwww.googleapis.com%2Fauth%2Fuserinfo.profile+https%3A%2F%2Fwww.googleapis.com%2Fauth%2Fuserinfo.email&authuser=0&hd=richmond-county.k12.va.us&prompt=consent version=HTTP/1.1}:google_oauth_callback:authenticate:Connection{peer=Client}: h2::codec::framed_read: received frame=WindowUpdate { stream_id: StreamId(0), size_increment: 983041 }
2024-10-07-14:52:11 DEBUG call:call:request{method=GET uri=/sessions/oauth/google?state=EKEIy1ePmbFXmzpM1paDwg&code=4%2F0AVG7fiQ7f3HoEgoAkoe_3rL-nCQTTEj116Ie4cgg9OM62aMjLHCmJNOA42Uxq9z2PtxScw&scope=email+profile+openid+https%3A%2F%2Fwww.googleapis.com%2Fauth%2Fuserinfo.profile+https%3A%2F%2Fwww.googleapis.com%2Fauth%2Fuserinfo.email&authuser=0&hd=richmond-county.k12.va.us&prompt=consent version=HTTP/1.1}:google_oauth_callback:authenticate:Connection{peer=Client}: h2::codec::framed_read: received frame=Settings { flags: (0x1: ACK) }
2024-10-07-14:52:11 DEBUG call:call:request{method=GET uri=/sessions/oauth/google?state=EKEIy1ePmbFXmzpM1paDwg&code=4%2F0AVG7fiQ7f3HoEgoAkoe_3rL-nCQTTEj116Ie4cgg9OM62aMjLHCmJNOA42Uxq9z2PtxScw&scope=email+profile+openid+https%3A%2F%2Fwww.googleapis.com%2Fauth%2Fuserinfo.profile+https%3A%2F%2Fwww.googleapis.com%2Fauth%2Fuserinfo.email&authuser=0&hd=richmond-county.k12.va.us&prompt=consent version=HTTP/1.1}:google_oauth_callback:authenticate:Connection{peer=Client}: h2::proto::settings: received settings ACK; applying Settings { flags: (0x0), enable_push: 0, initial_window_size: 2097152, max_frame_size: 16384 }
2024-10-07-14:52:11 DEBUG call:call:request{method=GET uri=/sessions/oauth/google?state=EKEIy1ePmbFXmzpM1paDwg&code=4%2F0AVG7fiQ7f3HoEgoAkoe_3rL-nCQTTEj116Ie4cgg9OM62aMjLHCmJNOA42Uxq9z2PtxScw&scope=email+profile+openid+https%3A%2F%2Fwww.googleapis.com%2Fauth%2Fuserinfo.profile+https%3A%2F%2Fwww.googleapis.com%2Fauth%2Fuserinfo.email&authuser=0&hd=richmond-county.k12.va.us&prompt=consent version=HTTP/1.1}:google_oauth_callback:authenticate:Connection{peer=Client}: h2::codec::framed_read: received frame=Headers { stream_id: StreamId(1), flags: (0x4: END_HEADERS) }
2024-10-07-14:52:11 DEBUG call:call:request{method=GET uri=/sessions/oauth/google?state=EKEIy1ePmbFXmzpM1paDwg&code=4%2F0AVG7fiQ7f3HoEgoAkoe_3rL-nCQTTEj116Ie4cgg9OM62aMjLHCmJNOA42Uxq9z2PtxScw&scope=email+profile+openid+https%3A%2F%2Fwww.googleapis.com%2Fauth%2Fuserinfo.profile+https%3A%2F%2Fwww.googleapis.com%2Fauth%2Fuserinfo.email&authuser=0&hd=richmond-county.k12.va.us&prompt=consent version=HTTP/1.1}:google_oauth_callback:authenticate:Connection{peer=Client}: h2::codec::framed_read: received frame=Data { stream_id: StreamId(1), flags: (0x1: END_STREAM) }
2024-10-07-14:52:11 DEBUG call:call:request{method=GET uri=/sessions/oauth/google?state=EKEIy1ePmbFXmzpM1paDwg&code=4%2F0AVG7fiQ7f3HoEgoAkoe_3rL-nCQTTEj116Ie4cgg9OM62aMjLHCmJNOA42Uxq9z2PtxScw&scope=email+profile+openid+https%3A%2F%2Fwww.googleapis.com%2Fauth%2Fuserinfo.profile+https%3A%2F%2Fwww.googleapis.com%2Fauth%2Fuserinfo.email&authuser=0&hd=richmond-county.k12.va.us&prompt=consent version=HTTP/1.1}:google_oauth_callback:authenticate:Connection{peer=Client}: h2::codec::framed_read: received frame=Ping { ack: false, payload: [0, 0, 0, 0, 0, 0, 2, 72] }
2024-10-07-14:52:11 DEBUG call:call:request{method=GET uri=/sessions/oauth/google?state=EKEIy1ePmbFXmzpM1paDwg&code=4%2F0AVG7fiQ7f3HoEgoAkoe_3rL-nCQTTEj116Ie4cgg9OM62aMjLHCmJNOA42Uxq9z2PtxScw&scope=email+profile+openid+https%3A%2F%2Fwww.googleapis.com%2Fauth%2Fuserinfo.profile+https%3A%2F%2Fwww.googleapis.com%2Fauth%2Fuserinfo.email&authuser=0&hd=richmond-county.k12.va.us&prompt=consent version=HTTP/1.1}:google_oauth_callback:authenticate:Connection{peer=Client}: h2::codec::framed_write: send frame=Ping { ack: true, payload: [0, 0, 0, 0, 0, 0, 2, 72] }
2024-10-07-14:52:11 DEBUG call:call:request{method=GET uri=/sessions/oauth/google?state=EKEIy1ePmbFXmzpM1paDwg&code=4%2F0AVG7fiQ7f3HoEgoAkoe_3rL-nCQTTEj116Ie4cgg9OM62aMjLHCmJNOA42Uxq9z2PtxScw&scope=email+profile+openid+https%3A%2F%2Fwww.googleapis.com%2Fauth%2Fuserinfo.profile+https%3A%2F%2Fwww.googleapis.com%2Fauth%2Fuserinfo.email&authuser=0&hd=richmond-county.k12.va.us&prompt=consent version=HTTP/1.1}:google_oauth_callback:authenticate:Connection{peer=Client}: h2::codec::framed_write: send frame=GoAway { error_code: NO_ERROR, last_stream_id: StreamId(0) }
2024-10-07-14:52:11 DEBUG call:call:request{method=GET uri=/sessions/oauth/google?state=EKEIy1ePmbFXmzpM1paDwg&code=4%2F0AVG7fiQ7f3HoEgoAkoe_3rL-nCQTTEj116Ie4cgg9OM62aMjLHCmJNOA42Uxq9z2PtxScw&scope=email+profile+openid+https%3A%2F%2Fwww.googleapis.com%2Fauth%2Fuserinfo.profile+https%3A%2F%2Fwww.googleapis.com%2Fauth%2Fuserinfo.email&authuser=0&hd=richmond-county.k12.va.us&prompt=consent version=HTTP/1.1}:google_oauth_callback:authenticate:Connection{peer=Client}: h2::proto::connection: Connection::poll; connection error error=GoAway(b"", NO_ERROR, Library)
2024-10-07-14:52:11 DEBUG hyper_util::client::legacy::connect::dns: resolving host="openidconnect.googleapis.com"
2024-10-07-14:52:11 DEBUG call:call:request{method=GET uri=/sessions/oauth/google?state=EKEIy1ePmbFXmzpM1paDwg&code=4%2F0AVG7fiQ7f3HoEgoAkoe_3rL-nCQTTEj116Ie4cgg9OM62aMjLHCmJNOA42Uxq9z2PtxScw&scope=email+profile+openid+https%3A%2F%2Fwww.googleapis.com%2Fauth%2Fuserinfo.profile+https%3A%2F%2Fwww.googleapis.com%2Fauth%2Fuserinfo.email&authuser=0&hd=richmond-county.k12.va.us&prompt=consent version=HTTP/1.1}:google_oauth_callback:authenticate: hyper_util::client::legacy::connect::http: connecting to 142.251.111.95:443
2024-10-07-14:52:11 DEBUG call:call:request{method=GET uri=/sessions/oauth/google?state=EKEIy1ePmbFXmzpM1paDwg&code=4%2F0AVG7fiQ7f3HoEgoAkoe_3rL-nCQTTEj116Ie4cgg9OM62aMjLHCmJNOA42Uxq9z2PtxScw&scope=email+profile+openid+https%3A%2F%2Fwww.googleapis.com%2Fauth%2Fuserinfo.profile+https%3A%2F%2Fwww.googleapis.com%2Fauth%2Fuserinfo.email&authuser=0&hd=richmond-county.k12.va.us&prompt=consent version=HTTP/1.1}:google_oauth_callback:authenticate: hyper_util::client::legacy::connect::http: connected to 142.251.111.95:443
2024-10-07-14:52:11 DEBUG hyper_util::client::legacy::pool: pooling idle connection for ("https", openidconnect.googleapis.com)
2024-10-07-14:52:11 DEBUG call:call:request{method=GET uri=/sessions/oauth/google?state=EKEIy1ePmbFXmzpM1paDwg&code=4%2F0AVG7fiQ7f3HoEgoAkoe_3rL-nCQTTEj116Ie4cgg9OM62aMjLHCmJNOA42Uxq9z2PtxScw&scope=email+profile+openid+https%3A%2F%2Fwww.googleapis.com%2Fauth%2Fuserinfo.profile+https%3A%2F%2Fwww.googleapis.com%2Fauth%2Fuserinfo.email&authuser=0&hd=richmond-county.k12.va.us&prompt=consent version=HTTP/1.1}:google_oauth_callback:authenticate: sqlx::query: summary="UPDATE users SET picture …" db.statement="\n\nUPDATE\n  users\nSET\n  picture = $1\nWHERE\n  email = $2 RETURNING id,\n  email as \"email: EmailAddress\",\n  name,\n  role as \"role: Role\",\n  picture as \"picture: Picture\"\n" rows_affected=0 rows_returned=1 elapsed=4.994719ms elapsed_secs=0.004994719
2024-10-07-14:52:11 DEBUG call:call:request{method=GET uri=/sessions/oauth/google?state=EKEIy1ePmbFXmzpM1paDwg&code=4%2F0AVG7fiQ7f3HoEgoAkoe_3rL-nCQTTEj116Ie4cgg9OM62aMjLHCmJNOA42Uxq9z2PtxScw&scope=email+profile+openid+https%3A%2F%2Fwww.googleapis.com%2Fauth%2Fuserinfo.profile+https%3A%2F%2Fwww.googleapis.com%2Fauth%2Fuserinfo.email&authuser=0&hd=richmond-county.k12.va.us&prompt=consent version=HTTP/1.1}:google_oauth_callback:authenticate{user.id="01924420-c754-79e3-8179-d6112cd5c0a4"}: axum_login::session: return=Some(UserDescriptor { id: 01924420-c754-79e3-8179-d6112cd5c0a4, email: EmailAddress("relam@richmond-county.k12.va.us"), name: "Reed Elam", role: Role("admin"), picture: Picture("https://lh3.googleusercontent.com/a/ACg8ocJqi19PSN8nO2FUNXESMcaXu2QehoVb8MorVE1uBtRdH3VR=s96-c") })
2024-10-07-14:52:11 DEBUG call:call:request{method=GET uri=/sessions/oauth/google?state=EKEIy1ePmbFXmzpM1paDwg&code=4%2F0AVG7fiQ7f3HoEgoAkoe_3rL-nCQTTEj116Ie4cgg9OM62aMjLHCmJNOA42Uxq9z2PtxScw&scope=email+profile+openid+https%3A%2F%2Fwww.googleapis.com%2Fauth%2Fuserinfo.profile+https%3A%2F%2Fwww.googleapis.com%2Fauth%2Fuserinfo.email&authuser=0&hd=richmond-county.k12.va.us&prompt=consent version=HTTP/1.1}:google_oauth_callback:login{user.id="01924420-c754-79e3-8179-d6112cd5c0a4"}: axum_login::session: return=()
2024-10-07-14:52:11 DEBUG call:call:request{method=GET uri=/sessions/oauth/google?state=EKEIy1ePmbFXmzpM1paDwg&code=4%2F0AVG7fiQ7f3HoEgoAkoe_3rL-nCQTTEj116Ie4cgg9OM62aMjLHCmJNOA42Uxq9z2PtxScw&scope=email+profile+openid+https%3A%2F%2Fwww.googleapis.com%2Fauth%2Fuserinfo.profile+https%3A%2F%2Fwww.googleapis.com%2Fauth%2Fuserinfo.email&authuser=0&hd=richmond-county.k12.va.us&prompt=consent version=HTTP/1.1}: tower_http::trace::on_response: finished processing request latency=246 ms status=303
2024-10-07-14:52:11 DEBUG call: tower_sessions::service: saving session
2024-10-07-14:52:11 DEBUG call: tower_sessions::service: adding session cookie
2024-10-07-14:52:11 DEBUG call:call: sqlx::query: summary="SELECT id, email as …" db.statement="\n\nSELECT\n  id,\n  email as \"email: EmailAddress\",\n  name,\n  role as \"role: Role\",\n  picture as \"picture: Picture\"\nFROM\n  users\nWHERE\n  id = $1\n" rows_affected=0 rows_returned=1 elapsed=1.788701ms elapsed_secs=0.001788701
2024-10-07-14:52:11 DEBUG call:call{user.id="01924420-c754-79e3-8179-d6112cd5c0a4"}:request{method=GET uri=/settings version=HTTP/1.1}: tower_http::trace::on_request: started processing request
2024-10-07-14:52:11 DEBUG call:call{user.id="01924420-c754-79e3-8179-d6112cd5c0a4"}:request{method=GET uri=/settings version=HTTP/1.1}: tower_http::trace::on_response: finished processing request latency=0 ms status=200
