2024-11-05-02:33:22  WARN sqlx_postgres::options::pgpass: Failed to open `.pgpass` file: Os { code: 2, kind: NotFound, message: "No such file or directory" } path=/home/relam/.pgpass
2024-11-05-02:33:22  WARN sqlx_postgres::options::pgpass: Failed to open `.pgpass` file: Os { code: 2, kind: NotFound, message: "No such file or directory" } path=/home/relam/.pgpass
2024-11-05-02:33:22  WARN sqlx_postgres::options::pgpass: Failed to open `.pgpass` file: Os { code: 2, kind: NotFound, message: "No such file or directory" } path=/home/relam/.pgpass
2024-11-05-02:33:22 DEBUG htmx_google_auth::application::http::server: listening on 127.0.0.1:8000
2024-11-05-02:36:09 DEBUG call:call:request{method=GET uri=/ version=HTTP/1.1}: tower_http::trace::on_request: started processing request
2024-11-05-02:36:09 DEBUG call:call:request{method=GET uri=/ version=HTTP/1.1}: tower_http::trace::on_response: finished processing request latency=1 ms status=303
2024-11-05-02:36:09 DEBUG call:call:request{method=GET uri=/sessions/login version=HTTP/1.1}: tower_http::trace::on_request: started processing request
2024-11-05-02:36:09 DEBUG call:call:request{method=GET uri=/sessions/login version=HTTP/1.1}: tower_http::trace::on_response: finished processing request latency=0 ms status=200
2024-11-05-02:36:09 DEBUG call:call:request{method=GET uri=/static/styles/output.css version=HTTP/1.1}: tower_http::trace::on_request: started processing request
2024-11-05-02:36:09 DEBUG call:call:request{method=GET uri=/static/styles/output.css version=HTTP/1.1}: tower_http::trace::on_response: finished processing request latency=0 ms status=200
2024-11-05-02:36:09 DEBUG call:call:request{method=GET uri=/static/htmx.min.js version=HTTP/1.1}: tower_http::trace::on_request: started processing request
2024-11-05-02:36:09 DEBUG call:call:request{method=GET uri=/static/htmx.min.js version=HTTP/1.1}: tower_http::trace::on_response: finished processing request latency=0 ms status=304
2024-11-05-02:36:09 DEBUG call:call:request{method=GET uri=/static/images/rcps-logo1.png version=HTTP/1.1}: tower_http::trace::on_request: started processing request
2024-11-05-02:36:09 DEBUG call:call:request{method=GET uri=/static/images/rcps-logo1.png version=HTTP/1.1}: tower_http::trace::on_response: finished processing request latency=0 ms status=304
2024-11-05-02:36:19 DEBUG call:call:request{method=POST uri=/sessions/login version=HTTP/1.1}: tower_http::trace::on_request: started processing request
2024-11-05-02:36:19 DEBUG call:call:request{method=POST uri=/sessions/login version=HTTP/1.1}:post_login:authenticate: sqlx::query: summary="SELECT users.id, users.password_hash as …" db.statement="\n\nSELECT\n  users.id,\n  users.password_hash as \"password_hash: PasswordHash\",\n  users.email as \"email: EmailAddress\",\n  users.email_verified,\n  users.given_name,\n  users.family_name,\n  roles.name as role,\n  users.picture as \"picture: Picture\",\n  users.created_at,\n  users.updated_at\nFROM\n  users\n  INNER JOIN roles ON users.role_id = roles.id\nWHERE\n  email = $1\n" rows_affected=0 rows_returned=1 elapsed=8.950108ms elapsed_secs=0.008950108
2024-11-05-02:36:20 DEBUG call:call:request{method=POST uri=/sessions/login version=HTTP/1.1}:post_login:authenticate{user.id="0192cfb7-8dcf-7c72-9437-ae08e0b18198"}: axum_login::session: return=Some(UserDescriptor { id: 0192cfb7-8dcf-7c72-9437-ae08e0b18198, email: EmailAddress("relam@richmond-county.k12.va.us"), given_name: "Reed", family_name: "Elam", role: "admin", picture: Picture("/content/images/7ed003df5abc4eff39e372c0af9c45cc315d44b38bd318c3d9da50a546853f16.webp") })
2024-11-05-02:36:20 DEBUG call:call:request{method=POST uri=/sessions/login version=HTTP/1.1}:post_login:login{user.id="0192cfb7-8dcf-7c72-9437-ae08e0b18198"}: axum_login::session: return=()
2024-11-05-02:36:20 DEBUG call:call:request{method=POST uri=/sessions/login version=HTTP/1.1}: tower_http::trace::on_response: finished processing request latency=311 ms status=200
2024-11-05-02:36:20 DEBUG call: tower_sessions::service: saving session
2024-11-05-02:36:20 DEBUG call: tower_sessions::service: adding session cookie
2024-11-05-02:36:20 DEBUG call:call: sqlx::query: summary="SELECT users.id, users.email as …" db.statement="\n\nSELECT\n  users.id,\n  users.email as \"email: EmailAddress\",\n  users.family_name,\n  users.given_name,\n  roles.name as role,\n  users.picture as \"picture: Picture\"\nFROM\n  users\n  INNER JOIN roles ON users.role_id = roles.id\nWHERE\n  users.id = $1\n" rows_affected=0 rows_returned=1 elapsed=1.438958ms elapsed_secs=0.001438958
2024-11-05-02:36:20 DEBUG call:call{user.id="0192cfb7-8dcf-7c72-9437-ae08e0b18198"}:request{method=GET uri=/settings version=HTTP/1.1}: tower_http::trace::on_request: started processing request
2024-11-05-02:36:20 DEBUG call:call{user.id="0192cfb7-8dcf-7c72-9437-ae08e0b18198"}:request{method=GET uri=/settings version=HTTP/1.1}: tower_http::trace::on_response: finished processing request latency=0 ms status=200
2024-11-05-02:36:20 DEBUG call:call: sqlx::query: summary="SELECT users.id, users.email as …" db.statement="\n\nSELECT\n  users.id,\n  users.email as \"email: EmailAddress\",\n  users.family_name,\n  users.given_name,\n  roles.name as role,\n  users.picture as \"picture: Picture\"\nFROM\n  users\n  INNER JOIN roles ON users.role_id = roles.id\nWHERE\n  users.id = $1\n" rows_affected=0 rows_returned=1 elapsed=668.794µs elapsed_secs=0.000668794
2024-11-05-02:36:20 DEBUG call:call{user.id="0192cfb7-8dcf-7c72-9437-ae08e0b18198"}:request{method=GET uri=/static/images/rcps-logo1.webp version=HTTP/1.1}: tower_http::trace::on_request: started processing request
2024-11-05-02:36:20 DEBUG call:call{user.id="0192cfb7-8dcf-7c72-9437-ae08e0b18198"}:request{method=GET uri=/static/images/rcps-logo1.webp version=HTTP/1.1}: tower_http::trace::on_response: finished processing request latency=0 ms status=304
2024-11-05-02:36:20 DEBUG call:call: sqlx::query: summary="SELECT users.id, users.email as …" db.statement="\n\nSELECT\n  users.id,\n  users.email as \"email: EmailAddress\",\n  users.family_name,\n  users.given_name,\n  roles.name as role,\n  users.picture as \"picture: Picture\"\nFROM\n  users\n  INNER JOIN roles ON users.role_id = roles.id\nWHERE\n  users.id = $1\n" rows_affected=0 rows_returned=1 elapsed=739.966µs elapsed_secs=0.000739966
2024-11-05-02:36:20 DEBUG call:call{user.id="0192cfb7-8dcf-7c72-9437-ae08e0b18198"}:request{method=GET uri=/settings/roles?selected=admin version=HTTP/1.1}: tower_http::trace::on_request: started processing request
2024-11-05-02:36:20 DEBUG call:call: sqlx::query: summary="SELECT users.id, users.email as …" db.statement="\n\nSELECT\n  users.id,\n  users.email as \"email: EmailAddress\",\n  users.family_name,\n  users.given_name,\n  roles.name as role,\n  users.picture as \"picture: Picture\"\nFROM\n  users\n  INNER JOIN roles ON users.role_id = roles.id\nWHERE\n  users.id = $1\n" rows_affected=0 rows_returned=1 elapsed=1.589643ms elapsed_secs=0.001589643
2024-11-05-02:36:20 DEBUG call:call{user.id="0192cfb7-8dcf-7c72-9437-ae08e0b18198"}:request{method=GET uri=/content/images/7ed003df5abc4eff39e372c0af9c45cc315d44b38bd318c3d9da50a546853f16.webp version=HTTP/1.1}: tower_http::trace::on_request: started processing request
2024-11-05-02:36:20 DEBUG call:call{user.id="0192cfb7-8dcf-7c72-9437-ae08e0b18198"}:request{method=GET uri=/content/images/7ed003df5abc4eff39e372c0af9c45cc315d44b38bd318c3d9da50a546853f16.webp version=HTTP/1.1}: tower_http::trace::on_response: finished processing request latency=0 ms status=304
2024-11-05-02:36:20 DEBUG call:call{user.id="0192cfb7-8dcf-7c72-9437-ae08e0b18198"}:request{method=GET uri=/settings/roles?selected=admin version=HTTP/1.1}:get_roles: sqlx::query: summary="SELECT id, name FROM …" db.statement="\n\nSELECT\n  id,\n  name\nFROM\n  roles\n" rows_affected=2 rows_returned=2 elapsed=1.282212ms elapsed_secs=0.001282212
2024-11-05-02:36:20 DEBUG call:call{user.id="0192cfb7-8dcf-7c72-9437-ae08e0b18198"}:request{method=GET uri=/settings/roles?selected=admin version=HTTP/1.1}: tower_http::trace::on_response: finished processing request latency=35 ms status=200
2024-11-05-02:36:22 DEBUG call:call: sqlx::query: summary="SELECT users.id, users.email as …" db.statement="\n\nSELECT\n  users.id,\n  users.email as \"email: EmailAddress\",\n  users.family_name,\n  users.given_name,\n  roles.name as role,\n  users.picture as \"picture: Picture\"\nFROM\n  users\n  INNER JOIN roles ON users.role_id = roles.id\nWHERE\n  users.id = $1\n" rows_affected=0 rows_returned=1 elapsed=589.06µs elapsed_secs=0.00058906
2024-11-05-02:36:22 DEBUG call:call{user.id="0192cfb7-8dcf-7c72-9437-ae08e0b18198"}:request{method=GET uri=/asset_items version=HTTP/1.1}: tower_http::trace::on_request: started processing request
2024-11-05-02:36:22 DEBUG call:call{user.id="0192cfb7-8dcf-7c72-9437-ae08e0b18198"}:request{method=GET uri=/asset_items version=HTTP/1.1}:get_asset_items: sqlx::query: summary="SELECT ai.id, ai.asset_id, ai.name, …" db.statement="\n\nSELECT\n  ai.id,\n  ai.asset_id,\n  ai.name,\n  ai.serial_number,\n  ai.brand,\n  ai.model,\n  at.description,\n  at.cost,\n  ai.school,\n  ai.room,\n  ai.funding_source,\n  ai.created_at\nFROM\n  asset_items AS ai\n  LEFT JOIN asset_types AS at ON ai.brand = at.brand\n  AND ai.model = at.model\n" rows_affected=0 rows_returned=0 elapsed=1.943495ms elapsed_secs=0.001943495
2024-11-05-02:36:22 DEBUG call:call{user.id="0192cfb7-8dcf-7c72-9437-ae08e0b18198"}:request{method=GET uri=/asset_items version=HTTP/1.1}: tower_http::trace::on_response: finished processing request latency=37 ms status=200
2024-11-05-02:36:25 DEBUG call:call: sqlx::query: summary="SELECT users.id, users.email as …" db.statement="\n\nSELECT\n  users.id,\n  users.email as \"email: EmailAddress\",\n  users.family_name,\n  users.given_name,\n  roles.name as role,\n  users.picture as \"picture: Picture\"\nFROM\n  users\n  INNER JOIN roles ON users.role_id = roles.id\nWHERE\n  users.id = $1\n" rows_affected=0 rows_returned=1 elapsed=581.872µs elapsed_secs=0.000581872
2024-11-05-02:36:25 DEBUG call:call{user.id="0192cfb7-8dcf-7c72-9437-ae08e0b18198"}:request{method=GET uri=/asset_items/new version=HTTP/1.1}: tower_http::trace::on_request: started processing request
2024-11-05-02:36:25 DEBUG call:call{user.id="0192cfb7-8dcf-7c72-9437-ae08e0b18198"}:request{method=GET uri=/asset_items/new version=HTTP/1.1}: tower_http::trace::on_response: finished processing request latency=0 ms status=200
2024-11-05-02:37:01 DEBUG call:call: sqlx::query: summary="SELECT users.id, users.email as …" db.statement="\n\nSELECT\n  users.id,\n  users.email as \"email: EmailAddress\",\n  users.family_name,\n  users.given_name,\n  roles.name as role,\n  users.picture as \"picture: Picture\"\nFROM\n  users\n  INNER JOIN roles ON users.role_id = roles.id\nWHERE\n  users.id = $1\n" rows_affected=0 rows_returned=1 elapsed=1.594476ms elapsed_secs=0.001594476
2024-11-05-02:37:01 DEBUG call:call{user.id="0192cfb7-8dcf-7c72-9437-ae08e0b18198"}:request{method=POST uri=/asset_items/new version=HTTP/1.1}: tower_http::trace::on_request: started processing request
2024-11-05-02:37:01 DEBUG call:call{user.id="0192cfb7-8dcf-7c72-9437-ae08e0b18198"}:request{method=POST uri=/asset_items/new version=HTTP/1.1}:post_asset_item_create: sqlx::query: summary="INSERT INTO asset_items (asset_id, …" db.statement="\n\nINSERT INTO\n  asset_items (\n    asset_id,\n    name,\n    serial_number,\n    brand,\n    model,\n    school,\n    room,\n    funding_source\n  )\nVALUES\n($1, $2, $3, $4, $5, $6, $7, $8) RETURNING id\n" rows_affected=0 rows_returned=0 elapsed=3.020336ms elapsed_secs=0.003020336
2024-11-05-02:37:01 ERROR call:call{user.id="0192cfb7-8dcf-7c72-9437-ae08e0b18198"}:request{method=POST uri=/asset_items/new version=HTTP/1.1}: htmx_google_auth::application::errors: invalid form
2024-11-05-02:37:01 DEBUG call:call{user.id="0192cfb7-8dcf-7c72-9437-ae08e0b18198"}:request{method=POST uri=/asset_items/new version=HTTP/1.1}: tower_http::trace::on_response: finished processing request latency=5 ms status=400
2024-11-05-02:37:08 DEBUG call:call: sqlx::query: summary="SELECT users.id, users.email as …" db.statement="\n\nSELECT\n  users.id,\n  users.email as \"email: EmailAddress\",\n  users.family_name,\n  users.given_name,\n  roles.name as role,\n  users.picture as \"picture: Picture\"\nFROM\n  users\n  INNER JOIN roles ON users.role_id = roles.id\nWHERE\n  users.id = $1\n" rows_affected=0 rows_returned=1 elapsed=549.46µs elapsed_secs=0.00054946
2024-11-05-02:37:08 DEBUG call:call{user.id="0192cfb7-8dcf-7c72-9437-ae08e0b18198"}:request{method=POST uri=/asset_items/new version=HTTP/1.1}: tower_http::trace::on_request: started processing request
2024-11-05-02:37:08 DEBUG call:call{user.id="0192cfb7-8dcf-7c72-9437-ae08e0b18198"}:request{method=POST uri=/asset_items/new version=HTTP/1.1}:post_asset_item_create: sqlx::query: summary="INSERT INTO asset_items (asset_id, …" db.statement="\n\nINSERT INTO\n  asset_items (\n    asset_id,\n    name,\n    serial_number,\n    brand,\n    model,\n    school,\n    room,\n    funding_source\n  )\nVALUES\n($1, $2, $3, $4, $5, $6, $7, $8) RETURNING id\n" rows_affected=0 rows_returned=1 elapsed=942.869µs elapsed_secs=0.000942869
2024-11-05-02:37:08 DEBUG call:call{user.id="0192cfb7-8dcf-7c72-9437-ae08e0b18198"}:request{method=POST uri=/asset_items/new version=HTTP/1.1}: tower_http::trace::on_response: finished processing request latency=3 ms status=200
2024-11-05-02:37:08 DEBUG call: tower_sessions::service: saving session
2024-11-05-02:37:08 DEBUG call: tower_sessions::service: adding session cookie
2024-11-05-02:37:08 DEBUG call:call: sqlx::query: summary="SELECT users.id, users.email as …" db.statement="\n\nSELECT\n  users.id,\n  users.email as \"email: EmailAddress\",\n  users.family_name,\n  users.given_name,\n  roles.name as role,\n  users.picture as \"picture: Picture\"\nFROM\n  users\n  INNER JOIN roles ON users.role_id = roles.id\nWHERE\n  users.id = $1\n" rows_affected=0 rows_returned=1 elapsed=529.751µs elapsed_secs=0.000529751
2024-11-05-02:37:08 DEBUG call:call{user.id="0192cfb7-8dcf-7c72-9437-ae08e0b18198"}:request{method=GET uri=/asset_items version=HTTP/1.1}: tower_http::trace::on_request: started processing request
2024-11-05-02:37:08 DEBUG call:call{user.id="0192cfb7-8dcf-7c72-9437-ae08e0b18198"}:request{method=GET uri=/asset_items version=HTTP/1.1}:get_asset_items: sqlx::query: summary="SELECT ai.id, ai.asset_id, ai.name, …" db.statement="\n\nSELECT\n  ai.id,\n  ai.asset_id,\n  ai.name,\n  ai.serial_number,\n  ai.brand,\n  ai.model,\n  at.description,\n  at.cost,\n  ai.school,\n  ai.room,\n  ai.funding_source,\n  ai.created_at\nFROM\n  asset_items AS ai\n  LEFT JOIN asset_types AS at ON ai.brand = at.brand\n  AND ai.model = at.model\n" rows_affected=1 rows_returned=1 elapsed=960.071µs elapsed_secs=0.000960071
2024-11-05-02:37:08 DEBUG call:call{user.id="0192cfb7-8dcf-7c72-9437-ae08e0b18198"}:request{method=GET uri=/asset_items version=HTTP/1.1}: tower_http::trace::on_response: finished processing request latency=4 ms status=200
2024-11-05-02:37:08 DEBUG call: tower_sessions::service: saving session
2024-11-05-02:37:08 DEBUG call: tower_sessions::service: adding session cookie
2024-11-05-02:37:08 DEBUG call:call: sqlx::query: summary="SELECT users.id, users.email as …" db.statement="\n\nSELECT\n  users.id,\n  users.email as \"email: EmailAddress\",\n  users.family_name,\n  users.given_name,\n  roles.name as role,\n  users.picture as \"picture: Picture\"\nFROM\n  users\n  INNER JOIN roles ON users.role_id = roles.id\nWHERE\n  users.id = $1\n" rows_affected=0 rows_returned=1 elapsed=757.577µs elapsed_secs=0.000757577
2024-11-05-02:37:08 DEBUG call:call{user.id="0192cfb7-8dcf-7c72-9437-ae08e0b18198"}:request{method=GET uri=/static/styles/output.css version=HTTP/1.1}: tower_http::trace::on_request: started processing request
2024-11-05-02:37:08 DEBUG call:call{user.id="0192cfb7-8dcf-7c72-9437-ae08e0b18198"}:request{method=GET uri=/static/styles/output.css version=HTTP/1.1}: tower_http::trace::on_response: finished processing request latency=0 ms status=304
2024-11-05-02:37:15 DEBUG call:call: sqlx::query: summary="SELECT users.id, users.email as …" db.statement="\n\nSELECT\n  users.id,\n  users.email as \"email: EmailAddress\",\n  users.family_name,\n  users.given_name,\n  roles.name as role,\n  users.picture as \"picture: Picture\"\nFROM\n  users\n  INNER JOIN roles ON users.role_id = roles.id\nWHERE\n  users.id = $1\n" rows_affected=0 rows_returned=1 elapsed=511.802µs elapsed_secs=0.000511802
2024-11-05-02:37:15 DEBUG call:call{user.id="0192cfb7-8dcf-7c72-9437-ae08e0b18198"}:request{method=GET uri=/asset_items/2 version=HTTP/1.1}: tower_http::trace::on_request: started processing request
2024-11-05-02:37:15 DEBUG call:call{user.id="0192cfb7-8dcf-7c72-9437-ae08e0b18198"}:request{method=GET uri=/asset_items/2 version=HTTP/1.1}:get_asset_item_view: sqlx::query: summary="SELECT ai.id, ai.asset_id, ai.name, …" db.statement="\n\nSELECT\n  ai.id,\n  ai.asset_id,\n  ai.name,\n  ai.serial_number,\n  ai.brand,\n  ai.model,\n  at.description,\n  at.cost,\n  ai.school,\n  ai.room,\n  ai.funding_source,\n  ai.created_at\nFROM\n  asset_items AS ai\n  LEFT JOIN asset_types AS at ON ai.brand = at.brand\n  AND ai.model = at.model\nWHERE\n  ai.id = $1\n" rows_affected=0 rows_returned=1 elapsed=936.256µs elapsed_secs=0.000936256
2024-11-05-02:37:15 DEBUG call:call{user.id="0192cfb7-8dcf-7c72-9437-ae08e0b18198"}:request{method=GET uri=/asset_items/2 version=HTTP/1.1}: tower_http::trace::on_response: finished processing request latency=3 ms status=200
2024-11-05-02:37:24 DEBUG call:call: sqlx::query: summary="SELECT users.id, users.email as …" db.statement="\n\nSELECT\n  users.id,\n  users.email as \"email: EmailAddress\",\n  users.family_name,\n  users.given_name,\n  roles.name as role,\n  users.picture as \"picture: Picture\"\nFROM\n  users\n  INNER JOIN roles ON users.role_id = roles.id\nWHERE\n  users.id = $1\n" rows_affected=0 rows_returned=1 elapsed=501.262µs elapsed_secs=0.000501262
2024-11-05-02:37:24 DEBUG call:call{user.id="0192cfb7-8dcf-7c72-9437-ae08e0b18198"}:request{method=GET uri=/asset_items/2 version=HTTP/1.1}: tower_http::trace::on_request: started processing request
2024-11-05-02:37:24 DEBUG call:call{user.id="0192cfb7-8dcf-7c72-9437-ae08e0b18198"}:request{method=GET uri=/asset_items/2 version=HTTP/1.1}:get_asset_item_view: sqlx::query: summary="SELECT ai.id, ai.asset_id, ai.name, …" db.statement="\n\nSELECT\n  ai.id,\n  ai.asset_id,\n  ai.name,\n  ai.serial_number,\n  ai.brand,\n  ai.model,\n  at.description,\n  at.cost,\n  ai.school,\n  ai.room,\n  ai.funding_source,\n  ai.created_at\nFROM\n  asset_items AS ai\n  LEFT JOIN asset_types AS at ON ai.brand = at.brand\n  AND ai.model = at.model\nWHERE\n  ai.id = $1\n" rows_affected=0 rows_returned=1 elapsed=491.854µs elapsed_secs=0.000491854
2024-11-05-02:37:24 DEBUG call:call{user.id="0192cfb7-8dcf-7c72-9437-ae08e0b18198"}:request{method=GET uri=/asset_items/2 version=HTTP/1.1}: tower_http::trace::on_response: finished processing request latency=3 ms status=200
2024-11-05-02:37:27 DEBUG call:call: sqlx::query: summary="SELECT users.id, users.email as …" db.statement="\n\nSELECT\n  users.id,\n  users.email as \"email: EmailAddress\",\n  users.family_name,\n  users.given_name,\n  roles.name as role,\n  users.picture as \"picture: Picture\"\nFROM\n  users\n  INNER JOIN roles ON users.role_id = roles.id\nWHERE\n  users.id = $1\n" rows_affected=0 rows_returned=1 elapsed=545.877µs elapsed_secs=0.000545877
2024-11-05-02:37:27 DEBUG call:call{user.id="0192cfb7-8dcf-7c72-9437-ae08e0b18198"}:request{method=GET uri=/asset_items/2 version=HTTP/1.1}: tower_http::trace::on_request: started processing request
2024-11-05-02:37:27 DEBUG call:call{user.id="0192cfb7-8dcf-7c72-9437-ae08e0b18198"}:request{method=GET uri=/asset_items/2 version=HTTP/1.1}:get_asset_item_view: sqlx::query: summary="SELECT ai.id, ai.asset_id, ai.name, …" db.statement="\n\nSELECT\n  ai.id,\n  ai.asset_id,\n  ai.name,\n  ai.serial_number,\n  ai.brand,\n  ai.model,\n  at.description,\n  at.cost,\n  ai.school,\n  ai.room,\n  ai.funding_source,\n  ai.created_at\nFROM\n  asset_items AS ai\n  LEFT JOIN asset_types AS at ON ai.brand = at.brand\n  AND ai.model = at.model\nWHERE\n  ai.id = $1\n" rows_affected=0 rows_returned=1 elapsed=470.307µs elapsed_secs=0.000470307
2024-11-05-02:37:27 DEBUG call:call{user.id="0192cfb7-8dcf-7c72-9437-ae08e0b18198"}:request{method=GET uri=/asset_items/2 version=HTTP/1.1}: tower_http::trace::on_response: finished processing request latency=3 ms status=200
2024-11-05-02:37:30 DEBUG call:call: sqlx::query: summary="SELECT users.id, users.email as …" db.statement="\n\nSELECT\n  users.id,\n  users.email as \"email: EmailAddress\",\n  users.family_name,\n  users.given_name,\n  roles.name as role,\n  users.picture as \"picture: Picture\"\nFROM\n  users\n  INNER JOIN roles ON users.role_id = roles.id\nWHERE\n  users.id = $1\n" rows_affected=0 rows_returned=1 elapsed=610.597µs elapsed_secs=0.000610597
2024-11-05-02:37:30 DEBUG call:call{user.id="0192cfb7-8dcf-7c72-9437-ae08e0b18198"}:request{method=GET uri=/asset_items/2 version=HTTP/1.1}: tower_http::trace::on_request: started processing request
2024-11-05-02:37:30 DEBUG call:call{user.id="0192cfb7-8dcf-7c72-9437-ae08e0b18198"}:request{method=GET uri=/asset_items/2 version=HTTP/1.1}:get_asset_item_view: sqlx::query: summary="SELECT ai.id, ai.asset_id, ai.name, …" db.statement="\n\nSELECT\n  ai.id,\n  ai.asset_id,\n  ai.name,\n  ai.serial_number,\n  ai.brand,\n  ai.model,\n  at.description,\n  at.cost,\n  ai.school,\n  ai.room,\n  ai.funding_source,\n  ai.created_at\nFROM\n  asset_items AS ai\n  LEFT JOIN asset_types AS at ON ai.brand = at.brand\n  AND ai.model = at.model\nWHERE\n  ai.id = $1\n" rows_affected=0 rows_returned=1 elapsed=504.799µs elapsed_secs=0.000504799
2024-11-05-02:37:30 DEBUG call:call{user.id="0192cfb7-8dcf-7c72-9437-ae08e0b18198"}:request{method=GET uri=/asset_items/2 version=HTTP/1.1}: tower_http::trace::on_response: finished processing request latency=3 ms status=200
2024-11-05-02:37:32 DEBUG call:call: sqlx::query: summary="SELECT users.id, users.email as …" db.statement="\n\nSELECT\n  users.id,\n  users.email as \"email: EmailAddress\",\n  users.family_name,\n  users.given_name,\n  roles.name as role,\n  users.picture as \"picture: Picture\"\nFROM\n  users\n  INNER JOIN roles ON users.role_id = roles.id\nWHERE\n  users.id = $1\n" rows_affected=0 rows_returned=1 elapsed=599.526µs elapsed_secs=0.000599526
2024-11-05-02:37:32 DEBUG call:call{user.id="0192cfb7-8dcf-7c72-9437-ae08e0b18198"}:request{method=GET uri=/asset_types version=HTTP/1.1}: tower_http::trace::on_request: started processing request
2024-11-05-02:37:32  INFO call:call{user.id="0192cfb7-8dcf-7c72-9437-ae08e0b18198"}:request{method=GET uri=/asset_types version=HTTP/1.1}:get_asset_types: htmx_google_auth::infastructure::services::postgres_crud_repository: AssetTypeFilter { search: None, sort: None, order: None }
2024-11-05-02:37:32 DEBUG call:call{user.id="0192cfb7-8dcf-7c72-9437-ae08e0b18198"}:request{method=GET uri=/asset_types version=HTTP/1.1}:get_asset_types: sqlx::query: summary="SELECT id, brand, model, …" db.statement="\n\nSELECT\n  id,\n  brand,\n  model,\n  description,\n  cost,\n  picture,\n  created_at\nFROM\n  asset_types\n" rows_affected=84 rows_returned=84 elapsed=1.238152ms elapsed_secs=0.001238152
2024-11-05-02:37:32 DEBUG call:call{user.id="0192cfb7-8dcf-7c72-9437-ae08e0b18198"}:request{method=GET uri=/asset_types version=HTTP/1.1}: tower_http::trace::on_response: finished processing request latency=2 ms status=200
2024-11-05-02:37:34 DEBUG call:call: sqlx::query: summary="SELECT users.id, users.email as …" db.statement="\n\nSELECT\n  users.id,\n  users.email as \"email: EmailAddress\",\n  users.family_name,\n  users.given_name,\n  roles.name as role,\n  users.picture as \"picture: Picture\"\nFROM\n  users\n  INNER JOIN roles ON users.role_id = roles.id\nWHERE\n  users.id = $1\n" rows_affected=0 rows_returned=1 elapsed=538.99µs elapsed_secs=0.00053899
2024-11-05-02:37:34 DEBUG call:call{user.id="0192cfb7-8dcf-7c72-9437-ae08e0b18198"}:request{method=GET uri=/asset_items version=HTTP/1.1}: tower_http::trace::on_request: started processing request
2024-11-05-02:37:34 DEBUG call:call{user.id="0192cfb7-8dcf-7c72-9437-ae08e0b18198"}:request{method=GET uri=/asset_items version=HTTP/1.1}:get_asset_items: sqlx::query: summary="SELECT ai.id, ai.asset_id, ai.name, …" db.statement="\n\nSELECT\n  ai.id,\n  ai.asset_id,\n  ai.name,\n  ai.serial_number,\n  ai.brand,\n  ai.model,\n  at.description,\n  at.cost,\n  ai.school,\n  ai.room,\n  ai.funding_source,\n  ai.created_at\nFROM\n  asset_items AS ai\n  LEFT JOIN asset_types AS at ON ai.brand = at.brand\n  AND ai.model = at.model\n" rows_affected=1 rows_returned=1 elapsed=416.413µs elapsed_secs=0.000416413
2024-11-05-02:37:34 DEBUG call:call{user.id="0192cfb7-8dcf-7c72-9437-ae08e0b18198"}:request{method=GET uri=/asset_items version=HTTP/1.1}: tower_http::trace::on_response: finished processing request latency=3 ms status=200
2024-11-05-02:37:37 DEBUG call:call: sqlx::query: summary="SELECT users.id, users.email as …" db.statement="\n\nSELECT\n  users.id,\n  users.email as \"email: EmailAddress\",\n  users.family_name,\n  users.given_name,\n  roles.name as role,\n  users.picture as \"picture: Picture\"\nFROM\n  users\n  INNER JOIN roles ON users.role_id = roles.id\nWHERE\n  users.id = $1\n" rows_affected=0 rows_returned=1 elapsed=494.059µs elapsed_secs=0.000494059
2024-11-05-02:37:37 DEBUG call:call{user.id="0192cfb7-8dcf-7c72-9437-ae08e0b18198"}:request{method=GET uri=/asset_types version=HTTP/1.1}: tower_http::trace::on_request: started processing request
2024-11-05-02:37:37  INFO call:call{user.id="0192cfb7-8dcf-7c72-9437-ae08e0b18198"}:request{method=GET uri=/asset_types version=HTTP/1.1}:get_asset_types: htmx_google_auth::infastructure::services::postgres_crud_repository: AssetTypeFilter { search: None, sort: None, order: None }
2024-11-05-02:37:37 DEBUG call:call{user.id="0192cfb7-8dcf-7c72-9437-ae08e0b18198"}:request{method=GET uri=/asset_types version=HTTP/1.1}:get_asset_types: sqlx::query: summary="SELECT id, brand, model, …" db.statement="\n\nSELECT\n  id,\n  brand,\n  model,\n  description,\n  cost,\n  picture,\n  created_at\nFROM\n  asset_types\n" rows_affected=84 rows_returned=84 elapsed=734.105µs elapsed_secs=0.000734105
2024-11-05-02:37:37 DEBUG call:call{user.id="0192cfb7-8dcf-7c72-9437-ae08e0b18198"}:request{method=GET uri=/asset_types version=HTTP/1.1}: tower_http::trace::on_response: finished processing request latency=2 ms status=200
2024-11-05-02:37:38 DEBUG call:call: sqlx::query: summary="SELECT users.id, users.email as …" db.statement="\n\nSELECT\n  users.id,\n  users.email as \"email: EmailAddress\",\n  users.family_name,\n  users.given_name,\n  roles.name as role,\n  users.picture as \"picture: Picture\"\nFROM\n  users\n  INNER JOIN roles ON users.role_id = roles.id\nWHERE\n  users.id = $1\n" rows_affected=0 rows_returned=1 elapsed=562.425µs elapsed_secs=0.000562425
2024-11-05-02:37:38 DEBUG call:call{user.id="0192cfb7-8dcf-7c72-9437-ae08e0b18198"}:request{method=GET uri=/asset_items version=HTTP/1.1}: tower_http::trace::on_request: started processing request
2024-11-05-02:37:38 DEBUG call:call{user.id="0192cfb7-8dcf-7c72-9437-ae08e0b18198"}:request{method=GET uri=/asset_items version=HTTP/1.1}:get_asset_items: sqlx::query: summary="SELECT ai.id, ai.asset_id, ai.name, …" db.statement="\n\nSELECT\n  ai.id,\n  ai.asset_id,\n  ai.name,\n  ai.serial_number,\n  ai.brand,\n  ai.model,\n  at.description,\n  at.cost,\n  ai.school,\n  ai.room,\n  ai.funding_source,\n  ai.created_at\nFROM\n  asset_items AS ai\n  LEFT JOIN asset_types AS at ON ai.brand = at.brand\n  AND ai.model = at.model\n" rows_affected=1 rows_returned=1 elapsed=466.986µs elapsed_secs=0.000466986
2024-11-05-02:37:38 DEBUG call:call{user.id="0192cfb7-8dcf-7c72-9437-ae08e0b18198"}:request{method=GET uri=/asset_items version=HTTP/1.1}: tower_http::trace::on_response: finished processing request latency=3 ms status=200
2024-11-05-02:37:40 DEBUG call:call: sqlx::query: summary="SELECT users.id, users.email as …" db.statement="\n\nSELECT\n  users.id,\n  users.email as \"email: EmailAddress\",\n  users.family_name,\n  users.given_name,\n  roles.name as role,\n  users.picture as \"picture: Picture\"\nFROM\n  users\n  INNER JOIN roles ON users.role_id = roles.id\nWHERE\n  users.id = $1\n" rows_affected=0 rows_returned=1 elapsed=517.275µs elapsed_secs=0.000517275
2024-11-05-02:37:40 DEBUG call:call{user.id="0192cfb7-8dcf-7c72-9437-ae08e0b18198"}:request{method=GET uri=/asset_types version=HTTP/1.1}: tower_http::trace::on_request: started processing request
2024-11-05-02:37:40  INFO call:call{user.id="0192cfb7-8dcf-7c72-9437-ae08e0b18198"}:request{method=GET uri=/asset_types version=HTTP/1.1}:get_asset_types: htmx_google_auth::infastructure::services::postgres_crud_repository: AssetTypeFilter { search: None, sort: None, order: None }
2024-11-05-02:37:40 DEBUG call:call{user.id="0192cfb7-8dcf-7c72-9437-ae08e0b18198"}:request{method=GET uri=/asset_types version=HTTP/1.1}:get_asset_types: sqlx::query: summary="SELECT id, brand, model, …" db.statement="\n\nSELECT\n  id,\n  brand,\n  model,\n  description,\n  cost,\n  picture,\n  created_at\nFROM\n  asset_types\n" rows_affected=84 rows_returned=84 elapsed=750.895µs elapsed_secs=0.000750895
2024-11-05-02:37:40 DEBUG call:call{user.id="0192cfb7-8dcf-7c72-9437-ae08e0b18198"}:request{method=GET uri=/asset_types version=HTTP/1.1}: tower_http::trace::on_response: finished processing request latency=2 ms status=200
2024-11-05-02:37:40 DEBUG call:call: sqlx::query: summary="SELECT users.id, users.email as …" db.statement="\n\nSELECT\n  users.id,\n  users.email as \"email: EmailAddress\",\n  users.family_name,\n  users.given_name,\n  roles.name as role,\n  users.picture as \"picture: Picture\"\nFROM\n  users\n  INNER JOIN roles ON users.role_id = roles.id\nWHERE\n  users.id = $1\n" rows_affected=0 rows_returned=1 elapsed=470.25µs elapsed_secs=0.00047025
2024-11-05-02:37:40 DEBUG call:call{user.id="0192cfb7-8dcf-7c72-9437-ae08e0b18198"}:request{method=GET uri=/asset_items version=HTTP/1.1}: tower_http::trace::on_request: started processing request
2024-11-05-02:37:40 DEBUG call:call{user.id="0192cfb7-8dcf-7c72-9437-ae08e0b18198"}:request{method=GET uri=/asset_items version=HTTP/1.1}:get_asset_items: sqlx::query: summary="SELECT ai.id, ai.asset_id, ai.name, …" db.statement="\n\nSELECT\n  ai.id,\n  ai.asset_id,\n  ai.name,\n  ai.serial_number,\n  ai.brand,\n  ai.model,\n  at.description,\n  at.cost,\n  ai.school,\n  ai.room,\n  ai.funding_source,\n  ai.created_at\nFROM\n  asset_items AS ai\n  LEFT JOIN asset_types AS at ON ai.brand = at.brand\n  AND ai.model = at.model\n" rows_affected=1 rows_returned=1 elapsed=417.133µs elapsed_secs=0.000417133
2024-11-05-02:37:40 DEBUG call:call{user.id="0192cfb7-8dcf-7c72-9437-ae08e0b18198"}:request{method=GET uri=/asset_items version=HTTP/1.1}: tower_http::trace::on_response: finished processing request latency=3 ms status=200
2024-11-05-02:37:42 DEBUG call:call: sqlx::query: summary="SELECT users.id, users.email as …" db.statement="\n\nSELECT\n  users.id,\n  users.email as \"email: EmailAddress\",\n  users.family_name,\n  users.given_name,\n  roles.name as role,\n  users.picture as \"picture: Picture\"\nFROM\n  users\n  INNER JOIN roles ON users.role_id = roles.id\nWHERE\n  users.id = $1\n" rows_affected=0 rows_returned=1 elapsed=452.042µs elapsed_secs=0.000452042
2024-11-05-02:37:42 DEBUG call:call{user.id="0192cfb7-8dcf-7c72-9437-ae08e0b18198"}:request{method=GET uri=/asset_items/2 version=HTTP/1.1}: tower_http::trace::on_request: started processing request
2024-11-05-02:37:42 DEBUG call:call{user.id="0192cfb7-8dcf-7c72-9437-ae08e0b18198"}:request{method=GET uri=/asset_items/2 version=HTTP/1.1}:get_asset_item_view: sqlx::query: summary="SELECT ai.id, ai.asset_id, ai.name, …" db.statement="\n\nSELECT\n  ai.id,\n  ai.asset_id,\n  ai.name,\n  ai.serial_number,\n  ai.brand,\n  ai.model,\n  at.description,\n  at.cost,\n  ai.school,\n  ai.room,\n  ai.funding_source,\n  ai.created_at\nFROM\n  asset_items AS ai\n  LEFT JOIN asset_types AS at ON ai.brand = at.brand\n  AND ai.model = at.model\nWHERE\n  ai.id = $1\n" rows_affected=0 rows_returned=1 elapsed=564.346µs elapsed_secs=0.000564346
2024-11-05-02:37:42 DEBUG call:call{user.id="0192cfb7-8dcf-7c72-9437-ae08e0b18198"}:request{method=GET uri=/asset_items/2 version=HTTP/1.1}: tower_http::trace::on_response: finished processing request latency=3 ms status=200
2024-11-05-02:38:19 DEBUG call:call: sqlx::query: summary="SELECT users.id, users.email as …" db.statement="\n\nSELECT\n  users.id,\n  users.email as \"email: EmailAddress\",\n  users.family_name,\n  users.given_name,\n  roles.name as role,\n  users.picture as \"picture: Picture\"\nFROM\n  users\n  INNER JOIN roles ON users.role_id = roles.id\nWHERE\n  users.id = $1\n" rows_affected=0 rows_returned=1 elapsed=500.53µs elapsed_secs=0.00050053
2024-11-05-02:38:19 DEBUG call:call{user.id="0192cfb7-8dcf-7c72-9437-ae08e0b18198"}:request{method=GET uri=/asset_items/2 version=HTTP/1.1}: tower_http::trace::on_request: started processing request
2024-11-05-02:38:19 DEBUG call:call{user.id="0192cfb7-8dcf-7c72-9437-ae08e0b18198"}:request{method=GET uri=/asset_items/2 version=HTTP/1.1}:get_asset_item_view: sqlx::query: summary="SELECT ai.id, ai.asset_id, ai.name, …" db.statement="\n\nSELECT\n  ai.id,\n  ai.asset_id,\n  ai.name,\n  ai.serial_number,\n  ai.brand,\n  ai.model,\n  at.description,\n  at.cost,\n  ai.school,\n  ai.room,\n  ai.funding_source,\n  ai.created_at\nFROM\n  asset_items AS ai\n  LEFT JOIN asset_types AS at ON ai.brand = at.brand\n  AND ai.model = at.model\nWHERE\n  ai.id = $1\n" rows_affected=0 rows_returned=1 elapsed=485.941µs elapsed_secs=0.000485941
2024-11-05-02:38:19 DEBUG call:call{user.id="0192cfb7-8dcf-7c72-9437-ae08e0b18198"}:request{method=GET uri=/asset_items/2 version=HTTP/1.1}: tower_http::trace::on_response: finished processing request latency=3 ms status=200
2024-11-05-02:51:22  WARN sqlx_postgres::options::pgpass: Failed to open `.pgpass` file: Os { code: 2, kind: NotFound, message: "No such file or directory" } path=/home/relam/.pgpass
2024-11-05-02:51:22  WARN sqlx_postgres::options::pgpass: Failed to open `.pgpass` file: Os { code: 2, kind: NotFound, message: "No such file or directory" } path=/home/relam/.pgpass
2024-11-05-02:51:22  WARN sqlx_postgres::options::pgpass: Failed to open `.pgpass` file: Os { code: 2, kind: NotFound, message: "No such file or directory" } path=/home/relam/.pgpass
2024-11-05-02:51:22 DEBUG htmx_google_auth::application::http::server: listening on 127.0.0.1:8000
2024-11-05-02:54:12  WARN call:call:get_record: tower_sessions_core::session: possibly suspicious activity: record not found in store
2024-11-05-02:54:12 DEBUG call:call:request{method=GET uri=/asset_items version=HTTP/1.1}: tower_http::trace::on_request: started processing request
2024-11-05-02:54:12 DEBUG call:call:request{method=GET uri=/asset_items version=HTTP/1.1}: tower_http::trace::on_response: finished processing request latency=0 ms status=303
2024-11-05-02:54:12 DEBUG call: tower_sessions::service: removing session cookie
2024-11-05-02:54:12 DEBUG call:call:request{method=GET uri=/sessions/login version=HTTP/1.1}: tower_http::trace::on_request: started processing request
2024-11-05-02:54:12 DEBUG call:call:request{method=GET uri=/sessions/login version=HTTP/1.1}: tower_http::trace::on_response: finished processing request latency=0 ms status=200
2024-11-05-02:54:12 DEBUG call:call:request{method=GET uri=/static/styles/output.css version=HTTP/1.1}: tower_http::trace::on_request: started processing request
2024-11-05-02:54:12 DEBUG call:call:request{method=GET uri=/static/styles/output.css version=HTTP/1.1}: tower_http::trace::on_response: finished processing request latency=0 ms status=304
2024-11-05-02:54:18 DEBUG call:call:request{method=POST uri=/sessions/login version=HTTP/1.1}: tower_http::trace::on_request: started processing request
2024-11-05-02:54:18 DEBUG call:call:request{method=POST uri=/sessions/login version=HTTP/1.1}:post_login:authenticate: sqlx::query: summary="SELECT users.id, users.password_hash as …" db.statement="\n\nSELECT\n  users.id,\n  users.password_hash as \"password_hash: PasswordHash\",\n  users.email as \"email: EmailAddress\",\n  users.email_verified,\n  users.given_name,\n  users.family_name,\n  roles.name as role,\n  users.picture as \"picture: Picture\",\n  users.created_at,\n  users.updated_at\nFROM\n  users\n  INNER JOIN roles ON users.role_id = roles.id\nWHERE\n  email = $1\n" rows_affected=0 rows_returned=1 elapsed=8.172886ms elapsed_secs=0.008172886
2024-11-05-02:54:19 DEBUG call:call:request{method=POST uri=/sessions/login version=HTTP/1.1}:post_login:authenticate{user.id="0192cfb7-8dcf-7c72-9437-ae08e0b18198"}: axum_login::session: return=Some(UserDescriptor { id: 0192cfb7-8dcf-7c72-9437-ae08e0b18198, email: EmailAddress("relam@richmond-county.k12.va.us"), given_name: "Reed", family_name: "Elam", role: "admin", picture: Picture("/content/images/7ed003df5abc4eff39e372c0af9c45cc315d44b38bd318c3d9da50a546853f16.webp") })
2024-11-05-02:54:19 DEBUG call:call:request{method=POST uri=/sessions/login version=HTTP/1.1}:post_login:login{user.id="0192cfb7-8dcf-7c72-9437-ae08e0b18198"}: axum_login::session: return=()
2024-11-05-02:54:19 DEBUG call:call:request{method=POST uri=/sessions/login version=HTTP/1.1}: tower_http::trace::on_response: finished processing request latency=320 ms status=200
2024-11-05-02:54:19 DEBUG call: tower_sessions::service: saving session
2024-11-05-02:54:19 DEBUG call: tower_sessions::service: adding session cookie
2024-11-05-02:54:19 DEBUG call:call: sqlx::query: summary="SELECT users.id, users.email as …" db.statement="\n\nSELECT\n  users.id,\n  users.email as \"email: EmailAddress\",\n  users.family_name,\n  users.given_name,\n  roles.name as role,\n  users.picture as \"picture: Picture\"\nFROM\n  users\n  INNER JOIN roles ON users.role_id = roles.id\nWHERE\n  users.id = $1\n" rows_affected=0 rows_returned=1 elapsed=1.013755ms elapsed_secs=0.001013755
2024-11-05-02:54:19 DEBUG call:call{user.id="0192cfb7-8dcf-7c72-9437-ae08e0b18198"}:request{method=GET uri=/settings version=HTTP/1.1}: tower_http::trace::on_request: started processing request
2024-11-05-02:54:19 DEBUG call:call{user.id="0192cfb7-8dcf-7c72-9437-ae08e0b18198"}:request{method=GET uri=/settings version=HTTP/1.1}: tower_http::trace::on_response: finished processing request latency=0 ms status=200
2024-11-05-02:54:19 DEBUG call:call: sqlx::query: summary="SELECT users.id, users.email as …" db.statement="\n\nSELECT\n  users.id,\n  users.email as \"email: EmailAddress\",\n  users.family_name,\n  users.given_name,\n  roles.name as role,\n  users.picture as \"picture: Picture\"\nFROM\n  users\n  INNER JOIN roles ON users.role_id = roles.id\nWHERE\n  users.id = $1\n" rows_affected=0 rows_returned=1 elapsed=766.733µs elapsed_secs=0.000766733
2024-11-05-02:54:19 DEBUG call:call{user.id="0192cfb7-8dcf-7c72-9437-ae08e0b18198"}:request{method=GET uri=/settings/roles?selected=admin version=HTTP/1.1}: tower_http::trace::on_request: started processing request
2024-11-05-02:54:19 DEBUG call:call{user.id="0192cfb7-8dcf-7c72-9437-ae08e0b18198"}:request{method=GET uri=/settings/roles?selected=admin version=HTTP/1.1}:get_roles: sqlx::query: summary="SELECT id, name FROM …" db.statement="\n\nSELECT\n  id,\n  name\nFROM\n  roles\n" rows_affected=2 rows_returned=2 elapsed=1.516063ms elapsed_secs=0.001516063
2024-11-05-02:54:19 DEBUG call:call{user.id="0192cfb7-8dcf-7c72-9437-ae08e0b18198"}:request{method=GET uri=/settings/roles?selected=admin version=HTTP/1.1}: tower_http::trace::on_response: finished processing request latency=38 ms status=200
2024-11-05-02:54:20 DEBUG call:call: sqlx::query: summary="SELECT users.id, users.email as …" db.statement="\n\nSELECT\n  users.id,\n  users.email as \"email: EmailAddress\",\n  users.family_name,\n  users.given_name,\n  roles.name as role,\n  users.picture as \"picture: Picture\"\nFROM\n  users\n  INNER JOIN roles ON users.role_id = roles.id\nWHERE\n  users.id = $1\n" rows_affected=0 rows_returned=1 elapsed=563.235µs elapsed_secs=0.000563235
2024-11-05-02:54:20 DEBUG call:call{user.id="0192cfb7-8dcf-7c72-9437-ae08e0b18198"}:request{method=GET uri=/asset_items version=HTTP/1.1}: tower_http::trace::on_request: started processing request
2024-11-05-02:54:20 DEBUG call:call{user.id="0192cfb7-8dcf-7c72-9437-ae08e0b18198"}:request{method=GET uri=/asset_items version=HTTP/1.1}:get_asset_items: sqlx::query: summary="SELECT ai.id, ai.asset_id, ai.name, …" db.statement="\n\nSELECT\n  ai.id,\n  ai.asset_id,\n  ai.name,\n  ai.serial_number,\n  ai.brand,\n  ai.model,\n  at.description,\n  at.cost,\n  ai.school,\n  ai.room,\n  ai.funding_source,\n  ai.created_at\nFROM\n  asset_items AS ai\n  LEFT JOIN asset_types AS at ON ai.brand = at.brand\n  AND ai.model = at.model\n" rows_affected=1 rows_returned=1 elapsed=2.343157ms elapsed_secs=0.002343157
2024-11-05-02:54:20 DEBUG call:call{user.id="0192cfb7-8dcf-7c72-9437-ae08e0b18198"}:request{method=GET uri=/asset_items version=HTTP/1.1}: tower_http::trace::on_response: finished processing request latency=38 ms status=200
2024-11-05-02:54:22 DEBUG call:call: sqlx::query: summary="SELECT users.id, users.email as …" db.statement="\n\nSELECT\n  users.id,\n  users.email as \"email: EmailAddress\",\n  users.family_name,\n  users.given_name,\n  roles.name as role,\n  users.picture as \"picture: Picture\"\nFROM\n  users\n  INNER JOIN roles ON users.role_id = roles.id\nWHERE\n  users.id = $1\n" rows_affected=0 rows_returned=1 elapsed=1.473872ms elapsed_secs=0.001473872
2024-11-05-02:54:22 DEBUG call:call{user.id="0192cfb7-8dcf-7c72-9437-ae08e0b18198"}:request{method=GET uri=/asset_items/2 version=HTTP/1.1}: tower_http::trace::on_request: started processing request
2024-11-05-02:54:22 DEBUG call:call{user.id="0192cfb7-8dcf-7c72-9437-ae08e0b18198"}:request{method=GET uri=/asset_items/2 version=HTTP/1.1}:get_asset_item_view: sqlx::query: summary="SELECT ai.id, ai.asset_id, ai.name, …" db.statement="\n\nSELECT\n  ai.id,\n  ai.asset_id,\n  ai.name,\n  ai.serial_number,\n  ai.brand,\n  ai.model,\n  at.description,\n  at.cost,\n  ai.school,\n  ai.room,\n  ai.funding_source,\n  ai.created_at\nFROM\n  asset_items AS ai\n  LEFT JOIN asset_types AS at ON ai.brand = at.brand\n  AND ai.model = at.model\nWHERE\n  ai.id = $1\n" rows_affected=0 rows_returned=1 elapsed=922.33µs elapsed_secs=0.00092233
2024-11-05-02:54:22 DEBUG call:call{user.id="0192cfb7-8dcf-7c72-9437-ae08e0b18198"}:request{method=GET uri=/asset_items/2 version=HTTP/1.1}: tower_http::trace::on_response: finished processing request latency=4 ms status=200
2024-11-05-02:54:27 DEBUG call:call: sqlx::query: summary="SELECT users.id, users.email as …" db.statement="\n\nSELECT\n  users.id,\n  users.email as \"email: EmailAddress\",\n  users.family_name,\n  users.given_name,\n  roles.name as role,\n  users.picture as \"picture: Picture\"\nFROM\n  users\n  INNER JOIN roles ON users.role_id = roles.id\nWHERE\n  users.id = $1\n" rows_affected=0 rows_returned=1 elapsed=568.637µs elapsed_secs=0.000568637
2024-11-05-02:54:27 DEBUG call:call{user.id="0192cfb7-8dcf-7c72-9437-ae08e0b18198"}:request{method=GET uri=/asset_items version=HTTP/1.1}: tower_http::trace::on_request: started processing request
2024-11-05-02:54:27 DEBUG call:call{user.id="0192cfb7-8dcf-7c72-9437-ae08e0b18198"}:request{method=GET uri=/asset_items version=HTTP/1.1}:get_asset_items: sqlx::query: summary="SELECT ai.id, ai.asset_id, ai.name, …" db.statement="\n\nSELECT\n  ai.id,\n  ai.asset_id,\n  ai.name,\n  ai.serial_number,\n  ai.brand,\n  ai.model,\n  at.description,\n  at.cost,\n  ai.school,\n  ai.room,\n  ai.funding_source,\n  ai.created_at\nFROM\n  asset_items AS ai\n  LEFT JOIN asset_types AS at ON ai.brand = at.brand\n  AND ai.model = at.model\n" rows_affected=1 rows_returned=1 elapsed=493.151µs elapsed_secs=0.000493151
2024-11-05-02:54:27 DEBUG call:call{user.id="0192cfb7-8dcf-7c72-9437-ae08e0b18198"}:request{method=GET uri=/asset_items version=HTTP/1.1}: tower_http::trace::on_response: finished processing request latency=3 ms status=200
2024-11-05-02:54:29 DEBUG call:call: sqlx::query: summary="SELECT users.id, users.email as …" db.statement="\n\nSELECT\n  users.id,\n  users.email as \"email: EmailAddress\",\n  users.family_name,\n  users.given_name,\n  roles.name as role,\n  users.picture as \"picture: Picture\"\nFROM\n  users\n  INNER JOIN roles ON users.role_id = roles.id\nWHERE\n  users.id = $1\n" rows_affected=0 rows_returned=1 elapsed=576.626µs elapsed_secs=0.000576626
2024-11-05-02:54:29 DEBUG call:call{user.id="0192cfb7-8dcf-7c72-9437-ae08e0b18198"}:request{method=GET uri=/asset_items/2 version=HTTP/1.1}: tower_http::trace::on_request: started processing request
2024-11-05-02:54:29 DEBUG call:call{user.id="0192cfb7-8dcf-7c72-9437-ae08e0b18198"}:request{method=GET uri=/asset_items/2 version=HTTP/1.1}:get_asset_item_view: sqlx::query: summary="SELECT ai.id, ai.asset_id, ai.name, …" db.statement="\n\nSELECT\n  ai.id,\n  ai.asset_id,\n  ai.name,\n  ai.serial_number,\n  ai.brand,\n  ai.model,\n  at.description,\n  at.cost,\n  ai.school,\n  ai.room,\n  ai.funding_source,\n  ai.created_at\nFROM\n  asset_items AS ai\n  LEFT JOIN asset_types AS at ON ai.brand = at.brand\n  AND ai.model = at.model\nWHERE\n  ai.id = $1\n" rows_affected=0 rows_returned=1 elapsed=509.709µs elapsed_secs=0.000509709
2024-11-05-02:54:29 DEBUG call:call{user.id="0192cfb7-8dcf-7c72-9437-ae08e0b18198"}:request{method=GET uri=/asset_items/2 version=HTTP/1.1}: tower_http::trace::on_response: finished processing request latency=3 ms status=200
2024-11-05-02:55:35  WARN sqlx_postgres::options::pgpass: Failed to open `.pgpass` file: Os { code: 2, kind: NotFound, message: "No such file or directory" } path=/home/relam/.pgpass
2024-11-05-02:55:35  WARN sqlx_postgres::options::pgpass: Failed to open `.pgpass` file: Os { code: 2, kind: NotFound, message: "No such file or directory" } path=/home/relam/.pgpass
2024-11-05-02:55:35  WARN sqlx_postgres::options::pgpass: Failed to open `.pgpass` file: Os { code: 2, kind: NotFound, message: "No such file or directory" } path=/home/relam/.pgpass
2024-11-05-02:55:35 DEBUG htmx_google_auth::application::http::server: listening on 127.0.0.1:8000
2024-11-05-02:55:39  WARN sqlx_postgres::options::pgpass: Failed to open `.pgpass` file: Os { code: 2, kind: NotFound, message: "No such file or directory" } path=/home/relam/.pgpass
2024-11-05-02:55:39  WARN sqlx_postgres::options::pgpass: Failed to open `.pgpass` file: Os { code: 2, kind: NotFound, message: "No such file or directory" } path=/home/relam/.pgpass
2024-11-05-02:55:39  WARN sqlx_postgres::options::pgpass: Failed to open `.pgpass` file: Os { code: 2, kind: NotFound, message: "No such file or directory" } path=/home/relam/.pgpass
2024-11-05-02:55:39 DEBUG htmx_google_auth::application::http::server: listening on 127.0.0.1:8000
2024-11-05-02:55:45  WARN call:call:get_record: tower_sessions_core::session: possibly suspicious activity: record not found in store
2024-11-05-02:55:45 DEBUG call:call:request{method=GET uri=/settings version=HTTP/1.1}: tower_http::trace::on_request: started processing request
2024-11-05-02:55:45 DEBUG call:call:request{method=GET uri=/settings version=HTTP/1.1}: tower_http::trace::on_response: finished processing request latency=0 ms status=303
2024-11-05-02:55:45 DEBUG call: tower_sessions::service: removing session cookie
2024-11-05-02:55:45 DEBUG call:call:request{method=GET uri=/sessions/login version=HTTP/1.1}: tower_http::trace::on_request: started processing request
2024-11-05-02:55:45 DEBUG call:call:request{method=GET uri=/sessions/login version=HTTP/1.1}: tower_http::trace::on_response: finished processing request latency=0 ms status=200
2024-11-05-02:55:50 DEBUG call:call:request{method=POST uri=/sessions/login version=HTTP/1.1}: tower_http::trace::on_request: started processing request
2024-11-05-02:55:50 DEBUG call:call:request{method=POST uri=/sessions/login version=HTTP/1.1}:post_login:authenticate: sqlx::query: summary="SELECT users.id, users.password_hash as …" db.statement="\n\nSELECT\n  users.id,\n  users.password_hash as \"password_hash: PasswordHash\",\n  users.email as \"email: EmailAddress\",\n  users.email_verified,\n  users.given_name,\n  users.family_name,\n  roles.name as role,\n  users.picture as \"picture: Picture\",\n  users.created_at,\n  users.updated_at\nFROM\n  users\n  INNER JOIN roles ON users.role_id = roles.id\nWHERE\n  email = $1\n" rows_affected=0 rows_returned=1 elapsed=1.871737ms elapsed_secs=0.001871737
2024-11-05-02:55:50 DEBUG call:call:request{method=POST uri=/sessions/login version=HTTP/1.1}:post_login:authenticate{user.id="0192cfb7-8dcf-7c72-9437-ae08e0b18198"}: axum_login::session: return=Some(UserDescriptor { id: 0192cfb7-8dcf-7c72-9437-ae08e0b18198, email: EmailAddress("relam@richmond-county.k12.va.us"), given_name: "Reed", family_name: "Elam", role: "admin", picture: Picture("/content/images/7ed003df5abc4eff39e372c0af9c45cc315d44b38bd318c3d9da50a546853f16.webp") })
2024-11-05-02:55:50 DEBUG call:call:request{method=POST uri=/sessions/login version=HTTP/1.1}:post_login:login{user.id="0192cfb7-8dcf-7c72-9437-ae08e0b18198"}: axum_login::session: return=()
2024-11-05-02:55:50 DEBUG call:call:request{method=POST uri=/sessions/login version=HTTP/1.1}: tower_http::trace::on_response: finished processing request latency=319 ms status=200
2024-11-05-02:55:50 DEBUG call: tower_sessions::service: saving session
2024-11-05-02:55:50 DEBUG call: tower_sessions::service: adding session cookie
2024-11-05-02:55:50 DEBUG call:call: sqlx::query: summary="SELECT users.id, users.email as …" db.statement="\n\nSELECT\n  users.id,\n  users.email as \"email: EmailAddress\",\n  users.family_name,\n  users.given_name,\n  roles.name as role,\n  users.picture as \"picture: Picture\"\nFROM\n  users\n  INNER JOIN roles ON users.role_id = roles.id\nWHERE\n  users.id = $1\n" rows_affected=0 rows_returned=1 elapsed=1.220021ms elapsed_secs=0.001220021
2024-11-05-02:55:50 DEBUG call:call{user.id="0192cfb7-8dcf-7c72-9437-ae08e0b18198"}:request{method=GET uri=/settings version=HTTP/1.1}: tower_http::trace::on_request: started processing request
2024-11-05-02:55:50 DEBUG call:call{user.id="0192cfb7-8dcf-7c72-9437-ae08e0b18198"}:request{method=GET uri=/settings version=HTTP/1.1}: tower_http::trace::on_response: finished processing request latency=0 ms status=200
2024-11-05-02:55:50 DEBUG call:call: sqlx::query: summary="SELECT users.id, users.email as …" db.statement="\n\nSELECT\n  users.id,\n  users.email as \"email: EmailAddress\",\n  users.family_name,\n  users.given_name,\n  roles.name as role,\n  users.picture as \"picture: Picture\"\nFROM\n  users\n  INNER JOIN roles ON users.role_id = roles.id\nWHERE\n  users.id = $1\n" rows_affected=0 rows_returned=1 elapsed=629.168µs elapsed_secs=0.000629168
2024-11-05-02:55:50 DEBUG call:call{user.id="0192cfb7-8dcf-7c72-9437-ae08e0b18198"}:request{method=GET uri=/settings/roles?selected=admin version=HTTP/1.1}: tower_http::trace::on_request: started processing request
2024-11-05-02:55:50 DEBUG call:call{user.id="0192cfb7-8dcf-7c72-9437-ae08e0b18198"}:request{method=GET uri=/settings/roles?selected=admin version=HTTP/1.1}:get_roles: sqlx::query: summary="SELECT id, name FROM …" db.statement="\n\nSELECT\n  id,\n  name\nFROM\n  roles\n" rows_affected=2 rows_returned=2 elapsed=1.138544ms elapsed_secs=0.001138544
2024-11-05-02:55:50 DEBUG call:call{user.id="0192cfb7-8dcf-7c72-9437-ae08e0b18198"}:request{method=GET uri=/settings/roles?selected=admin version=HTTP/1.1}: tower_http::trace::on_response: finished processing request latency=38 ms status=200
2024-11-05-02:55:52 DEBUG call:call: sqlx::query: summary="SELECT users.id, users.email as …" db.statement="\n\nSELECT\n  users.id,\n  users.email as \"email: EmailAddress\",\n  users.family_name,\n  users.given_name,\n  roles.name as role,\n  users.picture as \"picture: Picture\"\nFROM\n  users\n  INNER JOIN roles ON users.role_id = roles.id\nWHERE\n  users.id = $1\n" rows_affected=0 rows_returned=1 elapsed=623.782µs elapsed_secs=0.000623782
2024-11-05-02:55:52 DEBUG call:call{user.id="0192cfb7-8dcf-7c72-9437-ae08e0b18198"}:request{method=GET uri=/asset_items version=HTTP/1.1}: tower_http::trace::on_request: started processing request
2024-11-05-02:55:52 DEBUG call:call{user.id="0192cfb7-8dcf-7c72-9437-ae08e0b18198"}:request{method=GET uri=/asset_items version=HTTP/1.1}:get_asset_items: sqlx::query: summary="SELECT ai.id, ai.asset_id, ai.name, …" db.statement="\n\nSELECT\n  ai.id,\n  ai.asset_id,\n  ai.name,\n  ai.serial_number,\n  ai.brand,\n  ai.model,\n  at.description,\n  at.cost,\n  ai.school,\n  ai.room,\n  ai.funding_source,\n  ai.created_at\nFROM\n  asset_items AS ai\n  LEFT JOIN asset_types AS at ON ai.brand = at.brand\n  AND ai.model = at.model\n" rows_affected=1 rows_returned=1 elapsed=1.938867ms elapsed_secs=0.001938867
2024-11-05-02:55:52 DEBUG call:call{user.id="0192cfb7-8dcf-7c72-9437-ae08e0b18198"}:request{method=GET uri=/asset_items version=HTTP/1.1}: tower_http::trace::on_response: finished processing request latency=37 ms status=200
2024-11-05-02:55:53 DEBUG call:call: sqlx::query: summary="SELECT users.id, users.email as …" db.statement="\n\nSELECT\n  users.id,\n  users.email as \"email: EmailAddress\",\n  users.family_name,\n  users.given_name,\n  roles.name as role,\n  users.picture as \"picture: Picture\"\nFROM\n  users\n  INNER JOIN roles ON users.role_id = roles.id\nWHERE\n  users.id = $1\n" rows_affected=0 rows_returned=1 elapsed=1.488989ms elapsed_secs=0.001488989
2024-11-05-02:55:53 DEBUG call:call{user.id="0192cfb7-8dcf-7c72-9437-ae08e0b18198"}:request{method=GET uri=/asset_items/2 version=HTTP/1.1}: tower_http::trace::on_request: started processing request
2024-11-05-02:55:53 DEBUG call:call{user.id="0192cfb7-8dcf-7c72-9437-ae08e0b18198"}:request{method=GET uri=/asset_items/2 version=HTTP/1.1}:get_asset_item_view: sqlx::query: summary="SELECT ai.id, ai.asset_id, ai.name, …" db.statement="\n\nSELECT\n  ai.id,\n  ai.asset_id,\n  ai.name,\n  ai.serial_number,\n  ai.brand,\n  ai.model,\n  at.description,\n  at.cost,\n  ai.school,\n  ai.room,\n  ai.funding_source,\n  ai.created_at\nFROM\n  asset_items AS ai\n  LEFT JOIN asset_types AS at ON ai.brand = at.brand\n  AND ai.model = at.model\nWHERE\n  ai.id = $1\n" rows_affected=0 rows_returned=1 elapsed=992.305µs elapsed_secs=0.000992305
2024-11-05-02:55:53 DEBUG call:call{user.id="0192cfb7-8dcf-7c72-9437-ae08e0b18198"}:request{method=GET uri=/asset_items/2 version=HTTP/1.1}: tower_http::trace::on_response: finished processing request latency=3 ms status=200
2024-11-05-02:56:06 DEBUG call:call: sqlx::query: summary="SELECT users.id, users.email as …" db.statement="\n\nSELECT\n  users.id,\n  users.email as \"email: EmailAddress\",\n  users.family_name,\n  users.given_name,\n  roles.name as role,\n  users.picture as \"picture: Picture\"\nFROM\n  users\n  INNER JOIN roles ON users.role_id = roles.id\nWHERE\n  users.id = $1\n" rows_affected=0 rows_returned=1 elapsed=554.709µs elapsed_secs=0.000554709
2024-11-05-02:56:06 DEBUG call:call{user.id="0192cfb7-8dcf-7c72-9437-ae08e0b18198"}:request{method=GET uri=/asset_items/2 version=HTTP/1.1}: tower_http::trace::on_request: started processing request
2024-11-05-02:56:06 DEBUG call:call{user.id="0192cfb7-8dcf-7c72-9437-ae08e0b18198"}:request{method=GET uri=/asset_items/2 version=HTTP/1.1}:get_asset_item_view: sqlx::query: summary="SELECT ai.id, ai.asset_id, ai.name, …" db.statement="\n\nSELECT\n  ai.id,\n  ai.asset_id,\n  ai.name,\n  ai.serial_number,\n  ai.brand,\n  ai.model,\n  at.description,\n  at.cost,\n  ai.school,\n  ai.room,\n  ai.funding_source,\n  ai.created_at\nFROM\n  asset_items AS ai\n  LEFT JOIN asset_types AS at ON ai.brand = at.brand\n  AND ai.model = at.model\nWHERE\n  ai.id = $1\n" rows_affected=0 rows_returned=1 elapsed=536.931µs elapsed_secs=0.000536931
2024-11-05-02:56:06 DEBUG call:call{user.id="0192cfb7-8dcf-7c72-9437-ae08e0b18198"}:request{method=GET uri=/asset_items/2 version=HTTP/1.1}: tower_http::trace::on_response: finished processing request latency=3 ms status=200
2024-11-05-02:56:10 DEBUG call:call: sqlx::query: summary="SELECT users.id, users.email as …" db.statement="\n\nSELECT\n  users.id,\n  users.email as \"email: EmailAddress\",\n  users.family_name,\n  users.given_name,\n  roles.name as role,\n  users.picture as \"picture: Picture\"\nFROM\n  users\n  INNER JOIN roles ON users.role_id = roles.id\nWHERE\n  users.id = $1\n" rows_affected=0 rows_returned=1 elapsed=590.338µs elapsed_secs=0.000590338
2024-11-05-02:56:10 DEBUG call:call{user.id="0192cfb7-8dcf-7c72-9437-ae08e0b18198"}:request{method=GET uri=/asset_types version=HTTP/1.1}: tower_http::trace::on_request: started processing request
2024-11-05-02:56:10  INFO call:call{user.id="0192cfb7-8dcf-7c72-9437-ae08e0b18198"}:request{method=GET uri=/asset_types version=HTTP/1.1}:get_asset_types: htmx_google_auth::infastructure::services::postgres_crud_repository: AssetTypeFilter { search: None, sort: None, order: None }
2024-11-05-02:56:10 DEBUG call:call{user.id="0192cfb7-8dcf-7c72-9437-ae08e0b18198"}:request{method=GET uri=/asset_types version=HTTP/1.1}:get_asset_types: sqlx::query: summary="SELECT id, brand, model, …" db.statement="\n\nSELECT\n  id,\n  brand,\n  model,\n  description,\n  cost,\n  picture,\n  created_at\nFROM\n  asset_types\n" rows_affected=84 rows_returned=84 elapsed=1.394097ms elapsed_secs=0.001394097
2024-11-05-02:56:10 DEBUG call:call{user.id="0192cfb7-8dcf-7c72-9437-ae08e0b18198"}:request{method=GET uri=/asset_types version=HTTP/1.1}: tower_http::trace::on_response: finished processing request latency=2 ms status=200
2024-11-05-02:56:40 DEBUG call:call: sqlx::query: summary="SELECT users.id, users.email as …" db.statement="\n\nSELECT\n  users.id,\n  users.email as \"email: EmailAddress\",\n  users.family_name,\n  users.given_name,\n  roles.name as role,\n  users.picture as \"picture: Picture\"\nFROM\n  users\n  INNER JOIN roles ON users.role_id = roles.id\nWHERE\n  users.id = $1\n" rows_affected=0 rows_returned=1 elapsed=707.299µs elapsed_secs=0.000707299
2024-11-05-02:56:40 DEBUG call:call{user.id="0192cfb7-8dcf-7c72-9437-ae08e0b18198"}:request{method=GET uri=/asset_items version=HTTP/1.1}: tower_http::trace::on_request: started processing request
2024-11-05-02:56:40 DEBUG call:call{user.id="0192cfb7-8dcf-7c72-9437-ae08e0b18198"}:request{method=GET uri=/asset_items version=HTTP/1.1}:get_asset_items: sqlx::query: summary="SELECT ai.id, ai.asset_id, ai.name, …" db.statement="\n\nSELECT\n  ai.id,\n  ai.asset_id,\n  ai.name,\n  ai.serial_number,\n  ai.brand,\n  ai.model,\n  at.description,\n  at.cost,\n  ai.school,\n  ai.room,\n  ai.funding_source,\n  ai.created_at\nFROM\n  asset_items AS ai\n  LEFT JOIN asset_types AS at ON ai.brand = at.brand\n  AND ai.model = at.model\n" rows_affected=1 rows_returned=1 elapsed=512.565µs elapsed_secs=0.000512565
2024-11-05-02:56:40 DEBUG call:call{user.id="0192cfb7-8dcf-7c72-9437-ae08e0b18198"}:request{method=GET uri=/asset_items version=HTTP/1.1}: tower_http::trace::on_response: finished processing request latency=3 ms status=200
2024-11-05-02:56:42 DEBUG call:call: sqlx::query: summary="SELECT users.id, users.email as …" db.statement="\n\nSELECT\n  users.id,\n  users.email as \"email: EmailAddress\",\n  users.family_name,\n  users.given_name,\n  roles.name as role,\n  users.picture as \"picture: Picture\"\nFROM\n  users\n  INNER JOIN roles ON users.role_id = roles.id\nWHERE\n  users.id = $1\n" rows_affected=0 rows_returned=1 elapsed=544.584µs elapsed_secs=0.000544584
2024-11-05-02:56:42 DEBUG call:call{user.id="0192cfb7-8dcf-7c72-9437-ae08e0b18198"}:request{method=GET uri=/asset_items/2 version=HTTP/1.1}: tower_http::trace::on_request: started processing request
2024-11-05-02:56:42 DEBUG call:call{user.id="0192cfb7-8dcf-7c72-9437-ae08e0b18198"}:request{method=GET uri=/asset_items/2 version=HTTP/1.1}:get_asset_item_view: sqlx::query: summary="SELECT ai.id, ai.asset_id, ai.name, …" db.statement="\n\nSELECT\n  ai.id,\n  ai.asset_id,\n  ai.name,\n  ai.serial_number,\n  ai.brand,\n  ai.model,\n  at.description,\n  at.cost,\n  ai.school,\n  ai.room,\n  ai.funding_source,\n  ai.created_at\nFROM\n  asset_items AS ai\n  LEFT JOIN asset_types AS at ON ai.brand = at.brand\n  AND ai.model = at.model\nWHERE\n  ai.id = $1\n" rows_affected=0 rows_returned=1 elapsed=564.847µs elapsed_secs=0.000564847
2024-11-05-02:56:42 DEBUG call:call{user.id="0192cfb7-8dcf-7c72-9437-ae08e0b18198"}:request{method=GET uri=/asset_items/2 version=HTTP/1.1}: tower_http::trace::on_response: finished processing request latency=4 ms status=200
2024-11-05-02:56:52 DEBUG call:call: sqlx::query: summary="SELECT users.id, users.email as …" db.statement="\n\nSELECT\n  users.id,\n  users.email as \"email: EmailAddress\",\n  users.family_name,\n  users.given_name,\n  roles.name as role,\n  users.picture as \"picture: Picture\"\nFROM\n  users\n  INNER JOIN roles ON users.role_id = roles.id\nWHERE\n  users.id = $1\n" rows_affected=0 rows_returned=1 elapsed=649.352µs elapsed_secs=0.000649352
2024-11-05-02:56:52 DEBUG call:call{user.id="0192cfb7-8dcf-7c72-9437-ae08e0b18198"}:request{method=GET uri=/asset_items/2 version=HTTP/1.1}: tower_http::trace::on_request: started processing request
2024-11-05-02:56:52 DEBUG call:call{user.id="0192cfb7-8dcf-7c72-9437-ae08e0b18198"}:request{method=GET uri=/asset_items/2 version=HTTP/1.1}:get_asset_item_view: sqlx::query: summary="SELECT ai.id, ai.asset_id, ai.name, …" db.statement="\n\nSELECT\n  ai.id,\n  ai.asset_id,\n  ai.name,\n  ai.serial_number,\n  ai.brand,\n  ai.model,\n  at.description,\n  at.cost,\n  ai.school,\n  ai.room,\n  ai.funding_source,\n  ai.created_at\nFROM\n  asset_items AS ai\n  LEFT JOIN asset_types AS at ON ai.brand = at.brand\n  AND ai.model = at.model\nWHERE\n  ai.id = $1\n" rows_affected=0 rows_returned=1 elapsed=572.406µs elapsed_secs=0.000572406
2024-11-05-02:56:52 DEBUG call:call{user.id="0192cfb7-8dcf-7c72-9437-ae08e0b18198"}:request{method=GET uri=/asset_items/2 version=HTTP/1.1}: tower_http::trace::on_response: finished processing request latency=3 ms status=200
2024-11-05-02:56:57 DEBUG call:call: sqlx::query: summary="SELECT users.id, users.email as …" db.statement="\n\nSELECT\n  users.id,\n  users.email as \"email: EmailAddress\",\n  users.family_name,\n  users.given_name,\n  roles.name as role,\n  users.picture as \"picture: Picture\"\nFROM\n  users\n  INNER JOIN roles ON users.role_id = roles.id\nWHERE\n  users.id = $1\n" rows_affected=0 rows_returned=1 elapsed=637.058µs elapsed_secs=0.000637058
2024-11-05-02:56:57 DEBUG call:call{user.id="0192cfb7-8dcf-7c72-9437-ae08e0b18198"}:request{method=GET uri=/asset_items/2 version=HTTP/1.1}: tower_http::trace::on_request: started processing request
2024-11-05-02:56:57 DEBUG call:call{user.id="0192cfb7-8dcf-7c72-9437-ae08e0b18198"}:request{method=GET uri=/asset_items/2 version=HTTP/1.1}:get_asset_item_view: sqlx::query: summary="SELECT ai.id, ai.asset_id, ai.name, …" db.statement="\n\nSELECT\n  ai.id,\n  ai.asset_id,\n  ai.name,\n  ai.serial_number,\n  ai.brand,\n  ai.model,\n  at.description,\n  at.cost,\n  ai.school,\n  ai.room,\n  ai.funding_source,\n  ai.created_at\nFROM\n  asset_items AS ai\n  LEFT JOIN asset_types AS at ON ai.brand = at.brand\n  AND ai.model = at.model\nWHERE\n  ai.id = $1\n" rows_affected=0 rows_returned=1 elapsed=501.568µs elapsed_secs=0.000501568
2024-11-05-02:56:57 DEBUG call:call{user.id="0192cfb7-8dcf-7c72-9437-ae08e0b18198"}:request{method=GET uri=/asset_items/2 version=HTTP/1.1}: tower_http::trace::on_response: finished processing request latency=3 ms status=200
2024-11-05-02:57:35 DEBUG call:call: sqlx::query: summary="SELECT users.id, users.email as …" db.statement="\n\nSELECT\n  users.id,\n  users.email as \"email: EmailAddress\",\n  users.family_name,\n  users.given_name,\n  roles.name as role,\n  users.picture as \"picture: Picture\"\nFROM\n  users\n  INNER JOIN roles ON users.role_id = roles.id\nWHERE\n  users.id = $1\n" rows_affected=0 rows_returned=1 elapsed=551.177µs elapsed_secs=0.000551177
2024-11-05-02:57:35 DEBUG call:call{user.id="0192cfb7-8dcf-7c72-9437-ae08e0b18198"}:request{method=GET uri=/asset_items/2 version=HTTP/1.1}: tower_http::trace::on_request: started processing request
2024-11-05-02:57:35 DEBUG call:call{user.id="0192cfb7-8dcf-7c72-9437-ae08e0b18198"}:request{method=GET uri=/asset_items/2 version=HTTP/1.1}:get_asset_item_view: sqlx::query: summary="SELECT ai.id, ai.asset_id, ai.name, …" db.statement="\n\nSELECT\n  ai.id,\n  ai.asset_id,\n  ai.name,\n  ai.serial_number,\n  ai.brand,\n  ai.model,\n  at.description,\n  at.cost,\n  ai.school,\n  ai.room,\n  ai.funding_source,\n  ai.created_at\nFROM\n  asset_items AS ai\n  LEFT JOIN asset_types AS at ON ai.brand = at.brand\n  AND ai.model = at.model\nWHERE\n  ai.id = $1\n" rows_affected=0 rows_returned=1 elapsed=621.267µs elapsed_secs=0.000621267
2024-11-05-02:57:35 DEBUG call:call{user.id="0192cfb7-8dcf-7c72-9437-ae08e0b18198"}:request{method=GET uri=/asset_items/2 version=HTTP/1.1}: tower_http::trace::on_response: finished processing request latency=3 ms status=200
2024-11-05-02:57:37 DEBUG call:call: sqlx::query: summary="SELECT users.id, users.email as …" db.statement="\n\nSELECT\n  users.id,\n  users.email as \"email: EmailAddress\",\n  users.family_name,\n  users.given_name,\n  roles.name as role,\n  users.picture as \"picture: Picture\"\nFROM\n  users\n  INNER JOIN roles ON users.role_id = roles.id\nWHERE\n  users.id = $1\n" rows_affected=0 rows_returned=1 elapsed=575.409µs elapsed_secs=0.000575409
2024-11-05-02:57:37 DEBUG call:call{user.id="0192cfb7-8dcf-7c72-9437-ae08e0b18198"}:request{method=GET uri=/asset_items/2 version=HTTP/1.1}: tower_http::trace::on_request: started processing request
2024-11-05-02:57:37 DEBUG call:call{user.id="0192cfb7-8dcf-7c72-9437-ae08e0b18198"}:request{method=GET uri=/asset_items/2 version=HTTP/1.1}:get_asset_item_view: sqlx::query: summary="SELECT ai.id, ai.asset_id, ai.name, …" db.statement="\n\nSELECT\n  ai.id,\n  ai.asset_id,\n  ai.name,\n  ai.serial_number,\n  ai.brand,\n  ai.model,\n  at.description,\n  at.cost,\n  ai.school,\n  ai.room,\n  ai.funding_source,\n  ai.created_at\nFROM\n  asset_items AS ai\n  LEFT JOIN asset_types AS at ON ai.brand = at.brand\n  AND ai.model = at.model\nWHERE\n  ai.id = $1\n" rows_affected=0 rows_returned=1 elapsed=590.277µs elapsed_secs=0.000590277
2024-11-05-02:57:37 DEBUG call:call{user.id="0192cfb7-8dcf-7c72-9437-ae08e0b18198"}:request{method=GET uri=/asset_items/2 version=HTTP/1.1}: tower_http::trace::on_response: finished processing request latency=3 ms status=200
2024-11-05-02:57:43 DEBUG call:call: sqlx::query: summary="SELECT users.id, users.email as …" db.statement="\n\nSELECT\n  users.id,\n  users.email as \"email: EmailAddress\",\n  users.family_name,\n  users.given_name,\n  roles.name as role,\n  users.picture as \"picture: Picture\"\nFROM\n  users\n  INNER JOIN roles ON users.role_id = roles.id\nWHERE\n  users.id = $1\n" rows_affected=0 rows_returned=1 elapsed=451.21µs elapsed_secs=0.00045121
2024-11-05-02:57:43 DEBUG call:call{user.id="0192cfb7-8dcf-7c72-9437-ae08e0b18198"}:request{method=GET uri=/asset_items/2 version=HTTP/1.1}: tower_http::trace::on_request: started processing request
2024-11-05-02:57:43 DEBUG call:call{user.id="0192cfb7-8dcf-7c72-9437-ae08e0b18198"}:request{method=GET uri=/asset_items/2 version=HTTP/1.1}:get_asset_item_view: sqlx::query: summary="SELECT ai.id, ai.asset_id, ai.name, …" db.statement="\n\nSELECT\n  ai.id,\n  ai.asset_id,\n  ai.name,\n  ai.serial_number,\n  ai.brand,\n  ai.model,\n  at.description,\n  at.cost,\n  ai.school,\n  ai.room,\n  ai.funding_source,\n  ai.created_at\nFROM\n  asset_items AS ai\n  LEFT JOIN asset_types AS at ON ai.brand = at.brand\n  AND ai.model = at.model\nWHERE\n  ai.id = $1\n" rows_affected=0 rows_returned=1 elapsed=506.135µs elapsed_secs=0.000506135
2024-11-05-02:57:43 DEBUG call:call{user.id="0192cfb7-8dcf-7c72-9437-ae08e0b18198"}:request{method=GET uri=/asset_items/2 version=HTTP/1.1}: tower_http::trace::on_response: finished processing request latency=5 ms status=200
2024-11-05-02:57:47 DEBUG call:call: sqlx::query: summary="SELECT users.id, users.email as …" db.statement="\n\nSELECT\n  users.id,\n  users.email as \"email: EmailAddress\",\n  users.family_name,\n  users.given_name,\n  roles.name as role,\n  users.picture as \"picture: Picture\"\nFROM\n  users\n  INNER JOIN roles ON users.role_id = roles.id\nWHERE\n  users.id = $1\n" rows_affected=0 rows_returned=1 elapsed=627.41µs elapsed_secs=0.00062741
2024-11-05-02:57:47 DEBUG call:call{user.id="0192cfb7-8dcf-7c72-9437-ae08e0b18198"}:request{method=GET uri=/asset_items?search=h&sort=name&order=DESC version=HTTP/1.1}: tower_http::trace::on_request: started processing request
2024-11-05-02:57:47 DEBUG call:call{user.id="0192cfb7-8dcf-7c72-9437-ae08e0b18198"}:request{method=GET uri=/asset_items?search=h&sort=name&order=DESC version=HTTP/1.1}:get_asset_items: sqlx::query: summary="SELECT ai.id, ai.asset_id, ai.name, …" db.statement="\n\nSELECT\n  ai.id,\n  ai.asset_id,\n  ai.name,\n  ai.serial_number,\n  ai.brand,\n  ai.model,\n  at.description,\n  at.cost,\n  ai.school,\n  ai.room,\n  ai.funding_source,\n  ai.created_at\nFROM\n  asset_items AS ai\n  LEFT JOIN asset_types AS at ON ai.brand = at.brand\n  AND ai.model = at.model\n" rows_affected=1 rows_returned=1 elapsed=670.817µs elapsed_secs=0.000670817
2024-11-05-02:57:47 DEBUG call:call{user.id="0192cfb7-8dcf-7c72-9437-ae08e0b18198"}:request{method=GET uri=/asset_items?search=h&sort=name&order=DESC version=HTTP/1.1}: tower_http::trace::on_response: finished processing request latency=4 ms status=200
2024-11-05-03:00:19  WARN sqlx_postgres::options::pgpass: Failed to open `.pgpass` file: Os { code: 2, kind: NotFound, message: "No such file or directory" } path=/home/relam/.pgpass
2024-11-05-03:00:19  WARN sqlx_postgres::options::pgpass: Failed to open `.pgpass` file: Os { code: 2, kind: NotFound, message: "No such file or directory" } path=/home/relam/.pgpass
2024-11-05-03:00:19  WARN sqlx_postgres::options::pgpass: Failed to open `.pgpass` file: Os { code: 2, kind: NotFound, message: "No such file or directory" } path=/home/relam/.pgpass
2024-11-05-03:00:19 DEBUG htmx_google_auth::application::http::server: listening on 127.0.0.1:8000
2024-11-05-03:01:09  WARN call:call:get_record: tower_sessions_core::session: possibly suspicious activity: record not found in store
2024-11-05-03:01:09 DEBUG call:call:request{method=GET uri=/asset_items?search=h&sort=name&order=DESC version=HTTP/1.1}: tower_http::trace::on_request: started processing request
2024-11-05-03:01:09 DEBUG call:call:request{method=GET uri=/asset_items?search=h&sort=name&order=DESC version=HTTP/1.1}: tower_http::trace::on_response: finished processing request latency=0 ms status=303
2024-11-05-03:01:09 DEBUG call: tower_sessions::service: removing session cookie
2024-11-05-03:01:09 DEBUG call:call:request{method=GET uri=/sessions/login version=HTTP/1.1}: tower_http::trace::on_request: started processing request
2024-11-05-03:01:09 DEBUG call:call:request{method=GET uri=/sessions/login version=HTTP/1.1}: tower_http::trace::on_response: finished processing request latency=0 ms status=200
2024-11-05-03:01:09 DEBUG call:call:request{method=GET uri=/static/styles/output.css version=HTTP/1.1}: tower_http::trace::on_request: started processing request
2024-11-05-03:01:09 DEBUG call:call:request{method=GET uri=/static/styles/output.css version=HTTP/1.1}: tower_http::trace::on_response: finished processing request latency=0 ms status=304
2024-11-05-03:01:15 DEBUG call:call:request{method=POST uri=/sessions/login version=HTTP/1.1}: tower_http::trace::on_request: started processing request
2024-11-05-03:01:15 DEBUG call:call:request{method=POST uri=/sessions/login version=HTTP/1.1}:post_login:authenticate: sqlx::query: summary="SELECT users.id, users.password_hash as …" db.statement="\n\nSELECT\n  users.id,\n  users.password_hash as \"password_hash: PasswordHash\",\n  users.email as \"email: EmailAddress\",\n  users.email_verified,\n  users.given_name,\n  users.family_name,\n  roles.name as role,\n  users.picture as \"picture: Picture\",\n  users.created_at,\n  users.updated_at\nFROM\n  users\n  INNER JOIN roles ON users.role_id = roles.id\nWHERE\n  email = $1\n" rows_affected=0 rows_returned=1 elapsed=8.577098ms elapsed_secs=0.008577098
2024-11-05-03:01:15 DEBUG call:call:request{method=POST uri=/sessions/login version=HTTP/1.1}:post_login:authenticate{user.id="0192cfb7-8dcf-7c72-9437-ae08e0b18198"}: axum_login::session: return=Some(UserDescriptor { id: 0192cfb7-8dcf-7c72-9437-ae08e0b18198, email: EmailAddress("relam@richmond-county.k12.va.us"), given_name: "Reed", family_name: "Elam", role: "admin", picture: Picture("/content/images/7ed003df5abc4eff39e372c0af9c45cc315d44b38bd318c3d9da50a546853f16.webp") })
2024-11-05-03:01:15 DEBUG call:call:request{method=POST uri=/sessions/login version=HTTP/1.1}:post_login:login{user.id="0192cfb7-8dcf-7c72-9437-ae08e0b18198"}: axum_login::session: return=()
2024-11-05-03:01:15 DEBUG call:call:request{method=POST uri=/sessions/login version=HTTP/1.1}: tower_http::trace::on_response: finished processing request latency=314 ms status=200
2024-11-05-03:01:15 DEBUG call: tower_sessions::service: saving session
2024-11-05-03:01:15 DEBUG call: tower_sessions::service: adding session cookie
2024-11-05-03:01:15 DEBUG call:call: sqlx::query: summary="SELECT users.id, users.email as …" db.statement="\n\nSELECT\n  users.id,\n  users.email as \"email: EmailAddress\",\n  users.family_name,\n  users.given_name,\n  roles.name as role,\n  users.picture as \"picture: Picture\"\nFROM\n  users\n  INNER JOIN roles ON users.role_id = roles.id\nWHERE\n  users.id = $1\n" rows_affected=0 rows_returned=1 elapsed=1.22081ms elapsed_secs=0.00122081
2024-11-05-03:01:15 DEBUG call:call{user.id="0192cfb7-8dcf-7c72-9437-ae08e0b18198"}:request{method=GET uri=/settings version=HTTP/1.1}: tower_http::trace::on_request: started processing request
2024-11-05-03:01:15 DEBUG call:call{user.id="0192cfb7-8dcf-7c72-9437-ae08e0b18198"}:request{method=GET uri=/settings version=HTTP/1.1}: tower_http::trace::on_response: finished processing request latency=0 ms status=200
2024-11-05-03:01:15 DEBUG call:call: sqlx::query: summary="SELECT users.id, users.email as …" db.statement="\n\nSELECT\n  users.id,\n  users.email as \"email: EmailAddress\",\n  users.family_name,\n  users.given_name,\n  roles.name as role,\n  users.picture as \"picture: Picture\"\nFROM\n  users\n  INNER JOIN roles ON users.role_id = roles.id\nWHERE\n  users.id = $1\n" rows_affected=0 rows_returned=1 elapsed=775.352µs elapsed_secs=0.000775352
2024-11-05-03:01:15 DEBUG call:call{user.id="0192cfb7-8dcf-7c72-9437-ae08e0b18198"}:request{method=GET uri=/settings/roles?selected=admin version=HTTP/1.1}: tower_http::trace::on_request: started processing request
2024-11-05-03:01:15 DEBUG call:call{user.id="0192cfb7-8dcf-7c72-9437-ae08e0b18198"}:request{method=GET uri=/settings/roles?selected=admin version=HTTP/1.1}:get_roles: sqlx::query: summary="SELECT id, name FROM …" db.statement="\n\nSELECT\n  id,\n  name\nFROM\n  roles\n" rows_affected=2 rows_returned=2 elapsed=1.607619ms elapsed_secs=0.001607619
2024-11-05-03:01:15 DEBUG call:call{user.id="0192cfb7-8dcf-7c72-9437-ae08e0b18198"}:request{method=GET uri=/settings/roles?selected=admin version=HTTP/1.1}: tower_http::trace::on_response: finished processing request latency=35 ms status=200
2024-11-05-03:01:17 DEBUG call:call: sqlx::query: summary="SELECT users.id, users.email as …" db.statement="\n\nSELECT\n  users.id,\n  users.email as \"email: EmailAddress\",\n  users.family_name,\n  users.given_name,\n  roles.name as role,\n  users.picture as \"picture: Picture\"\nFROM\n  users\n  INNER JOIN roles ON users.role_id = roles.id\nWHERE\n  users.id = $1\n" rows_affected=0 rows_returned=1 elapsed=761.417µs elapsed_secs=0.000761417
2024-11-05-03:01:17 DEBUG call:call{user.id="0192cfb7-8dcf-7c72-9437-ae08e0b18198"}:request{method=GET uri=/asset_items version=HTTP/1.1}: tower_http::trace::on_request: started processing request
2024-11-05-03:01:17 DEBUG call:call{user.id="0192cfb7-8dcf-7c72-9437-ae08e0b18198"}:request{method=GET uri=/asset_items version=HTTP/1.1}:get_asset_items: sqlx::query: summary="SELECT ai.id, ai.asset_id, ai.name, …" db.statement="\n\nSELECT\n  ai.id,\n  ai.asset_id,\n  ai.name,\n  ai.serial_number,\n  ai.brand,\n  ai.model,\n  at.description,\n  at.cost,\n  ai.school,\n  ai.room,\n  ai.funding_source,\n  ai.created_at\nFROM\n  asset_items AS ai\n  LEFT JOIN asset_types AS at ON ai.brand = at.brand\n  AND ai.model = at.model\n" rows_affected=1 rows_returned=1 elapsed=2.49165ms elapsed_secs=0.00249165
2024-11-05-03:01:17 DEBUG call:call{user.id="0192cfb7-8dcf-7c72-9437-ae08e0b18198"}:request{method=GET uri=/asset_items version=HTTP/1.1}: tower_http::trace::on_response: finished processing request latency=38 ms status=200
2024-11-05-03:01:18 DEBUG call:call: sqlx::query: summary="SELECT users.id, users.email as …" db.statement="\n\nSELECT\n  users.id,\n  users.email as \"email: EmailAddress\",\n  users.family_name,\n  users.given_name,\n  roles.name as role,\n  users.picture as \"picture: Picture\"\nFROM\n  users\n  INNER JOIN roles ON users.role_id = roles.id\nWHERE\n  users.id = $1\n" rows_affected=0 rows_returned=1 elapsed=1.664286ms elapsed_secs=0.001664286
2024-11-05-03:01:18 DEBUG call:call{user.id="0192cfb7-8dcf-7c72-9437-ae08e0b18198"}:request{method=GET uri=/asset_items/2 version=HTTP/1.1}: tower_http::trace::on_request: started processing request
2024-11-05-03:01:18 DEBUG call:call{user.id="0192cfb7-8dcf-7c72-9437-ae08e0b18198"}:request{method=GET uri=/asset_items/2 version=HTTP/1.1}:get_asset_item_view: sqlx::query: summary="SELECT ai.id, ai.asset_id, ai.name, …" db.statement="\n\nSELECT\n  ai.id,\n  ai.asset_id,\n  ai.name,\n  ai.serial_number,\n  ai.brand,\n  ai.model,\n  at.description,\n  at.cost,\n  ai.school,\n  ai.room,\n  ai.funding_source,\n  ai.created_at\nFROM\n  asset_items AS ai\n  LEFT JOIN asset_types AS at ON ai.brand = at.brand\n  AND ai.model = at.model\nWHERE\n  ai.id = $1\n" rows_affected=0 rows_returned=1 elapsed=1.193389ms elapsed_secs=0.001193389
2024-11-05-03:01:18 DEBUG call:call{user.id="0192cfb7-8dcf-7c72-9437-ae08e0b18198"}:request{method=GET uri=/asset_items/2 version=HTTP/1.1}: tower_http::trace::on_response: finished processing request latency=5 ms status=200
2024-11-05-03:01:26 DEBUG call:call: sqlx::query: summary="SELECT users.id, users.email as …" db.statement="\n\nSELECT\n  users.id,\n  users.email as \"email: EmailAddress\",\n  users.family_name,\n  users.given_name,\n  roles.name as role,\n  users.picture as \"picture: Picture\"\nFROM\n  users\n  INNER JOIN roles ON users.role_id = roles.id\nWHERE\n  users.id = $1\n" rows_affected=0 rows_returned=1 elapsed=571.732µs elapsed_secs=0.000571732
2024-11-05-03:01:26 DEBUG call:call{user.id="0192cfb7-8dcf-7c72-9437-ae08e0b18198"}:request{method=GET uri=/asset_items/2 version=HTTP/1.1}: tower_http::trace::on_request: started processing request
2024-11-05-03:01:26 DEBUG call:call{user.id="0192cfb7-8dcf-7c72-9437-ae08e0b18198"}:request{method=GET uri=/asset_items/2 version=HTTP/1.1}:get_asset_item_view: sqlx::query: summary="SELECT ai.id, ai.asset_id, ai.name, …" db.statement="\n\nSELECT\n  ai.id,\n  ai.asset_id,\n  ai.name,\n  ai.serial_number,\n  ai.brand,\n  ai.model,\n  at.description,\n  at.cost,\n  ai.school,\n  ai.room,\n  ai.funding_source,\n  ai.created_at\nFROM\n  asset_items AS ai\n  LEFT JOIN asset_types AS at ON ai.brand = at.brand\n  AND ai.model = at.model\nWHERE\n  ai.id = $1\n" rows_affected=0 rows_returned=1 elapsed=660.534µs elapsed_secs=0.000660534
2024-11-05-03:01:26 DEBUG call:call{user.id="0192cfb7-8dcf-7c72-9437-ae08e0b18198"}:request{method=GET uri=/asset_items/2 version=HTTP/1.1}: tower_http::trace::on_response: finished processing request latency=4 ms status=200
2024-11-05-03:01:33 DEBUG call:call: sqlx::query: summary="SELECT users.id, users.email as …" db.statement="\n\nSELECT\n  users.id,\n  users.email as \"email: EmailAddress\",\n  users.family_name,\n  users.given_name,\n  roles.name as role,\n  users.picture as \"picture: Picture\"\nFROM\n  users\n  INNER JOIN roles ON users.role_id = roles.id\nWHERE\n  users.id = $1\n" rows_affected=0 rows_returned=1 elapsed=567.795µs elapsed_secs=0.000567795
2024-11-05-03:01:33 DEBUG call:call{user.id="0192cfb7-8dcf-7c72-9437-ae08e0b18198"}:request{method=GET uri=/asset_items/2 version=HTTP/1.1}: tower_http::trace::on_request: started processing request
2024-11-05-03:01:33 DEBUG call:call{user.id="0192cfb7-8dcf-7c72-9437-ae08e0b18198"}:request{method=GET uri=/asset_items/2 version=HTTP/1.1}:get_asset_item_view: sqlx::query: summary="SELECT ai.id, ai.asset_id, ai.name, …" db.statement="\n\nSELECT\n  ai.id,\n  ai.asset_id,\n  ai.name,\n  ai.serial_number,\n  ai.brand,\n  ai.model,\n  at.description,\n  at.cost,\n  ai.school,\n  ai.room,\n  ai.funding_source,\n  ai.created_at\nFROM\n  asset_items AS ai\n  LEFT JOIN asset_types AS at ON ai.brand = at.brand\n  AND ai.model = at.model\nWHERE\n  ai.id = $1\n" rows_affected=0 rows_returned=1 elapsed=528.369µs elapsed_secs=0.000528369
2024-11-05-03:01:33 DEBUG call:call{user.id="0192cfb7-8dcf-7c72-9437-ae08e0b18198"}:request{method=GET uri=/asset_items/2 version=HTTP/1.1}: tower_http::trace::on_response: finished processing request latency=3 ms status=200
2024-11-05-03:01:56 DEBUG call:call: sqlx::query: summary="SELECT users.id, users.email as …" db.statement="\n\nSELECT\n  users.id,\n  users.email as \"email: EmailAddress\",\n  users.family_name,\n  users.given_name,\n  roles.name as role,\n  users.picture as \"picture: Picture\"\nFROM\n  users\n  INNER JOIN roles ON users.role_id = roles.id\nWHERE\n  users.id = $1\n" rows_affected=0 rows_returned=1 elapsed=526.905µs elapsed_secs=0.000526905
2024-11-05-03:01:56 DEBUG call:call{user.id="0192cfb7-8dcf-7c72-9437-ae08e0b18198"}:request{method=GET uri=/asset_items/2 version=HTTP/1.1}: tower_http::trace::on_request: started processing request
2024-11-05-03:01:56 DEBUG call:call{user.id="0192cfb7-8dcf-7c72-9437-ae08e0b18198"}:request{method=GET uri=/asset_items/2 version=HTTP/1.1}:get_asset_item_view: sqlx::query: summary="SELECT ai.id, ai.asset_id, ai.name, …" db.statement="\n\nSELECT\n  ai.id,\n  ai.asset_id,\n  ai.name,\n  ai.serial_number,\n  ai.brand,\n  ai.model,\n  at.description,\n  at.cost,\n  ai.school,\n  ai.room,\n  ai.funding_source,\n  ai.created_at\nFROM\n  asset_items AS ai\n  LEFT JOIN asset_types AS at ON ai.brand = at.brand\n  AND ai.model = at.model\nWHERE\n  ai.id = $1\n" rows_affected=0 rows_returned=1 elapsed=485.916µs elapsed_secs=0.000485916
2024-11-05-03:01:56 DEBUG call:call{user.id="0192cfb7-8dcf-7c72-9437-ae08e0b18198"}:request{method=GET uri=/asset_items/2 version=HTTP/1.1}: tower_http::trace::on_response: finished processing request latency=3 ms status=200
2024-11-05-03:01:57 DEBUG call:call: sqlx::query: summary="SELECT users.id, users.email as …" db.statement="\n\nSELECT\n  users.id,\n  users.email as \"email: EmailAddress\",\n  users.family_name,\n  users.given_name,\n  roles.name as role,\n  users.picture as \"picture: Picture\"\nFROM\n  users\n  INNER JOIN roles ON users.role_id = roles.id\nWHERE\n  users.id = $1\n" rows_affected=0 rows_returned=1 elapsed=553.166µs elapsed_secs=0.000553166
2024-11-05-03:01:57 DEBUG call:call{user.id="0192cfb7-8dcf-7c72-9437-ae08e0b18198"}:request{method=GET uri=/asset_items/2 version=HTTP/1.1}: tower_http::trace::on_request: started processing request
2024-11-05-03:01:57 DEBUG call:call{user.id="0192cfb7-8dcf-7c72-9437-ae08e0b18198"}:request{method=GET uri=/asset_items/2 version=HTTP/1.1}:get_asset_item_view: sqlx::query: summary="SELECT ai.id, ai.asset_id, ai.name, …" db.statement="\n\nSELECT\n  ai.id,\n  ai.asset_id,\n  ai.name,\n  ai.serial_number,\n  ai.brand,\n  ai.model,\n  at.description,\n  at.cost,\n  ai.school,\n  ai.room,\n  ai.funding_source,\n  ai.created_at\nFROM\n  asset_items AS ai\n  LEFT JOIN asset_types AS at ON ai.brand = at.brand\n  AND ai.model = at.model\nWHERE\n  ai.id = $1\n" rows_affected=0 rows_returned=1 elapsed=1.153684ms elapsed_secs=0.001153684
2024-11-05-03:01:57 DEBUG call:call{user.id="0192cfb7-8dcf-7c72-9437-ae08e0b18198"}:request{method=GET uri=/asset_items/2 version=HTTP/1.1}: tower_http::trace::on_response: finished processing request latency=4 ms status=200
2024-11-05-03:02:14 DEBUG call:call: sqlx::query: summary="SELECT users.id, users.email as …" db.statement="\n\nSELECT\n  users.id,\n  users.email as \"email: EmailAddress\",\n  users.family_name,\n  users.given_name,\n  roles.name as role,\n  users.picture as \"picture: Picture\"\nFROM\n  users\n  INNER JOIN roles ON users.role_id = roles.id\nWHERE\n  users.id = $1\n" rows_affected=0 rows_returned=1 elapsed=785.937µs elapsed_secs=0.000785937
2024-11-05-03:02:14 DEBUG call:call{user.id="0192cfb7-8dcf-7c72-9437-ae08e0b18198"}:request{method=GET uri=/asset_items/2/edit version=HTTP/1.1}: tower_http::trace::on_request: started processing request
2024-11-05-03:02:14 DEBUG call:call{user.id="0192cfb7-8dcf-7c72-9437-ae08e0b18198"}:request{method=GET uri=/asset_items/2/edit version=HTTP/1.1}: tower_http::trace::on_response: finished processing request latency=0 ms status=404
2024-11-05-03:02:16 DEBUG call:call: sqlx::query: summary="SELECT users.id, users.email as …" db.statement="\n\nSELECT\n  users.id,\n  users.email as \"email: EmailAddress\",\n  users.family_name,\n  users.given_name,\n  roles.name as role,\n  users.picture as \"picture: Picture\"\nFROM\n  users\n  INNER JOIN roles ON users.role_id = roles.id\nWHERE\n  users.id = $1\n" rows_affected=0 rows_returned=1 elapsed=606.969µs elapsed_secs=0.000606969
2024-11-05-03:02:16 DEBUG call:call{user.id="0192cfb7-8dcf-7c72-9437-ae08e0b18198"}:request{method=GET uri=/asset_items/2 version=HTTP/1.1}: tower_http::trace::on_request: started processing request
2024-11-05-03:02:16 DEBUG call:call{user.id="0192cfb7-8dcf-7c72-9437-ae08e0b18198"}:request{method=GET uri=/asset_items/2 version=HTTP/1.1}:get_asset_item_view: sqlx::query: summary="SELECT ai.id, ai.asset_id, ai.name, …" db.statement="\n\nSELECT\n  ai.id,\n  ai.asset_id,\n  ai.name,\n  ai.serial_number,\n  ai.brand,\n  ai.model,\n  at.description,\n  at.cost,\n  ai.school,\n  ai.room,\n  ai.funding_source,\n  ai.created_at\nFROM\n  asset_items AS ai\n  LEFT JOIN asset_types AS at ON ai.brand = at.brand\n  AND ai.model = at.model\nWHERE\n  ai.id = $1\n" rows_affected=0 rows_returned=1 elapsed=543.644µs elapsed_secs=0.000543644
2024-11-05-03:02:16 DEBUG call:call{user.id="0192cfb7-8dcf-7c72-9437-ae08e0b18198"}:request{method=GET uri=/asset_items/2 version=HTTP/1.1}: tower_http::trace::on_response: finished processing request latency=3 ms status=200
2024-11-05-03:02:26 DEBUG call:call: sqlx::query: summary="SELECT users.id, users.email as …" db.statement="\n\nSELECT\n  users.id,\n  users.email as \"email: EmailAddress\",\n  users.family_name,\n  users.given_name,\n  roles.name as role,\n  users.picture as \"picture: Picture\"\nFROM\n  users\n  INNER JOIN roles ON users.role_id = roles.id\nWHERE\n  users.id = $1\n" rows_affected=0 rows_returned=1 elapsed=429.224µs elapsed_secs=0.000429224
2024-11-05-03:02:26 DEBUG call:call{user.id="0192cfb7-8dcf-7c72-9437-ae08e0b18198"}:request{method=GET uri=/asset_items/2 version=HTTP/1.1}: tower_http::trace::on_request: started processing request
2024-11-05-03:02:26 DEBUG call:call{user.id="0192cfb7-8dcf-7c72-9437-ae08e0b18198"}:request{method=GET uri=/asset_items/2 version=HTTP/1.1}:get_asset_item_view: sqlx::query: summary="SELECT ai.id, ai.asset_id, ai.name, …" db.statement="\n\nSELECT\n  ai.id,\n  ai.asset_id,\n  ai.name,\n  ai.serial_number,\n  ai.brand,\n  ai.model,\n  at.description,\n  at.cost,\n  ai.school,\n  ai.room,\n  ai.funding_source,\n  ai.created_at\nFROM\n  asset_items AS ai\n  LEFT JOIN asset_types AS at ON ai.brand = at.brand\n  AND ai.model = at.model\nWHERE\n  ai.id = $1\n" rows_affected=0 rows_returned=1 elapsed=408.258µs elapsed_secs=0.000408258
2024-11-05-03:02:26 DEBUG call:call{user.id="0192cfb7-8dcf-7c72-9437-ae08e0b18198"}:request{method=GET uri=/asset_items/2 version=HTTP/1.1}: tower_http::trace::on_response: finished processing request latency=4 ms status=200
2024-11-05-03:02:29 DEBUG call:call: sqlx::query: summary="SELECT users.id, users.email as …" db.statement="\n\nSELECT\n  users.id,\n  users.email as \"email: EmailAddress\",\n  users.family_name,\n  users.given_name,\n  roles.name as role,\n  users.picture as \"picture: Picture\"\nFROM\n  users\n  INNER JOIN roles ON users.role_id = roles.id\nWHERE\n  users.id = $1\n" rows_affected=0 rows_returned=1 elapsed=587.043µs elapsed_secs=0.000587043
2024-11-05-03:02:29 DEBUG call:call{user.id="0192cfb7-8dcf-7c72-9437-ae08e0b18198"}:request{method=GET uri=/asset_items version=HTTP/1.1}: tower_http::trace::on_request: started processing request
2024-11-05-03:02:29 DEBUG call:call{user.id="0192cfb7-8dcf-7c72-9437-ae08e0b18198"}:request{method=GET uri=/asset_items version=HTTP/1.1}:get_asset_items: sqlx::query: summary="SELECT ai.id, ai.asset_id, ai.name, …" db.statement="\n\nSELECT\n  ai.id,\n  ai.asset_id,\n  ai.name,\n  ai.serial_number,\n  ai.brand,\n  ai.model,\n  at.description,\n  at.cost,\n  ai.school,\n  ai.room,\n  ai.funding_source,\n  ai.created_at\nFROM\n  asset_items AS ai\n  LEFT JOIN asset_types AS at ON ai.brand = at.brand\n  AND ai.model = at.model\n" rows_affected=1 rows_returned=1 elapsed=485.011µs elapsed_secs=0.000485011
2024-11-05-03:02:29 DEBUG call:call{user.id="0192cfb7-8dcf-7c72-9437-ae08e0b18198"}:request{method=GET uri=/asset_items version=HTTP/1.1}: tower_http::trace::on_response: finished processing request latency=3 ms status=200
2024-11-05-03:02:35 DEBUG call:call: sqlx::query: summary="SELECT users.id, users.email as …" db.statement="\n\nSELECT\n  users.id,\n  users.email as \"email: EmailAddress\",\n  users.family_name,\n  users.given_name,\n  roles.name as role,\n  users.picture as \"picture: Picture\"\nFROM\n  users\n  INNER JOIN roles ON users.role_id = roles.id\nWHERE\n  users.id = $1\n" rows_affected=0 rows_returned=1 elapsed=409.741µs elapsed_secs=0.000409741
2024-11-05-03:02:35 DEBUG call:call{user.id="0192cfb7-8dcf-7c72-9437-ae08e0b18198"}:request{method=GET uri=/asset_items/2 version=HTTP/1.1}: tower_http::trace::on_request: started processing request
2024-11-05-03:02:35 DEBUG call:call{user.id="0192cfb7-8dcf-7c72-9437-ae08e0b18198"}:request{method=GET uri=/asset_items/2 version=HTTP/1.1}:get_asset_item_view: sqlx::query: summary="SELECT ai.id, ai.asset_id, ai.name, …" db.statement="\n\nSELECT\n  ai.id,\n  ai.asset_id,\n  ai.name,\n  ai.serial_number,\n  ai.brand,\n  ai.model,\n  at.description,\n  at.cost,\n  ai.school,\n  ai.room,\n  ai.funding_source,\n  ai.created_at\nFROM\n  asset_items AS ai\n  LEFT JOIN asset_types AS at ON ai.brand = at.brand\n  AND ai.model = at.model\nWHERE\n  ai.id = $1\n" rows_affected=0 rows_returned=1 elapsed=423.408µs elapsed_secs=0.000423408
2024-11-05-03:02:35 DEBUG call:call{user.id="0192cfb7-8dcf-7c72-9437-ae08e0b18198"}:request{method=GET uri=/asset_items/2 version=HTTP/1.1}: tower_http::trace::on_response: finished processing request latency=4 ms status=200
2024-11-05-03:02:37 DEBUG call:call: sqlx::query: summary="SELECT users.id, users.email as …" db.statement="\n\nSELECT\n  users.id,\n  users.email as \"email: EmailAddress\",\n  users.family_name,\n  users.given_name,\n  roles.name as role,\n  users.picture as \"picture: Picture\"\nFROM\n  users\n  INNER JOIN roles ON users.role_id = roles.id\nWHERE\n  users.id = $1\n" rows_affected=0 rows_returned=1 elapsed=543.449µs elapsed_secs=0.000543449
2024-11-05-03:02:37 DEBUG call:call{user.id="0192cfb7-8dcf-7c72-9437-ae08e0b18198"}:request{method=GET uri=/asset_items version=HTTP/1.1}: tower_http::trace::on_request: started processing request
2024-11-05-03:02:37 DEBUG call:call{user.id="0192cfb7-8dcf-7c72-9437-ae08e0b18198"}:request{method=GET uri=/asset_items version=HTTP/1.1}:get_asset_items: sqlx::query: summary="SELECT ai.id, ai.asset_id, ai.name, …" db.statement="\n\nSELECT\n  ai.id,\n  ai.asset_id,\n  ai.name,\n  ai.serial_number,\n  ai.brand,\n  ai.model,\n  at.description,\n  at.cost,\n  ai.school,\n  ai.room,\n  ai.funding_source,\n  ai.created_at\nFROM\n  asset_items AS ai\n  LEFT JOIN asset_types AS at ON ai.brand = at.brand\n  AND ai.model = at.model\n" rows_affected=1 rows_returned=1 elapsed=448.079µs elapsed_secs=0.000448079
2024-11-05-03:02:37 DEBUG call:call{user.id="0192cfb7-8dcf-7c72-9437-ae08e0b18198"}:request{method=GET uri=/asset_items version=HTTP/1.1}: tower_http::trace::on_response: finished processing request latency=3 ms status=200
2024-11-05-03:02:45 DEBUG call:call: sqlx::query: summary="SELECT users.id, users.email as …" db.statement="\n\nSELECT\n  users.id,\n  users.email as \"email: EmailAddress\",\n  users.family_name,\n  users.given_name,\n  roles.name as role,\n  users.picture as \"picture: Picture\"\nFROM\n  users\n  INNER JOIN roles ON users.role_id = roles.id\nWHERE\n  users.id = $1\n" rows_affected=0 rows_returned=1 elapsed=468.614µs elapsed_secs=0.000468614
2024-11-05-03:02:45 DEBUG call:call{user.id="0192cfb7-8dcf-7c72-9437-ae08e0b18198"}:request{method=GET uri=/asset_types version=HTTP/1.1}: tower_http::trace::on_request: started processing request
2024-11-05-03:02:45  INFO call:call{user.id="0192cfb7-8dcf-7c72-9437-ae08e0b18198"}:request{method=GET uri=/asset_types version=HTTP/1.1}:get_asset_types: htmx_google_auth::infastructure::services::postgres_crud_repository: AssetTypeFilter { search: None, sort: None, order: None }
2024-11-05-03:02:45 DEBUG call:call{user.id="0192cfb7-8dcf-7c72-9437-ae08e0b18198"}:request{method=GET uri=/asset_types version=HTTP/1.1}:get_asset_types: sqlx::query: summary="SELECT id, brand, model, …" db.statement="\n\nSELECT\n  id,\n  brand,\n  model,\n  description,\n  cost,\n  picture,\n  created_at\nFROM\n  asset_types\n" rows_affected=84 rows_returned=84 elapsed=1.357687ms elapsed_secs=0.001357687
2024-11-05-03:02:45 DEBUG call:call{user.id="0192cfb7-8dcf-7c72-9437-ae08e0b18198"}:request{method=GET uri=/asset_types version=HTTP/1.1}: tower_http::trace::on_response: finished processing request latency=2 ms status=200
2024-11-05-03:02:48 DEBUG call:call: sqlx::query: summary="SELECT users.id, users.email as …" db.statement="\n\nSELECT\n  users.id,\n  users.email as \"email: EmailAddress\",\n  users.family_name,\n  users.given_name,\n  roles.name as role,\n  users.picture as \"picture: Picture\"\nFROM\n  users\n  INNER JOIN roles ON users.role_id = roles.id\nWHERE\n  users.id = $1\n" rows_affected=0 rows_returned=1 elapsed=533.714µs elapsed_secs=0.000533714
2024-11-05-03:02:48 DEBUG call:call{user.id="0192cfb7-8dcf-7c72-9437-ae08e0b18198"}:request{method=GET uri=/asset_items version=HTTP/1.1}: tower_http::trace::on_request: started processing request
2024-11-05-03:02:48 DEBUG call:call{user.id="0192cfb7-8dcf-7c72-9437-ae08e0b18198"}:request{method=GET uri=/asset_items version=HTTP/1.1}:get_asset_items: sqlx::query: summary="SELECT ai.id, ai.asset_id, ai.name, …" db.statement="\n\nSELECT\n  ai.id,\n  ai.asset_id,\n  ai.name,\n  ai.serial_number,\n  ai.brand,\n  ai.model,\n  at.description,\n  at.cost,\n  ai.school,\n  ai.room,\n  ai.funding_source,\n  ai.created_at\nFROM\n  asset_items AS ai\n  LEFT JOIN asset_types AS at ON ai.brand = at.brand\n  AND ai.model = at.model\n" rows_affected=1 rows_returned=1 elapsed=533.929µs elapsed_secs=0.000533929
2024-11-05-03:02:48 DEBUG call:call{user.id="0192cfb7-8dcf-7c72-9437-ae08e0b18198"}:request{method=GET uri=/asset_items version=HTTP/1.1}: tower_http::trace::on_response: finished processing request latency=3 ms status=200
2024-11-05-03:02:52 DEBUG call:call: sqlx::query: summary="SELECT users.id, users.email as …" db.statement="\n\nSELECT\n  users.id,\n  users.email as \"email: EmailAddress\",\n  users.family_name,\n  users.given_name,\n  roles.name as role,\n  users.picture as \"picture: Picture\"\nFROM\n  users\n  INNER JOIN roles ON users.role_id = roles.id\nWHERE\n  users.id = $1\n" rows_affected=0 rows_returned=1 elapsed=485.511µs elapsed_secs=0.000485511
2024-11-05-03:02:52 DEBUG call:call{user.id="0192cfb7-8dcf-7c72-9437-ae08e0b18198"}:request{method=GET uri=/asset_items/2 version=HTTP/1.1}: tower_http::trace::on_request: started processing request
2024-11-05-03:02:52 DEBUG call:call{user.id="0192cfb7-8dcf-7c72-9437-ae08e0b18198"}:request{method=GET uri=/asset_items/2 version=HTTP/1.1}:get_asset_item_view: sqlx::query: summary="SELECT ai.id, ai.asset_id, ai.name, …" db.statement="\n\nSELECT\n  ai.id,\n  ai.asset_id,\n  ai.name,\n  ai.serial_number,\n  ai.brand,\n  ai.model,\n  at.description,\n  at.cost,\n  ai.school,\n  ai.room,\n  ai.funding_source,\n  ai.created_at\nFROM\n  asset_items AS ai\n  LEFT JOIN asset_types AS at ON ai.brand = at.brand\n  AND ai.model = at.model\nWHERE\n  ai.id = $1\n" rows_affected=0 rows_returned=1 elapsed=433.967µs elapsed_secs=0.000433967
2024-11-05-03:02:52 DEBUG call:call{user.id="0192cfb7-8dcf-7c72-9437-ae08e0b18198"}:request{method=GET uri=/asset_items/2 version=HTTP/1.1}: tower_http::trace::on_response: finished processing request latency=3 ms status=200
2024-11-05-03:03:00 DEBUG call:call: sqlx::query: summary="SELECT users.id, users.email as …" db.statement="\n\nSELECT\n  users.id,\n  users.email as \"email: EmailAddress\",\n  users.family_name,\n  users.given_name,\n  roles.name as role,\n  users.picture as \"picture: Picture\"\nFROM\n  users\n  INNER JOIN roles ON users.role_id = roles.id\nWHERE\n  users.id = $1\n" rows_affected=0 rows_returned=1 elapsed=446.706µs elapsed_secs=0.000446706
2024-11-05-03:03:00 DEBUG call:call{user.id="0192cfb7-8dcf-7c72-9437-ae08e0b18198"}:request{method=GET uri=/sessions/logout version=HTTP/1.1}: tower_http::trace::on_request: started processing request
2024-11-05-03:03:00 DEBUG call:call{user.id="0192cfb7-8dcf-7c72-9437-ae08e0b18198"}:request{method=GET uri=/sessions/logout version=HTTP/1.1}:logout:logout{user.id="0192cfb7-8dcf-7c72-9437-ae08e0b18198"}: axum_login::session: return=Some(UserDescriptor { id: 0192cfb7-8dcf-7c72-9437-ae08e0b18198, email: EmailAddress("relam@richmond-county.k12.va.us"), given_name: "Reed", family_name: "Elam", role: "admin", picture: Picture("/content/images/7ed003df5abc4eff39e372c0af9c45cc315d44b38bd318c3d9da50a546853f16.webp") })
2024-11-05-03:03:00 DEBUG call:call{user.id="0192cfb7-8dcf-7c72-9437-ae08e0b18198"}:request{method=GET uri=/sessions/logout version=HTTP/1.1}: tower_http::trace::on_response: finished processing request latency=0 ms status=303
2024-11-05-03:03:00 DEBUG call: tower_sessions::service: removing session cookie
2024-11-05-03:03:00 DEBUG call:call:request{method=GET uri=/sessions/login version=HTTP/1.1}: tower_http::trace::on_request: started processing request
2024-11-05-03:03:00 DEBUG call:call:request{method=GET uri=/sessions/login version=HTTP/1.1}: tower_http::trace::on_response: finished processing request latency=0 ms status=200
