2024-09-03-15:16:45 DEBUG htmx_google_auth::http::http: listening on 127.0.0.1:8000
2024-09-03-15:16:58 DEBUG request{method=GET uri=/ version=HTTP/1.1}: tower_http::trace::on_request: started processing request
2024-09-03-15:16:58 DEBUG request{method=GET uri=/ version=HTTP/1.1}: tower_http::trace::on_response: finished processing request latency=0 ms status=200
2024-09-03-15:16:58 DEBUG request{method=GET uri=/static/htmx.min.js version=HTTP/1.1}: tower_http::trace::on_request: started processing request
2024-09-03-15:16:58 DEBUG request{method=GET uri=/static/htmx.min.js version=HTTP/1.1}: tower_http::trace::on_response: finished processing request latency=1 ms status=304
2024-09-03-15:16:58 DEBUG request{method=GET uri=/static/response-targets.js version=HTTP/1.1}: tower_http::trace::on_request: started processing request
2024-09-03-15:16:58 DEBUG request{method=GET uri=/static/response-targets.js version=HTTP/1.1}: tower_http::trace::on_response: finished processing request latency=2 ms status=304
2024-09-03-15:16:58 DEBUG request{method=GET uri=/static/styles/output.css version=HTTP/1.1}: tower_http::trace::on_request: started processing request
2024-09-03-15:16:58 DEBUG request{method=GET uri=/static/styles/output.css version=HTTP/1.1}: tower_http::trace::on_response: finished processing request latency=1 ms status=304
2024-09-03-15:17:09 DEBUG request{method=POST uri=/api/sessions/oauth/google version=HTTP/1.1}: tower_http::trace::on_request: started processing request
2024-09-03-15:17:10 TRACE request{method=POST uri=/api/sessions/oauth/google version=HTTP/1.1}:google_auth_handler: hyper_util::client::legacy::pool: checkout waiting for idle connection: ("https", www.googleapis.com)
2024-09-03-15:17:10 TRACE request{method=POST uri=/api/sessions/oauth/google version=HTTP/1.1}:google_auth_handler: hyper_util::client::legacy::connect::http: Http::connect; scheme=Some("https"), host=Some("www.googleapis.com"), port=None
2024-09-03-15:17:10 DEBUG hyper_util::client::legacy::connect::dns: resolving host="www.googleapis.com"
2024-09-03-15:17:10 DEBUG request{method=POST uri=/api/sessions/oauth/google version=HTTP/1.1}:google_auth_handler: hyper_util::client::legacy::connect::http: connecting to 64.233.180.95:443
2024-09-03-15:17:10 DEBUG request{method=POST uri=/api/sessions/oauth/google version=HTTP/1.1}:google_auth_handler: hyper_util::client::legacy::connect::http: connected to 64.233.180.95:443
2024-09-03-15:17:10 TRACE request{method=POST uri=/api/sessions/oauth/google version=HTTP/1.1}:google_auth_handler: hyper_util::client::legacy::client: http1 handshake complete, spawning background dispatcher task
2024-09-03-15:17:10 TRACE request{method=POST uri=/api/sessions/oauth/google version=HTTP/1.1}:google_auth_handler: hyper_util::client::legacy::pool: checkout dropped for ("https", www.googleapis.com)
2024-09-03-15:17:10 TRACE hyper_util::client::legacy::pool: put; add idle connection for ("https", www.googleapis.com)
2024-09-03-15:17:10 DEBUG hyper_util::client::legacy::pool: pooling idle connection for ("https", www.googleapis.com)
2024-09-03-15:17:10 DEBUG request{method=POST uri=/api/sessions/oauth/google version=HTTP/1.1}: tower_http::trace::on_response: finished processing request latency=133 ms status=200
