2024-09-25-13:31:35  WARN sqlx_postgres::options::pgpass: Failed to open `.pgpass` file: Os { code: 2, kind: NotFound, message: "No such file or directory" } path=/home/relam/.pgpass
2024-09-25-13:31:35 DEBUG htmx_google_auth::application::http::server: listening on 127.0.0.1:8000
2024-09-25-13:37:50  WARN sqlx_postgres::options::pgpass: Failed to open `.pgpass` file: Os { code: 2, kind: NotFound, message: "No such file or directory" } path=/home/relam/.pgpass
2024-09-25-13:37:50 DEBUG htmx_google_auth::application::http::server: listening on 127.0.0.1:8000
2024-09-25-13:38:02 DEBUG request{method=GET uri=/index version=HTTP/1.1}: tower_http::trace::on_request: started processing request
2024-09-25-13:38:02 DEBUG request{method=GET uri=/index version=HTTP/1.1}:index: sqlx::query: summary="SELECT id, email as …" db.statement="\n\nSELECT\n  id,\n  email as \"email: EmailAddress\",\n  name,\n  role as \"role: Role\",\n  picture as \"picture: Picture\"\nFROM\n  users\n" rows_affected=1 rows_returned=1 elapsed=3.90367ms elapsed_secs=0.00390367
2024-09-25-13:38:02 DEBUG request{method=GET uri=/index version=HTTP/1.1}: tower_http::trace::on_response: finished processing request latency=37 ms status=200
2024-09-25-13:38:58 DEBUG request{method=GET uri=/index version=HTTP/1.1}: tower_http::trace::on_request: started processing request
2024-09-25-13:38:58 DEBUG request{method=GET uri=/index version=HTTP/1.1}:index: sqlx::query: summary="SELECT id, email as …" db.statement="\n\nSELECT\n  id,\n  email as \"email: EmailAddress\",\n  name,\n  role as \"role: Role\",\n  picture as \"picture: Picture\"\nFROM\n  users\n" rows_affected=1 rows_returned=1 elapsed=1.67718ms elapsed_secs=0.00167718
2024-09-25-13:38:58 DEBUG request{method=GET uri=/index version=HTTP/1.1}: tower_http::trace::on_response: finished processing request latency=4 ms status=200
2024-09-25-13:38:58 DEBUG request{method=GET uri=/static/styles/output.css version=HTTP/1.1}: tower_http::trace::on_request: started processing request
2024-09-25-13:38:58 DEBUG request{method=GET uri=/static/styles/output.css version=HTTP/1.1}: tower_http::trace::on_response: finished processing request latency=2 ms status=200
2024-09-25-13:39:09 DEBUG request{method=GET uri=/index version=HTTP/1.1}: tower_http::trace::on_request: started processing request
2024-09-25-13:39:09 DEBUG request{method=GET uri=/index version=HTTP/1.1}:index: sqlx::query: summary="SELECT id, email as …" db.statement="\n\nSELECT\n  id,\n  email as \"email: EmailAddress\",\n  name,\n  role as \"role: Role\",\n  picture as \"picture: Picture\"\nFROM\n  users\n" rows_affected=1 rows_returned=1 elapsed=1.913117ms elapsed_secs=0.001913117
2024-09-25-13:39:09 DEBUG request{method=GET uri=/index version=HTTP/1.1}: tower_http::trace::on_response: finished processing request latency=5 ms status=200
2024-09-25-13:39:13 DEBUG request{method=GET uri=/index version=HTTP/1.1}: tower_http::trace::on_request: started processing request
2024-09-25-13:39:13 DEBUG request{method=GET uri=/index version=HTTP/1.1}:index: sqlx::query: summary="SELECT id, email as …" db.statement="\n\nSELECT\n  id,\n  email as \"email: EmailAddress\",\n  name,\n  role as \"role: Role\",\n  picture as \"picture: Picture\"\nFROM\n  users\n" rows_affected=1 rows_returned=1 elapsed=1.015032ms elapsed_secs=0.001015032
2024-09-25-13:39:13 DEBUG request{method=GET uri=/index version=HTTP/1.1}: tower_http::trace::on_response: finished processing request latency=5 ms status=200
2024-09-25-13:39:47 DEBUG request{method=GET uri=/index version=HTTP/1.1}: tower_http::trace::on_request: started processing request
2024-09-25-13:39:47 DEBUG request{method=GET uri=/index version=HTTP/1.1}:index: sqlx::query: summary="SELECT id, email as …" db.statement="\n\nSELECT\n  id,\n  email as \"email: EmailAddress\",\n  name,\n  role as \"role: Role\",\n  picture as \"picture: Picture\"\nFROM\n  users\n" rows_affected=1 rows_returned=1 elapsed=1.234737ms elapsed_secs=0.001234737
2024-09-25-13:39:47 DEBUG request{method=GET uri=/index version=HTTP/1.1}: tower_http::trace::on_response: finished processing request latency=4 ms status=200
2024-09-25-13:39:49 DEBUG request{method=GET uri=/index version=HTTP/1.1}: tower_http::trace::on_request: started processing request
2024-09-25-13:39:49 DEBUG request{method=GET uri=/index version=HTTP/1.1}:index: sqlx::query: summary="SELECT id, email as …" db.statement="\n\nSELECT\n  id,\n  email as \"email: EmailAddress\",\n  name,\n  role as \"role: Role\",\n  picture as \"picture: Picture\"\nFROM\n  users\n" rows_affected=1 rows_returned=1 elapsed=1.334815ms elapsed_secs=0.001334815
2024-09-25-13:39:49 DEBUG request{method=GET uri=/index version=HTTP/1.1}: tower_http::trace::on_response: finished processing request latency=3 ms status=200
2024-09-25-13:40:00 DEBUG request{method=GET uri=/index version=HTTP/1.1}: tower_http::trace::on_request: started processing request
2024-09-25-13:40:00 DEBUG request{method=GET uri=/index version=HTTP/1.1}:index: sqlx::query: summary="SELECT id, email as …" db.statement="\n\nSELECT\n  id,\n  email as \"email: EmailAddress\",\n  name,\n  role as \"role: Role\",\n  picture as \"picture: Picture\"\nFROM\n  users\n" rows_affected=1 rows_returned=1 elapsed=976.673µs elapsed_secs=0.000976673
2024-09-25-13:40:00 DEBUG request{method=GET uri=/index version=HTTP/1.1}: tower_http::trace::on_response: finished processing request latency=3 ms status=200
2024-09-25-13:40:00 DEBUG request{method=GET uri=/static/styles/output.css version=HTTP/1.1}: tower_http::trace::on_request: started processing request
2024-09-25-13:40:00 DEBUG request{method=GET uri=/static/styles/output.css version=HTTP/1.1}: tower_http::trace::on_response: finished processing request latency=1 ms status=200
2024-09-25-13:42:43  WARN sqlx_postgres::options::pgpass: Failed to open `.pgpass` file: Os { code: 2, kind: NotFound, message: "No such file or directory" } path=/home/relam/.pgpass
2024-09-25-13:42:43 DEBUG htmx_google_auth::application::http::server: listening on 127.0.0.1:8000
2024-09-25-13:42:48 DEBUG request{method=GET uri=/index version=HTTP/1.1}: tower_http::trace::on_request: started processing request
2024-09-25-13:42:48 DEBUG request{method=GET uri=/index version=HTTP/1.1}:index: sqlx::query: summary="SELECT id, email as …" db.statement="\n\nSELECT\n  id,\n  email as \"email: EmailAddress\",\n  name,\n  role as \"role: Role\",\n  picture as \"picture: Picture\"\nFROM\n  users\n" rows_affected=1 rows_returned=1 elapsed=2.542831ms elapsed_secs=0.002542831
2024-09-25-13:42:48 DEBUG request{method=GET uri=/index version=HTTP/1.1}: tower_http::trace::on_response: finished processing request latency=36 ms status=200
2024-09-25-13:42:48 DEBUG request{method=GET uri=/static/styles/output.css version=HTTP/1.1}: tower_http::trace::on_request: started processing request
2024-09-25-13:42:48 DEBUG request{method=GET uri=/static/styles/output.css version=HTTP/1.1}: tower_http::trace::on_response: finished processing request latency=1 ms status=304
2024-09-25-13:45:37  WARN sqlx_postgres::options::pgpass: Failed to open `.pgpass` file: Os { code: 2, kind: NotFound, message: "No such file or directory" } path=/home/relam/.pgpass
2024-09-25-13:45:37 DEBUG htmx_google_auth::application::http::server: listening on 127.0.0.1:8000
2024-09-25-13:45:41 DEBUG request{method=GET uri=/index version=HTTP/1.1}: tower_http::trace::on_request: started processing request
2024-09-25-13:45:41 DEBUG request{method=GET uri=/index version=HTTP/1.1}:index: sqlx::query: summary="SELECT id, email as …" db.statement="\n\nSELECT\n  id,\n  email as \"email: EmailAddress\",\n  name,\n  role as \"role: Role\",\n  picture as \"picture: Picture\"\nFROM\n  users\n" rows_affected=1 rows_returned=1 elapsed=1.834236ms elapsed_secs=0.001834236
2024-09-25-13:45:41 DEBUG request{method=GET uri=/index version=HTTP/1.1}: tower_http::trace::on_response: finished processing request latency=41 ms status=200
2024-09-25-13:45:41 DEBUG request{method=GET uri=/static/styles/output.css version=HTTP/1.1}: tower_http::trace::on_request: started processing request
2024-09-25-13:45:41 DEBUG request{method=GET uri=/static/styles/output.css version=HTTP/1.1}: tower_http::trace::on_response: finished processing request latency=1 ms status=304
2024-09-25-13:45:59 DEBUG request{method=GET uri=/index version=HTTP/1.1}: tower_http::trace::on_request: started processing request
2024-09-25-13:45:59 DEBUG request{method=GET uri=/index version=HTTP/1.1}:index: sqlx::query: summary="SELECT id, email as …" db.statement="\n\nSELECT\n  id,\n  email as \"email: EmailAddress\",\n  name,\n  role as \"role: Role\",\n  picture as \"picture: Picture\"\nFROM\n  users\n" rows_affected=1 rows_returned=1 elapsed=1.540664ms elapsed_secs=0.001540664
2024-09-25-13:45:59 DEBUG request{method=GET uri=/index version=HTTP/1.1}: tower_http::trace::on_response: finished processing request latency=4 ms status=200
2024-09-25-14:08:24  WARN sqlx_postgres::options::pgpass: Failed to open `.pgpass` file: Os { code: 2, kind: NotFound, message: "No such file or directory" } path=/home/relam/.pgpass
2024-09-25-14:08:24 DEBUG htmx_google_auth::application::http::server: listening on 127.0.0.1:8000
2024-09-25-14:08:31 DEBUG request{method=GET uri=/index version=HTTP/1.1}: tower_http::trace::on_request: started processing request
2024-09-25-14:08:31 DEBUG request{method=GET uri=/index version=HTTP/1.1}:index: sqlx::query: summary="SELECT id, email as …" db.statement="\n\nSELECT\n  id,\n  email as \"email: EmailAddress\",\n  name,\n  role as \"role: Role\",\n  picture as \"picture: Picture\"\nFROM\n  users\n" rows_affected=1 rows_returned=1 elapsed=3.177269ms elapsed_secs=0.003177269
2024-09-25-14:08:31 DEBUG request{method=GET uri=/index version=HTTP/1.1}: tower_http::trace::on_response: finished processing request latency=37 ms status=200
2024-09-25-14:09:17 DEBUG request{method=GET uri=/api/sessions/oauth/google?code=4%2F0AQlEd8z-qKdaURxoT1nwLrEjJsgf1qDiP5hrYzrjsl8JDHLuEbjESp2XK7XldbNIdLkW5Q&scope=email+profile+openid+https%3A%2F%2Fwww.googleapis.com%2Fauth%2Fuserinfo.profile+https%3A%2F%2Fwww.googleapis.com%2Fauth%2Fuserinfo.email&authuser=0&hd=richmond-county.k12.va.us&prompt=consent version=HTTP/1.1}: tower_http::trace::on_request: started processing request
2024-09-25-14:09:17 DEBUG request{method=GET uri=/api/sessions/oauth/google?code=4%2F0AQlEd8z-qKdaURxoT1nwLrEjJsgf1qDiP5hrYzrjsl8JDHLuEbjESp2XK7XldbNIdLkW5Q&scope=email+profile+openid+https%3A%2F%2Fwww.googleapis.com%2Fauth%2Fuserinfo.profile+https%3A%2F%2Fwww.googleapis.com%2Fauth%2Fuserinfo.email&authuser=0&hd=richmond-county.k12.va.us&prompt=consent version=HTTP/1.1}: tower_http::trace::on_response: finished processing request latency=0 ms status=404
2024-09-25-14:28:25  WARN sqlx_postgres::options::pgpass: Failed to open `.pgpass` file: Os { code: 2, kind: NotFound, message: "No such file or directory" } path=/home/relam/.pgpass
2024-09-25-14:28:25 DEBUG htmx_google_auth::application::http::server: listening on 127.0.0.1:8000
2024-09-25-14:28:37 DEBUG request{method=GET uri=/index version=HTTP/1.1}: tower_http::trace::on_request: started processing request
2024-09-25-14:28:37 DEBUG request{method=GET uri=/index version=HTTP/1.1}:index: sqlx::query: summary="SELECT id, email as …" db.statement="\n\nSELECT\n  id,\n  email as \"email: EmailAddress\",\n  name,\n  role as \"role: Role\",\n  picture as \"picture: Picture\"\nFROM\n  users\n" rows_affected=1 rows_returned=1 elapsed=2.812567ms elapsed_secs=0.002812567
2024-09-25-14:28:37 DEBUG request{method=GET uri=/index version=HTTP/1.1}: tower_http::trace::on_response: finished processing request latency=47 ms status=200
2024-09-25-14:28:47 DEBUG request{method=GET uri=/api/sessions/oauth/google?code=4%2F0AQlEd8yDx34TxlGWgMMcwiYzQpzVQIe7-R86ZzTt1mxfJgWVgerX_UZrlwXctizForm1cQ&scope=email+profile+openid+https%3A%2F%2Fwww.googleapis.com%2Fauth%2Fuserinfo.profile+https%3A%2F%2Fwww.googleapis.com%2Fauth%2Fuserinfo.email&authuser=0&hd=richmond-county.k12.va.us&prompt=consent version=HTTP/1.1}: tower_http::trace::on_request: started processing request
2024-09-25-14:28:47 DEBUG request{method=GET uri=/api/sessions/oauth/google?code=4%2F0AQlEd8yDx34TxlGWgMMcwiYzQpzVQIe7-R86ZzTt1mxfJgWVgerX_UZrlwXctizForm1cQ&scope=email+profile+openid+https%3A%2F%2Fwww.googleapis.com%2Fauth%2Fuserinfo.profile+https%3A%2F%2Fwww.googleapis.com%2Fauth%2Fuserinfo.email&authuser=0&hd=richmond-county.k12.va.us&prompt=consent version=HTTP/1.1}: tower_http::trace::on_response: finished processing request latency=0 ms status=400
2024-09-25-14:29:30 DEBUG request{method=GET uri=/api/sessions/oauth/google?code=4%2F0AQlEd8x9IWm59ZBnLjD9t9K4nLLMGZc4kO1bmoCbATBePOJr1uu4ozVS0QA787iSBVc36g&scope=email+profile+openid+https%3A%2F%2Fwww.googleapis.com%2Fauth%2Fuserinfo.profile+https%3A%2F%2Fwww.googleapis.com%2Fauth%2Fuserinfo.email&authuser=0&hd=richmond-county.k12.va.us&prompt=consent version=HTTP/1.1}: tower_http::trace::on_request: started processing request
2024-09-25-14:29:30 DEBUG request{method=GET uri=/api/sessions/oauth/google?code=4%2F0AQlEd8x9IWm59ZBnLjD9t9K4nLLMGZc4kO1bmoCbATBePOJr1uu4ozVS0QA787iSBVc36g&scope=email+profile+openid+https%3A%2F%2Fwww.googleapis.com%2Fauth%2Fuserinfo.profile+https%3A%2F%2Fwww.googleapis.com%2Fauth%2Fuserinfo.email&authuser=0&hd=richmond-county.k12.va.us&prompt=consent version=HTTP/1.1}: tower_http::trace::on_response: finished processing request latency=0 ms status=400
2024-09-25-15:03:21  WARN sqlx_postgres::options::pgpass: Failed to open `.pgpass` file: Os { code: 2, kind: NotFound, message: "No such file or directory" } path=/home/relam/.pgpass
2024-09-25-15:03:21 DEBUG htmx_google_auth::application::http::server: listening on 127.0.0.1:8000
2024-09-25-15:03:28 DEBUG request{method=GET uri=/index version=HTTP/1.1}: tower_http::trace::on_request: started processing request
2024-09-25-15:03:28 DEBUG request{method=GET uri=/index version=HTTP/1.1}:index: sqlx::query: summary="SELECT id, email as …" db.statement="\n\nSELECT\n  id,\n  email as \"email: EmailAddress\",\n  name,\n  role as \"role: Role\",\n  picture as \"picture: Picture\"\nFROM\n  users\n" rows_affected=1 rows_returned=1 elapsed=2.281259ms elapsed_secs=0.002281259
2024-09-25-15:03:28 DEBUG request{method=GET uri=/index version=HTTP/1.1}: tower_http::trace::on_response: finished processing request latency=35 ms status=200
2024-09-25-15:03:28 DEBUG request{method=GET uri=/static/htmx.min.js version=HTTP/1.1}: tower_http::trace::on_request: started processing request
2024-09-25-15:03:28 DEBUG request{method=GET uri=/static/htmx.min.js version=HTTP/1.1}: tower_http::trace::on_response: finished processing request latency=1 ms status=200
2024-09-25-15:03:28 DEBUG request{method=GET uri=/static/styles/output.css version=HTTP/1.1}: tower_http::trace::on_request: started processing request
2024-09-25-15:03:28 DEBUG request{method=GET uri=/static/styles/output.css version=HTTP/1.1}: tower_http::trace::on_response: finished processing request latency=1 ms status=200
2024-09-25-15:03:28 DEBUG request{method=GET uri=/static/response-targets.js version=HTTP/1.1}: tower_http::trace::on_request: started processing request
2024-09-25-15:03:28 DEBUG request{method=GET uri=/static/response-targets.js version=HTTP/1.1}: tower_http::trace::on_response: finished processing request latency=1 ms status=200
2024-09-25-15:03:31 DEBUG request{method=POST uri=/api/sessions/oauth/google version=HTTP/1.1}: tower_http::trace::on_request: started processing request
2024-09-25-15:03:31 DEBUG request{method=POST uri=/api/sessions/oauth/google version=HTTP/1.1}: tower_http::trace::on_response: finished processing request latency=0 ms status=303
2024-09-25-15:04:38 DEBUG request{method=GET uri=/api/sessions/oauth/google?code=4%2F0AQlEd8x9IWm59ZBnLjD9t9K4nLLMGZc4kO1bmoCbATBePOJr1uu4ozVS0QA787iSBVc36g&scope=email+profile+openid+https%3A%2F%2Fwww.googleapis.com%2Fauth%2Fuserinfo.profile+https%3A%2F%2Fwww.googleapis.com%2Fauth%2Fuserinfo.email&authuser=0&hd=richmond-county.k12.va.us&prompt=consent version=HTTP/1.1}: tower_http::trace::on_request: started processing request
2024-09-25-15:04:38 DEBUG request{method=GET uri=/api/sessions/oauth/google?code=4%2F0AQlEd8x9IWm59ZBnLjD9t9K4nLLMGZc4kO1bmoCbATBePOJr1uu4ozVS0QA787iSBVc36g&scope=email+profile+openid+https%3A%2F%2Fwww.googleapis.com%2Fauth%2Fuserinfo.profile+https%3A%2F%2Fwww.googleapis.com%2Fauth%2Fuserinfo.email&authuser=0&hd=richmond-county.k12.va.us&prompt=consent version=HTTP/1.1}: tower_http::trace::on_response: finished processing request latency=0 ms status=400
2024-09-25-15:04:42 DEBUG request{method=GET uri=/index version=HTTP/1.1}: tower_http::trace::on_request: started processing request
2024-09-25-15:04:42 DEBUG request{method=GET uri=/index version=HTTP/1.1}:index: sqlx::query: summary="SELECT id, email as …" db.statement="\n\nSELECT\n  id,\n  email as \"email: EmailAddress\",\n  name,\n  role as \"role: Role\",\n  picture as \"picture: Picture\"\nFROM\n  users\n" rows_affected=1 rows_returned=1 elapsed=855.055µs elapsed_secs=0.000855055
2024-09-25-15:04:42 DEBUG request{method=GET uri=/index version=HTTP/1.1}: tower_http::trace::on_response: finished processing request latency=3 ms status=200
2024-09-25-15:04:42 DEBUG request{method=GET uri=/static/htmx.min.js version=HTTP/1.1}: tower_http::trace::on_request: started processing request
2024-09-25-15:04:42 DEBUG request{method=GET uri=/static/htmx.min.js version=HTTP/1.1}: tower_http::trace::on_response: finished processing request latency=1 ms status=200
2024-09-25-15:04:42 DEBUG request{method=GET uri=/static/styles/output.css version=HTTP/1.1}: tower_http::trace::on_request: started processing request
2024-09-25-15:04:42 DEBUG request{method=GET uri=/static/styles/output.css version=HTTP/1.1}: tower_http::trace::on_response: finished processing request latency=0 ms status=200
2024-09-25-15:04:42 DEBUG request{method=GET uri=/static/response-targets.js version=HTTP/1.1}: tower_http::trace::on_request: started processing request
2024-09-25-15:04:42 DEBUG request{method=GET uri=/static/response-targets.js version=HTTP/1.1}: tower_http::trace::on_response: finished processing request latency=1 ms status=200
2024-09-25-15:05:52  WARN sqlx_postgres::options::pgpass: Failed to open `.pgpass` file: Os { code: 2, kind: NotFound, message: "No such file or directory" } path=/home/relam/.pgpass
2024-09-25-15:05:52 DEBUG htmx_google_auth::application::http::server: listening on 127.0.0.1:8000
2024-09-25-15:05:59 DEBUG request{method=GET uri=/index version=HTTP/1.1}: tower_http::trace::on_request: started processing request
2024-09-25-15:05:59 DEBUG request{method=GET uri=/index version=HTTP/1.1}:index: sqlx::query: summary="SELECT id, email as …" db.statement="\n\nSELECT\n  id,\n  email as \"email: EmailAddress\",\n  name,\n  role as \"role: Role\",\n  picture as \"picture: Picture\"\nFROM\n  users\n" rows_affected=1 rows_returned=1 elapsed=2.704509ms elapsed_secs=0.002704509
2024-09-25-15:05:59 DEBUG request{method=GET uri=/index version=HTTP/1.1}: tower_http::trace::on_response: finished processing request latency=35 ms status=200
2024-09-25-15:05:59 DEBUG request{method=GET uri=/static/htmx.min.js version=HTTP/1.1}: tower_http::trace::on_request: started processing request
2024-09-25-15:05:59 DEBUG request{method=GET uri=/static/htmx.min.js version=HTTP/1.1}: tower_http::trace::on_response: finished processing request latency=1 ms status=200
2024-09-25-15:05:59 DEBUG request{method=GET uri=/static/styles/output.css version=HTTP/1.1}: tower_http::trace::on_request: started processing request
2024-09-25-15:05:59 DEBUG request{method=GET uri=/static/styles/output.css version=HTTP/1.1}: tower_http::trace::on_response: finished processing request latency=1 ms status=200
2024-09-25-15:05:59 DEBUG request{method=GET uri=/static/response-targets.js version=HTTP/1.1}: tower_http::trace::on_request: started processing request
2024-09-25-15:05:59 DEBUG request{method=GET uri=/static/response-targets.js version=HTTP/1.1}: tower_http::trace::on_response: finished processing request latency=1 ms status=200
2024-09-25-15:06:00 DEBUG request{method=POST uri=/api/sessions/oauth/google version=HTTP/1.1}: tower_http::trace::on_request: started processing request
2024-09-25-15:06:00 DEBUG request{method=POST uri=/api/sessions/oauth/google version=HTTP/1.1}:google_oauth: htmx_google_auth::application::http::handlers::oauth: AUTH URL: https://accounts.google.com/o/oauth2/v2/auth?response_type=code&client_id=1094635345205-bsm8m9p6ad8hk1daisugo2jeb9udvi49.apps.googleusercontent.com&state=-_W95a58MyKo7HIOt3dspg&redirect_uri=http%3A%2F%2Flocalhost%3A8000%2Fapi%2Fsessions%2Foauth%2Fgoogle
2024-09-25-15:06:00 DEBUG request{method=POST uri=/api/sessions/oauth/google version=HTTP/1.1}: tower_http::trace::on_response: finished processing request latency=0 ms status=303
2024-09-25-15:15:58  WARN sqlx_postgres::options::pgpass: Failed to open `.pgpass` file: Os { code: 2, kind: NotFound, message: "No such file or directory" } path=/home/relam/.pgpass
2024-09-25-15:15:58 DEBUG htmx_google_auth::application::http::server: listening on 127.0.0.1:8000
2024-09-25-15:16:04 DEBUG request{method=GET uri=/index version=HTTP/1.1}: tower_http::trace::on_request: started processing request
2024-09-25-15:16:04 DEBUG request{method=GET uri=/index version=HTTP/1.1}:index: sqlx::query: summary="SELECT id, email as …" db.statement="\n\nSELECT\n  id,\n  email as \"email: EmailAddress\",\n  name,\n  role as \"role: Role\",\n  picture as \"picture: Picture\"\nFROM\n  users\n" rows_affected=1 rows_returned=1 elapsed=2.56163ms elapsed_secs=0.00256163
2024-09-25-15:16:04 DEBUG request{method=GET uri=/index version=HTTP/1.1}: tower_http::trace::on_response: finished processing request latency=38 ms status=200
2024-09-25-15:16:04 DEBUG request{method=GET uri=/static/htmx.min.js version=HTTP/1.1}: tower_http::trace::on_request: started processing request
2024-09-25-15:16:04 DEBUG request{method=GET uri=/static/htmx.min.js version=HTTP/1.1}: tower_http::trace::on_response: finished processing request latency=1 ms status=200
2024-09-25-15:16:04 DEBUG request{method=GET uri=/static/styles/output.css version=HTTP/1.1}: tower_http::trace::on_request: started processing request
2024-09-25-15:16:04 DEBUG request{method=GET uri=/static/styles/output.css version=HTTP/1.1}: tower_http::trace::on_response: finished processing request latency=1 ms status=200
2024-09-25-15:16:04 DEBUG request{method=GET uri=/static/response-targets.js version=HTTP/1.1}: tower_http::trace::on_request: started processing request
2024-09-25-15:16:04 DEBUG request{method=GET uri=/static/response-targets.js version=HTTP/1.1}: tower_http::trace::on_response: finished processing request latency=1 ms status=200
2024-09-25-15:16:09 DEBUG request{method=POST uri=/api/sessions/oauth/google version=HTTP/1.1}: tower_http::trace::on_request: started processing request
2024-09-25-15:16:09 DEBUG request{method=POST uri=/api/sessions/oauth/google version=HTTP/1.1}: tower_http::trace::on_response: finished processing request latency=0 ms status=303
2024-09-25-15:16:13 DEBUG request{method=GET uri=/api/sessions/oauth/google?state=zU0oxQQnWvhNersRWwAy0w&code=4%2F0AQlEd8xDgYr4GxXmjwU6DmfdkzYHjdl1-_HFVppuV3SDSnVJYNUvKI_a7_92PFiR6TuVHg&scope=email+profile+openid+https%3A%2F%2Fwww.googleapis.com%2Fauth%2Fuserinfo.profile+https%3A%2F%2Fwww.googleapis.com%2Fauth%2Fuserinfo.email&authuser=0&hd=richmond-county.k12.va.us&prompt=consent version=HTTP/1.1}: tower_http::trace::on_request: started processing request
2024-09-25-15:16:13 DEBUG request{method=GET uri=/api/sessions/oauth/google?state=zU0oxQQnWvhNersRWwAy0w&code=4%2F0AQlEd8xDgYr4GxXmjwU6DmfdkzYHjdl1-_HFVppuV3SDSnVJYNUvKI_a7_92PFiR6TuVHg&scope=email+profile+openid+https%3A%2F%2Fwww.googleapis.com%2Fauth%2Fuserinfo.profile+https%3A%2F%2Fwww.googleapis.com%2Fauth%2Fuserinfo.email&authuser=0&hd=richmond-county.k12.va.us&prompt=consent version=HTTP/1.1}: tower_http::trace::on_response: finished processing request latency=0 ms status=200
2024-09-25-18:42:42  WARN sqlx_postgres::options::pgpass: Failed to open `.pgpass` file: Os { code: 2, kind: NotFound, message: "No such file or directory" } path=/home/relam/.pgpass
2024-09-25-18:42:42 DEBUG htmx_google_auth::application::http::server: listening on 127.0.0.1:8000
2024-09-25-18:42:53 DEBUG call:call:request{method=GET uri=/index version=HTTP/1.1}: tower_http::trace::on_request: started processing request
2024-09-25-18:42:53 DEBUG call:call:request{method=GET uri=/index version=HTTP/1.1}:index: sqlx::query: summary="SELECT id, email as …" db.statement="\n\nSELECT\n  id,\n  email as \"email: EmailAddress\",\n  name,\n  role as \"role: Role\",\n  picture as \"picture: Picture\"\nFROM\n  users\n" rows_affected=1 rows_returned=1 elapsed=4.249302ms elapsed_secs=0.004249302
2024-09-25-18:42:53 DEBUG call:call:request{method=GET uri=/index version=HTTP/1.1}: tower_http::trace::on_response: finished processing request latency=73 ms status=200
2024-09-25-18:42:53 DEBUG call:call:request{method=GET uri=/static/styles/output.css version=HTTP/1.1}: tower_http::trace::on_request: started processing request
2024-09-25-18:42:53 DEBUG call:call:request{method=GET uri=/static/styles/output.css version=HTTP/1.1}: tower_http::trace::on_response: finished processing request latency=1 ms status=304
2024-09-25-18:43:18 DEBUG call:call:request{method=POST uri=/api/sessions/oauth/google version=HTTP/1.1}: tower_http::trace::on_request: started processing request
2024-09-25-18:43:18 DEBUG call:call:request{method=POST uri=/api/sessions/oauth/google version=HTTP/1.1}: tower_http::trace::on_response: finished processing request latency=0 ms status=303
2024-09-25-18:43:18 DEBUG call: tower_sessions::service: saving session
2024-09-25-18:43:18 DEBUG call: tower_sessions::service: adding session cookie
2024-09-25-18:43:23 DEBUG call:call:request{method=GET uri=/api/sessions/oauth/google?state=-pdV2bjxfLjjwQdmZ-qjxg&code=4%2F0AQlEd8yTm4ROYUQjVpX4aZwzzlaXcthMkddkSD-OECVzZ509uGyuB9LUw0ufh4XY9a4Piw&scope=email+profile+openid+https%3A%2F%2Fwww.googleapis.com%2Fauth%2Fuserinfo.profile+https%3A%2F%2Fwww.googleapis.com%2Fauth%2Fuserinfo.email&authuser=0&hd=richmond-county.k12.va.us&prompt=consent version=HTTP/1.1}: tower_http::trace::on_request: started processing request
2024-09-25-18:43:23 DEBUG call:call:request{method=GET uri=/api/sessions/oauth/google?state=-pdV2bjxfLjjwQdmZ-qjxg&code=4%2F0AQlEd8yTm4ROYUQjVpX4aZwzzlaXcthMkddkSD-OECVzZ509uGyuB9LUw0ufh4XY9a4Piw&scope=email+profile+openid+https%3A%2F%2Fwww.googleapis.com%2Fauth%2Fuserinfo.profile+https%3A%2F%2Fwww.googleapis.com%2Fauth%2Fuserinfo.email&authuser=0&hd=richmond-county.k12.va.us&prompt=consent version=HTTP/1.1}: tower_http::trace::on_response: finished processing request latency=0 ms status=200
