2024-11-01-01:40:55  WARN sqlx_postgres::options::pgpass: Failed to open `.pgpass` file: Os { code: 2, kind: NotFound, message: "No such file or directory" } path=/home/relam/.pgpass
2024-11-01-01:40:55  WARN sqlx_postgres::options::pgpass: Failed to open `.pgpass` file: Os { code: 2, kind: NotFound, message: "No such file or directory" } path=/home/relam/.pgpass
2024-11-01-01:40:55  WARN sqlx_postgres::options::pgpass: Failed to open `.pgpass` file: Os { code: 2, kind: NotFound, message: "No such file or directory" } path=/home/relam/.pgpass
2024-11-01-01:40:55 DEBUG htmx_google_auth::application::http::server: listening on 127.0.0.1:8000
2024-11-01-01:41:00 DEBUG call:call:request{method=GET uri=/settings version=HTTP/1.1}: tower_http::trace::on_request: started processing request
2024-11-01-01:41:00 DEBUG call:call:request{method=GET uri=/settings version=HTTP/1.1}: tower_http::trace::on_response: finished processing request latency=0 ms status=303
2024-11-01-01:41:00 DEBUG call:call:request{method=GET uri=/sessions/login version=HTTP/1.1}: tower_http::trace::on_request: started processing request
2024-11-01-01:41:00 DEBUG call:call:request{method=GET uri=/sessions/login version=HTTP/1.1}: tower_http::trace::on_response: finished processing request latency=0 ms status=200
2024-11-01-01:41:00 DEBUG call:call:request{method=GET uri=/static/styles/output.css version=HTTP/1.1}: tower_http::trace::on_request: started processing request
2024-11-01-01:41:00 DEBUG call:call:request{method=GET uri=/static/styles/output.css version=HTTP/1.1}: tower_http::trace::on_response: finished processing request latency=0 ms status=200
2024-11-01-01:41:00 DEBUG call:call:request{method=GET uri=/static/htmx.min.js version=HTTP/1.1}: tower_http::trace::on_request: started processing request
2024-11-01-01:41:00 DEBUG call:call:request{method=GET uri=/static/htmx.min.js version=HTTP/1.1}: tower_http::trace::on_response: finished processing request latency=0 ms status=200
2024-11-01-01:41:00 DEBUG call:call:request{method=GET uri=/static/response-targets.js version=HTTP/1.1}: tower_http::trace::on_request: started processing request
2024-11-01-01:41:00 DEBUG call:call:request{method=GET uri=/static/response-targets.js version=HTTP/1.1}: tower_http::trace::on_response: finished processing request latency=0 ms status=200
2024-11-01-01:41:00 DEBUG call:call:request{method=GET uri=/static/images/rcps-logo1.png version=HTTP/1.1}: tower_http::trace::on_request: started processing request
2024-11-01-01:41:00 DEBUG call:call:request{method=GET uri=/static/images/rcps-logo1.png version=HTTP/1.1}: tower_http::trace::on_response: finished processing request latency=0 ms status=200
2024-11-01-01:41:01 DEBUG call:call:request{method=GET uri=/static/images/favicon/site.webmanifest version=HTTP/1.1}: tower_http::trace::on_request: started processing request
2024-11-01-01:41:01 DEBUG call:call:request{method=GET uri=/static/images/favicon/site.webmanifest version=HTTP/1.1}: tower_http::trace::on_response: finished processing request latency=1 ms status=200
2024-11-01-01:41:08 DEBUG call:call:request{method=POST uri=/sessions/login version=HTTP/1.1}: tower_http::trace::on_request: started processing request
2024-11-01-01:41:08 DEBUG call:call:request{method=POST uri=/sessions/login version=HTTP/1.1}:post_login:authenticate: sqlx::query: summary="SELECT users.id, users.password_hash as …" db.statement="\n\nSELECT\n  users.id,\n  users.password_hash as \"password_hash: PasswordHash\",\n  users.email as \"email: EmailAddress\",\n  users.email_verified,\n  users.given_name,\n  users.family_name,\n  roles.name as role,\n  users.picture as \"picture: Picture\",\n  users.created_at,\n  users.updated_at\nFROM\n  users\n  INNER JOIN roles ON users.role_id = roles.id\nWHERE\n  email = $1\n" rows_affected=0 rows_returned=1 elapsed=1.493116ms elapsed_secs=0.001493116
2024-11-01-01:41:08 DEBUG call:call:request{method=POST uri=/sessions/login version=HTTP/1.1}:post_login:authenticate{user.id="0192cfb7-8dcf-7c72-9437-ae08e0b18198"}: axum_login::session: return=Some(UserDescriptor { id: 0192cfb7-8dcf-7c72-9437-ae08e0b18198, email: EmailAddress("relam@richmond-county.k12.va.us"), given_name: "Reed", family_name: "Elam", role: "admin", picture: Picture("/content/images/7ed003df5abc4eff39e372c0af9c45cc315d44b38bd318c3d9da50a546853f16.webp") })
2024-11-01-01:41:08 DEBUG call:call:request{method=POST uri=/sessions/login version=HTTP/1.1}:post_login:login{user.id="0192cfb7-8dcf-7c72-9437-ae08e0b18198"}: axum_login::session: return=()
2024-11-01-01:41:08 DEBUG call:call:request{method=POST uri=/sessions/login version=HTTP/1.1}: tower_http::trace::on_response: finished processing request latency=306 ms status=200
2024-11-01-01:41:08 DEBUG call: tower_sessions::service: saving session
2024-11-01-01:41:08 DEBUG call: tower_sessions::service: adding session cookie
2024-11-01-01:41:09 DEBUG call:call: sqlx::query: summary="SELECT users.id, users.email as …" db.statement="\n\nSELECT\n  users.id,\n  users.email as \"email: EmailAddress\",\n  users.family_name,\n  users.given_name,\n  roles.name as role,\n  users.picture as \"picture: Picture\"\nFROM\n  users\n  INNER JOIN roles ON users.role_id = roles.id\nWHERE\n  users.id = $1\n" rows_affected=0 rows_returned=1 elapsed=1.090069ms elapsed_secs=0.001090069
2024-11-01-01:41:09 DEBUG call:call{user.id="0192cfb7-8dcf-7c72-9437-ae08e0b18198"}:request{method=GET uri=/settings version=HTTP/1.1}: tower_http::trace::on_request: started processing request
2024-11-01-01:41:09 DEBUG call:call{user.id="0192cfb7-8dcf-7c72-9437-ae08e0b18198"}:request{method=GET uri=/settings version=HTTP/1.1}: tower_http::trace::on_response: finished processing request latency=0 ms status=200
2024-11-01-01:41:09 DEBUG call:call: sqlx::query: summary="SELECT users.id, users.email as …" db.statement="\n\nSELECT\n  users.id,\n  users.email as \"email: EmailAddress\",\n  users.family_name,\n  users.given_name,\n  roles.name as role,\n  users.picture as \"picture: Picture\"\nFROM\n  users\n  INNER JOIN roles ON users.role_id = roles.id\nWHERE\n  users.id = $1\n" rows_affected=0 rows_returned=1 elapsed=539.261µs elapsed_secs=0.000539261
2024-11-01-01:41:09 DEBUG call:call{user.id="0192cfb7-8dcf-7c72-9437-ae08e0b18198"}:request{method=GET uri=/content/images/7ed003df5abc4eff39e372c0af9c45cc315d44b38bd318c3d9da50a546853f16.webp version=HTTP/1.1}: tower_http::trace::on_request: started processing request
2024-11-01-01:41:09 DEBUG call:call{user.id="0192cfb7-8dcf-7c72-9437-ae08e0b18198"}:request{method=GET uri=/content/images/7ed003df5abc4eff39e372c0af9c45cc315d44b38bd318c3d9da50a546853f16.webp version=HTTP/1.1}: tower_http::trace::on_response: finished processing request latency=0 ms status=200
2024-11-01-01:41:09 DEBUG call:call: sqlx::query: summary="SELECT users.id, users.email as …" db.statement="\n\nSELECT\n  users.id,\n  users.email as \"email: EmailAddress\",\n  users.family_name,\n  users.given_name,\n  roles.name as role,\n  users.picture as \"picture: Picture\"\nFROM\n  users\n  INNER JOIN roles ON users.role_id = roles.id\nWHERE\n  users.id = $1\n" rows_affected=0 rows_returned=1 elapsed=623.539µs elapsed_secs=0.000623539
2024-11-01-01:41:09 DEBUG call:call{user.id="0192cfb7-8dcf-7c72-9437-ae08e0b18198"}:request{method=GET uri=/settings/roles?selected=admin version=HTTP/1.1}: tower_http::trace::on_request: started processing request
2024-11-01-01:41:09 DEBUG call:call{user.id="0192cfb7-8dcf-7c72-9437-ae08e0b18198"}:request{method=GET uri=/settings/roles?selected=admin version=HTTP/1.1}:get_roles: sqlx::query: summary="SELECT id, name FROM …" db.statement="\n\nSELECT\n  id,\n  name\nFROM\n  roles\n" rows_affected=2 rows_returned=2 elapsed=1.207133ms elapsed_secs=0.001207133
2024-11-01-01:41:09 DEBUG call:call{user.id="0192cfb7-8dcf-7c72-9437-ae08e0b18198"}:request{method=GET uri=/settings/roles?selected=admin version=HTTP/1.1}: tower_http::trace::on_response: finished processing request latency=35 ms status=200
2024-11-01-01:41:10 DEBUG call:call: sqlx::query: summary="SELECT users.id, users.email as …" db.statement="\n\nSELECT\n  users.id,\n  users.email as \"email: EmailAddress\",\n  users.family_name,\n  users.given_name,\n  roles.name as role,\n  users.picture as \"picture: Picture\"\nFROM\n  users\n  INNER JOIN roles ON users.role_id = roles.id\nWHERE\n  users.id = $1\n" rows_affected=0 rows_returned=1 elapsed=626.483µs elapsed_secs=0.000626483
2024-11-01-01:41:10 DEBUG call:call{user.id="0192cfb7-8dcf-7c72-9437-ae08e0b18198"}:request{method=GET uri=/asset_types version=HTTP/1.1}: tower_http::trace::on_request: started processing request
2024-11-01-01:41:10 DEBUG call:call{user.id="0192cfb7-8dcf-7c72-9437-ae08e0b18198"}:request{method=GET uri=/asset_types version=HTTP/1.1}:get_asset_types: sqlx::query: summary="SELECT id, brand, model, …" db.statement="\n\nSELECT\n  id,\n  brand,\n  model,\n  description,\n  cost,\n  picture,\n  created_at\nFROM\n  asset_types\n" rows_affected=89 rows_returned=89 elapsed=1.638589ms elapsed_secs=0.001638589
2024-11-01-01:41:10 DEBUG call:call{user.id="0192cfb7-8dcf-7c72-9437-ae08e0b18198"}:request{method=GET uri=/asset_types version=HTTP/1.1}: tower_http::trace::on_response: finished processing request latency=36 ms status=200
2024-11-01-01:41:14 DEBUG call:call: sqlx::query: summary="SELECT users.id, users.email as …" db.statement="\n\nSELECT\n  users.id,\n  users.email as \"email: EmailAddress\",\n  users.family_name,\n  users.given_name,\n  roles.name as role,\n  users.picture as \"picture: Picture\"\nFROM\n  users\n  INNER JOIN roles ON users.role_id = roles.id\nWHERE\n  users.id = $1\n" rows_affected=0 rows_returned=1 elapsed=1.723557ms elapsed_secs=0.001723557
2024-11-01-01:41:14 DEBUG call:call{user.id="0192cfb7-8dcf-7c72-9437-ae08e0b18198"}:request{method=GET uri=/asset_types/10 version=HTTP/1.1}: tower_http::trace::on_request: started processing request
2024-11-01-01:41:14 DEBUG call:call{user.id="0192cfb7-8dcf-7c72-9437-ae08e0b18198"}:request{method=GET uri=/asset_types/10 version=HTTP/1.1}:get_asset_type_view: sqlx::query: summary="SELECT id, brand, model, …" db.statement="\n\nSELECT\n  id,\n  brand,\n  model,\n  description,\n  cost,\n  picture,\n  created_at\nFROM\n  asset_types\nWHERE\n  asset_types.id = $1\n" rows_affected=0 rows_returned=1 elapsed=1.213281ms elapsed_secs=0.001213281
2024-11-01-01:41:14 DEBUG call:call{user.id="0192cfb7-8dcf-7c72-9437-ae08e0b18198"}:request{method=GET uri=/asset_types/10 version=HTTP/1.1}: tower_http::trace::on_response: finished processing request latency=3 ms status=200
2024-11-01-01:41:14 DEBUG call:call: sqlx::query: summary="SELECT users.id, users.email as …" db.statement="\n\nSELECT\n  users.id,\n  users.email as \"email: EmailAddress\",\n  users.family_name,\n  users.given_name,\n  roles.name as role,\n  users.picture as \"picture: Picture\"\nFROM\n  users\n  INNER JOIN roles ON users.role_id = roles.id\nWHERE\n  users.id = $1\n" rows_affected=0 rows_returned=1 elapsed=625.116µs elapsed_secs=0.000625116
2024-11-01-01:41:14 DEBUG call:call{user.id="0192cfb7-8dcf-7c72-9437-ae08e0b18198"}:request{method=GET uri=/content/images/d0d3490fc867bee3114f2de23629cedc0f2ab28d2033f7c9c1fcbf01909a603b.webp version=HTTP/1.1}: tower_http::trace::on_request: started processing request
2024-11-01-01:41:14 DEBUG call:call{user.id="0192cfb7-8dcf-7c72-9437-ae08e0b18198"}:request{method=GET uri=/content/images/d0d3490fc867bee3114f2de23629cedc0f2ab28d2033f7c9c1fcbf01909a603b.webp version=HTTP/1.1}: tower_http::trace::on_response: finished processing request latency=0 ms status=200
2024-11-01-01:41:16 DEBUG call:call: sqlx::query: summary="SELECT users.id, users.email as …" db.statement="\n\nSELECT\n  users.id,\n  users.email as \"email: EmailAddress\",\n  users.family_name,\n  users.given_name,\n  roles.name as role,\n  users.picture as \"picture: Picture\"\nFROM\n  users\n  INNER JOIN roles ON users.role_id = roles.id\nWHERE\n  users.id = $1\n" rows_affected=0 rows_returned=1 elapsed=719.173µs elapsed_secs=0.000719173
2024-11-01-01:41:16 DEBUG call:call{user.id="0192cfb7-8dcf-7c72-9437-ae08e0b18198"}:request{method=GET uri=/asset_types/10/edit version=HTTP/1.1}: tower_http::trace::on_request: started processing request
2024-11-01-01:41:16 DEBUG call:call{user.id="0192cfb7-8dcf-7c72-9437-ae08e0b18198"}:request{method=GET uri=/asset_types/10/edit version=HTTP/1.1}:get_asset_type_edit: sqlx::query: summary="SELECT id, brand, model, …" db.statement="\n\nSELECT\n  id,\n  brand,\n  model,\n  description,\n  cost,\n  picture,\n  created_at\nFROM\n  asset_types\nWHERE\n  asset_types.id = $1\n" rows_affected=0 rows_returned=1 elapsed=447.827µs elapsed_secs=0.000447827
2024-11-01-01:41:16 DEBUG call:call{user.id="0192cfb7-8dcf-7c72-9437-ae08e0b18198"}:request{method=GET uri=/asset_types/10/edit version=HTTP/1.1}: tower_http::trace::on_response: finished processing request latency=2 ms status=200
2024-11-01-01:41:18 DEBUG call:call: sqlx::query: summary="SELECT users.id, users.email as …" db.statement="\n\nSELECT\n  users.id,\n  users.email as \"email: EmailAddress\",\n  users.family_name,\n  users.given_name,\n  roles.name as role,\n  users.picture as \"picture: Picture\"\nFROM\n  users\n  INNER JOIN roles ON users.role_id = roles.id\nWHERE\n  users.id = $1\n" rows_affected=0 rows_returned=1 elapsed=544.909µs elapsed_secs=0.000544909
2024-11-01-01:41:18 DEBUG call:call{user.id="0192cfb7-8dcf-7c72-9437-ae08e0b18198"}:request{method=GET uri=/asset_types/10 version=HTTP/1.1}: tower_http::trace::on_request: started processing request
2024-11-01-01:41:18 DEBUG call:call{user.id="0192cfb7-8dcf-7c72-9437-ae08e0b18198"}:request{method=GET uri=/asset_types/10 version=HTTP/1.1}:get_asset_type_view: sqlx::query: summary="SELECT id, brand, model, …" db.statement="\n\nSELECT\n  id,\n  brand,\n  model,\n  description,\n  cost,\n  picture,\n  created_at\nFROM\n  asset_types\nWHERE\n  asset_types.id = $1\n" rows_affected=0 rows_returned=1 elapsed=425.679µs elapsed_secs=0.000425679
2024-11-01-01:41:18 DEBUG call:call{user.id="0192cfb7-8dcf-7c72-9437-ae08e0b18198"}:request{method=GET uri=/asset_types/10 version=HTTP/1.1}: tower_http::trace::on_response: finished processing request latency=2 ms status=200
2024-11-01-01:41:23 DEBUG call:call: sqlx::query: summary="SELECT users.id, users.email as …" db.statement="\n\nSELECT\n  users.id,\n  users.email as \"email: EmailAddress\",\n  users.family_name,\n  users.given_name,\n  roles.name as role,\n  users.picture as \"picture: Picture\"\nFROM\n  users\n  INNER JOIN roles ON users.role_id = roles.id\nWHERE\n  users.id = $1\n" rows_affected=0 rows_returned=1 elapsed=614.91µs elapsed_secs=0.00061491
2024-11-01-01:41:23 DEBUG call:call{user.id="0192cfb7-8dcf-7c72-9437-ae08e0b18198"}:request{method=GET uri=/asset_types version=HTTP/1.1}: tower_http::trace::on_request: started processing request
2024-11-01-01:41:23 DEBUG call:call{user.id="0192cfb7-8dcf-7c72-9437-ae08e0b18198"}:request{method=GET uri=/asset_types version=HTTP/1.1}:get_asset_types: sqlx::query: summary="SELECT id, brand, model, …" db.statement="\n\nSELECT\n  id,\n  brand,\n  model,\n  description,\n  cost,\n  picture,\n  created_at\nFROM\n  asset_types\n" rows_affected=89 rows_returned=89 elapsed=881.867µs elapsed_secs=0.000881867
2024-11-01-01:41:23 DEBUG call:call{user.id="0192cfb7-8dcf-7c72-9437-ae08e0b18198"}:request{method=GET uri=/asset_types version=HTTP/1.1}: tower_http::trace::on_response: finished processing request latency=2 ms status=200
2024-11-01-01:41:49 DEBUG call:call: sqlx::query: summary="SELECT users.id, users.email as …" db.statement="\n\nSELECT\n  users.id,\n  users.email as \"email: EmailAddress\",\n  users.family_name,\n  users.given_name,\n  roles.name as role,\n  users.picture as \"picture: Picture\"\nFROM\n  users\n  INNER JOIN roles ON users.role_id = roles.id\nWHERE\n  users.id = $1\n" rows_affected=0 rows_returned=1 elapsed=414.833µs elapsed_secs=0.000414833
2024-11-01-01:41:49 DEBUG call:call{user.id="0192cfb7-8dcf-7c72-9437-ae08e0b18198"}:request{method=GET uri=/asset_types/4 version=HTTP/1.1}: tower_http::trace::on_request: started processing request
2024-11-01-01:41:49 DEBUG call:call{user.id="0192cfb7-8dcf-7c72-9437-ae08e0b18198"}:request{method=GET uri=/asset_types/4 version=HTTP/1.1}:get_asset_type_view: sqlx::query: summary="SELECT id, brand, model, …" db.statement="\n\nSELECT\n  id,\n  brand,\n  model,\n  description,\n  cost,\n  picture,\n  created_at\nFROM\n  asset_types\nWHERE\n  asset_types.id = $1\n" rows_affected=0 rows_returned=1 elapsed=457.604µs elapsed_secs=0.000457604
2024-11-01-01:41:49 DEBUG call:call{user.id="0192cfb7-8dcf-7c72-9437-ae08e0b18198"}:request{method=GET uri=/asset_types/4 version=HTTP/1.1}: tower_http::trace::on_response: finished processing request latency=2 ms status=200
2024-11-01-01:41:49 DEBUG call:call: sqlx::query: summary="SELECT users.id, users.email as …" db.statement="\n\nSELECT\n  users.id,\n  users.email as \"email: EmailAddress\",\n  users.family_name,\n  users.given_name,\n  roles.name as role,\n  users.picture as \"picture: Picture\"\nFROM\n  users\n  INNER JOIN roles ON users.role_id = roles.id\nWHERE\n  users.id = $1\n" rows_affected=0 rows_returned=1 elapsed=681.248µs elapsed_secs=0.000681248
2024-11-01-01:41:49 DEBUG call:call{user.id="0192cfb7-8dcf-7c72-9437-ae08e0b18198"}:request{method=GET uri=/static/images/empty-image.svg version=HTTP/1.1}: tower_http::trace::on_request: started processing request
2024-11-01-01:41:49 DEBUG call:call{user.id="0192cfb7-8dcf-7c72-9437-ae08e0b18198"}:request{method=GET uri=/static/images/empty-image.svg version=HTTP/1.1}: tower_http::trace::on_response: finished processing request latency=0 ms status=200
2024-11-01-01:41:52 DEBUG call:call: sqlx::query: summary="SELECT users.id, users.email as …" db.statement="\n\nSELECT\n  users.id,\n  users.email as \"email: EmailAddress\",\n  users.family_name,\n  users.given_name,\n  roles.name as role,\n  users.picture as \"picture: Picture\"\nFROM\n  users\n  INNER JOIN roles ON users.role_id = roles.id\nWHERE\n  users.id = $1\n" rows_affected=0 rows_returned=1 elapsed=490.07µs elapsed_secs=0.00049007
2024-11-01-01:41:52 DEBUG call:call{user.id="0192cfb7-8dcf-7c72-9437-ae08e0b18198"}:request{method=DELETE uri=/asset_types/4 version=HTTP/1.1}: tower_http::trace::on_request: started processing request
2024-11-01-01:41:52 DEBUG call:call{user.id="0192cfb7-8dcf-7c72-9437-ae08e0b18198"}:request{method=DELETE uri=/asset_types/4 version=HTTP/1.1}:delete_asset_type: sqlx::query: summary="DELETE FROM asset_types WHERE …" db.statement="\n\nDELETE FROM\n  asset_types\nWHERE\n  id = $1 RETURNING id\n" rows_affected=0 rows_returned=1 elapsed=3.443654ms elapsed_secs=0.003443654
2024-11-01-01:41:52 DEBUG call:call{user.id="0192cfb7-8dcf-7c72-9437-ae08e0b18198"}:request{method=DELETE uri=/asset_types/4 version=HTTP/1.1}: tower_http::trace::on_response: finished processing request latency=4 ms status=200
2024-11-01-01:41:52 DEBUG call: tower_sessions::service: saving session
2024-11-01-01:41:52 DEBUG call: tower_sessions::service: adding session cookie
2024-11-01-01:41:52 DEBUG call:call: sqlx::query: summary="SELECT users.id, users.email as …" db.statement="\n\nSELECT\n  users.id,\n  users.email as \"email: EmailAddress\",\n  users.family_name,\n  users.given_name,\n  roles.name as role,\n  users.picture as \"picture: Picture\"\nFROM\n  users\n  INNER JOIN roles ON users.role_id = roles.id\nWHERE\n  users.id = $1\n" rows_affected=0 rows_returned=1 elapsed=617.394µs elapsed_secs=0.000617394
2024-11-01-01:41:52 DEBUG call:call{user.id="0192cfb7-8dcf-7c72-9437-ae08e0b18198"}:request{method=GET uri=/asset_types version=HTTP/1.1}: tower_http::trace::on_request: started processing request
2024-11-01-01:41:52 DEBUG call:call{user.id="0192cfb7-8dcf-7c72-9437-ae08e0b18198"}:request{method=GET uri=/asset_types version=HTTP/1.1}:get_asset_types: sqlx::query: summary="SELECT id, brand, model, …" db.statement="\n\nSELECT\n  id,\n  brand,\n  model,\n  description,\n  cost,\n  picture,\n  created_at\nFROM\n  asset_types\n" rows_affected=88 rows_returned=88 elapsed=889.782µs elapsed_secs=0.000889782
2024-11-01-01:41:52 DEBUG call:call{user.id="0192cfb7-8dcf-7c72-9437-ae08e0b18198"}:request{method=GET uri=/asset_types version=HTTP/1.1}: tower_http::trace::on_response: finished processing request latency=2 ms status=200
2024-11-01-01:41:52 DEBUG call: tower_sessions::service: saving session
2024-11-01-01:41:52 DEBUG call: tower_sessions::service: adding session cookie
2024-11-01-01:47:45 DEBUG call:call: sqlx::query: summary="SELECT users.id, users.email as …" db.statement="\n\nSELECT\n  users.id,\n  users.email as \"email: EmailAddress\",\n  users.family_name,\n  users.given_name,\n  roles.name as role,\n  users.picture as \"picture: Picture\"\nFROM\n  users\n  INNER JOIN roles ON users.role_id = roles.id\nWHERE\n  users.id = $1\n" rows_affected=0 rows_returned=1 elapsed=436.5µs elapsed_secs=0.0004365
2024-11-01-01:47:45 DEBUG call:call{user.id="0192cfb7-8dcf-7c72-9437-ae08e0b18198"}:request{method=GET uri=/asset_types/imports/new version=HTTP/1.1}: tower_http::trace::on_request: started processing request
2024-11-01-01:47:45 DEBUG call:call{user.id="0192cfb7-8dcf-7c72-9437-ae08e0b18198"}:request{method=GET uri=/asset_types/imports/new version=HTTP/1.1}: tower_http::trace::on_response: finished processing request latency=0 ms status=200
2024-11-01-01:47:45 DEBUG call:call: sqlx::query: summary="SELECT users.id, users.email as …" db.statement="\n\nSELECT\n  users.id,\n  users.email as \"email: EmailAddress\",\n  users.family_name,\n  users.given_name,\n  roles.name as role,\n  users.picture as \"picture: Picture\"\nFROM\n  users\n  INNER JOIN roles ON users.role_id = roles.id\nWHERE\n  users.id = $1\n" rows_affected=0 rows_returned=1 elapsed=549.459µs elapsed_secs=0.000549459
2024-11-01-01:47:45 DEBUG call:call{user.id="0192cfb7-8dcf-7c72-9437-ae08e0b18198"}:request{method=GET uri=/static/images/bars.svg version=HTTP/1.1}: tower_http::trace::on_request: started processing request
2024-11-01-01:47:45 DEBUG call:call{user.id="0192cfb7-8dcf-7c72-9437-ae08e0b18198"}:request{method=GET uri=/static/images/bars.svg version=HTTP/1.1}: tower_http::trace::on_response: finished processing request latency=0 ms status=200
2024-11-01-02:19:42  WARN sqlx_postgres::options::pgpass: Failed to open `.pgpass` file: Os { code: 2, kind: NotFound, message: "No such file or directory" } path=/home/relam/.pgpass
2024-11-01-02:19:42  WARN sqlx_postgres::options::pgpass: Failed to open `.pgpass` file: Os { code: 2, kind: NotFound, message: "No such file or directory" } path=/home/relam/.pgpass
2024-11-01-02:19:42  WARN sqlx_postgres::options::pgpass: Failed to open `.pgpass` file: Os { code: 2, kind: NotFound, message: "No such file or directory" } path=/home/relam/.pgpass
2024-11-01-02:19:42 DEBUG htmx_google_auth::application::http::server: listening on 127.0.0.1:8000
2024-11-01-02:19:48  WARN call:call:get_record: tower_sessions_core::session: possibly suspicious activity: record not found in store
2024-11-01-02:19:48 DEBUG call:call:request{method=GET uri=/asset_types/imports/new version=HTTP/1.1}: tower_http::trace::on_request: started processing request
2024-11-01-02:19:48 DEBUG call:call:request{method=GET uri=/asset_types/imports/new version=HTTP/1.1}: tower_http::trace::on_response: finished processing request latency=0 ms status=303
2024-11-01-02:19:48 DEBUG call: tower_sessions::service: removing session cookie
2024-11-01-02:19:48 DEBUG call:call:request{method=GET uri=/sessions/login version=HTTP/1.1}: tower_http::trace::on_request: started processing request
2024-11-01-02:19:48 DEBUG call:call:request{method=GET uri=/sessions/login version=HTTP/1.1}: tower_http::trace::on_response: finished processing request latency=0 ms status=200
2024-11-01-02:19:48 DEBUG call:call:request{method=GET uri=/static/styles/output.css version=HTTP/1.1}: tower_http::trace::on_request: started processing request
2024-11-01-02:19:48 DEBUG call:call:request{method=GET uri=/static/styles/output.css version=HTTP/1.1}: tower_http::trace::on_response: finished processing request latency=0 ms status=304
2024-11-01-02:19:48 DEBUG call:call:request{method=GET uri=/static/images/favicon/favicon-32x32.png version=HTTP/1.1}: tower_http::trace::on_request: started processing request
2024-11-01-02:19:48 DEBUG call:call:request{method=GET uri=/static/images/favicon/favicon-32x32.png version=HTTP/1.1}: tower_http::trace::on_response: finished processing request latency=0 ms status=200
2024-11-01-02:19:53 DEBUG call:call:request{method=POST uri=/sessions/login version=HTTP/1.1}: tower_http::trace::on_request: started processing request
2024-11-01-02:19:53 DEBUG call:call:request{method=POST uri=/sessions/login version=HTTP/1.1}:post_login:authenticate: sqlx::query: summary="SELECT users.id, users.password_hash as …" db.statement="\n\nSELECT\n  users.id,\n  users.password_hash as \"password_hash: PasswordHash\",\n  users.email as \"email: EmailAddress\",\n  users.email_verified,\n  users.given_name,\n  users.family_name,\n  roles.name as role,\n  users.picture as \"picture: Picture\",\n  users.created_at,\n  users.updated_at\nFROM\n  users\n  INNER JOIN roles ON users.role_id = roles.id\nWHERE\n  email = $1\n" rows_affected=0 rows_returned=1 elapsed=1.651441ms elapsed_secs=0.001651441
2024-11-01-02:19:54 DEBUG call:call:request{method=POST uri=/sessions/login version=HTTP/1.1}:post_login:authenticate{user.id="0192cfb7-8dcf-7c72-9437-ae08e0b18198"}: axum_login::session: return=Some(UserDescriptor { id: 0192cfb7-8dcf-7c72-9437-ae08e0b18198, email: EmailAddress("relam@richmond-county.k12.va.us"), given_name: "Reed", family_name: "Elam", role: "admin", picture: Picture("/content/images/7ed003df5abc4eff39e372c0af9c45cc315d44b38bd318c3d9da50a546853f16.webp") })
2024-11-01-02:19:54 DEBUG call:call:request{method=POST uri=/sessions/login version=HTTP/1.1}:post_login:login{user.id="0192cfb7-8dcf-7c72-9437-ae08e0b18198"}: axum_login::session: return=()
2024-11-01-02:19:54 DEBUG call:call:request{method=POST uri=/sessions/login version=HTTP/1.1}: tower_http::trace::on_response: finished processing request latency=313 ms status=200
2024-11-01-02:19:54 DEBUG call: tower_sessions::service: saving session
2024-11-01-02:19:54 DEBUG call: tower_sessions::service: adding session cookie
2024-11-01-02:19:54 DEBUG call:call: sqlx::query: summary="SELECT users.id, users.email as …" db.statement="\n\nSELECT\n  users.id,\n  users.email as \"email: EmailAddress\",\n  users.family_name,\n  users.given_name,\n  roles.name as role,\n  users.picture as \"picture: Picture\"\nFROM\n  users\n  INNER JOIN roles ON users.role_id = roles.id\nWHERE\n  users.id = $1\n" rows_affected=0 rows_returned=1 elapsed=1.133069ms elapsed_secs=0.001133069
2024-11-01-02:19:54 DEBUG call:call{user.id="0192cfb7-8dcf-7c72-9437-ae08e0b18198"}:request{method=GET uri=/settings version=HTTP/1.1}: tower_http::trace::on_request: started processing request
2024-11-01-02:19:54 DEBUG call:call{user.id="0192cfb7-8dcf-7c72-9437-ae08e0b18198"}:request{method=GET uri=/settings version=HTTP/1.1}: tower_http::trace::on_response: finished processing request latency=0 ms status=200
2024-11-01-02:19:54 DEBUG call:call: sqlx::query: summary="SELECT users.id, users.email as …" db.statement="\n\nSELECT\n  users.id,\n  users.email as \"email: EmailAddress\",\n  users.family_name,\n  users.given_name,\n  roles.name as role,\n  users.picture as \"picture: Picture\"\nFROM\n  users\n  INNER JOIN roles ON users.role_id = roles.id\nWHERE\n  users.id = $1\n" rows_affected=0 rows_returned=1 elapsed=646.689µs elapsed_secs=0.000646689
2024-11-01-02:19:54 DEBUG call:call{user.id="0192cfb7-8dcf-7c72-9437-ae08e0b18198"}:request{method=GET uri=/settings/roles?selected=admin version=HTTP/1.1}: tower_http::trace::on_request: started processing request
2024-11-01-02:19:54 DEBUG call:call{user.id="0192cfb7-8dcf-7c72-9437-ae08e0b18198"}:request{method=GET uri=/settings/roles?selected=admin version=HTTP/1.1}:get_roles: sqlx::query: summary="SELECT id, name FROM …" db.statement="\n\nSELECT\n  id,\n  name\nFROM\n  roles\n" rows_affected=2 rows_returned=2 elapsed=1.247712ms elapsed_secs=0.001247712
2024-11-01-02:19:54 DEBUG call:call{user.id="0192cfb7-8dcf-7c72-9437-ae08e0b18198"}:request{method=GET uri=/settings/roles?selected=admin version=HTTP/1.1}: tower_http::trace::on_response: finished processing request latency=33 ms status=200
2024-11-01-02:19:55 DEBUG call:call: sqlx::query: summary="SELECT users.id, users.email as …" db.statement="\n\nSELECT\n  users.id,\n  users.email as \"email: EmailAddress\",\n  users.family_name,\n  users.given_name,\n  roles.name as role,\n  users.picture as \"picture: Picture\"\nFROM\n  users\n  INNER JOIN roles ON users.role_id = roles.id\nWHERE\n  users.id = $1\n" rows_affected=0 rows_returned=1 elapsed=594.91µs elapsed_secs=0.00059491
2024-11-01-02:19:55 DEBUG call:call{user.id="0192cfb7-8dcf-7c72-9437-ae08e0b18198"}:request{method=GET uri=/asset_types version=HTTP/1.1}: tower_http::trace::on_request: started processing request
2024-11-01-02:19:55 DEBUG call:call{user.id="0192cfb7-8dcf-7c72-9437-ae08e0b18198"}:request{method=GET uri=/asset_types version=HTTP/1.1}:get_asset_types: sqlx::query: summary="SELECT id, brand, model, …" db.statement="\n\nSELECT\n  id,\n  brand,\n  model,\n  description,\n  cost,\n  picture,\n  created_at\nFROM\n  asset_types\n" rows_affected=88 rows_returned=88 elapsed=1.582187ms elapsed_secs=0.001582187
2024-11-01-02:19:55 DEBUG call:call{user.id="0192cfb7-8dcf-7c72-9437-ae08e0b18198"}:request{method=GET uri=/asset_types version=HTTP/1.1}: tower_http::trace::on_response: finished processing request latency=34 ms status=200
2024-11-01-02:19:56 DEBUG call:call: sqlx::query: summary="SELECT users.id, users.email as …" db.statement="\n\nSELECT\n  users.id,\n  users.email as \"email: EmailAddress\",\n  users.family_name,\n  users.given_name,\n  roles.name as role,\n  users.picture as \"picture: Picture\"\nFROM\n  users\n  INNER JOIN roles ON users.role_id = roles.id\nWHERE\n  users.id = $1\n" rows_affected=0 rows_returned=1 elapsed=1.596815ms elapsed_secs=0.001596815
2024-11-01-02:19:56 DEBUG call:call{user.id="0192cfb7-8dcf-7c72-9437-ae08e0b18198"}:request{method=GET uri=/asset_types/imports/new version=HTTP/1.1}: tower_http::trace::on_request: started processing request
2024-11-01-02:19:56 DEBUG call:call{user.id="0192cfb7-8dcf-7c72-9437-ae08e0b18198"}:request{method=GET uri=/asset_types/imports/new version=HTTP/1.1}: tower_http::trace::on_response: finished processing request latency=0 ms status=200
2024-11-01-02:30:49  WARN sqlx_postgres::options::pgpass: Failed to open `.pgpass` file: Os { code: 2, kind: NotFound, message: "No such file or directory" } path=/home/relam/.pgpass
2024-11-01-02:30:49  WARN sqlx_postgres::options::pgpass: Failed to open `.pgpass` file: Os { code: 2, kind: NotFound, message: "No such file or directory" } path=/home/relam/.pgpass
2024-11-01-02:30:49  WARN sqlx_postgres::options::pgpass: Failed to open `.pgpass` file: Os { code: 2, kind: NotFound, message: "No such file or directory" } path=/home/relam/.pgpass
2024-11-01-02:30:49 DEBUG htmx_google_auth::application::http::server: listening on 127.0.0.1:8000
2024-11-01-02:30:53  WARN call:call:get_record: tower_sessions_core::session: possibly suspicious activity: record not found in store
2024-11-01-02:30:53 DEBUG call:call:request{method=GET uri=/asset_types/imports/new version=HTTP/1.1}: tower_http::trace::on_request: started processing request
2024-11-01-02:30:53 DEBUG call:call:request{method=GET uri=/asset_types/imports/new version=HTTP/1.1}: tower_http::trace::on_response: finished processing request latency=0 ms status=303
2024-11-01-02:30:53 DEBUG call: tower_sessions::service: removing session cookie
2024-11-01-02:30:53 DEBUG call:call:request{method=GET uri=/sessions/login version=HTTP/1.1}: tower_http::trace::on_request: started processing request
2024-11-01-02:30:53 DEBUG call:call:request{method=GET uri=/sessions/login version=HTTP/1.1}: tower_http::trace::on_response: finished processing request latency=0 ms status=200
2024-11-01-02:30:58 DEBUG call:call:request{method=POST uri=/sessions/login version=HTTP/1.1}: tower_http::trace::on_request: started processing request
2024-11-01-02:30:58 DEBUG call:call:request{method=POST uri=/sessions/login version=HTTP/1.1}:post_login:authenticate: sqlx::query: summary="SELECT users.id, users.password_hash as …" db.statement="\n\nSELECT\n  users.id,\n  users.password_hash as \"password_hash: PasswordHash\",\n  users.email as \"email: EmailAddress\",\n  users.email_verified,\n  users.given_name,\n  users.family_name,\n  roles.name as role,\n  users.picture as \"picture: Picture\",\n  users.created_at,\n  users.updated_at\nFROM\n  users\n  INNER JOIN roles ON users.role_id = roles.id\nWHERE\n  email = $1\n" rows_affected=0 rows_returned=1 elapsed=1.526006ms elapsed_secs=0.001526006
2024-11-01-02:30:59 DEBUG call:call:request{method=POST uri=/sessions/login version=HTTP/1.1}:post_login:authenticate{user.id="0192cfb7-8dcf-7c72-9437-ae08e0b18198"}: axum_login::session: return=Some(UserDescriptor { id: 0192cfb7-8dcf-7c72-9437-ae08e0b18198, email: EmailAddress("relam@richmond-county.k12.va.us"), given_name: "Reed", family_name: "Elam", role: "admin", picture: Picture("/content/images/7ed003df5abc4eff39e372c0af9c45cc315d44b38bd318c3d9da50a546853f16.webp") })
2024-11-01-02:30:59 DEBUG call:call:request{method=POST uri=/sessions/login version=HTTP/1.1}:post_login:login{user.id="0192cfb7-8dcf-7c72-9437-ae08e0b18198"}: axum_login::session: return=()
2024-11-01-02:30:59 DEBUG call:call:request{method=POST uri=/sessions/login version=HTTP/1.1}: tower_http::trace::on_response: finished processing request latency=316 ms status=200
2024-11-01-02:30:59 DEBUG call: tower_sessions::service: saving session
2024-11-01-02:30:59 DEBUG call: tower_sessions::service: adding session cookie
2024-11-01-02:30:59 DEBUG call:call: sqlx::query: summary="SELECT users.id, users.email as …" db.statement="\n\nSELECT\n  users.id,\n  users.email as \"email: EmailAddress\",\n  users.family_name,\n  users.given_name,\n  roles.name as role,\n  users.picture as \"picture: Picture\"\nFROM\n  users\n  INNER JOIN roles ON users.role_id = roles.id\nWHERE\n  users.id = $1\n" rows_affected=0 rows_returned=1 elapsed=1.224715ms elapsed_secs=0.001224715
2024-11-01-02:30:59 DEBUG call:call{user.id="0192cfb7-8dcf-7c72-9437-ae08e0b18198"}:request{method=GET uri=/settings version=HTTP/1.1}: tower_http::trace::on_request: started processing request
2024-11-01-02:30:59 DEBUG call:call{user.id="0192cfb7-8dcf-7c72-9437-ae08e0b18198"}:request{method=GET uri=/settings version=HTTP/1.1}: tower_http::trace::on_response: finished processing request latency=0 ms status=200
2024-11-01-02:30:59 DEBUG call:call: sqlx::query: summary="SELECT users.id, users.email as …" db.statement="\n\nSELECT\n  users.id,\n  users.email as \"email: EmailAddress\",\n  users.family_name,\n  users.given_name,\n  roles.name as role,\n  users.picture as \"picture: Picture\"\nFROM\n  users\n  INNER JOIN roles ON users.role_id = roles.id\nWHERE\n  users.id = $1\n" rows_affected=0 rows_returned=1 elapsed=587.339µs elapsed_secs=0.000587339
2024-11-01-02:30:59 DEBUG call:call{user.id="0192cfb7-8dcf-7c72-9437-ae08e0b18198"}:request{method=GET uri=/settings/roles?selected=admin version=HTTP/1.1}: tower_http::trace::on_request: started processing request
2024-11-01-02:30:59 DEBUG call:call{user.id="0192cfb7-8dcf-7c72-9437-ae08e0b18198"}:request{method=GET uri=/settings/roles?selected=admin version=HTTP/1.1}:get_roles: sqlx::query: summary="SELECT id, name FROM …" db.statement="\n\nSELECT\n  id,\n  name\nFROM\n  roles\n" rows_affected=2 rows_returned=2 elapsed=1.168401ms elapsed_secs=0.001168401
2024-11-01-02:30:59 DEBUG call:call{user.id="0192cfb7-8dcf-7c72-9437-ae08e0b18198"}:request{method=GET uri=/settings/roles?selected=admin version=HTTP/1.1}: tower_http::trace::on_response: finished processing request latency=35 ms status=200
2024-11-01-02:31:00 DEBUG call:call: sqlx::query: summary="SELECT users.id, users.email as …" db.statement="\n\nSELECT\n  users.id,\n  users.email as \"email: EmailAddress\",\n  users.family_name,\n  users.given_name,\n  roles.name as role,\n  users.picture as \"picture: Picture\"\nFROM\n  users\n  INNER JOIN roles ON users.role_id = roles.id\nWHERE\n  users.id = $1\n" rows_affected=0 rows_returned=1 elapsed=611.518µs elapsed_secs=0.000611518
2024-11-01-02:31:00 DEBUG call:call{user.id="0192cfb7-8dcf-7c72-9437-ae08e0b18198"}:request{method=GET uri=/asset_types version=HTTP/1.1}: tower_http::trace::on_request: started processing request
2024-11-01-02:31:00 DEBUG call:call{user.id="0192cfb7-8dcf-7c72-9437-ae08e0b18198"}:request{method=GET uri=/asset_types version=HTTP/1.1}:get_asset_types: sqlx::query: summary="SELECT id, brand, model, …" db.statement="\n\nSELECT\n  id,\n  brand,\n  model,\n  description,\n  cost,\n  picture,\n  created_at\nFROM\n  asset_types\n" rows_affected=88 rows_returned=88 elapsed=2.000241ms elapsed_secs=0.002000241
2024-11-01-02:31:00 DEBUG call:call{user.id="0192cfb7-8dcf-7c72-9437-ae08e0b18198"}:request{method=GET uri=/asset_types version=HTTP/1.1}: tower_http::trace::on_response: finished processing request latency=36 ms status=200
2024-11-01-02:31:01 DEBUG call:call: sqlx::query: summary="SELECT users.id, users.email as …" db.statement="\n\nSELECT\n  users.id,\n  users.email as \"email: EmailAddress\",\n  users.family_name,\n  users.given_name,\n  roles.name as role,\n  users.picture as \"picture: Picture\"\nFROM\n  users\n  INNER JOIN roles ON users.role_id = roles.id\nWHERE\n  users.id = $1\n" rows_affected=0 rows_returned=1 elapsed=1.425472ms elapsed_secs=0.001425472
2024-11-01-02:31:01 DEBUG call:call{user.id="0192cfb7-8dcf-7c72-9437-ae08e0b18198"}:request{method=GET uri=/asset_types/imports/new version=HTTP/1.1}: tower_http::trace::on_request: started processing request
2024-11-01-02:31:01 DEBUG call:call{user.id="0192cfb7-8dcf-7c72-9437-ae08e0b18198"}:request{method=GET uri=/asset_types/imports/new version=HTTP/1.1}: tower_http::trace::on_response: finished processing request latency=0 ms status=200
2024-11-01-02:31:14 DEBUG call:call: sqlx::query: summary="SELECT users.id, users.email as …" db.statement="\n\nSELECT\n  users.id,\n  users.email as \"email: EmailAddress\",\n  users.family_name,\n  users.given_name,\n  roles.name as role,\n  users.picture as \"picture: Picture\"\nFROM\n  users\n  INNER JOIN roles ON users.role_id = roles.id\nWHERE\n  users.id = $1\n" rows_affected=0 rows_returned=1 elapsed=550.453µs elapsed_secs=0.000550453
2024-11-01-02:31:14 DEBUG call:call{user.id="0192cfb7-8dcf-7c72-9437-ae08e0b18198"}:request{method=POST uri=/asset_types/imports/new version=HTTP/1.1}: tower_http::trace::on_request: started processing request
2024-11-01-02:31:14 DEBUG call:call{user.id="0192cfb7-8dcf-7c72-9437-ae08e0b18198"}:request{method=POST uri=/asset_types/imports/new version=HTTP/1.1}: tower_http::trace::on_response: finished processing request latency=4 ms status=400
2024-11-01-02:32:39  WARN sqlx_postgres::options::pgpass: Failed to open `.pgpass` file: Os { code: 2, kind: NotFound, message: "No such file or directory" } path=/home/relam/.pgpass
2024-11-01-02:32:39  WARN sqlx_postgres::options::pgpass: Failed to open `.pgpass` file: Os { code: 2, kind: NotFound, message: "No such file or directory" } path=/home/relam/.pgpass
2024-11-01-02:32:39  WARN sqlx_postgres::options::pgpass: Failed to open `.pgpass` file: Os { code: 2, kind: NotFound, message: "No such file or directory" } path=/home/relam/.pgpass
2024-11-01-02:32:39 DEBUG htmx_google_auth::application::http::server: listening on 127.0.0.1:8000
2024-11-01-02:32:43  WARN call:call:get_record: tower_sessions_core::session: possibly suspicious activity: record not found in store
2024-11-01-02:32:43 DEBUG call:call:request{method=GET uri=/asset_types/imports/new version=HTTP/1.1}: tower_http::trace::on_request: started processing request
2024-11-01-02:32:43 DEBUG call:call:request{method=GET uri=/asset_types/imports/new version=HTTP/1.1}: tower_http::trace::on_response: finished processing request latency=0 ms status=303
2024-11-01-02:32:43 DEBUG call: tower_sessions::service: removing session cookie
2024-11-01-02:32:43 DEBUG call:call:request{method=GET uri=/sessions/login version=HTTP/1.1}: tower_http::trace::on_request: started processing request
2024-11-01-02:32:43 DEBUG call:call:request{method=GET uri=/sessions/login version=HTTP/1.1}: tower_http::trace::on_response: finished processing request latency=0 ms status=200
2024-11-01-02:33:03 DEBUG call:call:request{method=POST uri=/sessions/login version=HTTP/1.1}: tower_http::trace::on_request: started processing request
2024-11-01-02:33:03 DEBUG call:call:request{method=POST uri=/sessions/login version=HTTP/1.1}:post_login:authenticate: sqlx::query: summary="SELECT users.id, users.password_hash as …" db.statement="\n\nSELECT\n  users.id,\n  users.password_hash as \"password_hash: PasswordHash\",\n  users.email as \"email: EmailAddress\",\n  users.email_verified,\n  users.given_name,\n  users.family_name,\n  roles.name as role,\n  users.picture as \"picture: Picture\",\n  users.created_at,\n  users.updated_at\nFROM\n  users\n  INNER JOIN roles ON users.role_id = roles.id\nWHERE\n  email = $1\n" rows_affected=0 rows_returned=1 elapsed=1.531537ms elapsed_secs=0.001531537
2024-11-01-02:33:03 DEBUG call:call:request{method=POST uri=/sessions/login version=HTTP/1.1}:post_login:authenticate{user.id="0192cfb7-8dcf-7c72-9437-ae08e0b18198"}: axum_login::session: return=Some(UserDescriptor { id: 0192cfb7-8dcf-7c72-9437-ae08e0b18198, email: EmailAddress("relam@richmond-county.k12.va.us"), given_name: "Reed", family_name: "Elam", role: "admin", picture: Picture("/content/images/7ed003df5abc4eff39e372c0af9c45cc315d44b38bd318c3d9da50a546853f16.webp") })
2024-11-01-02:33:03 DEBUG call:call:request{method=POST uri=/sessions/login version=HTTP/1.1}:post_login:login{user.id="0192cfb7-8dcf-7c72-9437-ae08e0b18198"}: axum_login::session: return=()
2024-11-01-02:33:03 DEBUG call:call:request{method=POST uri=/sessions/login version=HTTP/1.1}: tower_http::trace::on_response: finished processing request latency=322 ms status=200
2024-11-01-02:33:03 DEBUG call: tower_sessions::service: saving session
2024-11-01-02:33:03 DEBUG call: tower_sessions::service: adding session cookie
2024-11-01-02:33:03 DEBUG call:call: sqlx::query: summary="SELECT users.id, users.email as …" db.statement="\n\nSELECT\n  users.id,\n  users.email as \"email: EmailAddress\",\n  users.family_name,\n  users.given_name,\n  roles.name as role,\n  users.picture as \"picture: Picture\"\nFROM\n  users\n  INNER JOIN roles ON users.role_id = roles.id\nWHERE\n  users.id = $1\n" rows_affected=0 rows_returned=1 elapsed=1.142091ms elapsed_secs=0.001142091
2024-11-01-02:33:03 DEBUG call:call{user.id="0192cfb7-8dcf-7c72-9437-ae08e0b18198"}:request{method=GET uri=/settings version=HTTP/1.1}: tower_http::trace::on_request: started processing request
2024-11-01-02:33:03 DEBUG call:call{user.id="0192cfb7-8dcf-7c72-9437-ae08e0b18198"}:request{method=GET uri=/settings version=HTTP/1.1}: tower_http::trace::on_response: finished processing request latency=0 ms status=200
2024-11-01-02:33:03 DEBUG call:call: sqlx::query: summary="SELECT users.id, users.email as …" db.statement="\n\nSELECT\n  users.id,\n  users.email as \"email: EmailAddress\",\n  users.family_name,\n  users.given_name,\n  roles.name as role,\n  users.picture as \"picture: Picture\"\nFROM\n  users\n  INNER JOIN roles ON users.role_id = roles.id\nWHERE\n  users.id = $1\n" rows_affected=0 rows_returned=1 elapsed=930.511µs elapsed_secs=0.000930511
2024-11-01-02:33:03 DEBUG call:call{user.id="0192cfb7-8dcf-7c72-9437-ae08e0b18198"}:request{method=GET uri=/settings/roles?selected=admin version=HTTP/1.1}: tower_http::trace::on_request: started processing request
2024-11-01-02:33:03 DEBUG call:call{user.id="0192cfb7-8dcf-7c72-9437-ae08e0b18198"}:request{method=GET uri=/settings/roles?selected=admin version=HTTP/1.1}:get_roles: sqlx::query: summary="SELECT id, name FROM …" db.statement="\n\nSELECT\n  id,\n  name\nFROM\n  roles\n" rows_affected=2 rows_returned=2 elapsed=1.317803ms elapsed_secs=0.001317803
2024-11-01-02:33:03 DEBUG call:call{user.id="0192cfb7-8dcf-7c72-9437-ae08e0b18198"}:request{method=GET uri=/settings/roles?selected=admin version=HTTP/1.1}: tower_http::trace::on_response: finished processing request latency=37 ms status=200
2024-11-01-02:33:36 DEBUG call:call: sqlx::query: summary="SELECT users.id, users.email as …" db.statement="\n\nSELECT\n  users.id,\n  users.email as \"email: EmailAddress\",\n  users.family_name,\n  users.given_name,\n  roles.name as role,\n  users.picture as \"picture: Picture\"\nFROM\n  users\n  INNER JOIN roles ON users.role_id = roles.id\nWHERE\n  users.id = $1\n" rows_affected=0 rows_returned=1 elapsed=638.042µs elapsed_secs=0.000638042
2024-11-01-02:33:36 DEBUG call:call{user.id="0192cfb7-8dcf-7c72-9437-ae08e0b18198"}:request{method=GET uri=/asset_types version=HTTP/1.1}: tower_http::trace::on_request: started processing request
2024-11-01-02:33:36 DEBUG call:call{user.id="0192cfb7-8dcf-7c72-9437-ae08e0b18198"}:request{method=GET uri=/asset_types version=HTTP/1.1}:get_asset_types: sqlx::query: summary="SELECT id, brand, model, …" db.statement="\n\nSELECT\n  id,\n  brand,\n  model,\n  description,\n  cost,\n  picture,\n  created_at\nFROM\n  asset_types\n" rows_affected=88 rows_returned=88 elapsed=1.582305ms elapsed_secs=0.001582305
2024-11-01-02:33:36 DEBUG call:call{user.id="0192cfb7-8dcf-7c72-9437-ae08e0b18198"}:request{method=GET uri=/asset_types version=HTTP/1.1}: tower_http::trace::on_response: finished processing request latency=38 ms status=200
2024-11-01-02:33:40 DEBUG call:call: sqlx::query: summary="SELECT users.id, users.email as …" db.statement="\n\nSELECT\n  users.id,\n  users.email as \"email: EmailAddress\",\n  users.family_name,\n  users.given_name,\n  roles.name as role,\n  users.picture as \"picture: Picture\"\nFROM\n  users\n  INNER JOIN roles ON users.role_id = roles.id\nWHERE\n  users.id = $1\n" rows_affected=0 rows_returned=1 elapsed=1.894257ms elapsed_secs=0.001894257
2024-11-01-02:33:40 DEBUG call:call{user.id="0192cfb7-8dcf-7c72-9437-ae08e0b18198"}:request{method=GET uri=/asset_types version=HTTP/1.1}: tower_http::trace::on_request: started processing request
2024-11-01-02:33:40 DEBUG call:call{user.id="0192cfb7-8dcf-7c72-9437-ae08e0b18198"}:request{method=GET uri=/asset_types version=HTTP/1.1}:get_asset_types: sqlx::query: summary="SELECT id, brand, model, …" db.statement="\n\nSELECT\n  id,\n  brand,\n  model,\n  description,\n  cost,\n  picture,\n  created_at\nFROM\n  asset_types\n" rows_affected=88 rows_returned=88 elapsed=833.159µs elapsed_secs=0.000833159
2024-11-01-02:33:40 DEBUG call:call{user.id="0192cfb7-8dcf-7c72-9437-ae08e0b18198"}:request{method=GET uri=/asset_types version=HTTP/1.1}: tower_http::trace::on_response: finished processing request latency=2 ms status=200
2024-11-01-02:33:40 DEBUG call:call: sqlx::query: summary="SELECT users.id, users.email as …" db.statement="\n\nSELECT\n  users.id,\n  users.email as \"email: EmailAddress\",\n  users.family_name,\n  users.given_name,\n  roles.name as role,\n  users.picture as \"picture: Picture\"\nFROM\n  users\n  INNER JOIN roles ON users.role_id = roles.id\nWHERE\n  users.id = $1\n" rows_affected=0 rows_returned=1 elapsed=576.278µs elapsed_secs=0.000576278
2024-11-01-02:33:40 DEBUG call:call{user.id="0192cfb7-8dcf-7c72-9437-ae08e0b18198"}:request{method=GET uri=/asset_types/imports/new version=HTTP/1.1}: tower_http::trace::on_request: started processing request
2024-11-01-02:33:40 DEBUG call:call{user.id="0192cfb7-8dcf-7c72-9437-ae08e0b18198"}:request{method=GET uri=/asset_types/imports/new version=HTTP/1.1}: tower_http::trace::on_response: finished processing request latency=0 ms status=200
2024-11-01-02:33:46 DEBUG call:call: sqlx::query: summary="SELECT users.id, users.email as …" db.statement="\n\nSELECT\n  users.id,\n  users.email as \"email: EmailAddress\",\n  users.family_name,\n  users.given_name,\n  roles.name as role,\n  users.picture as \"picture: Picture\"\nFROM\n  users\n  INNER JOIN roles ON users.role_id = roles.id\nWHERE\n  users.id = $1\n" rows_affected=0 rows_returned=1 elapsed=791.138µs elapsed_secs=0.000791138
2024-11-01-02:33:46 DEBUG call:call{user.id="0192cfb7-8dcf-7c72-9437-ae08e0b18198"}:request{method=POST uri=/asset_types/imports/new version=HTTP/1.1}: tower_http::trace::on_request: started processing request
2024-11-01-02:33:47 DEBUG call:call{user.id="0192cfb7-8dcf-7c72-9437-ae08e0b18198"}:request{method=POST uri=/asset_types/imports/new version=HTTP/1.1}:post_asset_type_imports_new: sqlx::query: summary="INSERT INTO asset_types (brand, …" db.statement="\n\nINSERT INTO\n  asset_types (brand, model, description, cost, picture)\nSELECT\n  DISTINCT ON(brand, model) brand,\n  model,\n  description,\n  cost,\n  picture\nFROM\n(\n    SELECT\n      *\n    FROM\n      UNNEST (\n        $1 :: TEXT [],\n        $2 :: TEXT [],\n        $3 :: TEXT [],\n        $4 :: TEXT [],\n        $5 :: TEXT []\n      ) AS t(brand, model, description, cost, picture)\n    WHERE\n      t.brand IS NOT NULL\n      AND t.model IS NOT NULL\n  ) AS bulk_query ON CONFLICT ON CONSTRAINT asset_types_brand_model_key DO\nUPDATE\nSET\n  description = excluded.description,\n  cost = excluded.cost,\n  picture = excluded.picture RETURNING id,\n  brand,\n  model,\n  description,\n  cost,\n  picture,\n  created_at\n" rows_affected=87 rows_returned=87 elapsed=16.352752ms elapsed_secs=0.016352752
2024-11-01-02:33:47 DEBUG call:call{user.id="0192cfb7-8dcf-7c72-9437-ae08e0b18198"}:request{method=POST uri=/asset_types/imports/new version=HTTP/1.1}: tower_http::trace::on_response: finished processing request latency=43 ms status=200
2024-11-01-02:33:47 DEBUG call: tower_sessions::service: saving session
2024-11-01-02:33:47 DEBUG call: tower_sessions::service: adding session cookie
2024-11-01-02:33:47 DEBUG call:call: sqlx::query: summary="SELECT users.id, users.email as …" db.statement="\n\nSELECT\n  users.id,\n  users.email as \"email: EmailAddress\",\n  users.family_name,\n  users.given_name,\n  roles.name as role,\n  users.picture as \"picture: Picture\"\nFROM\n  users\n  INNER JOIN roles ON users.role_id = roles.id\nWHERE\n  users.id = $1\n" rows_affected=0 rows_returned=1 elapsed=711.013µs elapsed_secs=0.000711013
2024-11-01-02:33:47 DEBUG call:call{user.id="0192cfb7-8dcf-7c72-9437-ae08e0b18198"}:request{method=GET uri=/asset_types version=HTTP/1.1}: tower_http::trace::on_request: started processing request
2024-11-01-02:33:47 DEBUG call:call{user.id="0192cfb7-8dcf-7c72-9437-ae08e0b18198"}:request{method=GET uri=/asset_types version=HTTP/1.1}:get_asset_types: sqlx::query: summary="SELECT id, brand, model, …" db.statement="\n\nSELECT\n  id,\n  brand,\n  model,\n  description,\n  cost,\n  picture,\n  created_at\nFROM\n  asset_types\n" rows_affected=89 rows_returned=89 elapsed=986.424µs elapsed_secs=0.000986424
2024-11-01-02:33:47 DEBUG call:call{user.id="0192cfb7-8dcf-7c72-9437-ae08e0b18198"}:request{method=GET uri=/asset_types version=HTTP/1.1}: tower_http::trace::on_response: finished processing request latency=2 ms status=200
2024-11-01-02:33:47 DEBUG call: tower_sessions::service: saving session
2024-11-01-02:33:47 DEBUG call: tower_sessions::service: adding session cookie
2024-11-01-02:42:40 DEBUG call:call: sqlx::query: summary="SELECT users.id, users.email as …" db.statement="\n\nSELECT\n  users.id,\n  users.email as \"email: EmailAddress\",\n  users.family_name,\n  users.given_name,\n  roles.name as role,\n  users.picture as \"picture: Picture\"\nFROM\n  users\n  INNER JOIN roles ON users.role_id = roles.id\nWHERE\n  users.id = $1\n" rows_affected=0 rows_returned=1 elapsed=544.286µs elapsed_secs=0.000544286
2024-11-01-02:42:40 DEBUG call:call{user.id="0192cfb7-8dcf-7c72-9437-ae08e0b18198"}:request{method=GET uri=/asset_types/imports/new version=HTTP/1.1}: tower_http::trace::on_request: started processing request
2024-11-01-02:42:40 DEBUG call:call{user.id="0192cfb7-8dcf-7c72-9437-ae08e0b18198"}:request{method=GET uri=/asset_types/imports/new version=HTTP/1.1}: tower_http::trace::on_response: finished processing request latency=0 ms status=200
2024-11-01-02:42:47 DEBUG call:call: sqlx::query: summary="SELECT users.id, users.email as …" db.statement="\n\nSELECT\n  users.id,\n  users.email as \"email: EmailAddress\",\n  users.family_name,\n  users.given_name,\n  roles.name as role,\n  users.picture as \"picture: Picture\"\nFROM\n  users\n  INNER JOIN roles ON users.role_id = roles.id\nWHERE\n  users.id = $1\n" rows_affected=0 rows_returned=1 elapsed=596.041µs elapsed_secs=0.000596041
2024-11-01-02:42:47 DEBUG call:call{user.id="0192cfb7-8dcf-7c72-9437-ae08e0b18198"}:request{method=POST uri=/asset_types/imports/new version=HTTP/1.1}: tower_http::trace::on_request: started processing request
2024-11-01-02:42:47 DEBUG call:call{user.id="0192cfb7-8dcf-7c72-9437-ae08e0b18198"}:request{method=POST uri=/asset_types/imports/new version=HTTP/1.1}:post_asset_type_imports_new: sqlx::query: summary="INSERT INTO asset_types (brand, …" db.statement="\n\nINSERT INTO\n  asset_types (brand, model, description, cost, picture)\nSELECT\n  DISTINCT ON(brand, model) brand,\n  model,\n  description,\n  cost,\n  picture\nFROM\n(\n    SELECT\n      *\n    FROM\n      UNNEST (\n        $1 :: TEXT [],\n        $2 :: TEXT [],\n        $3 :: TEXT [],\n        $4 :: TEXT [],\n        $5 :: TEXT []\n      ) AS t(brand, model, description, cost, picture)\n    WHERE\n      t.brand IS NOT NULL\n      AND t.model IS NOT NULL\n  ) AS bulk_query ON CONFLICT ON CONSTRAINT asset_types_brand_model_key DO\nUPDATE\nSET\n  description = excluded.description,\n  cost = excluded.cost,\n  picture = excluded.picture RETURNING id,\n  brand,\n  model,\n  description,\n  cost,\n  picture,\n  created_at\n" rows_affected=2 rows_returned=2 elapsed=1.623277ms elapsed_secs=0.001623277
2024-11-01-02:42:47 DEBUG call:call{user.id="0192cfb7-8dcf-7c72-9437-ae08e0b18198"}:request{method=POST uri=/asset_types/imports/new version=HTTP/1.1}: tower_http::trace::on_response: finished processing request latency=45 ms status=200
2024-11-01-02:42:47 DEBUG call: tower_sessions::service: saving session
2024-11-01-02:42:47 DEBUG call: tower_sessions::service: adding session cookie
2024-11-01-02:42:47 DEBUG call:call: sqlx::query: summary="SELECT users.id, users.email as …" db.statement="\n\nSELECT\n  users.id,\n  users.email as \"email: EmailAddress\",\n  users.family_name,\n  users.given_name,\n  roles.name as role,\n  users.picture as \"picture: Picture\"\nFROM\n  users\n  INNER JOIN roles ON users.role_id = roles.id\nWHERE\n  users.id = $1\n" rows_affected=0 rows_returned=1 elapsed=659.208µs elapsed_secs=0.000659208
2024-11-01-02:42:47 DEBUG call:call{user.id="0192cfb7-8dcf-7c72-9437-ae08e0b18198"}:request{method=GET uri=/asset_types version=HTTP/1.1}: tower_http::trace::on_request: started processing request
2024-11-01-02:42:47 DEBUG call:call{user.id="0192cfb7-8dcf-7c72-9437-ae08e0b18198"}:request{method=GET uri=/asset_types version=HTTP/1.1}:get_asset_types: sqlx::query: summary="SELECT id, brand, model, …" db.statement="\n\nSELECT\n  id,\n  brand,\n  model,\n  description,\n  cost,\n  picture,\n  created_at\nFROM\n  asset_types\n" rows_affected=91 rows_returned=91 elapsed=991.293µs elapsed_secs=0.000991293
2024-11-01-02:42:47 DEBUG call:call{user.id="0192cfb7-8dcf-7c72-9437-ae08e0b18198"}:request{method=GET uri=/asset_types version=HTTP/1.1}: tower_http::trace::on_response: finished processing request latency=2 ms status=200
2024-11-01-02:42:47 DEBUG call: tower_sessions::service: saving session
2024-11-01-02:42:47 DEBUG call: tower_sessions::service: adding session cookie
2024-11-01-02:42:55 DEBUG call:call: sqlx::query: summary="SELECT users.id, users.email as …" db.statement="\n\nSELECT\n  users.id,\n  users.email as \"email: EmailAddress\",\n  users.family_name,\n  users.given_name,\n  roles.name as role,\n  users.picture as \"picture: Picture\"\nFROM\n  users\n  INNER JOIN roles ON users.role_id = roles.id\nWHERE\n  users.id = $1\n" rows_affected=0 rows_returned=1 elapsed=752.384µs elapsed_secs=0.000752384
2024-11-01-02:42:55 DEBUG call:call{user.id="0192cfb7-8dcf-7c72-9437-ae08e0b18198"}:request{method=GET uri=/asset_types/352 version=HTTP/1.1}: tower_http::trace::on_request: started processing request
2024-11-01-02:42:55 DEBUG call:call{user.id="0192cfb7-8dcf-7c72-9437-ae08e0b18198"}:request{method=GET uri=/asset_types/352 version=HTTP/1.1}:get_asset_type_view: sqlx::query: summary="SELECT id, brand, model, …" db.statement="\n\nSELECT\n  id,\n  brand,\n  model,\n  description,\n  cost,\n  picture,\n  created_at\nFROM\n  asset_types\nWHERE\n  asset_types.id = $1\n" rows_affected=0 rows_returned=1 elapsed=1.133335ms elapsed_secs=0.001133335
2024-11-01-02:42:55 DEBUG call:call{user.id="0192cfb7-8dcf-7c72-9437-ae08e0b18198"}:request{method=GET uri=/asset_types/352 version=HTTP/1.1}: tower_http::trace::on_response: finished processing request latency=2 ms status=200
2024-11-01-02:42:58 DEBUG call:call: sqlx::query: summary="SELECT users.id, users.email as …" db.statement="\n\nSELECT\n  users.id,\n  users.email as \"email: EmailAddress\",\n  users.family_name,\n  users.given_name,\n  roles.name as role,\n  users.picture as \"picture: Picture\"\nFROM\n  users\n  INNER JOIN roles ON users.role_id = roles.id\nWHERE\n  users.id = $1\n" rows_affected=0 rows_returned=1 elapsed=667.77µs elapsed_secs=0.00066777
2024-11-01-02:42:58 DEBUG call:call{user.id="0192cfb7-8dcf-7c72-9437-ae08e0b18198"}:request{method=GET uri=/asset_types/352/edit version=HTTP/1.1}: tower_http::trace::on_request: started processing request
2024-11-01-02:42:58 DEBUG call:call{user.id="0192cfb7-8dcf-7c72-9437-ae08e0b18198"}:request{method=GET uri=/asset_types/352/edit version=HTTP/1.1}:get_asset_type_edit: sqlx::query: summary="SELECT id, brand, model, …" db.statement="\n\nSELECT\n  id,\n  brand,\n  model,\n  description,\n  cost,\n  picture,\n  created_at\nFROM\n  asset_types\nWHERE\n  asset_types.id = $1\n" rows_affected=0 rows_returned=1 elapsed=716.499µs elapsed_secs=0.000716499
2024-11-01-02:42:58 DEBUG call:call{user.id="0192cfb7-8dcf-7c72-9437-ae08e0b18198"}:request{method=GET uri=/asset_types/352/edit version=HTTP/1.1}: tower_http::trace::on_response: finished processing request latency=2 ms status=200
2024-11-01-02:44:10 DEBUG call:call: sqlx::query: summary="SELECT users.id, users.email as …" db.statement="\n\nSELECT\n  users.id,\n  users.email as \"email: EmailAddress\",\n  users.family_name,\n  users.given_name,\n  roles.name as role,\n  users.picture as \"picture: Picture\"\nFROM\n  users\n  INNER JOIN roles ON users.role_id = roles.id\nWHERE\n  users.id = $1\n" rows_affected=0 rows_returned=1 elapsed=550.654µs elapsed_secs=0.000550654
2024-11-01-02:44:10 DEBUG call:call{user.id="0192cfb7-8dcf-7c72-9437-ae08e0b18198"}:request{method=POST uri=/asset_types/352/edit version=HTTP/1.1}: tower_http::trace::on_request: started processing request
2024-11-01-02:44:10 DEBUG call:call{user.id="0192cfb7-8dcf-7c72-9437-ae08e0b18198"}:request{method=POST uri=/asset_types/352/edit version=HTTP/1.1}:post_asset_type_edit: sqlx::query: summary="SELECT id, filename as …" db.statement="\n\nSELECT\n  id,\n  filename as \"filename: Filename\",\n  hash,\n  content_type as \"content_type: ContentType\",\n  url,\n  created_at\nFROM\n  image_attachments\nWHERE\n  $1 = hash\n" rows_affected=0 rows_returned=0 elapsed=1.538651ms elapsed_secs=0.001538651
2024-11-01-02:44:10 DEBUG call:call{user.id="0192cfb7-8dcf-7c72-9437-ae08e0b18198"}:request{method=POST uri=/asset_types/352/edit version=HTTP/1.1}:post_asset_type_edit: sqlx::query: summary="INSERT INTO image_attachments (hash, …" db.statement="\n\nINSERT INTO\n  image_attachments (hash, filename, content_type, url)\nVALUES\n  ($1, $2, $3, $4) RETURNING id,\n  filename as \"filename: Filename\",\n  hash,\n  content_type as \"content_type: ContentType\",\n  url,\n  created_at\n" rows_affected=0 rows_returned=1 elapsed=2.949726ms elapsed_secs=0.002949726
2024-11-01-02:44:10 DEBUG call:call{user.id="0192cfb7-8dcf-7c72-9437-ae08e0b18198"}:request{method=POST uri=/asset_types/352/edit version=HTTP/1.1}:post_asset_type_edit: sqlx::query: summary="UPDATE asset_types SET brand …" db.statement="\n\nUPDATE\n  asset_types\nSET\n  brand = $1,\n  model = $2,\n  description = $3,\n  cost = $4,\n  picture = $5\nWHERE\n  id = $6 RETURNING id,\n  brand,\n  model,\n  description,\n  cost,\n  picture,\n  created_at\n" rows_affected=0 rows_returned=1 elapsed=1.569711ms elapsed_secs=0.001569711
2024-11-01-02:44:10 DEBUG call:call{user.id="0192cfb7-8dcf-7c72-9437-ae08e0b18198"}:request{method=POST uri=/asset_types/352/edit version=HTTP/1.1}: tower_http::trace::on_response: finished processing request latency=64 ms status=200
2024-11-01-02:44:10 DEBUG call: tower_sessions::service: saving session
2024-11-01-02:44:10 DEBUG call: tower_sessions::service: adding session cookie
2024-11-01-02:44:10 DEBUG call:call: sqlx::query: summary="SELECT users.id, users.email as …" db.statement="\n\nSELECT\n  users.id,\n  users.email as \"email: EmailAddress\",\n  users.family_name,\n  users.given_name,\n  roles.name as role,\n  users.picture as \"picture: Picture\"\nFROM\n  users\n  INNER JOIN roles ON users.role_id = roles.id\nWHERE\n  users.id = $1\n" rows_affected=0 rows_returned=1 elapsed=625.598µs elapsed_secs=0.000625598
2024-11-01-02:44:10 DEBUG call:call{user.id="0192cfb7-8dcf-7c72-9437-ae08e0b18198"}:request{method=GET uri=/asset_types version=HTTP/1.1}: tower_http::trace::on_request: started processing request
2024-11-01-02:44:10 DEBUG call:call{user.id="0192cfb7-8dcf-7c72-9437-ae08e0b18198"}:request{method=GET uri=/asset_types version=HTTP/1.1}:get_asset_types: sqlx::query: summary="SELECT id, brand, model, …" db.statement="\n\nSELECT\n  id,\n  brand,\n  model,\n  description,\n  cost,\n  picture,\n  created_at\nFROM\n  asset_types\n" rows_affected=91 rows_returned=91 elapsed=949.944µs elapsed_secs=0.000949944
2024-11-01-02:44:10 DEBUG call:call{user.id="0192cfb7-8dcf-7c72-9437-ae08e0b18198"}:request{method=GET uri=/asset_types version=HTTP/1.1}: tower_http::trace::on_response: finished processing request latency=2 ms status=200
2024-11-01-02:44:10 DEBUG call: tower_sessions::service: saving session
2024-11-01-02:44:10 DEBUG call: tower_sessions::service: adding session cookie
2024-11-01-02:44:24 DEBUG call:call: sqlx::query: summary="SELECT users.id, users.email as …" db.statement="\n\nSELECT\n  users.id,\n  users.email as \"email: EmailAddress\",\n  users.family_name,\n  users.given_name,\n  roles.name as role,\n  users.picture as \"picture: Picture\"\nFROM\n  users\n  INNER JOIN roles ON users.role_id = roles.id\nWHERE\n  users.id = $1\n" rows_affected=0 rows_returned=1 elapsed=469.707µs elapsed_secs=0.000469707
2024-11-01-02:44:24 DEBUG call:call{user.id="0192cfb7-8dcf-7c72-9437-ae08e0b18198"}:request{method=GET uri=/asset_types/352 version=HTTP/1.1}: tower_http::trace::on_request: started processing request
2024-11-01-02:44:24 DEBUG call:call{user.id="0192cfb7-8dcf-7c72-9437-ae08e0b18198"}:request{method=GET uri=/asset_types/352 version=HTTP/1.1}:get_asset_type_view: sqlx::query: summary="SELECT id, brand, model, …" db.statement="\n\nSELECT\n  id,\n  brand,\n  model,\n  description,\n  cost,\n  picture,\n  created_at\nFROM\n  asset_types\nWHERE\n  asset_types.id = $1\n" rows_affected=0 rows_returned=1 elapsed=551.474µs elapsed_secs=0.000551474
2024-11-01-02:44:24 DEBUG call:call{user.id="0192cfb7-8dcf-7c72-9437-ae08e0b18198"}:request{method=GET uri=/asset_types/352 version=HTTP/1.1}: tower_http::trace::on_response: finished processing request latency=2 ms status=200
2024-11-01-02:44:24 DEBUG call:call: sqlx::query: summary="SELECT users.id, users.email as …" db.statement="\n\nSELECT\n  users.id,\n  users.email as \"email: EmailAddress\",\n  users.family_name,\n  users.given_name,\n  roles.name as role,\n  users.picture as \"picture: Picture\"\nFROM\n  users\n  INNER JOIN roles ON users.role_id = roles.id\nWHERE\n  users.id = $1\n" rows_affected=0 rows_returned=1 elapsed=472.392µs elapsed_secs=0.000472392
2024-11-01-02:44:24 DEBUG call:call{user.id="0192cfb7-8dcf-7c72-9437-ae08e0b18198"}:request{method=GET uri=/content/images/51174fcb992486310d80d1e30a1ae5c5d27d1522d9bca096239bb2f1afb66b1a.webp version=HTTP/1.1}: tower_http::trace::on_request: started processing request
2024-11-01-02:44:24 DEBUG call:call{user.id="0192cfb7-8dcf-7c72-9437-ae08e0b18198"}:request{method=GET uri=/content/images/51174fcb992486310d80d1e30a1ae5c5d27d1522d9bca096239bb2f1afb66b1a.webp version=HTTP/1.1}: tower_http::trace::on_response: finished processing request latency=1 ms status=200
2024-11-01-02:44:37 DEBUG call:call: sqlx::query: summary="SELECT users.id, users.email as …" db.statement="\n\nSELECT\n  users.id,\n  users.email as \"email: EmailAddress\",\n  users.family_name,\n  users.given_name,\n  roles.name as role,\n  users.picture as \"picture: Picture\"\nFROM\n  users\n  INNER JOIN roles ON users.role_id = roles.id\nWHERE\n  users.id = $1\n" rows_affected=0 rows_returned=1 elapsed=515.233µs elapsed_secs=0.000515233
2024-11-01-02:44:37 DEBUG call:call{user.id="0192cfb7-8dcf-7c72-9437-ae08e0b18198"}:request{method=GET uri=/content/images/51174fcb992486310d80d1e30a1ae5c5d27d1522d9bca096239bb2f1afb66b1a.webp version=HTTP/1.1}: tower_http::trace::on_request: started processing request
2024-11-01-02:44:37 DEBUG call:call{user.id="0192cfb7-8dcf-7c72-9437-ae08e0b18198"}:request{method=GET uri=/content/images/51174fcb992486310d80d1e30a1ae5c5d27d1522d9bca096239bb2f1afb66b1a.webp version=HTTP/1.1}: tower_http::trace::on_response: finished processing request latency=0 ms status=304
2024-11-01-02:44:40 DEBUG call:call: sqlx::query: summary="SELECT users.id, users.email as …" db.statement="\n\nSELECT\n  users.id,\n  users.email as \"email: EmailAddress\",\n  users.family_name,\n  users.given_name,\n  roles.name as role,\n  users.picture as \"picture: Picture\"\nFROM\n  users\n  INNER JOIN roles ON users.role_id = roles.id\nWHERE\n  users.id = $1\n" rows_affected=0 rows_returned=1 elapsed=423.297µs elapsed_secs=0.000423297
2024-11-01-02:44:40 DEBUG call:call{user.id="0192cfb7-8dcf-7c72-9437-ae08e0b18198"}:request{method=GET uri=/asset_types version=HTTP/1.1}: tower_http::trace::on_request: started processing request
2024-11-01-02:44:40 DEBUG call:call{user.id="0192cfb7-8dcf-7c72-9437-ae08e0b18198"}:request{method=GET uri=/asset_types version=HTTP/1.1}:get_asset_types: sqlx::query: summary="SELECT id, brand, model, …" db.statement="\n\nSELECT\n  id,\n  brand,\n  model,\n  description,\n  cost,\n  picture,\n  created_at\nFROM\n  asset_types\n" rows_affected=91 rows_returned=91 elapsed=779.594µs elapsed_secs=0.000779594
2024-11-01-02:44:40 DEBUG call:call{user.id="0192cfb7-8dcf-7c72-9437-ae08e0b18198"}:request{method=GET uri=/asset_types version=HTTP/1.1}: tower_http::trace::on_response: finished processing request latency=2 ms status=200
2024-11-01-02:44:44 DEBUG call:call: sqlx::query: summary="SELECT users.id, users.email as …" db.statement="\n\nSELECT\n  users.id,\n  users.email as \"email: EmailAddress\",\n  users.family_name,\n  users.given_name,\n  roles.name as role,\n  users.picture as \"picture: Picture\"\nFROM\n  users\n  INNER JOIN roles ON users.role_id = roles.id\nWHERE\n  users.id = $1\n" rows_affected=0 rows_returned=1 elapsed=481.179µs elapsed_secs=0.000481179
2024-11-01-02:44:44 DEBUG call:call{user.id="0192cfb7-8dcf-7c72-9437-ae08e0b18198"}:request{method=GET uri=/asset_types/imports/new version=HTTP/1.1}: tower_http::trace::on_request: started processing request
2024-11-01-02:44:44 DEBUG call:call{user.id="0192cfb7-8dcf-7c72-9437-ae08e0b18198"}:request{method=GET uri=/asset_types/imports/new version=HTTP/1.1}: tower_http::trace::on_response: finished processing request latency=0 ms status=200
2024-11-01-02:44:49 DEBUG call:call: sqlx::query: summary="SELECT users.id, users.email as …" db.statement="\n\nSELECT\n  users.id,\n  users.email as \"email: EmailAddress\",\n  users.family_name,\n  users.given_name,\n  roles.name as role,\n  users.picture as \"picture: Picture\"\nFROM\n  users\n  INNER JOIN roles ON users.role_id = roles.id\nWHERE\n  users.id = $1\n" rows_affected=0 rows_returned=1 elapsed=497.996µs elapsed_secs=0.000497996
2024-11-01-02:44:49 DEBUG call:call{user.id="0192cfb7-8dcf-7c72-9437-ae08e0b18198"}:request{method=GET uri=/asset_types version=HTTP/1.1}: tower_http::trace::on_request: started processing request
2024-11-01-02:44:49 DEBUG call:call{user.id="0192cfb7-8dcf-7c72-9437-ae08e0b18198"}:request{method=GET uri=/asset_types version=HTTP/1.1}:get_asset_types: sqlx::query: summary="SELECT id, brand, model, …" db.statement="\n\nSELECT\n  id,\n  brand,\n  model,\n  description,\n  cost,\n  picture,\n  created_at\nFROM\n  asset_types\n" rows_affected=91 rows_returned=91 elapsed=809.563µs elapsed_secs=0.000809563
2024-11-01-02:44:49 DEBUG call:call{user.id="0192cfb7-8dcf-7c72-9437-ae08e0b18198"}:request{method=GET uri=/asset_types version=HTTP/1.1}: tower_http::trace::on_response: finished processing request latency=2 ms status=200
2024-11-01-02:45:14 DEBUG call:call: sqlx::query: summary="SELECT users.id, users.email as …" db.statement="\n\nSELECT\n  users.id,\n  users.email as \"email: EmailAddress\",\n  users.family_name,\n  users.given_name,\n  roles.name as role,\n  users.picture as \"picture: Picture\"\nFROM\n  users\n  INNER JOIN roles ON users.role_id = roles.id\nWHERE\n  users.id = $1\n" rows_affected=0 rows_returned=1 elapsed=475.348µs elapsed_secs=0.000475348
2024-11-01-02:45:14 DEBUG call:call{user.id="0192cfb7-8dcf-7c72-9437-ae08e0b18198"}:request{method=GET uri=/asset_types/imports/new version=HTTP/1.1}: tower_http::trace::on_request: started processing request
2024-11-01-02:45:14 DEBUG call:call{user.id="0192cfb7-8dcf-7c72-9437-ae08e0b18198"}:request{method=GET uri=/asset_types/imports/new version=HTTP/1.1}: tower_http::trace::on_response: finished processing request latency=0 ms status=200
2024-11-01-02:45:15 DEBUG call:call: sqlx::query: summary="SELECT users.id, users.email as …" db.statement="\n\nSELECT\n  users.id,\n  users.email as \"email: EmailAddress\",\n  users.family_name,\n  users.given_name,\n  roles.name as role,\n  users.picture as \"picture: Picture\"\nFROM\n  users\n  INNER JOIN roles ON users.role_id = roles.id\nWHERE\n  users.id = $1\n" rows_affected=0 rows_returned=1 elapsed=502.88µs elapsed_secs=0.00050288
2024-11-01-02:45:15 DEBUG call:call{user.id="0192cfb7-8dcf-7c72-9437-ae08e0b18198"}:request{method=GET uri=/asset_types version=HTTP/1.1}: tower_http::trace::on_request: started processing request
2024-11-01-02:45:15 DEBUG call:call{user.id="0192cfb7-8dcf-7c72-9437-ae08e0b18198"}:request{method=GET uri=/asset_types version=HTTP/1.1}:get_asset_types: sqlx::query: summary="SELECT id, brand, model, …" db.statement="\n\nSELECT\n  id,\n  brand,\n  model,\n  description,\n  cost,\n  picture,\n  created_at\nFROM\n  asset_types\n" rows_affected=91 rows_returned=91 elapsed=771.57µs elapsed_secs=0.00077157
2024-11-01-02:45:15 DEBUG call:call{user.id="0192cfb7-8dcf-7c72-9437-ae08e0b18198"}:request{method=GET uri=/asset_types version=HTTP/1.1}: tower_http::trace::on_response: finished processing request latency=2 ms status=200
2024-11-01-02:45:19 DEBUG call:call: sqlx::query: summary="SELECT users.id, users.email as …" db.statement="\n\nSELECT\n  users.id,\n  users.email as \"email: EmailAddress\",\n  users.family_name,\n  users.given_name,\n  roles.name as role,\n  users.picture as \"picture: Picture\"\nFROM\n  users\n  INNER JOIN roles ON users.role_id = roles.id\nWHERE\n  users.id = $1\n" rows_affected=0 rows_returned=1 elapsed=398.845µs elapsed_secs=0.000398845
2024-11-01-02:45:19 DEBUG call:call{user.id="0192cfb7-8dcf-7c72-9437-ae08e0b18198"}:request{method=GET uri=/asset_types/new version=HTTP/1.1}: tower_http::trace::on_request: started processing request
2024-11-01-02:45:19 DEBUG call:call{user.id="0192cfb7-8dcf-7c72-9437-ae08e0b18198"}:request{method=GET uri=/asset_types/new version=HTTP/1.1}: tower_http::trace::on_response: finished processing request latency=0 ms status=200
2024-11-01-02:45:28 DEBUG call:call: sqlx::query: summary="SELECT users.id, users.email as …" db.statement="\n\nSELECT\n  users.id,\n  users.email as \"email: EmailAddress\",\n  users.family_name,\n  users.given_name,\n  roles.name as role,\n  users.picture as \"picture: Picture\"\nFROM\n  users\n  INNER JOIN roles ON users.role_id = roles.id\nWHERE\n  users.id = $1\n" rows_affected=0 rows_returned=1 elapsed=510.956µs elapsed_secs=0.000510956
2024-11-01-02:45:28 DEBUG call:call{user.id="0192cfb7-8dcf-7c72-9437-ae08e0b18198"}:request{method=GET uri=/asset_types version=HTTP/1.1}: tower_http::trace::on_request: started processing request
2024-11-01-02:45:28 DEBUG call:call{user.id="0192cfb7-8dcf-7c72-9437-ae08e0b18198"}:request{method=GET uri=/asset_types version=HTTP/1.1}:get_asset_types: sqlx::query: summary="SELECT id, brand, model, …" db.statement="\n\nSELECT\n  id,\n  brand,\n  model,\n  description,\n  cost,\n  picture,\n  created_at\nFROM\n  asset_types\n" rows_affected=91 rows_returned=91 elapsed=887.924µs elapsed_secs=0.000887924
2024-11-01-02:45:28 DEBUG call:call{user.id="0192cfb7-8dcf-7c72-9437-ae08e0b18198"}:request{method=GET uri=/asset_types version=HTTP/1.1}: tower_http::trace::on_response: finished processing request latency=2 ms status=200
2024-11-01-02:45:37 DEBUG call:call: sqlx::query: summary="SELECT users.id, users.email as …" db.statement="\n\nSELECT\n  users.id,\n  users.email as \"email: EmailAddress\",\n  users.family_name,\n  users.given_name,\n  roles.name as role,\n  users.picture as \"picture: Picture\"\nFROM\n  users\n  INNER JOIN roles ON users.role_id = roles.id\nWHERE\n  users.id = $1\n" rows_affected=0 rows_returned=1 elapsed=612.018µs elapsed_secs=0.000612018
2024-11-01-02:45:37 DEBUG call:call{user.id="0192cfb7-8dcf-7c72-9437-ae08e0b18198"}:request{method=GET uri=/asset_types/353 version=HTTP/1.1}: tower_http::trace::on_request: started processing request
2024-11-01-02:45:37 DEBUG call:call{user.id="0192cfb7-8dcf-7c72-9437-ae08e0b18198"}:request{method=GET uri=/asset_types/353 version=HTTP/1.1}:get_asset_type_view: sqlx::query: summary="SELECT id, brand, model, …" db.statement="\n\nSELECT\n  id,\n  brand,\n  model,\n  description,\n  cost,\n  picture,\n  created_at\nFROM\n  asset_types\nWHERE\n  asset_types.id = $1\n" rows_affected=0 rows_returned=1 elapsed=454.132µs elapsed_secs=0.000454132
2024-11-01-02:45:37 DEBUG call:call{user.id="0192cfb7-8dcf-7c72-9437-ae08e0b18198"}:request{method=GET uri=/asset_types/353 version=HTTP/1.1}: tower_http::trace::on_response: finished processing request latency=3 ms status=200
2024-11-01-02:45:38 DEBUG call:call: sqlx::query: summary="SELECT users.id, users.email as …" db.statement="\n\nSELECT\n  users.id,\n  users.email as \"email: EmailAddress\",\n  users.family_name,\n  users.given_name,\n  roles.name as role,\n  users.picture as \"picture: Picture\"\nFROM\n  users\n  INNER JOIN roles ON users.role_id = roles.id\nWHERE\n  users.id = $1\n" rows_affected=0 rows_returned=1 elapsed=435.451µs elapsed_secs=0.000435451
2024-11-01-02:45:38 DEBUG call:call{user.id="0192cfb7-8dcf-7c72-9437-ae08e0b18198"}:request{method=GET uri=/asset_types version=HTTP/1.1}: tower_http::trace::on_request: started processing request
2024-11-01-02:45:38 DEBUG call:call{user.id="0192cfb7-8dcf-7c72-9437-ae08e0b18198"}:request{method=GET uri=/asset_types version=HTTP/1.1}:get_asset_types: sqlx::query: summary="SELECT id, brand, model, …" db.statement="\n\nSELECT\n  id,\n  brand,\n  model,\n  description,\n  cost,\n  picture,\n  created_at\nFROM\n  asset_types\n" rows_affected=91 rows_returned=91 elapsed=741.623µs elapsed_secs=0.000741623
2024-11-01-02:45:38 DEBUG call:call{user.id="0192cfb7-8dcf-7c72-9437-ae08e0b18198"}:request{method=GET uri=/asset_types version=HTTP/1.1}: tower_http::trace::on_response: finished processing request latency=2 ms status=200
2024-11-01-02:45:43 DEBUG call:call: sqlx::query: summary="SELECT users.id, users.email as …" db.statement="\n\nSELECT\n  users.id,\n  users.email as \"email: EmailAddress\",\n  users.family_name,\n  users.given_name,\n  roles.name as role,\n  users.picture as \"picture: Picture\"\nFROM\n  users\n  INNER JOIN roles ON users.role_id = roles.id\nWHERE\n  users.id = $1\n" rows_affected=0 rows_returned=1 elapsed=436.805µs elapsed_secs=0.000436805
2024-11-01-02:45:43 DEBUG call:call{user.id="0192cfb7-8dcf-7c72-9437-ae08e0b18198"}:request{method=GET uri=/asset_types/353 version=HTTP/1.1}: tower_http::trace::on_request: started processing request
2024-11-01-02:45:43 DEBUG call:call{user.id="0192cfb7-8dcf-7c72-9437-ae08e0b18198"}:request{method=GET uri=/asset_types/353 version=HTTP/1.1}:get_asset_type_view: sqlx::query: summary="SELECT id, brand, model, …" db.statement="\n\nSELECT\n  id,\n  brand,\n  model,\n  description,\n  cost,\n  picture,\n  created_at\nFROM\n  asset_types\nWHERE\n  asset_types.id = $1\n" rows_affected=0 rows_returned=1 elapsed=424.488µs elapsed_secs=0.000424488
2024-11-01-02:45:43 DEBUG call:call{user.id="0192cfb7-8dcf-7c72-9437-ae08e0b18198"}:request{method=GET uri=/asset_types/353 version=HTTP/1.1}: tower_http::trace::on_response: finished processing request latency=2 ms status=200
2024-11-01-02:45:43 DEBUG call:call: sqlx::query: summary="SELECT users.id, users.email as …" db.statement="\n\nSELECT\n  users.id,\n  users.email as \"email: EmailAddress\",\n  users.family_name,\n  users.given_name,\n  roles.name as role,\n  users.picture as \"picture: Picture\"\nFROM\n  users\n  INNER JOIN roles ON users.role_id = roles.id\nWHERE\n  users.id = $1\n" rows_affected=0 rows_returned=1 elapsed=452.744µs elapsed_secs=0.000452744
2024-11-01-02:45:43 DEBUG call:call{user.id="0192cfb7-8dcf-7c72-9437-ae08e0b18198"}:request{method=GET uri=/asset_types version=HTTP/1.1}: tower_http::trace::on_request: started processing request
2024-11-01-02:45:43 DEBUG call:call{user.id="0192cfb7-8dcf-7c72-9437-ae08e0b18198"}:request{method=GET uri=/asset_types version=HTTP/1.1}:get_asset_types: sqlx::query: summary="SELECT id, brand, model, …" db.statement="\n\nSELECT\n  id,\n  brand,\n  model,\n  description,\n  cost,\n  picture,\n  created_at\nFROM\n  asset_types\n" rows_affected=91 rows_returned=91 elapsed=824.453µs elapsed_secs=0.000824453
2024-11-01-02:45:43 DEBUG call:call{user.id="0192cfb7-8dcf-7c72-9437-ae08e0b18198"}:request{method=GET uri=/asset_types version=HTTP/1.1}: tower_http::trace::on_response: finished processing request latency=3 ms status=200
2024-11-01-02:45:45 DEBUG call:call: sqlx::query: summary="SELECT users.id, users.email as …" db.statement="\n\nSELECT\n  users.id,\n  users.email as \"email: EmailAddress\",\n  users.family_name,\n  users.given_name,\n  roles.name as role,\n  users.picture as \"picture: Picture\"\nFROM\n  users\n  INNER JOIN roles ON users.role_id = roles.id\nWHERE\n  users.id = $1\n" rows_affected=0 rows_returned=1 elapsed=459.928µs elapsed_secs=0.000459928
2024-11-01-02:45:45 DEBUG call:call{user.id="0192cfb7-8dcf-7c72-9437-ae08e0b18198"}:request{method=GET uri=/asset_types/352 version=HTTP/1.1}: tower_http::trace::on_request: started processing request
2024-11-01-02:45:45 DEBUG call:call{user.id="0192cfb7-8dcf-7c72-9437-ae08e0b18198"}:request{method=GET uri=/asset_types/352 version=HTTP/1.1}:get_asset_type_view: sqlx::query: summary="SELECT id, brand, model, …" db.statement="\n\nSELECT\n  id,\n  brand,\n  model,\n  description,\n  cost,\n  picture,\n  created_at\nFROM\n  asset_types\nWHERE\n  asset_types.id = $1\n" rows_affected=0 rows_returned=1 elapsed=427.425µs elapsed_secs=0.000427425
2024-11-01-02:45:45 DEBUG call:call{user.id="0192cfb7-8dcf-7c72-9437-ae08e0b18198"}:request{method=GET uri=/asset_types/352 version=HTTP/1.1}: tower_http::trace::on_response: finished processing request latency=1 ms status=200
2024-11-01-02:45:45 DEBUG call:call: sqlx::query: summary="SELECT users.id, users.email as …" db.statement="\n\nSELECT\n  users.id,\n  users.email as \"email: EmailAddress\",\n  users.family_name,\n  users.given_name,\n  roles.name as role,\n  users.picture as \"picture: Picture\"\nFROM\n  users\n  INNER JOIN roles ON users.role_id = roles.id\nWHERE\n  users.id = $1\n" rows_affected=0 rows_returned=1 elapsed=496.238µs elapsed_secs=0.000496238
2024-11-01-02:45:45 DEBUG call:call{user.id="0192cfb7-8dcf-7c72-9437-ae08e0b18198"}:request{method=GET uri=/content/images/51174fcb992486310d80d1e30a1ae5c5d27d1522d9bca096239bb2f1afb66b1a.webp version=HTTP/1.1}: tower_http::trace::on_request: started processing request
2024-11-01-02:45:45 DEBUG call:call{user.id="0192cfb7-8dcf-7c72-9437-ae08e0b18198"}:request{method=GET uri=/content/images/51174fcb992486310d80d1e30a1ae5c5d27d1522d9bca096239bb2f1afb66b1a.webp version=HTTP/1.1}: tower_http::trace::on_response: finished processing request latency=0 ms status=304
2024-11-01-02:45:48 DEBUG call:call: sqlx::query: summary="SELECT users.id, users.email as …" db.statement="\n\nSELECT\n  users.id,\n  users.email as \"email: EmailAddress\",\n  users.family_name,\n  users.given_name,\n  roles.name as role,\n  users.picture as \"picture: Picture\"\nFROM\n  users\n  INNER JOIN roles ON users.role_id = roles.id\nWHERE\n  users.id = $1\n" rows_affected=0 rows_returned=1 elapsed=477.514µs elapsed_secs=0.000477514
2024-11-01-02:45:48 DEBUG call:call{user.id="0192cfb7-8dcf-7c72-9437-ae08e0b18198"}:request{method=GET uri=/asset_types version=HTTP/1.1}: tower_http::trace::on_request: started processing request
2024-11-01-02:45:48 DEBUG call:call{user.id="0192cfb7-8dcf-7c72-9437-ae08e0b18198"}:request{method=GET uri=/asset_types version=HTTP/1.1}:get_asset_types: sqlx::query: summary="SELECT id, brand, model, …" db.statement="\n\nSELECT\n  id,\n  brand,\n  model,\n  description,\n  cost,\n  picture,\n  created_at\nFROM\n  asset_types\n" rows_affected=91 rows_returned=91 elapsed=794.246µs elapsed_secs=0.000794246
2024-11-01-02:45:48 DEBUG call:call{user.id="0192cfb7-8dcf-7c72-9437-ae08e0b18198"}:request{method=GET uri=/asset_types version=HTTP/1.1}: tower_http::trace::on_response: finished processing request latency=2 ms status=200
2024-11-01-02:46:05 DEBUG call:call: sqlx::query: summary="SELECT users.id, users.email as …" db.statement="\n\nSELECT\n  users.id,\n  users.email as \"email: EmailAddress\",\n  users.family_name,\n  users.given_name,\n  roles.name as role,\n  users.picture as \"picture: Picture\"\nFROM\n  users\n  INNER JOIN roles ON users.role_id = roles.id\nWHERE\n  users.id = $1\n" rows_affected=0 rows_returned=1 elapsed=522.501µs elapsed_secs=0.000522501
2024-11-01-02:46:05 DEBUG call:call{user.id="0192cfb7-8dcf-7c72-9437-ae08e0b18198"}:request{method=GET uri=/sessions/logout version=HTTP/1.1}: tower_http::trace::on_request: started processing request
2024-11-01-02:46:05 DEBUG call:call{user.id="0192cfb7-8dcf-7c72-9437-ae08e0b18198"}:request{method=GET uri=/sessions/logout version=HTTP/1.1}:logout:logout{user.id="0192cfb7-8dcf-7c72-9437-ae08e0b18198"}: axum_login::session: return=Some(UserDescriptor { id: 0192cfb7-8dcf-7c72-9437-ae08e0b18198, email: EmailAddress("relam@richmond-county.k12.va.us"), given_name: "Reed", family_name: "Elam", role: "admin", picture: Picture("/content/images/7ed003df5abc4eff39e372c0af9c45cc315d44b38bd318c3d9da50a546853f16.webp") })
2024-11-01-02:46:05 DEBUG call:call{user.id="0192cfb7-8dcf-7c72-9437-ae08e0b18198"}:request{method=GET uri=/sessions/logout version=HTTP/1.1}: tower_http::trace::on_response: finished processing request latency=0 ms status=303
2024-11-01-02:46:05 DEBUG call: tower_sessions::service: removing session cookie
2024-11-01-02:46:06 DEBUG call:call:request{method=GET uri=/sessions/login version=HTTP/1.1}: tower_http::trace::on_request: started processing request
2024-11-01-02:46:06 DEBUG call:call:request{method=GET uri=/sessions/login version=HTTP/1.1}: tower_http::trace::on_response: finished processing request latency=0 ms status=200
